11 -14.151598 -36.736850 -21.738833 68.121079 -24.122757 -34.636330 64.221563 -25.768079 -22.913345 -41.192975 151.034803 -14.449852 -16.656381 -31.010443
8 -10.576396 2.297974 -9.602501 -10.770645 4.498281 10.741639 2.004260 23.080040 16.601853 -5.494643 -7.498476 -16.755522 4.959289 -3.485153
9 -12.175233 -3.986277 -13.939768 -1.269427 -3.265362 14.514462 -4.664535 -8.342999 70.853537 -1.653731 -2.760818 -8.727686 -12.998116 -11.584047
1 114.522841 -6.264406 -15.530941 -8.355580 -9.498529 -14.224549 1.290167 -12.606132 2.729331 -18.926976 -7.865273 -1.537399 -19.133584 -4.598970
5 2.772684 1.642919 -2.159865 9.459752 16.111697 7.215094 -5.489763 -8.389212 -2.164612 -9.553649 -8.638999 5.849521 -14.526799 7.871232
1 11.112806 -2.339022 0.610668 -2.847781 1.829330 -1.110150 -2.600886 -4.162275 -0.178838 -1.701747 -0.673022 5.101923 -0.779297 -2.261710
6 0.145766 -3.542641 0.699860 1.752299 4.098038 13.965804 -1.906125 -0.344829 -5.769641 -4.043939 1.862950 -3.155857 -1.156166 -2.605518
4 0.446192 3.180858 -3.155131 9.238062 8.407870 4.104497 -4.729879 -4.999528 -2.985186 -3.175994 -1.569737 6.195010 -7.088898 -3.868135
5 -16.387547 2.668493 20.162813 -0.623682 65.024637 17.027810 -10.430777 -26.915397 -20.810886 -4.317896 -2.911693 16.891676 -23.875111 -15.502440
5 -9.973536 -5.656609 5.838048 1.329895 58.249666 1.878399 -3.085978 -12.866748 -6.689663 -2.891966 1.553638 -8.575369 -15.203615 -3.906164
12 2.168520 -5.700086 -7.886915 -1.821085 0.656778 -2.369600 0.835913 3.146576 -5.440021 3.050488 -1.203653 6.017362 3.826237 4.719486
3 -3.951950 -3.416578 32.739162 -1.868725 10.255806 -8.069993 -5.668291 -2.813821 0.846979 -0.813903 -8.780871 -3.901982 4.646459 -9.202290
3 -0.950028 -14.440679 61.916764 -22.456102 7.196061 8.594519 2.712232 -10.023805 -12.008767 15.848050 -17.634967 -16.753731 0.718146 -2.717693
4 -3.074912 3.458383 -4.864767 13.691186 -4.046442 0.305540 7.931637 1.848868 -16.631268 3.954193 5.281845 -1.185730 -10.056906 3.388373
1 252.387330 -16.633053 -28.063889 -28.581890 -34.356712 -10.543472 -16.995646 -23.157698 -12.302273 -24.389995 -22.993859 1.816920 -32.186789 -3.998970
11 -3.141607 -1.572933 13.375947 1.183641 -13.823024 2.772921 -9.581201 -5.585063 -15.809115 -8.469681 54.657616 -1.062403 -3.626408 -9.318691
4 -4.597563 0.986555 -5.871080 9.206986 -7.789917 2.928710 8.774552 -4.223488 -3.498775 -3.553806 -2.579893 6.774680 0.281992 3.161045
12 1.161629 -10.631624 -2.334671 2.549203 2.754236 -2.343187 -7.331362 -15.199612 18.637766 2.224193 -8.933594 28.594858 -7.057417 -2.090420
14 -6.773259 1.931229 7.753918 -6.896677 -2.977408 -3.748081 -10.824891 -5.465458 -7.382833 -1.529162 -6.954457 -6.133302 -6.463379 55.463759
11 -27.519499 -27.618216 -15.554619 -26.608879 19.385571 -12.588159 1.710567 -15.867394 -7.684655 -23.902428 172.371584 -22.194345 -4.052099 -9.877426
3 -8.237801 -19.725209 157.913402 -9.911736 -21.647761 -0.979410 -10.223483 4.811250 -2.930116 -24.487118 -8.517490 -11.976057 -23.980595 -20.107878
12 8.446684 9.529987 13.712325 3.274477 3.065875 -18.281603 -16.489628 -13.761077 -5.332920 8.948744 -1.009538 20.208277 -5.506588 -6.805014
11 -6.536748 6.922181 -6.379429 -6.715694 1.587222 1.097982 1.117982 -6.200430 5.698737 2.578538 12.782144 -2.663410 -7.085475 3.796400
9 -6.996748 4.460318 -4.787031 -5.604048 -7.629567 6.784855 -1.016363 -7.508840 17.531424 -2.803385 -1.971426 15.084531 -1.114063 -4.429660
2 -8.436987 58.308516 -5.280516 -4.518331 4.209974 -11.392944 -0.200900 -9.083220 -1.954473 -1.601178 -11.802900 -10.628136 5.839185 -3.458091
11 -11.489397 -7.285977 -13.243694 -1.320216 9.288882 -3.646576 -3.882554 35.755895 -16.536549 -10.550765 39.374215 -6.713165 -13.164747 3.414649
14 -8.231020 5.544623 -5.339798 -0.245298 -13.455002 -1.869221 -1.833251 -9.334687 -10.652250 -4.919476 -5.577162 -9.864193 -4.676349 70.453083
2 9.050303 44.943848 -16.891660 3.399281 -2.354106 -4.443629 -9.152868 -3.729839 -10.721735 -1.789838 -2.851492 -5.365566 7.500632 -7.593331
1 90.514522 -12.906390 -11.530535 -12.458296 0.510043 -1.774203 -12.701553 1.228215 2.615855 -9.637640 -3.222271 -15.745859 -6.626530 -8.265360
13 4.212091 -2.742236 -3.310257 -0.088792 2.225870 -4.446293 -0.634587 -3.650041 -5.285346 9.859629 -1.474718 0.246954 10.811356 -5.723631
5 -16.398191 8.890172 -0.240204 0.946372 34.348649 -10.043549 -0.542599 -0.080252 -6.522033 -2.262366 -1.172004 -2.810770 -2.891837 -1.221387
9 2.410466 -1.505468 0.802408 -3.419600 -0.034373 2.241237 -2.946034 -0.979776 5.368082 -1.586674 -1.833566 -4.464854 2.751745 3.196409
6 -0.399494 -10.832469 -1.403367 -10.385024 1.794823 25.525164 8.593306 3.090004 -5.025184 -7.719229 -7.830000 5.522299 -4.145918 3.215088
14 -23.537310 -3.185566 -19.790647 -15.577559 26.509512 -29.540867 3.374101 -12.663761 -24.752228 -24.204701 -17.812127 37.957233 10.348040 92.875882
7 -10.598579 -4.846290 -4.060639 -6.195863 -2.588330 -11.952553 71.438531 -0.895102 -11.227567 -0.895345 -1.130226 -0.026886 -14.901062 -2.120091
14 -4.241166 -26.206902 -14.906734 -4.822779 -5.062101 -5.945048 0.304005 -4.624483 -18.958959 4.147611 -9.867526 7.247964 -12.537053 95.473171
2 -9.529929 24.344471 -6.022252 -2.808825 2.216537 -4.716238 5.213972 -4.952590 1.522833 2.860651 -5.686723 -10.591790 18.494632 -10.344748
2 -14.481292 49.283155 -11.641967 4.017388 -4.443607 -5.197632 6.085200 -7.184751 -14.940988 -3.114580 16.132546 -5.446209 -7.060569 -2.006692
2 -25.532696 97.919591 -10.452550 2.562278 -9.341832 -1.917902 -2.100641 -12.157313 -18.870936 -0.616824 -5.221820 -5.030412 -5.835790 -3.403153
14 13.328927 -5.691158 -4.709627 -8.029794 -7.101764 -2.256666 -7.321652 -4.472159 -18.962642 -5.226960 -4.549659 -0.831083 -6.557903 62.382142
6 -14.693718 -4.591006 -13.839059 -7.616316 -13.337534 58.712212 10.747377 0.972963 -9.383094 7.584462 1.266872 -7.067793 -3.704042 -5.051324
3 -5.258833 -9.910745 24.163947 -1.095910 -3.644618 -11.802455 -3.430440 -4.078841 -27.696470 21.491905 10.224433 0.343388 1.129410 9.565225
13 -0.814832 -6.868861 -6.681978 -11.495830 -5.731108 -13.580571 -15.639737 15.437570 7.764933 -27.685913 -12.580962 2.686147 87.382580 -12.191440
3 -8.934882 -4.143211 106.605600 -6.047828 -8.420490 -12.451776 -7.934338 -4.267698 -10.499562 -7.702889 -9.375827 -8.193665 -13.996511 -4.636922
6 -3.518189 -13.764436 -6.581067 5.273684 -11.807417 44.639717 -3.038085 -7.490743 -7.349918 -10.407542 -1.013430 8.869729 13.537762 -7.350062
12 0.418506 5.689390 -11.003183 -1.518796 10.845373 -7.131203 -2.917299 -25.432975 10.258187 -6.765874 -13.084968 36.961674 -8.707685 12.388855
14 -3.947809 -8.519338 1.728898 3.529542 1.918832 1.034621 -3.526247 -0.308965 -2.174065 4.479476 -1.000721 5.408801 -8.927364 10.304339
13 1.784287 -2.350571 2.504685 9.476374 2.465656 0.766908 -5.627639 -4.459462 -14.202800 0.963462 -11.789600 0.068671 15.913176 4.486854
2 -3.982569 44.384089 -3.284732 -2.871492 -8.811655 -6.011322 -10.322239 -5.716652 -7.436649 -7.835806 36.989424 -2.717248 -10.962000 -11.421149
13 19.251778 -14.903536 -3.943598 6.010542 0.438801 -23.697741 -5.372351 -1.323503 10.649490 0.734036 -11.528206 -13.140237 45.776698 -8.952174
14 -1.862203 -5.595378 -4.598727 -2.282175 8.782816 -2.924066 -0.153826 -9.342101 -4.579761 1.095761 -2.732638 3.136197 -3.174576 24.230676
5 2.095044 0.548777 -0.955499 -1.233820 3.796936 0.107028 -0.903171 -3.298858 -0.951829 -0.205500 1.720460 0.246527 -3.229517 2.263423
14 -21.744412 -18.607612 -23.948083 -10.513299 -11.130365 -0.620721 -30.386037 -24.347677 -30.846644 -17.889826 -20.693583 -13.117514 -6.787831 230.633607
11 -9.188993 -13.136940 -9.864823 -0.854161 -8.523144 -2.060132 -6.513668 -17.456715 0.410091 0.658684 87.043667 -0.967271 -6.578108 -12.968487
7 0.332241 3.584461 2.795418 4.931196 -7.737019 2.162688 25.589197 -10.760517 -2.743423 -10.012217 -4.909956 1.213031 -13.608813 9.163714
6 -19.026932 -15.638830 -15.114370 -22.993733 -13.195756 159.615075 -25.516581 -18.507806 -24.666080 -11.829098 13.987662 -0.011902 10.074912 -17.176561
4 -5.175534 -2.918075 -0.388867 79.910061 -11.385380 -5.516685 -6.835958 -2.645463 -13.648898 -4.917064 -3.779173 -9.124485 -8.282012 -5.292463
4 -6.200274 -7.194458 -4.080358 80.902049 -8.879849 -8.241596 -4.767821 -5.404141 -8.369249 -5.731034 -1.883560 -5.768192 -7.997098 -6.384415
14 -9.728453 1.249461 -5.560563 1.168854 1.465576 -4.709579 3.949238 5.797668 -5.165071 3.216698 4.146283 3.752366 -9.775188 10.192713
7 -29.980809 7.434112 -24.475446 -27.507363 -17.319894 -8.160940 195.888362 -19.481851 3.155480 -12.392805 -21.180485 -19.688786 -11.404206 -14.885369
7 -5.344156 -4.929011 -16.830924 -9.831214 -13.099731 -11.426273 90.807903 -0.150098 -12.408361 0.157090 -9.499428 -16.058967 4.602425 4.010743
7 27.781865 -10.382575 4.914280 7.793968 -2.550675 -11.184721 51.027957 -9.429630 -14.347322 -9.420707 -8.082080 -4.344681 -16.964077 -4.811603
7 -32.543223 -15.068137 -13.667098 -15.234338 -4.511901 -15.615643 122.309946 -2.850814 -17.752076 -10.557690 7.734840 -6.717327 -4.213206 8.686667
7 -7.434076 -19.198007 -12.527152 -13.078822 -2.940882 -14.270647 82.109829 0.404844 -5.074624 -11.613770 2.557868 -3.192537 -1.586231 5.844208
6 -91.043394 -5.318383 -24.557493 -41.357707 -18.812916 300.253798 -0.447645 -33.351210 -32.158540 -32.480302 -9.122098 -1.787488 3.101507 -12.918118
3 -0.152803 -0.431834 81.269229 -8.416458 -11.983399 -13.786393 7.558578 -14.593370 26.783762 -18.468317 -15.543260 -18.296785 -0.950768 -12.988185
2 -6.496552 12.228778 -2.200934 2.340278 2.497268 7.375467 2.284667 -8.696446 -8.407434 -4.070731 6.878003 6.299042 -8.452578 -1.578826
8 -20.133633 5.005720 -2.339586 -10.890275 4.404431 -12.106345 -7.594325 52.419166 10.023806 -16.351918 9.827861 6.527936 -9.268456 -9.524381
4 -6.052967 2.754824 -9.662639 12.962604 9.003044 -7.954588 -3.513976 11.156510 -0.666459 -1.369268 -2.330843 -2.222448 -1.274315 -0.829481
13 -1.935830 1.359590 -2.077815 1.399542 -8.897990 5.181351 -7.966350 -12.010710 7.838516 1.396948 -8.517106 -4.862351 14.898004 14.194198
4 -11.327235 -2.109056 -9.615609 87.091048 -7.341526 -7.405228 -4.545304 -2.160423 -6.543977 -3.390630 -11.253793 -11.485916 4.112319 -14.024666
4 -7.130326 -13.928379 -3.677710 82.473665 -13.565879 -4.837196 -7.354008 -8.853845 -10.396628 -1.647960 -1.105266 -6.254657 -1.028977 -2.692831
4 -9.779648 -10.816393 -5.613732 81.154886 -13.962314 -6.028216 -2.571546 -6.501832 2.548249 -0.638533 -2.253212 -6.282016 -13.795491 -5.460200
11 -12.957306 -39.943579 -12.847211 -24.380912 28.562431 -1.611151 -14.446395 -20.993598 -24.202522 -18.700307 190.530477 -19.658162 -14.820239 -14.531527
11 -9.970125 -15.872060 -25.428478 1.172212 -20.306068 4.734178 -6.886101 -10.188417 0.147316 -21.308853 128.395715 -3.404520 -5.164367 -15.920432
3 -4.742706 -5.259593 23.669145 -5.681642 4.533709 -2.712647 -5.945447 -3.470804 4.228150 1.157359 -3.035611 2.038585 1.502551 -6.281050
4 -5.114522 -4.502507 -1.514404 85.887957 -8.616895 -10.926337 -8.465700 -5.508191 -12.477061 -7.583122 -3.001858 -6.255222 -8.511661 -3.410473
5 -9.184202 7.010992 -6.591045 1.030538 84.888457 -18.573690 -9.887019 -2.904943 -26.862011 -0.719172 -2.262553 -3.152600 -12.320441 -0.472307
13 -9.500274 6.476374 -3.083873 -5.092078 5.330111 4.251952 -0.213015 0.949109 2.273833 -7.723319 -4.558283 -9.891510 10.685377 10.095597
13 -1.104102 -0.129885 -4.250967 -0.377197 -1.396223 0.986193 -0.251993 -2.730359 0.139367 1.286978 1.277287 3.532563 5.243524 -2.225187
11 -10.806785 -15.246078 -14.247278 -12.634667 -10.976945 -2.179479 -5.024016 -13.280055 -11.443365 -30.186249 158.027652 -6.062074 -4.223205 -21.717453
11 -12.434224 -3.452029 -14.431706 -31.099762 -19.367198 -5.512234 -5.295026 -25.880981 -19.168508 -40.599765 248.515607 -30.971498 -17.846716 -22.455957
11 -10.205440 -11.404259 -13.531774 -4.114791 8.864926 3.150312 -4.369419 -11.152239 -23.712550 -30.375213 119.132112 2.797625 -17.156799 -7.922490
6 3.128463 0.707362 1.822621 -2.367314 3.769925 6.204242 -3.375798 -4.555448 -0.389480 -1.960087 -0.009571 -5.897795 0.484892 2.437985
1 62.592711 -0.907298 -6.253238 -12.043486 -5.383994 -9.574983 -7.155767 -1.226598 -8.278936 -6.100124 -8.911329 -6.110955 5.421053 3.932943
13 -5.260364 -20.683892 9.227933 -6.801424 8.669230 1.157183 -1.267231 -18.831311 -18.147424 -8.799965 2.798228 -11.997672 72.408971 -2.472263
3 -6.016058 -5.794409 35.353844 10.923867 -0.042344 -10.741700 -2.056658 -13.169640 12.516376 0.487260 -11.177269 -9.089768 -6.799235 5.605734
4 -6.536034 -7.391469 -7.285147 82.861949 -0.082802 -16.842844 -1.286039 -7.243750 -12.688302 -8.173992 -4.566747 -11.004758 -4.414458 4.654400
4 1.331108 0.932664 -2.835732 79.123615 -11.429092 -4.735581 0.989428 -10.634345 -8.293382 -4.914303 -2.823529 -2.623458 -21.214665 -12.872725
2 -8.064680 61.524701 -4.696688 1.916059 -8.403342 -5.548288 -8.489691 -6.949411 -22.522546 6.883358 -0.370081 -5.807990 -6.280782 6.809383
10 -8.699883 -0.815871 5.812677 11.893003 -2.589402 -5.339928 -2.776040 -3.776491 -9.104757 20.709243 0.855687 3.934389 -7.580291 -2.522336
1 0.000000 0.000000 0.000000 0.000000 0.000000 0.000000 0.000000 0.000000 0.000000 0.000000 0.000000 0.000000 0.000000 0.000000
2 -7.971797 96.610668 -2.777295 -2.648170 -7.502413 -7.006112 -8.844629 -9.536079 -10.682482 -1.862037 -3.304430 -15.617360 -10.592417 -8.265446
5 2.119924 1.900585 1.290912 4.678262 13.734090 -3.629360 -0.158834 -0.685412 -20.142638 7.270370 -3.363106 -7.072803 5.261919 -1.203907
1 80.388821 -19.474602 -4.116048 11.682524 -11.208242 1.273344 3.019834 2.269227 -10.865067 -19.549135 -11.283514 2.711779 -12.459042 -12.389880
7 -16.280070 -13.641165 -9.152729 -10.226125 -1.392665 -14.928879 111.592963 -15.056661 -20.845506 -6.497647 2.335892 -1.525977 -6.179795 1.798364
6 -10.069757 -21.384630 -3.143450 -21.636267 -8.447289 186.821657 -13.159835 -6.485173 -17.102739 -20.115190 -20.781157 -24.181233 3.455073 -23.770011
6 1.762128 -6.473535 0.615620 2.441298 -1.174456 2.986908 -1.011486 0.417826 -1.161244 2.003896 -0.586694 0.628689 -2.614276 2.165325
13 -21.884603 -11.566455 -10.959717 -5.069034 13.243471 6.924426 -4.486395 -6.478197 -4.566953 4.806319 2.747635 -7.835459 51.415236 -6.290271
1 105.741508 -15.278489 -7.957146 -11.975764 5.239473 2.065064 -16.297301 -25.183886 -6.868205 -10.249738 -9.396975 4.812370 -9.192932 -5.457983
5 -8.057156 3.458476 1.622615 -0.318061 5.872823 -7.142674 2.009971 -0.728216 -4.368669 2.829026 5.531594 2.175984 -7.138807 4.253095
14 -0.675418 -6.421852 -1.492583 -5.304581 -1.348677 -3.478513 -6.098275 -9.804380 -6.365553 23.953862 -0.998841 3.929693 -9.895745 24.000863
2 0.217312 54.457311 -9.800762 -13.621411 8.249449 -6.884773 -5.368267 0.410875 -24.324926 -2.413483 12.616568 -9.087550 -13.053533 8.603192
8 -6.268565 0.549748 -4.147866 -7.112144 0.271103 -12.072513 -2.562103 63.905654 -15.939817 -2.038780 4.156786 -13.462799 13.533551 -18.812256
7 -9.941036 -9.835466 -0.366594 -8.199588 0.597726 -9.874469 76.741951 -2.635305 -14.087229 -5.964768 -7.837884 -6.783013 7.223042 -9.037367
8 0.000000 2.053400 -0.827065 -0.365087 0.000000 -0.501207 0.000000 2.397123 -0.068958 0.000000 -0.725128 -0.768008 -0.125276 -1.069794
11 -10.335308 -43.084954 -17.663280 -25.443970 62.259085 16.058549 -9.356049 -16.690692 -32.065316 -2.448564 96.481895 -22.318290 -15.500958 20.107849
10 -2.044499 -5.831543 -1.467687 -6.430092 2.454301 -8.051055 4.532960 -7.190668 -10.327511 44.258321 -8.384125 1.834120 -4.371049 1.018529
14 -14.807973 15.531386 -16.188129 -24.600217 5.133181 -18.643164 8.458778 1.423502 -37.500566 -13.232344 -3.547473 8.042433 27.993240 61.937348
13 -1.639518 -6.022895 5.561643 -1.308862 -0.531306 0.929477 -3.045251 -10.890993 -5.793110 -0.702902 -1.974929 -3.744171 30.639621 -1.476805
2 126.365379 135.784909 -23.315793 -30.878925 -43.794474 10.238561 -10.706407 -25.667997 -21.713475 -26.741652 9.545767 -29.021679 -28.582413 -41.511794
6 -3.612759 -4.856203 8.957474 -5.829465 -11.332691 21.698124 -0.780160 0.748374 4.210745 -0.579335 0.429502 -9.175938 -0.965996 1.088327
2 -1.602660 42.388401 -0.802514 -9.147560 6.876972 -1.631939 -4.019338 -9.249308 -1.029455 0.007031 -4.958278 -1.487521 -7.881078 -7.462751
2 -2.310607 3.579137 0.819573 3.338037 1.694387 -2.157668 -1.022962 -2.328573 -4.020151 1.977692 2.038643 2.252362 -6.119017 2.259147
4 -11.666454 -8.744409 -7.239109 78.071497 -11.925540 42.364168 -11.444901 -7.797618 -13.563279 -16.126491 -9.277875 -10.329258 -3.964993 -8.355733
1 442.124451 -42.991022 -59.251012 -51.148019 -38.311200 -40.625661 4.441367 -28.490381 -38.322610 -46.889503 -36.806339 -44.754433 28.825600 -47.801229
1 192.962244 -10.177169 -14.797026 -16.393831 -19.485630 -15.808306 -5.412008 -8.756998 -13.098644 -8.490564 -12.052972 -22.332768 -24.509893 -21.646432
1 166.403878 -21.221683 -16.361103 -15.060769 -39.275666 -13.634077 -6.403296 -12.680649 24.583571 -13.756923 -21.905318 -3.022055 18.722764 -46.388672
10 -4.445604 11.350280 -14.040369 -14.337913 2.061154 -6.554627 3.305643 3.169156 -6.502967 14.105457 7.315573 -3.641832 5.657039 2.559007
4 -10.444177 -7.305877 -4.427609 97.985143 -19.696588 -6.396267 -6.018109 -0.834914 -17.130922 -2.893380 -1.687722 -5.321908 -17.093276 1.265609
13 -4.870757 -4.127603 -1.911026 2.483365 -3.537156 6.358656 8.485045 3.447141 -1.449350 -1.667921 -3.792188 -4.972761 9.898369 -4.343815
2 -26.320848 143.402075 -9.186723 -22.288769 -18.359126 -6.289867 -7.988338 -12.797991 -3.953320 16.461192 -14.025444 -15.831931 -3.499835 -19.321073
1 5.697006 -2.836701 -1.765136 3.212314 4.111635 1.497366 -0.350411 -1.339085 -3.479865 -1.000923 -0.285733 3.231475 -4.191388 -2.500554
7 2.911383 -9.958466 -6.740555 -11.897879 4.616277 7.534000 18.300608 -2.943347 8.743770 -5.031961 -7.793284 2.886938 2.118205 -2.745691
13 8.911545 0.539213 -2.366242 6.861687 -11.718215 0.386773 -6.973962 -7.008394 13.609785 -3.901055 -7.236925 -4.332269 25.757407 -12.529347
9 -11.447010 -9.724264 -4.669813 -7.334438 1.613827 23.572728 1.732489 -5.103055 62.481254 -4.782211 -11.845526 -10.537582 -8.584680 -15.371719
11 -2.699768 -7.496743 2.813420 -2.487999 -2.348170 0.624150 -3.774756 -3.573016 9.799334 -6.103000 10.176244 2.047661 7.695690 -4.673046
5 -6.635141 -1.632773 -4.416083 -17.855285 117.399880 -12.066558 -3.595264 -7.367315 1.687294 -23.075156 -12.480595 -12.811056 -16.354122 -0.797824
4 0.107266 -9.658532 -4.949494 79.819323 -13.498788 -9.078024 -3.336354 -4.235097 -7.199021 -10.027468 -4.932163 0.225502 -10.324852 -2.912294
4 -9.757488 11.875384 -11.647350 84.368025 17.823572 -14.662405 -10.952776 -0.268515 -13.621111 -9.275755 -10.108363 -5.056247 -17.327287 -11.389681
4 -7.257998 0.097335 5.906929 83.107903 -7.815502 -8.736552 -9.838225 -9.206972 -14.776758 8.787172 -6.538503 -7.338952 -17.067217 -9.322658
4 -1.038864 2.760624 0.813853 6.329893 1.694387 -3.252384 0.084200 -3.045732 -9.269734 2.823473 4.400771 2.812571 -5.773660 0.660603
4 -6.384075 -6.634137 -6.929763 16.161535 -1.873020 4.003928 0.383126 9.059574 3.008660 -13.280361 -7.242244 2.658492 6.227963 0.840320
1 58.000197 -7.259288 -0.212657 -7.804327 -6.600602 -5.460419 -6.478142 4.519630 -8.317917 -7.320556 -7.401103 1.688571 -1.431918 -5.921470
7 -20.039757 0.579245 -31.285250 -18.821829 -12.731174 5.118577 60.262908 22.284496 -41.600441 8.146411 13.516207 -2.665775 -8.928148 26.164530
8 -0.234198 -1.513459 -10.589831 -7.611341 6.371980 -7.785026 -7.141509 61.950062 -14.221071 -7.829102 -6.830832 -6.760416 1.285537 0.909211
1 84.915675 -10.770646 -2.470131 -3.576168 -7.578045 -11.222190 -11.737101 -7.923939 -4.412023 -9.705587 -2.203802 -12.343910 8.196098 -9.168232
1 103.544065 -19.623080 -2.340256 4.015860 -13.614681 -1.243430 -1.786314 -13.187066 -19.638025 -14.779477 -10.820759 3.285859 -11.890394 -1.922301
3 0.426641 -13.435703 48.664437 18.750414 -9.382022 -19.348147 -2.440267 -19.636914 -2.350067 -9.367566 -3.771915 10.297195 -0.307765 1.901681
3 -7.065405 -8.829058 127.545234 -20.821418 -4.822218 -2.886946 -8.630365 -12.870216 -3.332769 -8.653405 -20.685586 -20.157712 3.665239 -12.455373
1 62.971419 -9.021164 -12.404761 2.824920 -12.071289 3.668719 4.291385 7.964688 -3.176105 -6.192116 -10.023414 -5.321439 -9.195751 -14.315092
3 -14.120187 -5.047386 133.408475 -12.996137 -9.295217 -13.641196 -1.788726 -4.255815 -8.954683 -12.512595 -6.862375 -11.168370 -21.751525 -11.014263
14 -9.585248 -9.641882 -32.371516 -14.397508 3.475806 -0.211369 5.108089 19.373510 -20.845951 -13.760149 2.389936 17.545175 -1.609847 54.530952
14 -3.339630 -17.927218 -4.382618 8.236762 -2.786820 8.603346 0.090136 -3.265618 -24.036362 -10.780835 3.163343 -3.250336 -10.820851 60.496698
8 -15.778077 2.783370 -12.785013 -10.282156 -16.048829 -5.982141 -1.762630 113.304539 -16.934218 19.201088 -14.225026 -14.071002 -10.725195 -16.694709
3 0.233072 -3.728532 47.754960 -0.384240 -10.493436 -8.574346 -3.389352 -4.418782 -6.951310 -11.543799 -2.284413 4.950246 -2.931359 1.761289
6 -6.138572 -17.933488 -2.719850 -0.704946 -16.887149 90.699578 -4.460093 -5.945247 -14.509569 -9.124447 -4.277347 -10.331645 16.792503 -14.459725
13 -7.820934 -3.078189 -16.824988 -11.448805 -8.604248 -7.940767 -7.679927 -11.984910 -5.765081 6.159036 -13.561617 15.967077 77.736266 -5.152910
3 -11.678776 -6.721354 93.464832 -8.483233 -5.881549 -7.695850 -9.274487 -1.100343 -9.148131 6.202465 -7.176950 -7.188142 -20.883235 -4.435250
3 -0.817204 -0.154368 2.988037 -0.409267 -0.635656 -0.091860 -0.364530 -0.115572 -0.063741 -1.364819 0.102102 2.010331 -0.537802 -0.545651
11 -3.709517 -6.859348 -16.794987 -3.391076 -7.825893 0.629332 16.286282 1.336464 -5.179881 -1.865728 35.595342 -9.928902 -3.707694 5.415604
11 -0.455906 -26.289570 -3.866711 -2.082758 -13.045589 -1.710953 -10.704137 4.042292 1.507946 -8.391050 77.684497 -2.457112 -10.511365 -3.719585
11 -31.531394 9.215176 -7.018333 -4.674467 -7.997532 -17.338086 6.211675 -5.234033 -12.122963 -7.739953 93.823021 -16.576655 0.832595 0.150954
11 -1.627894 -40.156009 0.398635 -21.920308 -25.490235 -31.884476 -23.924363 -18.907098 -33.057562 -45.621638 342.429849 -15.919331 -35.871779 -48.447790
1 99.608227 -8.240767 18.030316 -11.610882 6.973048 -15.090296 -6.240345 -9.394269 -19.347926 -14.069918 -19.894360 4.227807 -10.000945 -14.949691
5 -0.290591 -4.969858 -4.656235 -6.742323 144.733607 -22.453148 -10.326984 -22.122125 -14.773866 -7.624827 -7.913358 -19.592906 -4.092699 -19.174686
4 -12.158128 -7.764130 -12.328702 105.163085 0.603806 -3.518114 5.750609 -5.582345 -12.744269 -6.544681 -14.242056 -8.949944 -12.335440 -15.349687
7 -40.331887 3.850243 -40.682850 -20.446351 52.896588 -53.036761 205.522253 6.551410 -14.952342 -12.308133 -28.645568 -44.553904 -9.939074 -3.923625
10 -14.707652 -2.032639 -8.972575 -16.840372 -13.386442 -7.299704 0.746137 3.958947 0.399235 59.797477 35.281622 -8.519793 -12.170592 -16.253646
5 -13.999630 -4.403367 -9.602195 -3.999281 156.339474 -4.544931 -18.501087 -14.756535 -4.040002 -22.328737 -12.048912 -13.958304 -17.708060 -16.448432
4 -3.230724 1.615917 -10.015207 87.515993 -8.842567 -6.656161 -3.084673 -6.137595 -8.566298 1.571878 -11.849708 -3.124311 -14.184095 -15.012446
6 -6.312756 -18.569416 -20.484625 -32.892240 -22.278413 225.934164 -23.804423 -7.941194 11.736532 -24.223461 -22.587307 -29.964042 -8.287037 -20.325778
8 -5.944402 -2.852650 2.925917 0.897178 -4.381190 7.388414 -7.047791 40.216553 -11.853565 -6.270719 -6.932063 13.388341 -6.762818 -12.771206
6 -2.888382 -21.133556 -20.900099 -26.784801 -18.954903 198.993110 -20.904119 -2.051832 -6.163427 -22.366202 -14.359356 -22.912033 -7.359450 -12.214948
6 5.014401 -5.498560 1.736924 -14.276567 -0.950322 71.968126 -4.980213 -0.706085 2.728664 -13.516834 -2.070950 -18.001055 -14.334150 -7.113379
8 -3.503513 0.313168 -4.193420 2.026665 -1.304720 2.323047 1.530438 7.654794 7.316105 -2.130673 -5.291797 -0.929604 -1.013042 -2.797445
13 -11.786466 -5.092856 2.684996 -1.605278 -30.432825 -5.891721 -12.841544 -8.563397 5.588858 -21.317835 -15.918273 -2.136226 139.849973 -32.537405
13 -0.905489 -2.243762 -4.646355 -0.433387 -0.734105 -1.672259 -3.170530 -1.163938 -4.245993 -2.015034 -2.317122 -4.606403 29.616533 -1.462154
5 -7.386090 -10.416693 -4.792589 -10.786938 30.404175 14.771539 8.703728 3.674412 -8.738935 -22.091982 -0.572632 -1.915909 6.963720 2.184194
9 -5.441923 -0.920172 -2.134790 -0.161635 7.925380 -2.526927 -5.634584 -4.386238 18.411498 0.251341 -24.343824 8.807378 8.991183 1.163314
12 5.638298 -15.336282 -2.227036 5.342124 -8.771738 -15.230260 -7.377732 -14.932240 14.305227 -11.065688 12.305931 30.499860 -11.874265 18.723804
4 -5.351847 -8.033735 -7.421800 87.411996 -9.837642 -11.541446 -3.848823 -1.583422 -6.152421 -9.373562 -7.421157 -3.862520 -14.138729 1.155111
14 -2.450967 -4.457640 -1.633661 -1.960726 2.678759 4.273516 1.396259 0.983759 -8.200317 -2.348041 -0.587077 0.042878 0.539523 11.723735
3 2.072200 -3.154410 10.955680 9.376635 -3.666960 -14.509213 -4.295229 -4.310785 -4.821811 0.980715 3.243383 2.378143 7.941887 -2.190235
4 -10.401138 -0.952169 -10.752546 83.593986 -12.695700 -11.716549 4.301095 12.080041 -14.287566 -10.404600 1.324143 -6.106827 -15.949656 -8.032514
3 -11.120319 -5.290571 100.016712 -5.463718 -12.969389 -4.001095 -3.531730 1.948368 -0.444014 -1.730252 -12.831834 -2.481479 -25.223551 -16.877128
3 10.388610 1.625819 13.269860 5.734957 -7.126193 1.601914 -7.996373 -5.588063 -11.952796 5.516557 2.018931 -10.738311 0.653596 2.591492
12 -4.954799 4.707387 -2.741855 -11.420671 -13.676597 -11.608187 -17.901356 10.289665 10.146714 -5.637714 -5.725563 30.808644 18.060133 -0.345799
10 -11.695212 -1.582243 2.182283 -9.421201 -4.174167 0.042411 -12.267988 5.601841 -2.323047 23.589690 6.044082 12.076118 -13.226045 5.153478
14 0.146355 1.837163 2.199917 -0.814305 1.765679 -0.321149 -0.093301 -0.360411 -2.252364 2.218364 -2.830892 -2.760976 -3.631079 4.896998
14 6.458374 14.976906 -5.691408 -11.150378 -2.244910 7.159331 11.095429 -0.669591 -16.591891 -13.443663 -4.153647 -4.994283 2.644111 16.605622
14 -10.093495 -4.829332 -0.424516 -6.827905 5.155239 0.018673 1.100997 2.017781 3.486989 -0.945664 -1.539568 9.649292 -10.556931 13.788441
4 6.755236 -1.746325 -2.821731 7.969830 -1.915216 -0.201141 -0.731828 -0.753257 0.312084 -1.946461 -0.617796 -1.054638 -2.240357 -1.008402
10 -1.598293 -6.020723 0.118670 -4.994503 -0.675487 -3.931728 -6.517097 6.564009 0.132875 25.077801 -7.718956 -9.735432 4.501786 4.797076
4 -1.491612 -9.636818 -3.460030 76.639192 -10.762038 -10.182704 0.157436 3.750799 -1.397796 -16.518370 -3.706878 -12.191292 -3.722986 -7.476901
4 -4.257617 -8.907535 -2.910794 81.887900 -11.409644 -8.119239 -4.995044 2.392603 -10.467152 -8.078566 -4.810878 -7.060569 -3.537181 -9.726281
1 14.192580 -0.661724 -0.959612 -1.049408 -0.050170 -2.895032 -3.298974 6.371447 -2.473049 -2.458752 -5.152475 -0.300336 -2.946769 1.682273
12 11.507610 1.039584 -9.919043 -3.602083 -10.963973 -10.761599 -0.186915 0.674906 -3.784892 -7.902498 -1.596052 47.157300 -9.718919 -1.943429
1 50.985567 4.454202 1.763965 -10.294940 -13.526767 5.745308 -9.583437 11.303892 -3.898784 -3.658436 -10.816864 -10.371100 -4.891927 -7.210679
14 2.174922 13.342203 -2.395451 -5.811949 -10.117473 -13.092182 -1.688472 0.070384 -1.297496 -1.642997 -6.973258 -6.471422 15.425955 18.477236
12 6.883578 10.985757 19.547949 -9.482500 19.805369 -17.601141 9.033356 -33.106842 -2.116342 -12.571745 -8.856602 22.490455 -21.184296 16.173003
9 -5.295712 -13.197426 1.164211 10.135658 2.363381 -5.878073 8.917833 -5.653320 13.904660 2.089385 -0.099294 3.615535 -12.858414 0.791578
5 -7.012971 -2.932723 -6.176263 5.311669 48.705784 0.771105 -4.267912 -6.258796 -2.398393 -8.741633 -5.170070 -3.451651 -2.100220 -6.277926
4 -13.693256 -2.525331 -8.884356 81.146129 -10.319234 -12.798448 -6.625354 -2.892130 -17.988019 17.218681 -4.497499 2.194195 -15.890948 -4.444426
14 -0.202673 -8.699744 -6.269001 -3.095002 -3.426621 2.064292 -1.322402 -6.110180 -5.236257 -5.386167 -5.588354 -6.286839 1.823481 47.735471
5 -1.563030 -2.669555 -0.622005 0.787708 3.544621 2.208713 -0.937142 -2.133907 1.290594 1.298609 -2.436813 2.169844 0.117289 -1.054927
9 -2.136246 -1.666662 -0.152665 -3.598459 -0.579569 -0.109522 2.978095 0.557068 6.291241 1.753170 0.604433 -2.658435 -0.317804 -0.964645
4 -5.939711 -7.547922 -9.685527 83.440423 -13.618272 3.484808 0.971483 -1.929397 -6.902674 -7.643147 -6.164853 -4.838512 -11.530036 -12.096661
12 4.830270 -24.848493 -3.268419 -6.970955 1.549099 2.570740 -2.665442 4.864154 -13.212129 21.353895 -2.092850 23.466276 -12.807369 7.231221
14 -10.639829 -19.904382 -21.005924 -20.541146 -14.375191 0.736544 -14.019970 -12.041826 2.588486 6.713959 -12.949221 -17.884395 -3.681464 137.004365
6 -0.563198 -19.945322 -10.700077 -12.173235 -10.528758 120.845311 -8.714474 -18.707088 -1.550061 -17.176540 -14.601303 -2.443953 10.932294 -14.673595
6 2.018820 3.040674 -5.103688 -6.716578 4.143830 14.281813 -5.642441 -8.842895 -1.087718 2.348496 -7.484289 7.128142 7.797550 -5.881715
12 -0.577661 0.955954 0.671550 1.482390 0.622428 -1.426023 1.052178 -3.588464 -6.031868 0.244752 4.373083 5.239269 -6.991491 3.973902
4 -5.467885 -8.391587 -5.880344 94.304850 -12.310948 -10.425264 -6.174422 -8.761430 -6.615991 -6.600785 -2.502492 -3.067935 -11.998504 -6.107260
10 0.994452 -13.933460 -10.436189 -8.301973 0.008571 -14.654481 -14.507682 1.710327 6.077065 45.237712 -8.019713 8.245146 9.590306 -2.010082
8 -10.834480 12.141846 -16.615718 -13.593414 -13.466697 -18.394981 -27.198253 134.529849 -19.747777 16.757132 -7.701862 -24.704138 -3.467389 -7.704120
8 0.529075 0.402840 1.892373 -7.014545 -15.260390 0.383855 -1.857147 36.263222 3.384975 0.692358 -6.698259 -6.300709 -1.413408 -5.004241
1 77.706373 1.972335 -13.106947 -3.547906 -4.229714 -5.542258 -1.881680 -9.068880 -8.644858 -9.478658 -5.262455 -11.378389 -7.521317 -0.015646
13 -7.563912 2.312075 -0.385069 4.408498 -2.613865 -4.936914 -6.010758 -2.171923 -1.256133 6.416763 -1.058098 0.960645 11.260163 0.638531
5 -5.684287 1.928947 0.519040 -10.012664 34.857137 -18.717084 -6.801727 11.692064 6.351217 -6.312726 -4.659941 -5.621838 8.016564 -5.554703
11 -4.664258 -3.147520 -13.256556 -6.881672 -11.869946 -8.643253 -0.294326 -13.379937 -6.776673 -7.506868 111.726035 -7.819454 -12.614592 -14.870978
14 3.582845 1.710788 9.421313 -5.168719 10.552655 -12.189796 -4.134526 2.154095 -1.161453 -4.511824 1.784322 -10.911216 -6.554337 15.425854
9 5.124874 -16.450098 -6.614644 9.989960 -8.616070 -2.862211 -4.974983 7.406480 19.053469 6.490595 -16.523020 11.908121 -4.092975 0.160501
8 -11.885197 -2.188488 -25.746126 -5.942333 7.378950 3.509788 -30.288542 124.796987 -4.109791 -19.679230 -12.637536 -2.136345 -3.773722 -17.298418
1 10.219603 -2.717442 -0.298503 1.851910 4.661397 -4.715024 1.397929 8.278328 -3.544606 -9.028059 -7.174382 1.430792 4.097457 -4.459400
4 -0.317561 -18.320314 -2.503663 16.627120 16.164780 7.620489 -6.613625 5.444156 9.633090 -2.971170 -11.116382 -0.576789 -4.993500 -8.076630
10 8.279502 8.172773 -1.328808 4.636401 -1.427127 -10.922930 1.679869 -6.675340 -0.288449 19.060238 -12.338528 -3.875387 2.104787 -7.077001
4 -11.869313 -10.367396 -5.427298 92.538251 -12.283650 -7.104005 -4.069869 -4.283383 -6.934647 -8.868231 -3.258985 -3.770964 -9.628715 -4.671793
4 -2.987528 2.079363 -0.333779 7.749350 -0.320000 4.594280 3.080985 -3.377259 -4.255136 -0.090844 0.758781 3.141510 -10.061487 0.021766
13 -3.076438 4.603207 2.145039 1.178622 0.755154 -1.800247 1.620560 3.942567 -0.474468 -0.390331 -3.355194 -10.074444 10.702701 -5.776727
1 59.340942 -11.540432 -13.035675 -7.174363 -8.489668 -6.654155 -1.191279 -5.446362 -4.594502 2.447248 -6.402651 15.164247 -10.694232 -1.729119
6 -5.503073 27.706946 -13.361486 -21.474883 -23.870495 149.145009 -15.488275 0.528734 -8.060039 -16.349784 -14.488062 -11.503358 -24.573670 -22.707561
3 -3.983181 -1.080289 33.718232 -3.805619 -3.873269 -9.460701 -5.263985 -8.777684 -2.135860 10.581137 0.209992 -3.295192 -0.305016 -2.528564
5 9.173127 20.482827 -11.071759 2.949483 34.923627 -3.509869 -8.871732 8.952367 -10.472839 -12.367254 -19.786193 -4.005382 1.190806 -7.587211
8 -10.049840 -7.037920 -8.480833 10.151236 -9.023449 0.159323 -16.247458 65.574745 -8.311239 -5.406284 -6.954880 -0.984493 -10.231200 6.842297
7 -2.034938 -0.078324 -1.083958 -3.807661 3.886413 -3.092945 4.332926 0.271001 -3.332273 4.087269 1.224994 -1.170032 -3.447023 4.244552
2 2.756198 7.170456 -4.974354 2.772935 -3.675126 -0.433040 2.677573 1.469005 2.167706 1.927477 -4.002555 -3.554135 1.924532 -6.226673
6 -21.365300 -43.288556 14.389153 -21.726316 -22.655925 124.728271 -22.005269 -18.869023 1.706097 -48.047186 72.075499 -6.920866 10.913278 -18.933857
12 -17.448344 4.214517 3.033432 13.323670 -4.967028 -13.506280 -8.453810 -10.600161 20.103711 -12.770465 -20.385586 51.209518 17.652859 -21.406032
3 -13.335490 -9.692566 100.243947 -13.074969 0.103616 -5.297566 0.561223 -19.201435 -22.868767 -2.723008 -10.215644 -1.184379 -3.658334 0.343375
9 -0.808875 -0.163921 -1.334005 -0.362409 -0.325291 -1.471024 1.586525 -1.453691 5.618184 -0.609573 -0.512301 2.317708 -0.732444 -1.748883
13 -5.803361 -1.566959 -2.822860 -0.328050 -14.634080 -0.986247 -6.994358 2.113656 -1.201656 6.761508 -6.151540 3.277809 15.128705 13.207434
12 -2.635308 5.176815 -0.873832 -4.931944 -5.928208 -1.117665 -4.498392 -4.321875 -3.749469 -0.348389 0.836756 23.494720 -0.896048 -0.207162
11 -0.483665 3.067374 -3.741609 -3.983739 -17.874348 -4.067909 -8.288990 -19.609231 10.127082 -5.303578 60.645745 -4.752186 -8.139695 2.404748
6 -1.600275 -0.181275 6.098584 -10.361919 -1.171609 11.774390 2.071618 10.698699 -0.561404 0.432756 8.456055 -18.605029 2.696598 -9.747188
2 -18.344966 50.808180 -0.280070 -8.455485 2.204436 -16.853070 -0.675098 -6.026020 9.943025 -2.051194 -4.263457 -4.888291 -3.170902 2.052915
1 458.628978 -46.296487 -54.226901 -46.853785 -48.493266 -41.531955 -17.373745 -19.087539 -45.368097 -52.742991 -29.632471 -39.216026 32.670198 -50.475904
7 -11.969551 -8.964851 -4.595350 -6.576347 -7.386271 -5.898679 68.742238 -6.383007 -6.162549 -4.019109 -4.501952 12.107688 -7.057867 -7.334396
10 -5.187816 -7.218761 -1.829693 6.758303 -0.846555 -6.622542 -2.441008 7.852556 -13.419050 18.494087 2.518000 7.244904 1.886440 -7.188864
3 -11.532942 -6.310902 68.623800 -17.821493 5.569996 -3.125184 11.017449 -12.256683 -5.544378 -13.111141 -9.302345 6.978711 -5.183524 -8.001362
1 72.173624 -16.300084 4.569982 -2.090820 -9.845510 -13.277605 -25.604410 3.349878 9.765047 -8.937890 -15.570838 5.355865 14.354240 -17.941482
1 66.804485 -4.682437 -6.211248 -3.596387 -8.218898 -3.543589 -10.635750 -3.669624 -1.960651 6.408309 -4.860408 -6.533614 -14.740852 -4.559336
2 -3.971634 48.469895 0.205554 -1.625650 -4.748821 -6.737452 -5.299761 -8.399565 -4.081291 11.258915 -8.706220 0.404782 -9.505642 -7.263111
6 -5.012022 3.867620 -2.047539 -12.129395 -4.580691 71.175351 0.844209 -10.692485 -5.228033 -11.145510 -8.452904 -17.338274 17.021521 -16.281849
5 -15.171303 -5.404407 -7.261931 -4.894689 69.663078 -20.310202 4.137534 7.304733 -17.908353 -1.877091 -0.634572 -13.786305 -0.754155 6.897665
6 18.987430 -3.600718 -10.554758 -9.779709 -10.323796 61.488432 -21.578095 -18.335920 -24.735648 13.607937 -7.295878 -6.453068 1.981043 16.592746
10 -6.383187 7.245720 5.961346 -4.637400 -7.074414 -8.404148 -7.019116 0.482762 -1.476887 12.986174 -2.526712 8.705226 1.904220 0.236417
2 3.518581 23.212404 -4.031508 -6.441886 -7.870532 1.632565 -4.970419 3.625060 0.180334 1.442640 -6.625382 -1.161600 -4.665200 2.154943
3 -11.747019 -6.148134 92.127185 -8.483233 -3.762130 -9.499102 -8.827303 -1.339524 -9.416370 6.901038 -6.441923 -7.071468 -21.856771 -4.435250
6 1.873520 -1.540518 -1.322517 -3.843290 -17.227756 12.297762 -2.926432 6.731430 -3.758775 1.620486 5.543364 0.315712 4.082040 -1.845025
6 -0.195238 -1.943043 0.645967 2.268029 -2.962710 5.902674 -1.235755 -1.760896 0.835168 -1.458890 -1.542814 -0.238196 1.816555 -0.130849
3 -3.722142 -1.414072 69.097570 -1.407848 -2.715381 -3.035744 -7.988970 0.473827 -8.749949 -10.758256 -0.395492 -14.739492 -11.766042 -2.878007
10 -14.499498 -7.129131 -21.621905 -8.644581 -2.954368 -7.549213 2.102178 -5.834330 -3.633356 118.621280 -6.091167 0.309142 -36.541136 -6.533912
10 -8.691222 -3.586299 -6.090976 0.881592 -1.905251 -13.855813 2.151967 -16.142444 -11.306475 42.142576 2.546317 13.327812 -7.569215 8.097430
7 -62.083838 -69.602100 -64.706353 -83.526071 -39.385033 -75.638663 785.592026 -45.031831 -54.220201 -32.935658 -85.204616 -58.846076 -62.500042 -51.911559
8 -1.686300 -3.750914 7.517126 2.404917 -7.314442 0.533127 1.764339 9.369033 7.266340 -11.427356 4.466920 0.304631 -8.740838 -0.706584
12 -5.316856 3.011206 2.751338 5.335155 -10.090820 0.108077 5.391390 -6.009607 -19.801081 -9.346545 4.513919 50.554263 -14.333430 -6.767007
4 -2.172773 1.496238 0.908171 3.520485 1.694387 -2.096214 -0.441673 -0.997852 -6.417274 2.190298 2.833812 2.252362 -5.941391 3.171424
11 -9.389157 -18.912228 -17.983032 -19.710131 -1.710150 6.272040 -2.934626 -13.076483 3.939422 -33.741593 125.062633 11.943640 -15.949760 -13.810572
11 -37.646498 -68.813356 -48.863849 -58.939440 -14.860420 -32.889477 -21.075020 -62.370967 -52.891887 -90.590535 625.936840 -65.404782 -24.630656 -46.959949
10 -2.289334 5.647386 -9.270574 -5.549035 -5.105205 -2.769396 0.544468 4.487339 -2.738015 9.820428 4.240019 1.792152 0.762820 0.426947
3 -11.741566 -6.260598 91.583548 -8.483233 -4.807207 -7.936081 -7.193200 -1.428255 -9.582940 7.118128 -7.463610 -7.169071 -21.911404 -4.724515
7 -0.631248 1.483135 4.128006 -3.208955 -3.009121 -6.116163 7.033972 -4.642459 2.488860 4.831914 4.528640 -7.080151 -0.115533 0.309103
14 -9.437024 -11.411682 2.186566 -11.135699 18.691404 -4.231845 13.210273 -16.182958 1.199457 -14.827992 -17.918748 7.796858 4.876296 37.185094
11 -4.402042 -1.286971 -8.730815 -1.089700 1.950970 -0.240803 -5.586342 0.755437 -2.307378 2.621041 27.972278 -3.393520 -4.215184 -2.046973
7 -4.294634 -1.075167 -4.623654 -0.951575 -2.171478 -0.574822 9.784333 4.794799 -0.238012 -2.777821 6.217671 -3.640705 -0.363841 -0.085095
4 0.178200 6.353202 -5.145482 7.713044 3.543531 0.482945 2.385331 -0.664365 -9.826084 2.234913 2.267006 -0.143432 -8.774785 -0.604023
10 -27.563962 -6.375489 -3.812225 -24.216637 27.754450 -25.390706 -8.152726 19.376881 16.349877 37.258786 27.097271 0.809993 -4.882729 -28.252783
11 -9.642557 17.527902 -25.779159 -1.033545 -11.957211 -10.558703 17.560325 5.965996 -20.660800 -18.129602 94.175262 -20.812397 -10.807422 -5.848087
10 -2.444035 -7.812173 -4.600300 -7.130294 -7.226733 -7.635698 -4.526449 -12.929216 1.770865 68.282641 -5.101748 -3.826998 1.388553 -8.208414
11 -8.828053 -15.667570 -14.412042 -6.965694 12.220138 -7.975589 0.179604 -6.955790 -17.123283 -14.758593 111.660156 -7.680732 -13.513398 -10.179152
11 -3.813615 -5.434798 -2.381984 -4.666691 -4.969726 -10.024974 -3.137126 -2.191826 -9.169432 -2.101284 66.424918 -5.577304 -10.452200 -2.503958
6 -4.546887 -3.851420 -14.726046 19.094372 -1.164934 54.263566 -1.777022 -11.673161 -0.343915 -9.913857 -13.016374 -2.762915 3.413214 -12.994621
13 -0.345604 -3.010265 -11.641611 -2.303408 2.311986 -13.916450 -3.565609 -6.689317 -2.877965 0.095835 -6.949128 2.453617 52.719937 -6.282018
5 3.215192 27.599654 -4.638266 3.145511 34.021302 -1.268383 -8.995636 5.426598 -10.500244 -10.087621 -8.211735 -16.592264 -5.535279 -7.578831
14 -6.481955 10.136573 -11.217304 -11.304524 -2.754351 6.069847 8.261279 1.179917 0.851451 -7.826554 2.677053 -8.080492 -8.552891 27.041952
2 -51.639478 32.476581 1.651970 -9.995178 15.013220 -27.785808 16.132137 3.573530 -8.155601 4.499193 10.066318 4.493564 -10.517577 20.187137
14 -3.927842 -4.625088 -4.104651 1.020296 -2.434967 -11.355397 -0.531737 -0.490161 -13.527385 -2.100023 13.890139 1.600907 -6.197050 32.782962
3 -11.220678 5.925150 9.793078 -1.351640 -1.022922 -4.993765 7.258251 7.410318 -6.015775 -8.073013 5.120461 -3.180009 -2.617639 2.968185
2 -33.260667 87.523973 -9.309684 -9.106081 -6.791955 -12.303814 -7.386142 21.878240 -16.042512 14.175001 -4.707120 -10.918398 -6.762873 -6.987966
5 -3.467754 1.906006 7.758101 -9.950945 60.462561 -11.545408 -8.106050 -4.279511 6.662317 -0.125190 -6.721000 -11.085569 -12.554507 -8.953051
9 -5.551569 0.885778 -7.251182 -5.768569 -5.508578 3.510697 -4.697145 1.896711 57.715063 -16.374599 -1.827574 0.067465 -6.861059 -10.235437
10 -10.125388 6.770224 -4.925619 2.480756 -3.063061 -2.154502 -3.132670 -9.032724 -6.964365 12.441164 -3.627486 9.579518 8.619978 3.134177
5 -10.820484 -3.393434 -11.924598 -2.819426 65.039123 -22.082722 5.472393 -5.952285 -26.170606 -12.457235 14.810203 -6.955441 13.288085 3.966423
2 -51.883428 100.998886 -2.191806 -9.121541 1.053478 -19.714464 0.759289 -7.508952 -11.742544 -2.049833 -0.522125 -0.562793 0.573462 1.912374
13 -1.578187 -4.541249 -0.660783 -0.411297 -8.674904 -5.173957 -2.825381 -1.550784 -6.798841 9.236494 -0.022506 2.203934 25.951242 -5.153780
14 -14.998223 -23.935748 -9.132122 1.207838 -18.061435 6.013459 0.843839 -17.376378 -6.741241 -19.885799 -19.393205 -19.580526 -1.572509 142.612056
9 -2.248712 -6.604840 -2.483818 4.160563 -6.533064 2.193809 -6.255099 8.391665 9.732301 -6.551307 1.916379 2.498656 2.157456 -0.373987
3 -16.928166 -7.642505 122.689649 0.174793 -22.858168 -16.035460 -4.511835 -11.915228 -13.211989 13.048571 -4.976780 3.355706 -24.694774 -16.493815
4 -6.670525 2.550617 3.359257 16.041949 1.002383 2.096548 -0.989811 -2.402172 -2.565524 -14.226142 -9.739179 8.498828 7.292869 -4.249097
6 -5.370192 -8.884904 4.215805 -4.589504 -18.645158 64.734227 5.460070 -6.558111 -15.621885 -19.220391 -2.625994 16.764181 -5.081190 -4.576954
10 -5.028413 -5.151560 -9.466012 0.733083 5.122316 -2.800937 -5.729808 -0.906912 -5.726578 15.071469 -14.828905 7.140988 14.027294 7.543974
3 -4.088032 -12.658974 52.576871 -6.167258 -6.799848 4.401681 -14.108424 4.989867 -4.897515 -11.051227 -4.488789 10.039670 -6.157217 -1.590807
1 43.482013 -3.359116 -2.599957 -6.852109 -12.050006 -9.022656 -0.093300 3.539625 6.794157 -9.688994 -8.826767 9.016569 -7.028136 -3.311319
2 -1.935399 18.953634 -2.773651 0.377120 0.343545 -1.148244 -1.204093 -1.579054 -2.107438 -2.121329 -3.995931 -0.419256 -2.644843 0.254941
1 9.217943 5.422164 -11.766916 -6.337193 -0.489770 9.010690 3.863425 -4.992116 -2.783582 -2.834567 -6.834412 3.164358 -0.605858 5.965834
5 -1.341061 -7.463103 -11.775413 -13.772886 68.583664 7.583756 -5.045424 1.358361 -19.142753 -7.229844 -6.387833 -7.005754 2.456677 -0.818385
6 -6.693395 -15.096425 -10.800749 -3.558023 -0.503098 91.583563 -4.767985 -7.984575 -3.004317 -11.224548 -6.326041 -3.154296 -11.458221 -7.011889
3 5.052295 -13.726300 89.033790 -14.642949 -10.955744 -6.359198 -10.474028 -13.637426 -11.936439 -21.415783 -22.906654 70.588400 -46.040897 7.420936
12 -1.253540 -12.999797 -4.132885 6.294797 -13.672281 27.399437 -19.140425 -12.523380 -23.347628 23.366153 -19.702100 58.894572 -3.708054 -5.474867
1 54.453979 5.934357 -11.253900 -0.516093 4.356939 0.199572 9.359067 -20.813140 4.644856 -8.022167 -14.838617 3.168551 -22.779315 -3.894089
14 -2.532537 1.921380 -2.376997 3.264571 8.650103 -3.791466 -2.250122 -11.125502 -10.663709 -3.726017 -3.209661 2.448486 3.014191 20.377280
13 -1.203905 0.410260 -1.595607 4.683843 -4.405651 -5.134810 -2.207289 0.737939 -6.938710 -3.345591 4.623829 3.814026 5.592203 4.969464
10 -5.578316 -0.151239 -2.133758 5.926058 -0.838590 -0.374219 -3.071399 -4.569844 -4.503040 8.722835 8.274164 0.078878 -8.235968 6.454439
12 4.561001 -7.979054 -6.444862 -0.574911 -12.207326 3.695842 0.323104 -9.026094 -9.030070 -3.154204 -11.464251 62.902425 -3.762802 -7.838799
1 56.864221 -9.044705 -11.137873 0.764383 -8.462333 -12.007597 3.523962 0.231347 -2.524140 -6.871230 -0.372446 -5.723130 -16.983465 11.743008
13 -5.096447 -10.767861 -4.028087 1.141372 -3.704234 4.997792 -4.544000 -7.195154 -4.018739 -1.829530 -3.925794 7.870508 32.600356 -1.500181
13 -7.256457 0.457260 -12.307225 -6.210864 -13.339576 -0.133982 7.957498 -11.722912 6.064468 -0.530837 1.826248 -0.062984 38.213748 -2.954384
10 -2.262314 4.193236 -7.928050 -3.744073 5.649469 -4.181634 -2.640897 -4.834319 -19.779744 14.699721 10.797764 8.041677 -10.238400 12.227563
9 1.159545 -2.475190 -1.018123 1.593119 -7.045765 -7.821306 1.954063 0.808157 8.190431 3.600475 -2.638082 4.878062 -0.993514 -0.191871
3 -8.521767 -3.371368 93.333088 -10.056823 -7.474643 -13.582729 -3.648219 -3.782574 -5.696702 -6.587177 -7.053050 -10.640717 -9.308208 -3.609110
7 5.878529 -28.348225 -4.474765 -29.635216 -13.186786 -30.958588 164.786099 -41.401790 -27.665741 0.546332 -14.485791 -24.611760 24.763303 18.794399
11 -9.317115 -10.273369 -3.068211 0.442269 4.362203 -4.487905 5.342714 -2.253960 -21.784668 -9.175100 57.182909 -0.078427 -10.320590 3.429252
8 1.433453 -5.864010 10.251590 -17.713649 -12.505192 -2.654276 -11.295379 50.342181 -1.135843 10.554577 -12.538041 -13.193341 9.085999 -4.768067
9 -1.299495 -11.004083 -6.774381 1.719420 -14.972898 -6.830947 2.306514 -4.865615 24.010647 -4.644866 -4.821620 4.775145 19.049699 3.352479
12 -5.309273 7.514354 5.979198 4.140807 -14.179816 4.422784 1.309046 -16.665657 5.611979 6.187873 3.384754 8.847105 -11.931282 0.688130
6 -3.633400 -4.452971 -1.993087 -1.855145 -15.736068 64.100429 -5.407360 -5.393293 -7.512671 -6.269352 -6.473752 -6.223926 10.123401 -9.272806
1 87.064547 3.399975 4.053286 -7.052866 -13.209237 0.804017 3.473261 -7.033898 -13.083557 -22.684847 -16.099218 25.467448 -23.331950 -21.766961
1 23.130410 1.537257 -0.358698 -4.516522 5.413547 -5.304841 -3.324550 -4.162376 2.084246 -3.133737 -1.025027 -6.400386 -1.289789 -2.649533
9 2.500768 4.334129 -0.913104 -13.019536 -6.815864 9.878785 -8.241632 -7.741110 42.701553 -1.648090 -2.717110 -2.105878 -12.009867 -4.203043
5 -10.897596 2.107221 -15.042419 5.504521 59.146532 2.960317 -4.524430 -12.746671 -10.091075 -4.743057 -1.395167 -3.121852 -4.197838 -2.958484
13 4.633544 3.553310 -10.692032 -6.325669 9.075823 3.291193 -0.816124 -5.383937 -6.281903 -4.894586 -5.219827 0.022045 15.816072 3.222091
11 -3.482450 -2.086272 -4.417096 6.201260 0.798114 -7.245342 1.170147 4.929058 -9.042407 2.382157 9.459752 7.305938 -7.249541 1.276682
1 104.653239 0.999166 6.914882 -22.277946 14.641498 -23.906868 -6.135464 -9.611450 3.566901 -4.578227 -26.499167 -13.235555 4.972984 -29.503994
1 31.130354 9.209924 -6.503728 -14.588823 -8.686384 6.724364 6.655053 -12.027405 11.257991 -4.063675 -19.674199 -9.347546 -0.686471 10.600547
12 2.733459 -4.562649 -0.959063 1.907495 -5.858266 5.904332 -5.903329 -7.426332 -11.594445 -7.491551 -3.993386 40.271374 -1.223027 -1.804614
1 38.735080 5.798033 -13.191181 2.753954 -0.530845 12.929964 1.141981 -15.400085 -6.275850 -12.345821 -13.212439 -3.791890 -3.258632 6.647733
1 122.029583 -12.365440 -7.676336 -6.433846 -14.262569 -7.093416 -7.424825 -7.769713 -4.531829 -3.306463 -6.679906 -13.188869 -16.819901 -14.476469
1 287.588950 -16.656390 -15.171592 -7.875233 -43.140990 -30.726820 -32.666696 -37.718077 3.660181 -24.736239 -31.498247 -24.167899 -9.433740 -17.457208
1 92.745436 -7.212167 -6.455956 -4.557573 -3.861181 -4.815590 -2.364282 -8.250328 -7.672678 -8.609218 -9.529538 -5.573066 -10.052982 -13.790875
1 266.932917 -16.545709 -34.415863 -40.486900 -36.148258 -14.123037 -26.735267 -21.464123 -19.367870 -39.498574 -33.456490 -16.828309 52.068033 -19.930551
1 109.866572 -10.547290 -2.105829 -5.334538 -5.220457 -4.429691 -14.050832 -21.955466 -5.101276 -10.957440 -8.265486 -7.947826 -1.221769 -12.728674
1 62.174274 -22.305226 -6.150411 -2.610414 -20.300036 -13.022786 -10.902842 -5.477484 12.129523 16.899995 -11.007832 1.479506 12.693282 -13.599550
1 68.683365 -7.753080 -7.163789 -2.620122 -9.384406 -7.191127 1.493872 -3.294210 5.039645 -10.590913 -11.634596 -7.855684 -5.168058 -2.560899
1 74.918258 9.763753 -19.993747 -7.929842 6.509510 -14.214688 -7.323831 -6.698053 2.306583 -0.154389 -2.445540 -27.002635 1.542832 -9.278212
1 81.772887 -12.949258 -6.824289 -18.389313 -7.116582 -11.889064 -7.780878 -9.194805 -0.433860 -2.817802 -6.348167 -6.139358 4.924723 3.185766
1 104.149554 -4.593238 -6.625264 -11.490162 -17.354073 -11.709480 -3.243142 -6.363523 -4.738162 -10.047383 -3.610767 -6.890078 0.049025 -17.533306
1 63.014178 -10.105892 -7.914887 -5.789031 -9.871923 0.066959 -4.886663 0.565998 -0.476334 -5.047118 -6.804179 4.479960 -7.887588 -9.343481
2 2.569063 8.460581 0.778579 0.238335 3.068400 -3.503387 -1.311427 -4.806082 -9.536740 0.988076 5.536859 0.122308 -5.403183 2.798620
1 55.371437 -16.356232 -18.392078 3.479217 6.151932 -1.865346 0.761090 -6.922553 3.815979 -7.376250 -9.021367 -12.471598 8.493444 -5.667673
1 14.196575 2.806758 5.532718 -1.653747 4.325445 -1.431063 -2.559963 -1.913285 -11.910625 -6.906326 -0.988595 -0.905410 -2.595726 4.003244
1 73.238246 -15.923940 -10.422250 -10.529222 1.295448 -10.888441 -4.694504 -3.995777 4.606253 17.754494 -6.279558 -9.119706 -13.493507 -11.547537
1 64.153915 -11.220954 -6.774078 -9.973740 -8.210973 -1.033441 -4.018941 -2.852624 2.857968 -5.954355 -7.302218 11.143251 -9.688307 -11.125503
1 51.171015 -2.094121 -2.697577 3.878849 7.524683 -19.551690 -2.640428 -4.421918 -0.321256 -5.594368 -3.755440 -1.134393 -13.652314 -6.711041
1 89.068398 5.461167 -18.783524 -10.046390 -9.326604 -1.668537 -10.111893 -12.830056 -9.518756 -4.496395 -6.527865 2.525255 -10.058974 -3.685827
1 16.454450 2.547112 -7.465101 -6.724132 -0.106771 2.338897 -9.088792 -2.802778 -13.002285 6.612282 3.510762 6.100916 1.692096 -0.066654
5 -4.226879 -6.058016 -1.090242 -5.803913 37.040078 8.380847 12.118134 -12.435323 -4.042458 7.657114 -19.166204 -1.342610 -2.427535 -8.602994
10 -15.462831 8.739618 -3.563957 -1.573189 -6.412898 1.586100 8.810712 -7.977339 -13.890285 56.092016 5.114487 -3.868281 -26.835947 -0.758204
13 0.131904 0.118138 3.573285 -6.125383 -3.348698 -10.442504 -3.570575 -3.262787 -2.533594 5.315979 2.965626 7.904297 9.250529 0.023785
5 -14.477202 -14.774183 -8.257234 -31.963934 43.198184 2.787436 13.173583 24.660208 -3.387587 34.448445 -18.158823 -4.326775 -20.703830 -2.218289
10 -8.568505 -14.291005 -2.558944 -15.458865 -8.918388 -2.204900 -5.479652 11.002190 -21.597261 71.734541 -16.061177 -1.150810 9.707227 3.845547
10 -14.496296 -2.373279 -15.709073 -10.595023 -10.027317 -12.135866 -7.031159 -7.481137 -13.242616 127.229936 -8.377974 -7.045804 0.005857 -18.720249
10 -4.163606 -2.176187 -3.426222 1.993841 -2.683714 -4.716354 2.844207 -4.237705 2.946675 25.728742 -3.320832 -3.333375 2.421205 -7.876675
10 -7.631825 -6.440160 -3.752234 -19.856553 -9.325151 -17.616319 -9.593102 -3.581362 -0.983928 96.434495 -8.011844 -7.579516 -4.861659 2.799157
11 18.003292 7.799984 -8.311476 -7.312504 -10.915186 -3.040220 2.448544 -14.486043 2.911596 4.704834 19.177172 -23.174658 -3.297373 15.492039
10 -9.189864 -14.680964 3.211052 3.427740 2.910295 -4.524181 2.920111 -8.529986 -0.709181 25.701584 -4.616007 -7.005037 6.147705 4.936733
10 -7.331982 -11.747217 -19.820215 0.380888 -9.028335 -14.398793 -3.103062 -4.290495 -17.987271 123.610966 -11.455242 3.600089 -18.581399 -9.847933
8 4.945521 -26.656508 -8.985687 -7.360597 10.669408 -4.138696 1.912894 35.806910 -16.065823 -5.215305 7.775056 3.033824 13.479225 -9.200222
10 -10.241235 1.005925 6.020686 -5.965865 12.936352 -15.814853 2.411564 -6.656041 -15.601422 25.188606 -3.161425 -5.307003 22.778093 -7.593383
10 -4.325635 3.189281 4.309188 -0.480842 -5.077711 -15.014583 -9.160224 -3.021923 -10.300518 52.769911 -6.134446 -2.651521 4.084388 -8.185365
9 -2.382935 1.551463 -11.013464 -4.470942 -2.238914 7.868096 8.050931 3.876241 16.762200 -7.979927 -4.820079 -8.934336 3.121285 0.610380
10 -3.932016 -13.486682 -1.125797 -8.826460 -0.484641 -1.099426 -8.193167 7.960486 -8.979794 56.130344 -2.212076 -8.284097 -1.681626 -5.785050
10 3.381179 -8.084669 -1.019501 6.216476 6.244185 -9.133072 -8.927151 -6.137259 -6.962409 26.282775 -0.277253 8.288383 -10.662743 0.791061
10 -12.360526 -1.805832 2.773630 10.107830 16.584452 -11.082676 -2.582602 -7.407873 -23.988813 47.186389 3.826323 0.086482 -25.897811 4.561030
9 -9.233479 1.465331 -0.954318 5.780624 1.273226 -5.734340 0.394476 3.608575 12.920104 6.150677 -8.966323 1.770828 4.691750 -13.167131
2 -5.299975 26.085513 -6.045582 -2.920440 3.666872 2.191954 5.361927 -10.624756 -12.039425 3.712555 8.035321 3.428834 -16.003168 0.450371
2 -21.829742 58.919167 -2.843408 -4.952698 -3.111087 -6.074107 -0.660124 -7.269778 -3.958156 -1.151685 -4.285438 8.025618 -4.913670 -5.894890
2 -4.111110 62.649775 -3.469124 -1.591732 11.669425 -3.635769 -10.787030 -0.480185 -7.646045 -7.949512 -9.118017 -9.735047 -6.810598 -8.985032
2 -6.684173 71.156076 5.987208 -8.353977 -24.881103 -5.875076 1.474583 -11.307104 2.224203 -6.845084 0.655614 7.749366 -16.258240 -9.042293
2 2.463245 55.994231 -1.804621 -3.132499 -6.569222 -6.994275 0.823248 -6.525960 -1.512190 -5.262552 -9.045375 -5.509976 -11.336744 -1.587311
2 -18.280331 64.715056 19.501271 -0.452118 -2.923531 -3.395340 -0.792617 -14.454235 -8.560455 -6.043278 -5.046347 -5.076200 -14.024063 -5.167812
2 -20.918711 168.859185 3.946903 -7.102203 89.420692 -31.082502 -42.975250 -12.222751 -41.048951 -21.808995 -12.041447 -21.250041 -16.608209 -35.167717
2 -6.699883 16.732974 -26.964464 2.991840 3.219300 7.570997 2.370207 11.496817 -14.049037 1.296468 4.211133 -13.761718 4.945125 6.640241
2 -52.276258 73.812194 8.224289 -1.721103 -2.286923 -20.248657 4.568557 -3.477863 -13.136946 9.604771 -2.022874 -7.028986 -5.215742 11.205545
2 -3.529899 43.660358 -5.188786 -5.455633 10.784212 2.041455 -5.184965 -1.596168 -1.606986 -3.270738 -5.165111 -12.771162 -7.501401 -5.215176
2 0.298508 38.948210 -3.029265 -7.585484 -0.465553 6.129581 1.033626 -4.847614 -5.525397 -5.480064 -8.483706 -4.357786 -9.250877 2.615819
2 0.383952 64.515687 -7.211612 -2.831249 12.292947 1.516755 -15.123115 -1.036949 -8.794541 -6.248499 -12.482533 -5.000164 -5.451567 -14.529111
14 -2.977132 3.161321 -8.825904 2.674521 -4.179426 2.643010 -1.439684 1.093096 -5.163523 -8.808790 1.819022 4.013209 -0.981665 16.971946
5 4.447221 24.002630 -11.668916 1.338569 37.711166 -7.582766 -11.331395 -1.683954 -8.595178 -5.708239 -10.915333 -3.950524 4.440277 -10.503558
2 -10.743541 148.261921 -18.782944 -10.882897 -41.669147 5.622423 16.039119 -17.683450 -13.498452 -9.418150 -4.564117 -9.962291 -14.331517 -18.386954
2 1.826214 77.364376 -8.735451 -0.364893 -15.060194 2.125573 -7.190218 -4.884991 4.159298 -2.070560 -9.755308 -9.190058 -11.311625 -16.912163
5 3.008865 -0.724935 -9.857822 -4.205431 32.039963 6.718548 -14.639453 2.878055 -1.321308 -6.366712 -6.560388 3.268427 3.288327 -7.526136
2 -0.825775 27.512595 -1.333862 -3.192399 17.552199 -1.846318 -6.561771 -9.822242 -12.530473 -0.757622 10.042349 -9.187924 -6.508759 -2.539998
6 -16.221447 -49.457553 -27.783150 -15.709943 85.074278 168.307848 1.989757 2.115072 -15.861800 -33.114004 -21.679655 -46.296602 2.992171 -34.354966
5 -4.963844 -17.616830 -13.341034 -8.536979 45.259853 -1.751178 12.835782 5.763886 -8.888567 -19.425081 12.030045 7.889405 0.720554 -9.976016
6 3.809324 -7.885563 -3.363344 -5.760254 -1.901780 14.255539 10.525747 4.980756 -11.636814 -10.653900 1.275796 0.570370 -2.595040 8.379162
5 -12.733525 -14.609901 -7.831840 -17.567283 170.330653 -9.764408 -13.088076 -14.532651 -20.503278 -25.346188 16.649027 -17.017282 -23.546693 -10.438554
5 -6.617794 0.137895 -3.332846 4.922570 63.199233 -0.945597 -9.142588 -14.859198 -12.134636 -3.186114 1.743234 -6.686818 -10.009999 -3.087343
10 -7.509834 -2.210780 -3.497327 -1.488104 9.202083 -4.043690 2.631865 -2.600947 -8.879793 18.948639 -3.607898 -8.222981 1.204740 10.074027
5 -2.455704 -6.619103 -10.329310 -5.977501 64.705668 -10.975121 4.345089 -4.016763 -11.444680 -8.002111 -1.063598 7.900252 -5.770011 -10.297105
4 -0.234882 -5.804733 11.607984 14.335241 5.954264 -13.986179 -7.119471 2.713160 -1.860306 -6.879597 -5.720224 13.530690 -13.170385 6.634438
5 6.374748 -12.664985 2.654221 9.910769 33.487519 -6.842926 -3.556266 -5.357769 -10.091586 -2.359743 -22.173028 24.426606 -9.297257 -4.510302
5 -1.366965 -16.912587 -12.503748 -0.637885 25.374830 8.600524 -9.383865 0.925552 -16.789696 0.853107 11.775146 4.717603 -7.300904 12.648886
14 -0.169851 2.818741 -3.440677 10.121628 -0.939090 -3.405790 -2.638748 2.124148 10.188038 -6.443368 -13.546744 -14.822645 -3.108828 23.263189
6 6.721198 -3.212835 2.310546 -4.196641 6.862321 8.988364 -12.070913 0.059840 6.663414 0.267346 -2.706162 2.217064 -2.129295 -9.774248
5 -22.595776 15.429507 -17.144617 -16.922451 85.738093 21.874669 -18.263335 -37.829195 -7.068336 -9.207276 17.655777 -14.541590 12.884972 -10.010444
5 -9.870280 -6.465464 -18.657193 -6.644506 174.253091 -33.054818 -13.524147 -4.796583 -12.854788 -36.225575 -2.330308 -9.098265 2.225001 -22.956171
5 -6.797098 -6.087855 -2.924471 6.926739 53.576090 -7.000892 1.955969 -5.828632 -6.257970 -6.320776 -9.826536 -10.620496 4.558429 -5.352499
5 -1.504409 12.285878 -21.026128 -4.636962 94.959101 -4.383167 2.823291 -7.262872 -2.171555 -23.422291 -12.217208 -16.122960 -3.086223 -14.234501
5 -4.795501 -11.891438 -9.892354 -1.465040 58.206172 -13.505118 -2.041772 -4.418927 2.832748 8.617864 -5.842425 -4.022759 -2.720073 -9.061373
5 -0.439412 -0.920283 -24.312445 -0.891945 96.087660 -11.448909 1.091215 -5.694536 15.138458 -17.399243 -13.490588 -25.956752 1.501159 -13.264384
5 -6.224351 2.147474 -1.113825 2.740235 29.025128 -4.077796 -8.324025 -6.040254 -9.869875 -1.380417 5.097520 -3.504172 -11.294298 12.818656
5 10.845805 -24.215945 -40.104036 -3.424671 184.825847 -25.645095 -10.956067 -35.990461 -4.178138 -42.055483 -12.168484 -17.556408 38.499302 -17.876163
5 -7.948055 -3.460832 -4.655987 0.741253 25.981694 23.894871 -3.579854 -2.719217 -7.618403 3.748032 -2.761631 -6.833469 -7.001739 -7.786662
11 -3.553939 -12.542229 -6.300049 1.397114 -10.449709 -4.464778 -8.785912 -5.817852 -1.468521 -6.016938 61.408011 -3.228567 6.191841 -6.368470
11 1.533412 -10.593725 -16.452240 -9.488530 1.672945 -2.498738 -6.854991 -7.364968 -16.061639 -17.873365 113.812248 -3.511006 -12.751522 -13.567878
5 5.635091 -23.910863 -5.879944 -6.781502 31.145887 -8.901098 11.747477 -0.759078 -14.156248 -14.859886 10.444194 0.132053 9.388195 6.755722
11 -5.788398 -9.153485 -9.907792 -10.596210 -10.442019 1.653186 -5.558505 -10.682510 -7.395422 -21.150565 118.797042 -8.545316 -3.740697 -17.489310
11 -35.817926 14.601216 -24.293159 -15.112709 -57.467999 -10.773944 -16.546115 -23.953314 -33.099694 -59.971188 337.615126 -48.363872 8.301167 -35.117587
9 -6.841052 -0.909365 4.995159 -0.933453 7.391042 -16.934200 0.355924 -10.622084 9.145555 -1.757569 4.955122 8.175594 -1.644802 4.624132
11 -12.825501 7.843845 -6.899755 -3.332530 0.211180 -7.207942 2.407987 1.685505 -9.331556 6.069252 25.668940 -8.653485 -3.385657 7.749717
12 6.296085 0.971884 0.798635 -1.805309 -4.083813 -4.977036 -2.918342 5.416917 -5.591262 3.083051 3.738210 7.937753 -1.763909 -7.102865
11 6.897019 1.254537 -15.906199 -11.909079 -3.718198 10.416012 1.731085 -3.898815 -16.345486 -13.715245 44.122409 4.818360 -3.467085 -0.279316
11 -18.310403 -20.699148 -2.171949 -12.538981 -18.296985 3.104727 -12.568777 -26.131507 -9.687952 -28.317781 200.951739 -17.502111 -18.402130 -19.428738
11 -49.893960 22.036694 -10.838342 -12.552947 11.357819 -18.844970 14.119978 -7.480837 -6.479174 -13.196115 71.750397 6.648857 -5.254297 -1.373097
11 -2.295565 -4.206573 -2.968759 -3.371394 -0.727244 0.443631 -4.082631 -6.993310 -1.691607 -4.646721 38.430063 -0.121204 -4.860364 -2.908323
11 -3.161175 -5.700787 -4.207709 -0.562437 -4.647676 -0.807495 -4.591777 -1.770576 0.651477 -3.634006 30.544982 3.908208 -1.529201 -4.491830
11 4.289772 -33.142263 -14.211998 0.332272 46.447442 -14.348372 -12.200421 -9.659317 -27.480446 19.360007 58.066609 9.922163 -15.356685 -12.018762
11 -9.634767 -32.661303 0.604277 -21.318997 35.096562 1.744318 -11.636786 -18.951095 -14.102959 -6.559798 117.406148 -18.627964 -12.407862 -8.949775
11 -6.149059 -24.332788 -19.244869 -10.978029 -25.598697 -9.553718 -29.401836 -25.796840 -6.412947 -28.573129 210.861646 -4.723018 -6.455966 -13.640751
11 -13.031353 -3.685424 -7.708594 -2.312192 -28.519922 -18.628695 -2.665199 -33.687760 -10.963754 -26.533207 164.742752 -3.907738 -11.409678 -1.689235
11 -30.471852 -46.438382 -36.857837 -33.374341 -7.286646 -8.466557 11.295380 -4.458715 -28.570185 -16.376631 259.442021 -35.127660 -6.992385 -16.316211
11 -11.882050 -17.520983 -3.263069 -4.731109 -1.188287 -16.491149 -1.419700 -4.278368 -6.917353 -13.318031 91.360479 -18.524648 5.475326 2.698943
11 -5.136020 -11.984678 9.480634 -6.802078 6.154340 -9.243369 -7.435966 -6.721905 9.532311 -13.128110 40.222921 0.526017 3.184225 -8.648323
11 -10.621129 -20.789600 13.942831 -23.289095 -23.443325 -4.013368 -7.428163 3.997777 14.290007 -25.905817 119.574862 -11.663106 -18.728553 -5.923320
5 5.535442 0.662520 4.153928 23.914556 28.008179 -13.176553 -18.662131 -10.479286 19.498680 3.181927 -19.685103 -0.794748 -5.047618 -17.109795
4 0.564767 -0.324558 -1.760583 21.921809 -9.965757 -6.680902 15.453009 -14.843493 -7.172941 -14.486543 7.201357 6.885313 -9.248415 12.456938
7 -8.628835 1.086701 -10.110032 -7.821576 -10.462654 -16.190262 148.944327 -7.470836 -6.547824 3.554978 -21.505974 -21.048154 -19.834533 -23.965330
12 -5.167428 -2.076800 -17.124980 16.845614 2.066347 -10.275100 3.001357 -5.563153 8.112254 -12.498255 6.926265 21.701684 -10.321184 4.373376
4 0.163168 -3.099715 -12.114469 34.584355 -2.333834 -12.957001 8.474711 10.164208 -8.526955 -2.611679 -1.975483 4.717284 -2.567804 -11.916788
4 -39.548580 -23.577888 -18.051521 171.323981 0.535253 -45.583345 154.289435 -18.991283 -31.739003 -30.090698 -28.023400 -29.500192 -27.999641 -33.043116
12 16.126010 -3.774506 -9.081397 3.180347 -13.323954 -2.630182 -14.604192 -0.073135 19.100072 -19.382760 -11.315434 19.346551 2.829628 13.602952
4 -3.312341 0.540728 6.161536 17.302055 -10.975819 -4.442682 -0.663182 -0.648467 7.820954 -7.976977 -3.031487 -1.088978 -3.509451 3.824111
5 -4.580528 -7.613783 -8.417230 3.736194 59.894212 -3.941220 -3.459977 -10.344713 9.942694 -9.849833 -11.137509 4.126467 -6.353115 -12.001658
6 -8.409458 4.970105 -0.809599 3.401449 -13.326902 11.757234 -4.379618 10.614617 -1.669075 -4.332827 -2.521821 -0.101158 2.739888 2.067166
4 -7.555280 0.000649 -4.865616 28.718840 -4.999631 3.940004 -0.370402 -3.636645 -6.788465 2.547813 -2.042022 -3.280909 5.172811 -6.841147
8 0.302193 -19.780284 -6.777246 -3.570621 -7.634958 -5.699407 -12.005632 20.131741 18.275431 11.186432 -12.489402 -1.017902 7.814669 11.264986
4 -3.494833 -3.859961 -3.104684 32.256677 -5.931571 3.609404 -8.196148 -8.624308 -4.394183 -4.304429 7.897784 -2.883291 -3.228275 4.257819
4 -1.025009 -3.691159 -8.922619 20.316190 2.016447 0.366878 -4.144135 0.683469 -7.130518 1.339624 -2.824189 5.013190 3.531003 -5.529170
5 -4.557460 3.730734 4.373404 -0.240171 8.904916 -3.144728 -2.752772 2.369745 -6.531670 -0.933605 0.191930 -0.989135 -6.193657 5.772470
13 -5.064255 -7.180506 -13.439858 14.667094 7.662238 -0.158163 9.831892 -5.050473 9.671254 -8.190158 -6.992928 -11.768548 16.284674 -0.272263
7 -16.484757 -23.779013 -7.544473 -14.853060 -13.275677 -22.722351 135.965859 -18.187880 34.990058 -6.707710 -15.444953 2.943957 -18.349998 -16.550000
4 -5.207248 -3.117419 -4.516605 26.499428 13.562697 -0.804599 -7.326797 -6.899509 1.729347 -5.953486 -18.078861 -0.973960 13.313216 -2.226204
7 0.781923 1.971916 -1.246812 3.010699 -1.011486 -1.369801 6.169197 5.187844 -3.758740 3.647054 -3.296463 -2.979161 -0.486718 -6.619453
1 22.016618 4.367992 -0.548873 4.378623 -2.331443 -2.219901 1.399476 -10.857641 1.593396 -8.708949 -7.442439 10.600947 -19.142150 6.894345
10 5.561685 -5.422651 -8.321592 9.501534 -9.894077 -1.003034 1.953087 -2.507562 -6.188179 17.664956 -2.632082 -3.882788 6.869898 -1.699194
9 -0.713252 -2.746283 1.764335 5.752937 -0.238133 0.766215 1.289181 1.574401 6.440940 -2.779941 0.740156 -7.716957 -1.893572 -2.240028
12 1.203039 -3.895481 8.464414 -4.326270 -1.810273 1.413139 -8.591410 0.097990 13.687771 -3.871662 -6.988230 13.747232 -2.294550 -6.835711
3 -16.699665 -11.633471 72.034043 -7.402597 -16.414300 -12.198225 2.071822 11.443150 -2.546116 -14.878303 0.203711 10.703798 -3.249295 -11.434550
3 -12.620013 -1.242533 32.824997 8.527898 -3.207482 -12.144211 -1.420161 -12.677364 -11.971173 8.475386 3.002111 8.813523 -11.549149 5.188172
12 -4.289507 1.461665 -13.717165 -6.518232 -0.685046 -2.252476 5.918376 6.789231 -2.365892 0.502139 6.644260 7.019624 -3.611564 5.104589
3 -12.416755 1.789770 44.903864 -6.457837 -2.610689 3.290209 -1.613832 -10.354495 -4.118503 -4.385039 4.059088 -8.923238 -6.676010 3.513466
3 -7.208493 -5.222270 41.540196 -3.330529 -4.268855 -2.430692 0.769136 -1.540501 -3.029107 -1.359294 -1.079393 -4.008374 -1.473114 -7.358711
9 -0.307231 0.000000 -0.115663 -0.211537 0.000000 0.000000 0.000000 0.000000 2.397123 0.000000 0.000000 -1.087861 -0.488479 -0.186352
8 9.024202 -9.339334 13.207148 -9.637256 -10.416817 -10.346705 -5.026852 31.546595 1.823607 15.106599 6.324822 -4.132495 -29.211176 1.077662
3 -0.223542 -12.248581 39.990943 -7.609408 -2.163251 4.394118 -9.144308 -3.390609 -19.599024 -17.598283 -6.767481 36.711208 -4.747898 2.396117
3 -12.486799 -21.254425 164.626541 -20.823801 -16.417331 -18.607594 -27.247158 -17.159032 2.394993 1.418190 3.462056 -3.538416 -29.187985 -5.179241
3 -1.231978 9.381617 32.472371 -7.101589 -4.793362 -1.776565 5.595749 0.257586 -0.652006 -2.168511 -7.697311 2.314836 -20.531499 -4.069338
3 -20.937146 -24.461731 173.051993 14.615275 -17.498867 -11.459625 -17.311351 -21.216310 -41.202828 -16.372549 10.368105 -10.976224 -30.533581 13.934839
14 -2.181211 1.792025 -6.716971 -1.793975 6.334635 9.246923 1.481068 1.441073 -8.406476 1.832887 -6.480737 -2.707310 -11.027700 17.185770
3 -1.653214 -7.686014 42.298472 -5.400927 -6.051329 -6.301691 -0.695195 -4.400850 2.619193 -7.069098 -4.696978 9.368708 -3.874205 -6.456874
3 -10.316487 3.206292 54.003804 -5.353910 -11.529951 -6.495091 -9.652540 4.100418 10.212617 -5.026031 3.299777 -7.879424 -11.257281 -7.312192
6 0.197372 -16.003924 -2.255630 6.184443 -11.428854 46.141611 -1.250959 -13.781718 -10.641259 -11.934442 4.317096 17.859267 -2.308570 -5.094433
6 -21.175126 -25.244148 -33.686741 -19.704175 -27.137489 185.605147 -23.435393 -11.719397 -12.126774 -16.668866 -10.813900 -3.110459 24.016990 -4.799671
6 8.454088 -10.865538 -9.828155 -2.232329 8.122872 11.857185 1.352890 6.490268 -9.532607 1.177447 3.845440 0.578879 -6.635422 -2.785019
6 -13.357565 -41.658095 -6.447386 -16.647540 -10.570835 201.808478 -19.385774 -31.579719 4.367322 -7.150691 -9.709544 -27.320727 -4.787185 -17.560737
6 -22.973380 -12.924743 -15.325194 -9.329723 -14.985573 153.457804 -1.426267 -9.555132 -12.030310 -21.444610 -5.301686 -9.047128 -2.987648 -16.126409
6 -16.551452 -20.528664 -7.611505 -15.471843 -23.733351 229.926980 -20.895328 -11.411569 -6.584983 -34.938420 -15.399389 -32.562678 -2.015895 -22.221902
6 -37.547343 -21.155158 -25.845452 -19.024304 -33.717213 305.099746 -29.098100 -24.351070 13.171191 -64.496853 -24.474074 -47.682350 50.449522 -41.328539
6 -8.905385 -21.741255 -6.510659 -14.965998 -0.897842 161.725087 -13.326863 -7.863365 -11.384102 -15.424307 -4.217642 -21.572386 -11.718996 -23.196286
6 -13.357565 -41.658095 -6.447386 -16.647540 -10.570835 201.808478 -19.385774 -31.579719 4.367322 -7.150691 -9.709544 -27.320727 -4.787185 -17.560737
6 -16.133122 -2.368909 -13.814892 0.751559 -3.115695 65.651354 3.741817 -4.850452 -5.917112 -2.305131 -0.780493 -3.393373 -7.226870 -10.238681
6 -13.485770 -19.140580 3.373021 -9.619614 -12.018251 64.433575 -3.407226 5.525364 3.305792 -22.117818 1.716931 -6.172696 13.653513 -6.046240
6 -5.879664 -13.267460 -10.515045 -8.271129 -5.322547 67.580705 12.968015 3.490115 -9.863252 -7.186804 -8.541349 -4.843295 1.612899 -11.961189
6 19.813695 -32.414433 -23.677481 -14.242720 -9.323845 105.330671 -16.247074 -17.275150 6.434205 -21.427265 -8.311664 18.895905 -6.628177 -0.926670
6 -7.606997 -21.919913 -6.711239 -9.256441 -8.098253 172.750468 -24.793942 -13.277332 -3.808881 -21.137105 -3.353728 -20.889879 5.115531 -37.012291
6 -5.093501 3.746416 -6.150334 5.294273 -1.625743 13.957165 -10.000085 3.282508 -10.545532 -2.901169 4.619658 -0.665744 1.167573 4.914514
6 -15.277625 -43.644987 -30.694072 -36.457184 27.376366 172.447012 1.007908 -6.358376 -14.802750 -10.160953 -7.580533 -31.988620 8.202324 -12.068510
6 -5.649126 11.529522 -8.063474 -13.473517 -1.638744 36.744357 -7.935418 -6.782137 0.937412 -5.808596 2.106381 5.741557 1.982877 -9.691093
6 -16.166357 -2.397326 -15.532841 -11.162233 -10.113271 67.505774 -11.099991 -1.744314 -10.325788 2.737815 -4.780618 3.949015 -4.118518 13.248655
6 -13.357565 -41.658095 -6.447386 -16.647540 -10.570835 201.808478 -19.385774 -31.579719 4.367322 -7.150691 -9.709544 -27.320727 -4.787185 -17.560737
11 -5.316745 2.025859 -3.697635 0.927698 -3.836818 3.256993 0.433564 4.006517 -2.492892 -2.341841 5.304926 3.186390 -5.326375 3.870359
6 -19.707066 -10.487968 -11.784374 -10.194298 12.178725 49.801000 -9.656644 14.597237 -9.078210 -8.089946 1.470394 -8.586550 5.336280 4.201422
6 -13.357565 -41.658095 -6.447386 -16.647540 -10.570835 201.808478 -19.385774 -31.579719 4.367322 -7.150691 -9.709544 -27.320727 -4.787185 -17.560737
6 -7.253455 -6.659426 -5.085286 -8.490325 -0.750620 77.802673 -4.041888 0.235498 -5.236161 -12.594989 -2.971724 -17.415864 -0.658007 -6.880425
6 -38.293747 -34.296579 -7.161462 -22.934463 -52.276144 304.618775 -25.374954 -24.961625 19.934557 -61.961329 -19.788394 -29.857220 28.120547 -35.767960
6 -8.394519 -6.577807 31.038925 -7.503961 -10.065092 52.352018 -6.660434 -11.651253 1.312143 0.007391 -1.967855 -7.772955 -13.310967 -10.805631
13 1.186285 -8.356044 -13.123933 -2.643676 -6.986907 -14.282482 -12.596713 -8.681271 -4.942266 -5.911076 -10.945906 -6.131892 93.321117 0.094764
13 -2.657865 -5.776046 -9.240236 -6.224024 2.476894 -11.250911 4.965856 13.740514 19.061422 -4.428921 -7.916811 -8.514152 20.348273 -4.583995
8 5.623198 -9.145731 -4.470226 -11.568462 1.612177 -3.904326 6.792418 11.435916 2.966022 2.374020 5.312801 8.396082 -8.127916 -7.295974
9 -4.484171 -0.424587 -17.742179 -2.394182 7.372618 6.503060 5.419703 -1.226554 9.744897 -6.276552 2.503826 -11.531457 8.896735 3.638843
13 -3.366675 -10.656993 -11.579675 10.268478 4.853189 -9.123610 -1.326341 -6.606292 17.409074 -6.305761 -18.731944 7.515550 29.764704 -2.113706
13 -19.069828 -30.197393 -0.399927 -3.462456 -13.645029 1.139582 -11.421173 -25.646266 -4.556688 -26.482155 -20.845570 -23.485651 192.947093 -14.874540
13 -8.504553 -14.823171 -3.553961 11.126498 -3.452070 -0.396492 0.720736 -1.283217 16.752515 -0.946345 -16.226071 3.898336 24.785320 -8.097525
13 -3.571992 -1.535148 -6.668233 0.848222 12.925277 -1.189820 1.196401 -4.990471 10.490787 -3.395289 -4.982691 -18.996716 22.065972 -2.196298
13 0.395317 -2.112858 -3.635711 -0.828275 8.216534 -10.031610 -7.860565 -4.783276 0.507184 2.262021 -3.314886 -2.918963 25.676077 -1.570989
13 -5.177903 -3.766337 -9.657643 2.290455 6.584511 -10.498734 -9.255367 -0.036051 -9.048449 -3.413705 -12.380050 -4.455759 68.959210 -10.144177
13 4.129613 -7.704571 9.355860 -0.064815 -16.671779 -1.814390 -2.089313 -9.942948 5.998342 -6.191174 -2.536115 -9.871528 49.759973 -12.357155
13 -15.386883 -11.631722 -12.032500 -4.297819 8.557528 0.156276 4.226458 -6.865641 6.186837 -7.326800 -11.027756 5.599821 42.205324 1.636877
13 -7.544230 -32.508574 -1.758670 -5.369547 -23.176584 -10.582386 -20.633150 3.975565 26.280936 -5.151950 -30.505759 -3.317638 139.525588 -29.233598
13 3.755888 -2.442950 3.827454 -3.407961 -7.136834 3.676528 -1.639094 4.926829 2.162253 -4.714965 -7.421301 -6.255128 10.498912 4.170369
13 9.784599 -8.458824 -1.838803 -9.056406 -8.897036 -3.062288 9.460728 13.728662 -2.663786 -6.156014 -6.778840 1.066711 20.266916 -7.395619
13 -12.517322 -6.477600 -4.802872 49.910604 -4.745878 -9.805719 5.282637 -9.785073 -11.045615 -16.617260 -17.757609 -0.794266 60.557491 -21.401516
13 -0.991916 0.879895 5.532884 0.335364 4.241117 -2.261882 -6.026005 2.270251 3.346082 -9.687210 3.575127 -14.709522 22.932736 -9.436921
8 -8.157247 3.384535 -12.168989 -2.631621 -6.378923 1.177508 0.320489 29.289267 -13.138248 7.535710 -1.818830 -9.103252 9.856719 1.832883
8 -1.670655 -0.825413 -1.414864 -1.006696 -5.136452 2.528697 0.035710 10.704042 2.753464 2.953144 -9.993531 -7.025737 9.774281 -1.675990
9 -8.800659 -13.131251 -9.044694 -11.452318 1.756751 3.512922 -5.058333 -11.544848 34.645501 -10.146344 -2.993628 7.194818 33.250239 -8.188157
13 7.026710 -20.393509 8.267629 -3.765534 -6.167963 -14.709033 18.005438 6.996500 -9.139275 -9.993156 -19.767287 -0.321834 43.345496 0.615816
14 1.973031 -0.348638 -1.860437 -1.357203 -1.916806 1.304413 0.415497 1.343439 -0.150089 -1.846889 -4.501565 0.681985 2.811730 3.451534
13 -0.806853 1.245172 -3.394470 -0.242206 -8.682351 -3.374770 5.856298 6.525129 -4.745180 -5.754006 -4.286623 -5.204007 25.329610 -2.465742
13 9.623400 1.468954 12.613688 -8.040695 -7.405144 -11.187844 4.954438 5.048046 -0.393072 -5.010137 -2.007643 -6.831724 14.068231 -6.900499
13 -6.186161 0.929064 0.192441 7.591328 -9.568487 -6.839417 -8.451289 -11.423698 -0.105822 -20.739066 -15.636047 2.473372 77.266373 -9.502589
13 -0.889203 -7.248600 -10.241898 -5.177765 3.852531 -5.791726 1.382928 -1.215930 -4.102562 -8.589998 -3.749013 4.948257 43.436180 -6.613203
7 6.568957 -11.860917 -24.341312 -21.549638 -15.239747 -16.839334 193.299825 -14.266864 -15.059611 -28.911133 -22.663879 -9.715926 -32.235367 12.814943
7 -16.507775 -12.971911 -16.774457 -27.705191 -14.322526 -19.805359 198.129884 -9.478407 -18.382995 -8.372864 -9.484371 -10.234841 -13.822902 -20.266288
7 -31.263301 -27.278823 -38.710317 -25.692563 -18.783092 -21.198828 192.741102 11.706804 22.002301 -6.984863 -29.453083 -15.228239 -0.071564 -11.785539
5 -2.223571 -0.035951 6.310396 -7.377549 16.083236 -0.462136 1.340689 7.269355 -8.931139 2.628298 -15.496339 0.020322 -0.288683 1.163070
7 -0.758079 -9.520718 -37.508999 -29.552706 3.741861 -50.829208 146.496205 25.751757 -2.773470 -26.030350 -11.096441 -15.365627 4.922085 2.523689
7 0.240386 2.528440 -1.531125 -0.725339 4.077174 6.510075 8.974663 -0.815501 -9.407392 1.851954 -4.512933 -5.895709 -3.813630 2.518935
7 -36.966021 -32.331720 -37.151326 -31.025289 -31.812671 -42.814013 363.270266 6.635557 -9.786182 -24.953370 -31.961856 -55.686675 -17.288310 -18.128397
5 8.617447 -5.046288 -3.133460 5.092347 21.476412 9.708993 3.429955 0.141711 -16.156190 -4.408898 -5.757258 -10.946323 -9.372531 6.354084
7 -13.444753 -50.527028 -25.399212 -47.073821 -15.703891 -36.563506 318.769686 -9.469817 20.177522 -16.336365 -50.107393 -42.672558 -14.854642 -16.794227
7 1.515362 7.214075 -6.735867 -9.253390 4.593679 -12.150564 16.850872 -10.920902 -1.679012 -7.336393 -5.949913 3.784630 6.651177 13.416245
7 -29.237982 -29.814981 -17.700610 -19.892802 -2.343343 -6.932638 172.719591 -11.350120 -10.762013 -16.291028 -16.935932 -4.884968 18.023457 -24.596634
7 -1.899547 -5.885477 -7.119033 -5.441900 4.819610 -8.834079 71.718169 -7.349054 -10.419148 -3.978456 -8.496658 -5.573262 -8.011142 -3.530025
7 -8.393288 -8.143337 -20.884379 -8.997464 -21.400498 -4.433200 135.943912 4.605955 2.694195 -11.320040 -20.693971 -10.116850 -0.999660 -27.861379
7 -27.459872 -31.797630 -15.557862 -23.787984 13.538639 -9.481591 242.771698 -27.679985 -5.010514 -15.548619 -25.749187 -43.998102 -10.648880 -19.590112
12 -0.188035 -13.924877 -0.320282 -6.658080 8.921928 -1.631306 -11.882260 -10.417540 10.963116 -10.218474 -3.774520 33.740563 -0.612964 6.002732
7 -9.124287 -7.784238 -6.169388 -5.167656 0.480318 -1.187843 79.715370 -8.237632 -4.565705 -4.312999 -8.608925 -10.209182 -10.961877 -3.865957
7 -14.257169 -14.652215 -0.188724 -2.089977 -20.877273 -7.825278 132.755269 4.449901 -12.882092 -21.922929 -13.503887 -9.865617 -1.231940 -17.908069
7 -9.615466 -1.819112 -15.773642 -14.462203 -3.010301 -1.929003 73.873300 -3.600416 -15.454238 1.599234 -3.842990 -0.470355 -8.995401 3.500591
7 -27.908040 -17.523787 -25.276616 -34.934810 -3.112165 -25.823650 233.619248 2.151460 -23.191331 -9.384131 -23.561470 -3.811046 -8.686852 -32.556813
11 16.989267 -6.583445 26.652185 -26.433465 -22.653111 -47.333857 28.088614 22.939533 -19.347785 -50.357583 108.279835 -22.075195 -1.043741 -7.121253
7 -15.114081 -11.418447 -24.886910 -0.625526 -18.450652 -10.289372 223.470604 -21.825968 -37.339350 -27.437580 -3.702695 -14.049098 -33.334251 -4.996676
7 -8.603031 -12.240834 -19.586344 -2.581498 -16.343598 -17.389640 157.822567 -11.179314 -4.989507 -18.498794 -23.165558 -4.819003 -24.189470 5.764022
7 -3.892715 -19.706970 -10.358138 -26.726335 -4.412530 -8.044222 100.048515 4.913866 -7.787308 -11.392441 -3.960799 -10.131755 3.359605 -1.908773
7 -17.474562 -21.976501 -27.583261 -33.678400 -19.810640 -23.816130 265.223213 34.135050 -28.818018 -15.327959 -22.650708 -35.843192 -20.759356 -31.619539
7 -24.157127 -39.031662 -23.573776 -21.305025 -35.450480 -56.134243 435.786045 -25.248863 -41.064734 -3.670779 -40.425794 -61.700692 -42.458462 -21.564414
12 -4.174297 -0.890551 -3.786248 -3.002649 -13.908120 -11.962020 -4.318448 5.534761 -5.699919 3.321777 2.283295 38.691833 6.589019 -8.678432
13 -3.982611 -10.310345 -6.523352 -0.329687 -15.861507 -11.593668 -0.622499 -16.123937 -4.740738 -7.349114 -4.999479 24.761189 72.474523 -14.798775
12 -0.089550 -9.508946 39.476791 -17.664247 -23.519385 0.063188 -11.082308 -12.426396 -8.145225 27.943536 -14.184510 50.812345 -9.775645 -11.899653
12 -8.312963 -24.057770 -7.714191 -4.080557 -4.526511 6.082557 7.318468 2.632974 -2.881469 -8.731534 3.875168 29.220971 4.862554 6.312302
12 7.592946 3.284050 1.126447 -3.236165 -5.464996 -5.509458 -3.714919 -3.746982 -2.486444 3.799658 -3.111660 11.872555 4.716343 -5.121376
14 -15.040464 5.452755 -2.254994 -3.889609 3.481785 -3.078838 1.765866 -2.856410 3.998966 3.665049 -0.455894 -1.833623 1.194551 9.850861
3 -9.861083 7.058614 56.033927 0.253260 -6.972066 -8.258700 -14.059920 -12.511027 -11.298746 4.254066 -4.666964 0.753330 -6.423809 5.699117
13 -2.438147 -6.927036 -8.483645 0.166979 -8.828149 -4.469738 6.829794 21.010051 7.651991 -1.688600 -9.684763 4.900485 22.187814 -20.227036
12 -2.604411 -2.240753 7.982785 10.040741 1.617590 4.305849 -4.751867 -14.184378 -8.721658 -4.670842 1.941442 39.812254 -19.530072 -8.996677
12 -3.988865 -1.282767 0.350265 1.831196 5.979366 -5.129425 0.817758 -10.287484 0.942597 -3.303767 -9.457572 20.660939 11.111941 -8.244179
1 6.335412 -0.759454 2.097903 -3.716337 0.810056 -9.848929 0.089169 3.188165 -1.812725 5.356066 -4.025883 4.437701 -1.980342 -0.170801
7 0.076756 -4.780292 5.818508 -8.813370 6.929121 -4.604821 14.965990 -3.788264 -4.511941 0.349815 -13.258167 9.330641 4.033309 -1.747285
12 -12.554189 -10.388764 1.090092 -14.224272 -3.126856 -11.510359 0.144298 11.789516 -1.499963 -21.559925 -3.618580 73.274241 -2.889805 -4.925434
12 -2.157683 -0.601863 -3.600423 -0.142193 1.658503 1.033692 -1.855930 -3.295015 -0.118660 0.456854 -1.587795 14.360513 -3.011615 -1.138384
12 -5.626808 15.006479 -5.405827 -0.407231 -4.516056 4.501725 -4.273440 -3.653882 -1.734196 -8.459893 -3.441822 32.311767 -9.197342 -5.103475
12 -9.506978 -8.790690 -4.930219 -3.215565 -11.471867 -9.398491 -0.649133 -24.167667 -19.018755 11.549659 -14.349265 100.927939 -7.682759 0.703792
5 0.858006 1.880589 -18.143288 -4.304238 45.556497 4.766067 -9.446679 -10.931680 3.658324 -7.772464 -4.924653 26.984547 -12.759987 -15.421039
3 -3.890990 -6.596299 23.403789 -10.649825 -9.192003 3.174960 -4.754453 3.040138 6.447082 -8.929526 12.855227 16.003323 -16.095967 -4.815456
10 0.213976 -20.834008 -5.169303 5.071044 1.469553 -23.620172 5.872930 5.451994 -5.559821 24.735869 -15.724617 18.387125 16.899956 -7.194524
12 2.108159 6.308490 5.875408 0.075957 -8.622146 -8.822110 -4.686154 -2.872374 4.653981 7.278783 -12.438001 15.383185 -4.994643 0.751464
14 4.972720 -7.685569 -0.482344 -5.133796 4.786552 -7.723679 -5.321505 3.814602 -5.715960 -2.294231 -4.510345 1.098731 -0.835590 25.030415
12 -9.152505 0.413049 11.526061 -0.563602 -3.271295 -7.201403 1.064357 -1.239437 -10.764079 -4.612865 -2.183447 40.093368 -7.021658 -7.086544
12 1.940065 -1.578554 7.368349 -3.715873 -5.282106 2.578684 -4.743734 3.671631 -11.673573 2.266410 7.617094 10.002658 -6.353006 -2.098047
14 -5.762224 -0.140633 -1.561255 -4.391202 0.684578 1.795241 3.541917 -5.574193 -3.918539 -0.678552 -4.191463 -2.463104 -21.163195 43.822623
14 12.270939 11.341846 1.678581 -5.645756 -14.203112 -2.708065 -3.019850 -7.238461 9.654773 -7.671471 -5.666417 -0.393916 -0.976433 12.577340
14 -7.332968 -6.892241 -2.999817 -4.823383 -3.909432 -5.857923 -1.772026 -3.213734 -22.023689 9.559080 6.005601 -4.167821 -7.189604 54.617957
14 -12.458686 -17.309539 -21.092629 -19.151572 3.132786 -19.504385 -7.286211 -20.800296 -11.613796 -0.314044 -6.803830 -11.896325 8.648873 136.449659
13 -13.800372 16.302994 -3.607963 17.829334 -11.559112 -11.297878 -12.387913 -0.079154 -1.199293 -11.484605 4.142327 3.964121 21.525892 1.651623
14 -13.464199 5.345115 -17.596614 1.741164 -11.188584 -14.280720 -2.785558 2.465824 -8.245478 -2.192977 -0.720440 -8.808949 5.811054 63.920367
6 1.791037 5.152545 -5.237027 -1.266348 6.333030 10.489822 1.566964 -6.436696 -8.320690 0.912722 5.224386 -10.619526 2.966330 -2.556549
14 1.119699 -7.662861 -4.384733 -2.575928 -1.521196 -5.203132 -2.442960 -5.336653 -5.207464 -2.563722 1.592145 11.932563 4.646722 17.607520
14 24.146709 0.402934 -5.019341 -32.289980 -24.679762 -27.687658 -16.653530 -20.921205 -4.274592 -13.862012 -14.897223 13.617560 24.782396 97.335705
14 -15.347532 -4.756697 -6.070059 -9.862241 -2.881249 -10.291762 4.543090 8.754184 -11.817213 -0.560240 -2.171067 -8.504740 -3.172732 62.138260
7 -5.077996 -2.751068 -2.002037 -5.885855 -0.227477 1.222033 16.184307 2.178324 2.974696 -6.635270 -6.578937 -0.033136 -0.042007 6.674424
13 -7.538088 1.861600 -5.446824 4.019174 3.287200 -4.246425 2.962206 -3.488334 -5.956714 2.140619 -1.595529 5.638719 5.936928 2.425471
14 -2.278293 -11.348331 -1.840298 0.529264 -3.359709 3.645495 -5.937617 -1.039528 0.010812 8.257534 -7.102532 0.326244 -0.263331 20.400290
14 -15.406884 -16.498533 -8.952365 -6.093217 -12.765046 2.122837 -20.336796 -12.164321 13.970014 -14.405471 -7.230828 -5.816027 1.349713 102.226924
5 -2.363413 -0.200047 8.085261 2.107201 20.137107 4.287019 -4.574240 -16.356283 8.334433 -2.437330 -10.644373 -0.484960 -6.622316 0.731942
14 -6.698537 -5.948098 4.718389 0.359051 0.949085 -7.287281 -0.800885 -5.111774 -8.449925 -2.347136 8.376770 3.255875 -6.895772 25.880235
14 -10.069288 -15.512551 -8.653202 12.265505 -12.047814 -3.099140 0.849053 -11.165008 -5.806854 -20.241205 13.115804 -16.355679 -10.584502 87.304878
14 7.180725 -6.155354 -1.000504 -1.965007 8.201446 -4.245584 -2.812697 0.073897 -6.916767 -1.379865 -8.050755 6.185692 2.642080 8.242693
14 -1.874335 1.852962 1.328311 -2.603226 -6.935102 -7.156960 -8.884286 -12.692989 5.408126 -6.620450 -15.300942 -7.843987 4.996304 56.326576
14 -5.699299 -5.334648 -7.787843 -4.305238 0.634008 -0.765686 -8.270298 -13.620394 -16.945139 7.773174 -1.855052 4.184945 9.450775 42.540697
14 0.668603 -17.723666 -16.104374 -16.968383 5.356566 -22.802201 -25.263537 -3.235964 -3.304328 3.341683 -3.269914 6.051834 -4.141012 97.394696
14 -1.427171 -7.787513 -9.954287 0.953615 4.787817 2.403339 -2.271419 10.370810 -0.955394 -2.667421 -1.086123 -4.044426 1.293378 10.384794
9 -10.069195 14.503479 -7.773270 1.321533 20.852409 -15.063434 -8.392084 10.962213 33.431439 -6.974940 -7.926546 -4.819373 -11.212445 -8.839783
8 -5.757930 -2.648988 -7.106896 -7.313333 -4.639856 -1.857741 -9.569796 75.311960 -3.707323 -7.385003 -16.026778 -0.115628 -3.559856 -5.622835
5 4.309281 -0.243576 -2.133537 -5.867849 49.962707 -2.812179 -6.707421 -0.404243 -6.073642 -2.015858 -8.468699 -7.040826 -7.383168 -5.120991
8 -5.882560 -8.167648 -11.283971 -4.713489 -10.468481 -3.584515 -3.970027 54.630239 -2.642998 -3.996520 -4.567621 3.845994 7.690070 -6.888474
8 -3.553389 -13.592659 -15.430305 -3.318331 -8.488989 -26.859167 -15.190016 101.053200 3.784526 -2.587044 -10.190316 25.017583 -24.428811 -6.216282
2 -52.364222 45.836281 -6.164445 -19.211323 -9.431864 -13.295644 14.536597 -14.897539 41.187183 -24.863231 9.085301 0.996966 15.240085 13.345859
8 2.002039 -6.753347 4.769618 -9.699909 -8.101774 6.317847 7.609174 38.157134 -11.712919 -5.798014 -12.201553 -9.897522 15.539199 -10.229974
8 -9.737931 -15.610658 -7.901671 -7.943167 -2.421606 3.531176 3.697746 45.991826 -3.168501 -5.024337 -0.800774 9.320328 5.807080 -15.739516
8 -0.136446 4.548835 -6.274782 -9.733211 -0.346724 -6.446064 -12.827287 55.393282 4.794647 0.991221 -9.019566 7.534138 -23.074386 -5.403652
8 8.837563 16.760298 -8.951375 -12.758407 -1.229971 11.378389 -7.400844 20.553208 0.442711 -4.947054 -4.811524 -7.643298 -6.820777 -3.408920
8 -19.010760 1.565735 -5.040412 9.334667 -10.521366 -11.608367 -6.653605 23.674906 -13.626161 -5.913837 15.301113 19.207506 -11.210262 14.500844
8 -26.595297 -2.347932 -33.016211 -9.173925 3.661891 24.410041 -9.204949 147.737950 -32.601393 -22.740868 -15.281975 -9.251777 -8.252474 -7.343077
9 -12.734289 8.765840 -8.119332 3.152556 -3.473328 -2.886223 -8.157563 2.745947 22.477081 -8.124423 -3.472691 18.045036 1.027783 -9.246394
8 -3.528362 -4.469498 -5.687611 -15.318119 -2.638550 -5.301512 24.444717 47.744545 -6.115633 -11.592345 -3.830023 -5.885337 4.575937 -12.398209
8 -7.137974 47.658377 -11.169698 -12.621324 -17.537126 -1.336240 -21.557645 69.171731 1.891900 -12.763177 -11.096075 -12.941538 -1.278726 -9.282482
5 -3.207834 -0.509084 -5.646953 -0.410437 12.693125 2.018288 -0.427278 1.276194 -5.289360 0.054179 -1.951018 0.657280 1.315518 -0.572621
8 -10.874285 3.536485 -26.594638 -26.275325 -24.622277 4.566184 28.871444 80.978230 -39.155558 -2.705165 2.339688 -7.088232 27.060142 -10.036696
8 -11.287036 2.262572 -13.878627 -2.507672 -4.280349 -6.494198 0.491278 53.465987 0.175772 -4.218306 1.572557 -4.504068 -3.421303 -7.376608
8 -8.722523 2.403051 -22.005991 0.259806 12.762143 10.982834 -3.685721 15.891415 -16.786366 -1.727874 6.973169 0.247367 -6.964396 10.373084
8 -19.361576 -2.345895 -1.878287 -19.118939 -6.449092 3.677134 -4.902637 133.074678 -25.235872 -21.874809 -10.273894 10.749766 -22.080662 -13.979916
8 3.968672 17.858983 -16.053984 -4.849097 -10.071094 6.761138 -3.483579 23.927776 -16.070128 7.161196 -1.337272 -3.010490 -6.701968 1.899844
8 -8.191640 2.795886 1.770603 0.608755 -15.645530 10.746584 2.198921 30.474056 -6.323301 -6.718607 -4.517579 -6.268614 4.562423 -5.491958
8 -9.551022 18.644288 -15.535757 8.986170 16.010830 -7.000619 -16.372423 22.115350 -12.637749 4.127310 8.691176 -2.115554 -21.267421 5.905420
10 -7.233786 -16.598725 0.102360 8.674734 -3.148418 -0.950121 -5.029155 -16.605670 18.150520 39.656660 -13.475211 6.890417 1.320602 -11.754206
9 -4.055061 -0.592298 -1.612814 -1.745808 0.227035 -0.514306 3.769005 -1.861839 12.684034 -6.264695 -5.325537 12.544202 -3.106330 -4.145589
9 -9.937979 -8.165106 7.992065 3.011562 2.217842 -7.145649 11.312367 -7.475273 31.585550 -11.058691 -12.861504 6.431026 8.850261 -14.756472
10 1.308293 -6.262362 -1.120851 5.664761 -4.164110 -6.090802 -6.308953 -6.353653 8.810058 17.144841 -10.867483 7.056982 5.284337 -4.101057
9 -6.774877 -12.075463 6.114155 12.776634 -1.443105 -0.733408 1.555799 -9.133836 38.055111 -10.118651 -0.831064 -5.615297 -13.663140 1.887142
13 -6.641543 -15.184833 -23.525194 -12.921074 -14.463856 -25.806532 -5.901312 -10.042154 27.909469 -8.160546 -26.202610 -9.497986 167.590796 -37.152623
9 -10.274485 -8.856882 27.569502 -8.103985 -13.909589 -8.270700 -4.521872 -9.131700 33.046281 -13.874606 -14.213195 15.424954 14.892483 0.223793
9 -6.658220 -3.143960 -4.481156 10.085459 -11.792275 11.825897 -4.169664 -3.505925 13.205176 -9.756573 -2.857942 12.964808 -0.708707 -1.006918
13 -8.162195 -10.337426 -17.861035 -1.035591 6.809425 -1.205821 3.263665 -13.152483 14.577379 3.598683 0.336189 0.022137 16.901647 6.245423
13 -6.568337 -17.953065 -0.680078 5.459139 -6.964223 -0.117143 -2.766190 -6.032414 31.438262 -7.012750 -3.896578 -8.852302 32.377228 -8.431550
9 -5.379403 -5.244949 11.303160 7.938768 -5.432137 -8.279069 -7.343047 -5.661282 29.156437 -11.784987 -7.054592 -0.999787 17.471080 -8.690194
9 -9.638330 -4.277868 -1.243147 1.976570 -13.073741 2.429064 -0.359468 5.784361 19.143685 15.260694 -8.874701 -1.286771 -7.700796 1.860447
12 5.471953 -26.908286 12.114572 -17.734216 14.569251 -16.196156 -2.674608 0.573940 19.212026 6.706150 -8.846467 35.998175 -19.419180 -2.867154
9 1.779809 -5.524385 3.757330 -0.901273 -0.194838 -6.988438 -0.002061 -2.808020 7.656856 4.897346 -1.047168 4.525957 6.426464 -11.577579
14 5.139781 -1.612746 2.917300 1.526910 -5.377110 2.688999 -2.038376 -4.700661 5.717324 4.924176 -4.760084 -5.991465 -6.234068 7.800020
10 -5.236596 -6.670819 -2.355071 -8.376556 -2.949066 -2.955309 10.566432 9.035752 2.742587 14.933271 -8.810853 5.599771 0.513245 -6.036789
11 2.245951 -0.467921 -4.906955 4.719810 -2.751651 -10.613016 6.501785 -0.161081 -3.870968 -0.052292 7.697325 -6.690392 3.616919 4.732488
9 0.542404 -11.898657 -3.513571 11.511042 -7.800417 -11.513088 -1.794835 -7.113253 29.107125 10.357702 -13.855788 2.701649 8.391789 -5.122104
1 8.354672 -2.206411 4.384613 -3.184286 5.180589 0.746150 -3.746871 -3.101312 8.070065 -6.410569 -4.012734 -7.902377 -3.596630 7.425100
