11 -13.788378 -39.970447 -20.908227 70.095439 -22.355395 -37.065443 68.027554 -27.777857 -25.347090 -46.544171 158.648208 -12.566073 -17.257369 -33.190745
8 -13.014497 2.318547 -10.843205 -13.802269 5.652524 11.563427 1.775705 27.114120 20.174351 -4.660761 -7.993547 -20.003724 5.536404 -3.817077
9 -15.607921 -3.989995 -15.539373 -2.070551 -3.668170 16.844609 -5.436767 -10.008452 83.203690 -0.384167 -4.288174 -10.449824 -14.483078 -14.121827
1 122.358166 -6.673066 -16.965908 -9.785240 -11.205679 -15.823866 3.498228 -14.589140 5.003778 -21.664639 -7.338042 -1.818346 -20.220618 -4.775627
5 2.649260 1.744402 -1.899378 10.383832 17.629543 7.373051 -5.931997 -9.232065 -2.646405 -10.198493 -8.959292 6.249211 -16.299788 9.138117
1 11.520788 -2.563254 1.056019 -3.096987 1.500473 -1.279524 -2.785652 -4.234191 0.167068 -2.218666 -0.713037 6.472033 -1.510997 -2.314074
6 0.234848 -3.696086 0.810156 2.410062 4.591613 15.324091 -1.689050 -0.006451 -6.753881 -5.456566 1.995776 -3.447844 -1.494994 -2.821674
5 0.903174 3.875243 -3.945981 9.764453 10.746100 4.373194 -5.724188 -6.059907 -3.370579 -3.815063 -1.780012 6.255518 -6.795378 -4.426574
5 -17.432951 3.949522 23.816610 1.486252 66.540680 18.623698 -10.634882 -30.656947 -23.513157 -3.529606 -3.058041 18.658563 -25.501301 -18.748440
5 -10.887347 -5.316802 5.665975 1.999016 61.413715 3.294822 -2.417825 -15.135329 -7.805935 -2.640728 2.052431 -10.078929 -15.713442 -4.429624
12 2.021048 -6.261444 -8.633002 -2.060577 1.063346 -3.071628 0.925169 4.140223 -6.074351 3.675971 -1.625641 7.609170 4.147980 4.143737
3 -4.376137 -2.881790 34.613688 -0.935295 10.156373 -8.351793 -6.388775 -2.750780 1.384869 -0.317687 -9.533849 -4.245069 3.961156 -10.334910
3 -0.696992 -15.698555 65.046187 -24.996548 6.741689 9.508175 2.764208 -9.303143 -13.152458 17.464791 -18.965457 -17.899891 1.803622 -2.615625
4 -3.353135 4.923695 -5.615863 14.796340 -3.576752 0.307330 10.037177 1.468943 -19.389493 4.338849 5.671485 -1.190428 -11.828935 3.410788
1 264.502597 -17.753300 -30.482020 -30.605085 -38.326061 -11.302886 -16.091284 -24.428812 -11.623821 -26.698337 -23.512019 3.555363 -34.612356 -2.621973
11 -3.643857 -1.039200 16.246159 2.056463 -15.542010 4.328845 -10.517732 -6.681845 -18.415448 -9.816251 57.775360 -0.595661 -3.416639 -10.738184
7 -5.296528 0.837981 -6.256996 9.361253 -8.076359 3.183389 9.479580 -4.118862 -4.416404 -4.083208 -2.822278 7.832261 0.759249 3.616922
12 -0.280483 -12.413109 -2.719793 3.153355 3.980044 -2.016955 -7.268705 -17.491779 22.347503 2.029770 -10.007645 31.959610 -7.901704 -3.370108
14 -7.167339 2.748219 9.486190 -7.683004 -3.162058 -3.930178 -11.724922 -5.758106 -8.125536 -1.816621 -7.078940 -6.620643 -7.349879 58.182819
11 -29.736128 -29.835293 -16.111186 -28.841798 22.981504 -11.525903 5.117837 -17.520749 -8.877820 -28.164931 178.143303 -24.461550 -2.254205 -8.913082
3 -8.966386 -21.041805 172.424286 -10.487304 -25.222947 -0.927668 -12.275441 6.739230 -2.673495 -26.521530 -9.504893 -13.281093 -26.762099 -21.498853
12 9.969934 12.069907 13.017977 3.211079 4.379437 -21.428684 -18.731307 -14.985148 -6.398918 9.943675 -2.280167 25.581675 -6.703372 -7.646089
11 -7.224653 7.777959 -7.478164 -7.743070 1.822786 1.681551 0.442408 -7.276004 6.545794 2.740540 15.405051 -3.420552 -8.355917 5.082271
9 -7.954302 4.923741 -4.551518 -5.741027 -10.074234 7.218086 -0.977190 -7.879635 19.384404 -3.593336 -1.798289 17.006918 -0.875043 -5.088576
2 -9.569824 61.753415 -5.098098 -4.633256 6.184101 -12.688324 -1.051925 -10.679503 -1.845512 -1.503686 -12.451083 -11.545695 7.150699 -4.021309
11 -11.045851 -7.287223 -14.282432 -1.584561 12.354467 -2.706100 -1.826132 36.131444 -18.416544 -11.952990 39.641010 -7.937709 -14.186869 3.099490
14 -9.154953 5.991462 -5.278125 -0.672296 -14.215579 -1.740865 -1.447279 -11.322681 -11.911213 -5.132398 -6.380931 -10.383869 -3.610835 75.259564
2 9.355294 50.734322 -18.860837 4.945038 -0.766411 -6.488464 -9.159052 -4.360677 -12.216804 -1.121780 -3.692378 -5.667456 6.602668 -9.303462
1 94.692682 -14.555134 -12.748180 -14.436853 0.226576 -1.818250 -13.649942 2.067704 4.599549 -10.354865 -2.421917 -16.794009 -6.427612 -8.379746
13 5.428492 -2.757877 -3.417098 0.138664 2.168751 -5.350921 -0.515901 -3.995979 -5.246799 10.896041 -2.629554 -0.251791 12.112896 -6.578924
5 -18.865590 10.146480 0.538381 1.464096 34.680075 -10.891513 -0.069029 -0.874299 -7.647174 -1.492857 -0.379918 -3.062573 -2.341828 -1.204252
9 2.621339 -1.752172 0.794722 -3.630376 -0.384909 2.776929 -3.167427 -1.144078 6.265813 -1.938769 -2.068396 -5.079884 3.110383 3.596826
6 -0.540356 -11.635094 -0.787852 -11.462688 1.711554 26.452449 9.959982 4.774059 -5.611090 -10.054152 -8.743726 6.434270 -3.804973 3.307619
14 -24.457618 -3.241924 -21.166232 -17.405580 29.449670 -31.391828 1.224679 -12.010533 -28.349624 -28.353750 -22.065115 44.755746 12.143358 100.868751
7 -11.608471 -3.976344 -3.650635 -6.918558 -2.443384 -12.529270 72.031248 -0.827987 -12.373880 -0.600276 -0.754739 1.026276 -16.192027 -1.181953
14 -6.355750 -29.736223 -16.302138 -4.909090 -4.224343 -7.440168 1.237407 -3.187989 -24.250902 4.290919 -10.809628 8.177702 -14.332856 107.843063
2 -10.266469 23.668268 -7.097612 -2.468992 2.690740 -5.112345 6.626780 -5.625996 2.944630 2.275637 -6.048554 -11.126345 21.412477 -11.872217
2 -17.454776 51.647101 -11.930210 5.333128 -1.269639 -5.772702 7.132591 -10.102534 -17.415413 -3.025177 19.980276 -6.087305 -9.149001 -1.886337
2 -30.168089 102.279053 -10.067319 2.825215 -9.484605 -0.725301 -0.838390 -14.914587 -21.871110 0.619084 -4.530224 -5.400998 -4.961822 -2.760906
14 16.599162 -6.021574 -5.773181 -9.216058 -7.588203 -2.680172 -8.150131 -4.741771 -20.416592 -5.789146 -4.316346 -0.947221 -7.039737 66.080972
6 -16.907759 -5.325607 -15.313958 -8.814206 -14.814937 61.931408 13.302013 1.183709 -10.658161 10.491023 1.890039 -7.830831 -2.958076 -6.174658
3 -6.376370 -10.813656 26.130339 -0.571155 -4.015012 -14.380898 -2.508771 -4.779815 -30.998505 25.605084 10.910779 -0.208626 0.534546 11.472063
13 0.083006 -7.031930 -9.378532 -13.979485 -4.456892 -13.146218 -17.124277 18.338014 11.363555 -31.203058 -14.577152 2.645497 90.164009 -11.696539
3 -9.783087 -4.004148 110.276436 -5.728199 -8.408966 -13.376579 -7.972667 -3.726808 -11.216890 -7.163554 -9.786008 -8.367583 -16.019132 -4.722816
6 -3.924675 -16.040466 -7.647351 7.312628 -11.805562 45.227043 -2.782748 -8.398725 -8.960441 -11.140282 -0.715880 10.510170 17.084864 -8.718575
12 -1.076897 7.730455 -10.909052 -2.306178 11.770722 -7.462365 -3.050787 -29.953363 11.418070 -7.438196 -14.392868 43.129102 -10.879237 13.420590
14 -4.917222 -9.083009 1.947752 4.266027 1.614290 1.708050 -4.144581 0.017968 -3.062048 4.728086 -0.782849 6.074163 -9.854601 11.487974
13 1.113332 -2.979048 3.063746 11.316184 2.813593 1.429910 -6.323931 -5.199846 -16.030392 1.220987 -13.148242 0.137952 17.574772 5.010983
2 -4.060332 45.133527 -3.073503 -2.417103 -9.301316 -6.485357 -10.960510 -5.385035 -8.071407 -8.494690 39.611775 -2.704239 -11.226308 -12.565500
13 20.813515 -17.277494 -5.126760 9.568830 2.318303 -27.860003 -6.255088 -0.742992 12.759934 -2.083254 -12.153731 -15.132127 49.832229 -8.661363
14 -1.643480 -6.038074 -5.999803 -2.481461 9.958376 -3.207550 0.103269 -10.268108 -5.541118 0.916536 -2.570606 3.139707 -3.703705 27.336015
5 2.387917 0.718479 -1.127564 -1.275283 4.643813 0.509974 -1.239688 -3.211443 -0.936615 -0.032389 0.120428 -0.021858 -3.788716 3.252945
14 -22.708709 -20.219518 -26.861679 -13.908136 -11.676543 0.096335 -31.105088 -25.848115 -33.157002 -19.860213 -21.670088 -11.864637 -4.050351 242.833750
11 -9.932256 -14.663051 -11.342703 0.033879 -9.210969 -1.577044 -6.455419 -20.183871 1.531122 0.538679 94.152901 -0.290106 -7.506295 -15.094867
7 -0.792044 4.102865 3.469445 4.322697 -8.977253 3.048934 28.362662 -12.064870 -2.649767 -11.788321 -5.488846 2.746824 -15.041533 10.749206
6 -21.413539 -17.292333 -15.758536 -25.656424 -15.182652 170.026153 -27.110762 -20.633690 -31.596094 -11.876121 15.251269 3.353532 16.714396 -18.825195
4 -5.336893 -2.728354 0.663032 81.241129 -12.248805 -5.569640 -6.338371 -2.194999 -15.229689 -5.157144 -2.903660 -9.441165 -9.015894 -5.739541
4 -6.437077 -7.306864 -4.101534 82.212668 -9.220507 -8.985075 -4.526969 -4.893999 -9.284365 -5.977472 -1.149755 -5.660276 -8.381003 -6.287765
14 -11.671387 1.159677 -5.851493 1.735854 1.423746 -4.885940 4.275045 7.076091 -5.846757 3.763628 4.910530 4.913613 -11.984052 10.981445
7 -32.993078 9.430916 -25.269827 -30.469488 -20.609793 -6.858450 205.395535 -21.910818 3.631327 -12.300957 -21.119049 -22.140353 -9.752295 -15.033668
7 -6.588506 -5.234650 -18.934929 -9.830513 -13.146809 -11.653016 94.762669 1.750585 -13.654085 -0.263902 -9.999331 -16.700297 5.376313 4.116471
7 30.164232 -9.621212 7.035597 8.211729 -3.069884 -12.141241 56.431687 -11.249480 -15.921167 -10.561794 -9.248404 -4.892909 -19.892625 -5.244532
7 -37.924748 -16.289908 -13.069566 -16.984409 -5.389231 -16.094696 127.924428 -3.728335 -20.882110 -11.010467 11.834587 -5.673857 -3.750051 11.038364
7 -8.113309 -21.283455 -13.429062 -13.922801 -2.081865 -15.089959 84.601760 1.395642 -4.656990 -13.001201 3.066934 -3.195698 -1.654861 7.364868
6 -106.751328 -6.102079 -22.643020 -44.248094 -19.752496 316.516932 3.146707 -36.792494 -36.258827 -32.733198 -5.751754 -4.133124 9.572427 -14.069658
3 0.835942 1.012451 86.032749 -9.298926 -15.209488 -14.262703 6.124371 -14.996496 32.850023 -19.323915 -18.091418 -20.329784 -0.831298 -14.511507
2 -7.790348 13.665154 -2.033323 2.263915 3.290973 8.441284 1.746049 -10.258366 -10.339163 -3.909380 8.368632 7.313313 -9.063586 -1.695153
8 -22.530865 6.503583 -2.833838 -11.894811 4.715899 -13.898472 -6.520916 55.526097 12.713601 -17.657579 10.859559 6.702537 -11.009530 -10.675267
4 -6.931612 3.417471 -11.210125 14.093903 10.705195 -7.917061 -5.196961 13.202239 -1.601153 -0.546684 -1.963292 -2.811214 -1.267958 -1.972749
13 -2.426445 1.615393 -2.440819 1.944869 -10.984875 6.481816 -8.378719 -13.915469 8.078764 1.997700 -9.724181 -5.572964 17.053246 16.271685
4 -11.197530 -2.437172 -9.855628 88.377370 -8.355195 -6.714610 -3.898927 -1.780999 -7.098993 -3.144482 -10.609899 -12.878083 5.672194 -16.078041
4 -7.428578 -15.419304 -3.369761 83.634868 -14.609751 -4.619083 -7.256111 -9.236273 -11.551148 -1.073773 -0.137283 -6.441324 -0.660524 -1.831950
4 -10.515760 -11.722600 -5.711946 82.051911 -15.148990 -6.474675 -2.337163 -6.408185 3.573496 0.032303 -1.308693 -6.368804 -14.518396 -5.142493
11 -13.027421 -42.060565 -15.374588 -27.390442 34.303873 -0.019783 -13.641935 -24.950012 -27.634273 -20.597332 204.002298 -20.231201 -16.157465 -17.221155
11 -11.720464 -18.617647 -28.108045 1.583877 -22.765028 6.689327 -7.053597 -11.309645 0.761145 -23.650341 142.989019 -5.325544 -5.759916 -17.713139
3 -4.930732 -5.365302 24.778238 -6.570565 5.063934 -2.956920 -6.705703 -4.019107 4.496988 1.772112 -2.640032 3.005522 0.807861 -6.736294
4 -5.554388 -3.774543 -0.593349 87.758854 -8.532985 -12.227034 -8.510791 -5.373031 -14.310286 -8.001804 -2.647550 -6.483269 -8.165311 -3.584508
5 -9.843206 9.305355 -7.746619 2.766552 87.193049 -20.321359 -10.056907 -3.217794 -31.044814 0.949747 -1.270867 -2.691800 -12.671428 -1.349911
13 -11.189173 6.696339 -3.271922 -6.308021 6.748727 4.814170 -0.291540 0.713499 2.731180 -8.645367 -5.036618 -11.599424 12.588530 12.049620
13 -0.826262 -0.232628 -4.573100 -0.398581 -1.690198 1.007969 0.053718 -3.147861 -0.048312 1.498044 1.712438 4.084318 5.342280 -2.781824
11 -10.551524 -14.599359 -14.985139 -12.807744 -11.323786 0.165970 -2.271062 -14.403395 -12.459022 -34.906244 161.615794 -6.139944 -3.438526 -23.896019
11 -12.079159 -1.700375 -15.313374 -32.547205 -19.612462 -2.930745 -2.831988 -29.024305 -20.517862 -46.987089 257.410299 -35.068057 -15.993234 -22.804440
11 -10.405835 -11.997158 -12.673476 -4.682708 12.424247 5.762786 -1.156310 -12.282179 -27.421816 -34.144241 120.446393 3.439682 -18.408861 -8.900525
6 3.729355 1.095601 1.933282 -2.214224 4.103331 6.470214 -3.885106 -5.149018 -1.059590 -2.251717 -0.703282 -6.693931 1.220361 3.404725
1 62.800265 -1.556683 -6.303053 -13.087082 -5.972535 -10.267000 -7.476717 0.341831 -7.811422 -5.856397 -9.934617 -5.945921 6.399349 4.669983
13 -5.753871 -24.146112 10.240985 -6.564186 8.971360 1.911591 -1.478027 -19.993216 -20.350499 -10.391907 3.833710 -13.227235 78.358172 -1.410769
3 -7.192613 -6.450036 37.407313 13.821908 -0.926156 -12.062343 -1.396868 -15.538911 13.825078 -0.196686 -11.095949 -10.078009 -7.777084 7.660357
4 -6.919918 -7.277895 -7.585339 84.105390 1.439052 -19.023480 -0.368732 -7.433855 -14.340560 -8.842121 -3.778026 -11.489338 -4.571309 6.086136
4 0.761644 2.651693 -2.280583 79.987892 -12.236740 -4.778731 1.157999 -11.199368 -9.298173 -5.235730 -1.787625 -2.022684 -22.595246 -13.124345
2 -9.728155 66.249951 -4.829172 1.967457 -8.519234 -6.802541 -8.735833 -8.416104 -25.678382 9.154501 0.771224 -6.127538 -6.681138 7.374964
10 -10.192435 -1.033966 6.550717 12.316836 -2.535754 -6.419308 -3.233586 -4.149517 -9.950471 24.608245 1.132227 4.711423 -8.129469 -3.674941
1 0.000000 0.000000 0.000000 0.000000 0.000000 0.000000 0.000000 0.000000 0.000000 0.000000 0.000000 0.000000 0.000000 0.000000
2 -8.820332 106.561619 -3.222397 -2.275588 -8.463780 -8.142132 -8.925618 -10.554563 -11.987535 -2.038980 -3.699144 -17.982300 -11.475829 -8.973422
5 2.878003 2.871112 1.067327 5.625215 14.753301 -2.937505 0.415931 -0.489139 -23.421203 7.373832 -3.586060 -7.973922 4.758229 -1.335120
1 82.624143 -21.885920 -4.477906 12.599463 -10.427716 1.772648 2.888984 3.540429 -9.999377 -21.811570 -11.843065 5.195398 -14.166816 -14.008696
7 -18.454640 -14.242393 -9.478049 -10.764428 -1.318834 -15.309992 116.352286 -16.991003 -23.946504 -7.165862 5.228791 -0.065225 -6.587411 2.743266
6 -10.055640 -23.289924 -2.895735 -23.360721 -9.695142 195.152507 -12.231522 -5.144294 -18.986820 -22.661426 -21.752339 -26.522907 7.280806 -25.836842
6 1.686352 -7.159556 0.909193 2.496668 -0.989657 3.543099 -1.258113 0.481517 -1.318095 2.394943 -0.738456 0.526010 -3.001104 2.427199
13 -25.720012 -14.264219 -11.976004 -6.288403 15.640245 7.162627 -4.146537 -6.779321 -5.272136 6.114928 4.095474 -9.436571 58.868803 -7.998878
1 112.402554 -16.514083 -10.649719 -12.614962 6.712805 3.833336 -17.749994 -28.222111 -8.003002 -12.289499 -9.252125 7.085011 -9.125081 -5.613130
5 -8.887908 3.826201 2.347070 -0.672323 7.308833 -8.520667 2.181937 -0.825158 -4.695117 3.186373 5.853087 2.039197 -8.300532 5.159009
14 0.047062 -6.153207 -0.163924 -4.976156 -1.033641 -3.821114 -7.152434 -10.522028 -9.286263 24.748254 -0.496180 4.571373 -11.069917 25.308175
2 1.243171 57.968749 -9.541412 -15.637924 9.339393 -7.063646 -4.404835 -0.194444 -27.617058 -0.553245 13.729674 -11.544658 -15.701553 9.977789
8 -6.600755 1.552162 -3.890060 -7.279791 -0.735213 -14.447795 -2.184862 67.128468 -17.560577 -2.136085 3.933282 -15.276385 18.231158 -20.733547
7 -9.892523 -10.313149 0.048853 -8.896832 0.667522 -9.420861 77.723674 -2.566386 -15.019218 -7.483782 -7.491517 -6.508977 8.029271 -8.876071
8 0.000000 2.355052 -1.034282 -0.498143 -0.013875 -0.571501 0.000000 2.876548 0.000000 0.000000 -0.735395 -0.959649 -0.160554 -1.258202
11 -11.392399 -45.048569 -19.800683 -29.057215 74.900363 18.258778 -8.460862 -20.262894 -38.684689 -3.491670 105.662385 -23.695746 -18.228182 19.301381
10 -3.544351 -6.424616 -0.287195 -7.636872 1.947641 -9.085763 4.671509 -8.016542 -12.484656 51.455466 -9.543712 1.595503 -3.192894 0.546479
14 -18.680330 17.250744 -16.271599 -28.127595 5.719679 -20.779752 9.674855 0.745280 -45.608472 -12.882020 -3.542629 11.210498 35.179358 66.111984
13 -1.960132 -7.000617 5.610968 -1.581619 -1.154831 0.640884 -3.797523 -11.839356 -6.839827 -1.036775 -2.120865 -3.971373 36.437856 -1.386791
2 131.049192 147.968066 -26.673651 -33.212082 -48.262846 13.150095 -9.978928 -29.271913 -23.068820 -27.495873 13.143443 -32.499325 -30.939693 -43.907658
6 -3.986591 -5.820392 10.688252 -7.004737 -11.881403 23.453670 -1.485519 0.456938 4.882690 -0.768012 0.227049 -10.538646 0.630462 1.146239
2 -1.884251 45.774681 -0.552405 -10.576629 7.655050 -1.895422 -3.758749 -11.178425 -0.711352 -0.097924 -3.841876 -1.583347 -9.202299 -8.147050
2 -2.691707 4.085840 0.766484 3.577675 1.789198 -2.452842 -1.311888 -2.567037 -4.542228 2.360893 2.673925 2.539946 -6.736290 2.508031
4 -11.500829 -10.241676 -7.857569 79.581917 -12.521318 43.060017 -10.793598 -7.393162 -14.230207 -16.896210 -8.883817 -10.412765 -3.094037 -8.816743
1 467.394016 -45.118277 -65.421764 -55.844942 -38.897739 -41.353834 7.222588 -31.572774 -41.057553 -51.675733 -35.495392 -47.372432 28.278210 -49.084374
1 204.572100 -10.218453 -16.726987 -17.811047 -21.979147 -16.611941 -4.698262 -9.252856 -13.412815 -10.216769 -11.084602 -23.760279 -26.023547 -22.775394
1 175.166196 -21.688848 -18.046094 -15.604788 -44.035525 -16.307284 -6.576189 -12.287440 28.825448 -14.718336 -24.578109 -1.792484 23.683514 -52.040067
10 -4.920013 13.700092 -14.671765 -17.039094 2.128925 -7.955208 5.040350 3.002858 -8.167368 16.512648 6.566681 -3.658637 6.676716 2.783814
4 -10.981056 -8.246659 -5.024005 102.031348 -21.478743 -6.445166 -6.550743 0.892053 -19.426961 -2.793280 -0.320706 -5.914909 -18.113996 2.372828
13 -6.218761 -5.124534 -2.349539 3.600972 -3.872087 7.564185 10.201952 4.079299 -1.254902 -1.193610 -4.784153 -6.247575 10.522268 -4.923516
2 -30.038332 149.788222 -8.213934 -24.126929 -21.458004 -5.446616 -6.203873 -14.473991 -4.549318 19.692772 -13.151929 -18.055233 -2.051971 -21.710863
1 5.474164 -2.955048 -1.892022 3.101545 5.056180 2.050864 -0.431383 -1.000910 -4.005302 -1.358506 -0.517317 3.326084 -4.474995 -2.373354
7 2.068145 -11.680290 -7.251965 -14.049590 5.011741 8.456113 20.969071 -3.817129 9.663716 -4.538456 -8.466563 3.612374 3.294673 -3.271842
13 7.120749 0.029123 -1.675179 6.820347 -12.212023 2.019110 -7.576574 -8.084866 13.761471 -3.660814 -7.385479 -6.093798 31.351003 -14.413072
9 -14.179737 -10.645177 -5.541478 -8.707544 2.541799 26.268713 2.058136 -5.649936 73.355317 -4.861552 -13.637689 -13.082982 -9.943037 -17.974836
11 -3.528308 -8.483826 3.060083 -2.813693 -1.727231 1.025155 -4.563696 -3.619007 10.926773 -7.202030 11.290984 1.662698 9.207839 -5.235742
5 -6.204889 -2.227491 -5.145778 -19.903031 125.222375 -14.169822 -2.913840 -7.785454 3.019111 -26.089559 -12.814736 -13.453321 -18.181205 0.647640
4 0.383238 -10.301338 -5.178424 80.616813 -14.674806 -9.976140 -2.508470 -3.576116 -7.202407 -10.740218 -4.867795 1.827242 -11.479537 -2.322037
4 -9.957933 14.973493 -12.953476 86.255455 17.253881 -15.795198 -11.331443 0.586094 -15.240259 -9.212061 -9.479430 -4.425465 -18.480059 -12.193593
4 -7.299238 0.963279 7.673080 84.802312 -8.229028 -9.289205 -10.002138 -9.391690 -16.748899 10.042994 -6.300222 -8.047973 -18.274460 -9.898807
4 -0.796888 3.206773 0.764856 6.376535 1.952716 -3.729249 -0.235276 -3.343082 -10.956742 3.432375 5.475129 3.368778 -6.228858 0.712933
4 -7.932259 -7.805061 -6.903903 18.223375 -2.686666 4.819100 -0.092443 10.497508 2.904461 -14.317979 -7.597462 3.094776 7.491017 0.305535
1 57.841886 -7.678251 0.571416 -8.328712 -6.613703 -5.422899 -6.560128 6.356778 -9.662170 -8.709620 -8.321472 2.741464 0.052329 -6.266916
7 -24.871047 0.424371 -32.502813 -21.347819 -13.241888 6.229141 67.986361 25.637604 -47.315180 10.725491 14.615356 -2.694637 -12.347342 28.702397
8 -0.601567 -1.677746 -11.713402 -7.621073 7.165083 -8.558081 -7.428827 67.524953 -16.411761 -9.153240 -6.772835 -7.857377 2.218988 0.886886
1 89.162656 -11.604073 -2.411589 -3.254601 -8.105692 -12.204362 -12.791676 -8.191932 -3.753168 -11.048312 -1.933384 -13.220864 9.008188 -9.651189
1 106.148494 -22.128807 -1.057667 5.352504 -14.898013 -1.508839 -0.977470 -14.064232 -21.468357 -17.121374 -11.286234 6.138658 -12.398548 -0.730114
3 -0.094960 -13.672190 49.013859 19.506933 -9.406051 -19.625206 -3.267365 -22.137365 -2.042691 -10.577496 -4.052304 14.257563 -0.234125 2.331399
3 -7.862147 -8.857828 136.981394 -22.937269 -4.035223 -3.295805 -8.931979 -13.551375 -2.359780 -8.820100 -23.919216 -22.980302 3.051124 -12.481495
1 65.441435 -10.137552 -13.229094 3.906786 -12.541040 5.300083 4.864919 8.986291 -3.595021 -5.966368 -11.071085 -6.025816 -10.777951 -15.155587
3 -15.567135 -4.700114 137.800265 -14.321588 -9.341332 -15.453125 0.062861 -2.205780 -8.127123 -13.549252 -6.647417 -11.154590 -24.238296 -12.557372
14 -11.515330 -14.281236 -35.003856 -16.623413 3.789491 -0.720175 6.076539 19.642336 -22.434008 -12.945549 4.918450 18.583637 0.372501 60.140615
14 -4.656548 -19.239117 -5.216978 8.539990 -1.670057 8.458215 -0.517541 -3.006165 -27.931942 -11.299041 3.163324 -4.234309 -11.178048 68.788216
8 -17.685342 3.719015 -14.375718 -13.068997 -17.611761 -7.608867 0.720828 124.877549 -19.577645 24.071833 -15.771437 -16.118333 -12.296520 -19.274604
3 0.032337 -3.395077 50.553316 -0.316414 -11.318963 -9.823339 -4.371407 -4.681155 -7.783154 -12.507843 -2.309567 6.514693 -3.182028 2.588603
6 -5.566388 -19.827147 -2.291409 0.530616 -18.991636 95.850824 -3.963675 -5.513001 -16.688030 -12.698397 -4.472647 -10.728125 20.375337 -16.016319
13 -9.057895 -3.551800 -17.280746 -13.069856 -7.854453 -7.949317 -8.040863 -14.019633 -5.967853 6.760466 -14.724105 19.665044 79.714939 -4.623932
3 -12.882827 -7.423965 96.190978 -8.897265 -5.969515 -7.527517 -9.173332 0.163002 -10.088149 8.518820 -6.877502 -6.989208 -24.314793 -4.728727
3 -0.894688 -0.125980 2.795463 -0.432521 -0.667377 -0.216329 -0.325104 -0.020561 0.000000 -1.572614 0.218079 2.508432 -0.732252 -0.534549
11 -4.894798 -7.367278 -18.210736 -4.075890 -8.279664 0.855365 19.636925 2.206070 -5.829502 -2.533379 38.105878 -11.058734 -5.508632 6.954373
11 -0.632150 -29.019681 -3.874124 -2.228930 -12.003571 -2.266206 -13.707068 3.704198 0.293258 -7.673822 83.917124 -0.967871 -11.534470 -4.006685
11 -36.522968 8.769390 -5.130944 -5.095862 -9.507070 -18.226629 8.367343 -5.815805 -13.928623 -6.992092 100.912241 -18.940717 1.392765 0.718970
11 -0.375555 -41.875750 1.382059 -22.899907 -27.221624 -33.726989 -24.523904 -20.182348 -40.124956 -45.980685 366.490978 -15.368983 -40.972753 -54.619576
1 102.407767 -7.690539 21.558861 -12.805175 7.429962 -16.569979 -6.016186 -10.679714 -20.235219 -15.948636 -20.784249 7.100564 -10.674246 -17.093211
5 1.985103 -2.737850 -5.587293 -5.916682 152.170490 -24.883452 -11.087419 -25.264253 -16.841664 -8.731647 -6.807452 -21.859410 -3.700197 -20.738273
4 -12.638831 -8.430805 -13.548434 110.500369 0.213754 -2.603003 6.743959 -5.082594 -14.260180 -7.006953 -14.926750 -8.412191 -13.719800 -16.828536
7 -46.229509 4.369899 -40.575494 -21.884898 56.002423 -54.776017 211.856617 10.349117 -18.189934 -11.042226 -28.003314 -50.068222 -8.658431 -3.150011
10 -15.347703 -2.667738 -8.961276 -18.265047 -14.893394 -7.249942 2.681350 4.570238 0.670748 63.419896 36.167081 -9.505114 -12.620059 -17.999040
5 -13.416396 -5.362266 -8.945864 -3.124172 161.698138 -3.876878 -20.495208 -14.139947 -3.498538 -24.153957 -11.537717 -15.550364 -19.654220 -17.942609
4 -3.535763 1.923126 -10.161956 89.987088 -8.621135 -7.142938 -2.215085 -5.870304 -9.491975 2.225730 -12.977317 -2.754478 -14.850709 -16.514280
6 -8.227633 -20.236737 -22.148529 -35.702391 -23.255843 234.400516 -24.355423 -5.882433 15.430293 -25.886941 -24.109269 -32.927820 -6.229933 -20.867859
8 -7.134347 -2.584000 4.100431 1.633001 -5.692530 10.018346 -6.010733 40.543937 -13.649404 -7.004487 -7.562954 15.213897 -7.053149 -14.818009
6 -2.685447 -22.155877 -22.511778 -28.973403 -19.941008 209.060392 -21.943058 -0.475224 -5.656080 -24.769395 -15.216064 -24.874103 -6.995972 -12.862986
6 6.398095 -5.866733 3.116715 -15.748101 -2.111989 74.899223 -4.143944 0.029996 3.673797 -14.463162 -2.462682 -21.468035 -13.989632 -7.863549
8 -4.243623 0.438367 -5.171272 2.648404 -1.091496 3.055078 1.090105 8.572539 8.071303 -2.243824 -5.549087 -0.955640 -1.573926 -3.046928
13 -11.084836 -5.179395 4.593243 -1.193274 -33.000840 -4.300413 -13.465303 -9.223256 10.170532 -26.598318 -18.812598 -3.447782 147.948644 -36.406402
13 -1.041000 -2.545115 -5.162479 -0.537877 -0.673002 -2.137955 -3.618861 -1.315424 -4.194036 -2.405762 -2.955276 -5.315242 32.686111 -0.784082
5 -9.283287 -11.237187 -4.399968 -11.858717 31.292108 17.456341 9.805899 5.550844 -9.333726 -24.312611 0.136847 -2.288687 7.898031 0.574116
9 -6.457556 -1.342999 -1.947905 -0.223122 7.542400 -3.135535 -6.600323 -4.885847 21.869436 1.035525 -27.154513 9.743346 9.968528 1.588565
12 4.989272 -17.544658 -2.014036 6.494988 -10.859688 -16.923679 -7.760274 -17.083928 17.073179 -13.753814 15.000729 33.554136 -12.951435 21.779203
4 -5.622955 -8.718394 -8.191244 89.875133 -9.977134 -12.632592 -3.166603 -0.616825 -7.389893 -10.470259 -7.489197 -3.585131 -14.513898 2.498998
14 -2.334833 -4.172411 -2.173770 -2.656727 2.907724 4.890907 1.775033 1.637931 -9.718852 -2.962583 -0.360806 0.481754 0.214009 12.472623
3 2.453578 -3.237026 11.702460 11.120237 -3.921232 -16.610978 -5.010355 -5.227888 -5.431472 0.866357 3.773626 3.009341 9.004084 -2.490729
4 -11.687812 -0.885673 -11.411347 85.583454 -12.136531 -12.017413 4.679126 15.827801 -15.927209 -11.005505 0.177603 -5.432731 -17.946828 -7.816930
3 -12.144545 -5.027774 105.065157 -4.658879 -14.864362 -3.564725 -3.203545 3.481959 -0.743548 -0.819549 -14.276571 -1.336797 -28.681695 -19.225126
3 11.162706 2.031028 15.072167 5.913854 -7.494951 2.130704 -8.430605 -5.744944 -13.656959 7.513714 2.339890 -12.336943 0.198901 1.301437
12 -4.531498 5.693176 -2.198822 -13.540796 -16.044634 -13.055880 -20.712511 10.589358 10.708522 -4.742281 -6.413904 34.801261 20.444257 -0.996249
10 -14.049956 -2.415215 3.395712 -11.112781 -5.196638 0.631679 -13.184528 7.476475 -2.648627 26.492271 7.649698 13.359230 -15.662962 5.265637
14 0.330586 2.231518 2.650109 -1.229486 2.306494 -0.422511 -0.260706 -1.217846 -2.695683 2.777255 -3.354903 -3.284297 -3.719650 5.889118
2 8.939658 18.126564 -6.742831 -12.043119 -3.436628 7.303573 14.883476 -0.753540 -18.679059 -15.722862 -4.332582 -5.316778 2.258413 15.515718
14 -11.298647 -5.293320 -0.972066 -8.233270 5.337076 -0.018480 0.980501 3.517509 3.792786 -1.418212 -2.167994 11.175246 -12.598924 17.197794
4 7.137382 -1.852037 -3.277181 8.948527 -2.454706 -0.231637 -0.622486 -0.768139 0.437018 -2.034470 -0.525864 -1.271506 -2.353454 -1.131445
10 -1.490846 -6.638619 -0.153544 -5.895599 -1.139531 -4.138391 -7.420971 7.566309 0.515661 28.659929 -9.276868 -11.228927 4.787214 5.854183
4 -0.454909 -9.803234 -2.591402 76.810122 -12.527726 -11.558872 1.495571 5.695714 -1.167122 -18.174207 -3.214509 -12.456600 -4.613468 -7.439354
4 -4.083511 -9.299411 -2.684795 83.244703 -12.514619 -8.695680 -3.964741 3.538629 -11.168358 -8.690562 -4.219714 -7.179076 -3.439662 -10.843199
1 15.035188 -0.700870 -0.794362 -1.205475 -0.331095 -3.450484 -3.511610 7.836262 -2.720117 -2.273642 -5.890682 -0.017101 -3.907647 1.931635
12 11.736478 0.910558 -9.875444 -4.527267 -12.824459 -11.408247 0.087403 0.948898 -3.231314 -8.337766 -1.853538 51.890139 -10.320833 -3.194610
1 52.951587 5.729973 0.418837 -12.168058 -14.453992 8.442338 -10.624874 14.161442 -3.709256 -5.173007 -11.766316 -9.863929 -5.673015 -8.271731
14 0.740032 14.262952 -1.338079 -6.789932 -10.187826 -14.301908 -0.521160 -0.657978 -2.164657 -0.983988 -7.738687 -7.952418 16.611817 21.021833
5 9.804663 13.697921 24.595408 -10.350148 24.730189 -21.556053 8.142901 -38.813234 -1.681346 -13.389685 -12.459749 24.004792 -24.416274 17.690617
9 -6.217407 -14.810158 1.584071 10.261593 4.261036 -7.276672 9.992927 -6.703338 16.552486 1.865323 -0.565810 4.526373 -14.758902 1.288478
5 -7.157694 -2.225118 -6.597914 6.591829 52.085133 -0.875002 -4.129384 -7.409896 -2.457061 -9.621478 -5.648715 -3.381813 -2.573719 -6.599168
4 -14.651340 -2.109661 -8.380771 82.232329 -11.395152 -13.948111 -5.704089 -2.408593 -21.053857 19.380734 -3.689523 3.447617 -17.443958 -4.275621
14 0.923978 -9.103898 -7.066991 -3.446033 -4.045325 3.235112 -1.573207 -6.149989 -5.289641 -5.969019 -5.983373 -7.138351 1.967064 49.639674
5 -1.984684 -3.102694 -0.624702 0.807019 3.541292 2.691988 -0.959814 -2.509459 1.629051 1.661968 -2.710263 2.733833 0.595906 -1.769438
9 -2.453278 -1.948298 -0.045813 -4.526146 -0.610099 -0.538931 2.969831 0.838719 7.459806 2.360923 0.885353 -3.266944 -0.185188 -0.939936
4 -5.903515 -7.874133 -9.840009 84.693021 -14.675589 5.222262 1.624991 -1.096746 -7.722918 -7.946378 -5.785885 -5.232536 -12.120956 -13.341603
12 6.086466 -26.821768 -2.677043 -6.753260 1.707397 2.626926 -3.444249 6.626762 -15.671718 21.632953 -1.008454 24.311683 -14.484745 7.869053
14 -12.315765 -22.051529 -25.444556 -24.700655 -16.466780 2.270998 -16.873006 -11.311349 5.493994 8.150779 -11.867056 -21.285975 -2.176807 148.577710
6 -0.405836 -22.657586 -11.728537 -12.628526 -10.392075 125.380679 -8.737779 -20.101017 -1.202320 -18.382948 -15.380156 -1.074277 13.467406 -16.157027
6 2.128563 3.764397 -5.387179 -7.506305 4.662454 17.516860 -7.200813 -10.479410 -1.195973 2.253391 -8.605063 7.359936 8.811016 -6.121872
12 -1.089004 1.067092 0.642550 1.517185 0.602217 -2.037473 1.308273 -4.155527 -6.897378 0.111747 5.428249 6.344096 -7.609680 4.767654
4 -5.431117 -9.625916 -6.164904 97.572498 -13.213770 -11.276856 -5.378251 -9.105623 -7.599168 -6.963337 -1.622059 -2.827561 -12.315686 -6.048244
10 1.351162 -15.268333 -11.274717 -9.780501 -1.213677 -16.311544 -15.275265 1.826805 7.015676 45.726593 -6.940469 10.236963 11.067272 -1.159964
8 -12.462772 13.677799 -18.863816 -13.369362 -14.871418 -23.080444 -26.594834 149.925689 -22.246236 18.435384 -9.792420 -27.694182 -5.189749 -7.873641
8 1.162916 -0.256092 2.073143 -8.432371 -17.055448 -0.348427 -1.757681 43.370018 3.233270 0.064230 -7.247435 -6.892587 -2.323924 -5.589615
1 81.062898 2.666458 -14.472974 -3.539598 -4.324116 -5.428855 -1.244193 -9.045703 -8.819401 -9.855149 -5.692573 -12.598692 -9.184971 0.476871
13 -9.048939 2.929043 -1.460945 5.309191 -3.463984 -6.720175 -7.385347 -1.605835 -1.338344 7.834919 -0.946706 1.894790 12.754583 1.247749
5 -5.035909 3.663523 0.972231 -11.247840 35.081228 -21.206797 -7.100802 13.814061 6.284656 -6.769832 -6.016728 -5.999990 9.363687 -5.801488
11 -4.475267 -2.754527 -14.539774 -7.032013 -13.101689 -9.156259 0.140986 -13.841550 -7.965274 -8.771447 117.840090 -8.419435 -13.045422 -14.878417
14 4.273177 2.110796 9.166368 -6.231740 11.537860 -14.276174 -5.199056 3.467047 -0.473511 -4.610389 1.505785 -14.006870 -6.459337 19.196045
9 3.269052 -17.661611 -7.225102 13.187374 -11.759986 -2.109899 -5.066473 8.329693 19.412088 8.780328 -17.548725 13.056753 -5.550692 0.887199
8 -13.061098 -1.785228 -29.844515 -5.500067 7.670626 5.130866 -32.066807 134.691577 -3.899311 -22.669877 -13.165667 -1.496475 -4.030117 -19.973906
1 13.376778 -2.831115 -1.036734 2.640743 3.912741 -5.211902 1.499435 10.140858 -3.689784 -10.752976 -8.370392 2.055464 3.565044 -5.298159
4 0.547731 -20.142561 -2.451593 19.502345 15.776007 8.627359 -7.806324 7.385954 12.243491 -3.181546 -12.054759 -1.466037 -6.723672 -10.256396
10 8.991231 8.649770 -0.553680 4.593969 -3.506253 -10.863630 2.274962 -9.394265 -0.196525 21.042426 -13.560712 -4.111956 3.098683 -6.464023
4 -13.134803 -11.131351 -5.717466 95.353478 -13.306049 -7.490438 -3.959951 -3.407286 -7.565625 -9.129929 -2.675903 -3.568907 -10.437243 -3.828522
4 -3.169701 2.196213 -0.364367 8.688684 -0.343815 5.412310 3.438115 -3.923295 -5.063796 0.014031 1.209087 3.139885 -11.047747 -0.185603
13 -3.345129 6.127663 2.631173 1.163606 0.250170 -1.764361 2.072817 4.361806 -0.415532 -0.260748 -3.756511 -11.819119 10.812169 -6.058005
1 62.794720 -12.967531 -14.532113 -7.468329 -9.613223 -6.806645 -0.852575 -6.007437 -6.016519 3.429819 -6.601933 18.390656 -11.936374 -1.812514
6 -5.346720 26.036612 -14.727154 -23.220478 -25.930921 158.983192 -16.502777 2.256684 -9.088626 -16.616300 -16.089997 -11.590878 -24.298656 -23.863981
3 -4.454194 -0.475873 35.513171 -4.315748 -3.706353 -10.596567 -6.296213 -10.051447 -2.289295 13.315717 0.176135 -3.314102 -0.097620 -3.407613
5 11.066535 22.684749 -11.809362 2.575263 36.887788 -3.951998 -8.741382 10.697929 -11.608682 -12.862309 -22.338325 -5.026552 0.844940 -8.418594
8 -11.647642 -8.122240 -9.834581 11.617954 -9.802109 -0.196530 -17.824025 72.906657 -9.748737 -5.334412 -7.710667 -1.046263 -10.446139 7.188736
14 -2.117733 -0.962428 -1.219953 -4.323752 4.611893 -3.536989 4.186202 0.657582 -3.525068 4.648321 1.677359 -1.121252 -3.864706 4.890525
2 2.415972 7.497613 -5.767594 3.519270 -3.942604 -0.076941 2.810649 1.930473 2.653098 1.425451 -4.807288 -3.907362 2.904899 -6.655638
6 -22.551939 -48.178571 16.802526 -22.430078 -24.014976 131.930731 -21.615764 -20.378506 3.536761 -54.909839 71.598194 -6.046621 16.327417 -20.069332
12 -19.572375 5.127325 4.044393 16.503906 -6.775302 -15.755891 -9.007594 -13.531527 23.276019 -14.850926 -21.595853 57.806018 19.072461 -24.740652
3 -15.208028 -10.391384 106.317880 -13.461018 0.838355 -6.243468 1.558288 -21.405195 -26.265242 -2.186880 -10.731931 -0.060078 -4.404366 1.643068
9 -0.948144 -0.227520 -1.830044 -0.367070 -0.279425 -1.653394 1.521453 -1.479832 6.772854 -0.718908 -0.484731 2.551034 -0.878103 -1.978171
13 -5.983101 -1.481666 -4.618748 -0.331578 -17.014099 -3.181612 -7.201122 2.865995 -0.004167 7.050151 -7.842649 3.630640 17.709449 16.402507
12 -2.776539 5.956153 -1.147044 -5.633825 -7.097630 -1.986341 -5.363096 -4.521146 -5.009847 -0.273276 1.586069 26.708965 -0.445539 0.003099
11 -1.249458 1.417534 -2.514522 -5.397527 -18.409389 -4.807261 -8.740758 -23.530680 11.858347 -5.115735 67.985340 -5.654296 -8.878799 3.037206
8 -1.303712 -0.174838 7.829298 -11.594279 -1.551364 12.255999 2.447310 12.821742 -0.417408 -0.550019 10.927535 -21.716737 2.439248 -11.412776
2 -21.194167 51.677609 1.607498 -9.268774 2.296844 -19.217424 -0.068248 -7.555865 11.742188 -1.331153 -3.930596 -5.447063 -2.026545 2.715693
1 486.860366 -49.861087 -59.762799 -51.479986 -51.069359 -43.641603 -15.630970 -20.419390 -48.057614 -58.507849 -27.210393 -40.807398 30.720791 -51.132709
7 -12.874110 -9.850260 -4.602712 -6.848576 -7.539100 -6.327420 69.853865 -7.352237 -6.470551 -4.389884 -4.091290 14.463220 -7.012896 -6.958048
10 -6.454562 -8.283865 -1.980518 8.788037 -0.835881 -6.960878 -3.341139 9.137593 -15.492070 19.971478 3.691139 7.665752 2.804446 -8.709532
3 -12.834097 -6.025361 72.122893 -19.518521 7.242714 -4.132159 13.112119 -12.208412 -6.415420 -14.208255 -11.880681 10.183616 -6.582338 -8.856099
1 74.103784 -19.151008 6.078531 -0.746262 -10.709989 -15.124810 -28.607424 6.368967 13.394253 -8.494518 -18.048562 3.634074 16.667616 -19.364652
1 71.006782 -5.056293 -6.623500 -3.422691 -9.127808 -4.817149 -11.324632 -3.241376 -1.508671 8.813712 -5.743827 -7.802123 -16.239028 -4.913395
2 -4.288659 50.197418 0.581006 -1.705569 -4.418896 -6.920719 -6.028534 -8.836906 -4.234171 12.190898 -10.149933 0.345789 -9.712244 -7.019478
6 -5.690198 4.449695 -2.050419 -13.183382 -4.230406 74.592800 1.551454 -11.238168 -4.714643 -12.402025 -8.829018 -19.456648 19.133635 -17.932677
5 -16.400659 -5.976224 -7.444752 -5.671883 73.571396 -22.512789 4.627506 9.794414 -20.501938 -1.575543 0.252452 -15.918617 -0.398473 8.155110
6 18.148458 -4.475560 -11.851958 -9.819857 -12.385857 63.251957 -21.808919 -17.060160 -27.013766 15.140086 -7.713991 -6.724376 4.293220 18.020726
10 -8.952021 8.169923 6.074543 -5.113000 -8.662867 -8.828715 -7.593204 0.914279 -1.943321 14.611037 -3.228104 10.750150 3.495121 0.306178
2 2.741730 25.984506 -4.419891 -7.559767 -11.060279 2.209721 -4.313816 4.272076 0.487525 3.145653 -6.222452 -2.586321 -4.716987 2.038302
3 -12.882827 -6.568452 95.398752 -8.897265 -3.301707 -9.650430 -8.797806 -0.431138 -10.523040 9.087299 -6.206384 -6.939758 -25.558516 -4.728727
6 1.586911 -1.832635 -0.421331 -4.862884 -19.194843 12.285752 -3.801776 8.186189 -4.101660 2.387732 6.873817 0.505164 4.627496 -2.237931
6 -0.235556 -2.118712 0.186588 2.422289 -3.524436 6.853102 -1.406022 -1.936861 1.037775 -1.593159 -1.741516 -0.076484 2.476259 -0.343269
3 -4.291431 -1.256406 73.915421 -1.497884 -1.653398 -4.157376 -9.545609 1.161623 -9.151417 -12.291515 -0.002289 -16.241780 -12.006268 -2.981670
10 -16.461311 -8.716910 -23.107531 -6.592705 -3.041739 -8.482604 2.924678 -7.029973 -4.281339 127.821436 -3.890171 1.047554 -42.931382 -7.258000
10 -9.016448 -4.479413 -6.221331 1.457065 -2.609551 -15.807622 2.547378 -17.951227 -14.735576 48.010852 3.879188 13.651830 -7.381265 8.656121
7 -65.493560 -73.573410 -65.878331 -92.973826 -31.793635 -76.521737 801.515495 -48.436078 -57.599317 -35.439411 -88.221839 -57.464683 -60.329874 -47.789773
8 -2.801795 -4.058564 8.424103 3.238866 -8.036895 0.760390 1.278151 10.805023 8.742920 -12.313158 5.174414 0.299232 -10.568539 -0.944150
12 -5.673126 3.500635 3.493786 5.779000 -11.370466 0.248437 6.404538 -6.848756 -23.630554 -10.601960 5.508436 56.262588 -15.439928 -7.632627
4 -2.435259 1.645924 0.887066 3.824080 1.952716 -2.385546 -0.594039 -1.039073 -7.418776 2.568418 3.452859 2.539946 -6.539097 3.540781
11 -9.681045 -20.099768 -19.063489 -21.009236 -0.497932 10.225758 -1.779332 -13.734046 4.532791 -38.676364 126.722688 14.512195 -16.880952 -14.571267
11 -36.606998 -71.237786 -52.827161 -62.237055 -10.189135 -29.142132 -14.889415 -68.841933 -59.916837 -103.193280 658.290200 -71.476361 -23.693337 -54.038767
10 -2.667083 6.499139 -10.194574 -6.688775 -6.232700 -3.371503 0.727974 4.833758 -4.161813 12.033457 5.916315 1.519069 0.618061 1.168675
3 -12.882827 -6.952030 94.833944 -8.897265 -5.188231 -7.737561 -6.693645 -0.536025 -10.621537 9.503707 -7.296989 -6.939758 -25.659543 -4.932241
7 -0.839968 1.074654 3.379981 -3.345235 -2.576862 -6.530803 8.628450 -5.314337 3.177259 6.402952 3.904677 -7.740161 -0.311218 0.090611
14 -11.122684 -12.389416 2.488942 -13.231999 22.606370 -3.450522 13.234441 -17.363519 1.012321 -18.272012 -20.051917 8.306251 5.809931 42.423812
11 -4.624432 -1.163394 -9.752027 -1.034188 0.841341 0.354237 -6.703512 1.935438 -3.778904 4.314109 31.875246 -3.814299 -5.592592 -2.857021
7 -5.082362 -1.185165 -4.808975 -0.673978 -2.674321 -0.381988 10.778429 5.789643 -0.340284 -2.609174 6.254455 -4.120326 -1.129694 0.183740
4 0.636949 7.515769 -5.767585 8.344684 3.763221 0.672368 3.332557 -0.693179 -11.273058 2.487187 2.433842 -0.192927 -10.352935 -0.906893
10 -28.308530 -9.611334 -5.062387 -27.524518 31.132405 -29.361000 -9.699569 19.077756 19.928618 39.084343 35.700568 0.265341 -3.287131 -32.334563
11 -11.290574 18.492548 -27.941377 1.691635 -12.746916 -10.654872 21.896951 7.048666 -22.717883 -19.590626 97.845863 -23.152339 -13.616740 -5.264335
10 -2.386776 -8.318772 -5.818794 -7.516618 -7.962606 -8.121081 -4.822184 -14.266146 1.358763 75.390045 -5.599957 -4.402481 1.583650 -9.117043
11 -8.952548 -17.418043 -14.961737 -7.095910 14.818962 -7.506975 1.975640 -7.481024 -19.176159 -16.279937 116.083279 -8.080105 -14.829589 -11.095856
11 -4.095565 -6.445079 -3.269937 -5.421746 -5.824830 -11.029121 -3.502711 -3.093678 -10.299784 -3.080564 77.595137 -7.305890 -10.982915 -3.243320
6 -5.515488 -3.385447 -15.999128 20.315565 -0.769452 56.480791 -0.674472 -12.868455 -0.170496 -9.781326 -14.263769 -2.658826 4.647948 -15.357447
13 -0.095658 -3.492327 -13.155716 -2.884447 3.826634 -16.053590 -3.916961 -6.906993 -2.954998 0.711849 -7.841835 2.760302 56.032570 -6.028831
5 3.828965 31.968768 -5.168274 2.057163 35.729266 -1.001703 -9.327686 6.244826 -11.593360 -10.437245 -8.478183 -18.698655 -6.617671 -8.506210
14 -8.114260 11.474202 -11.881586 -12.615550 -2.963836 6.190271 10.140797 1.749822 0.812240 -8.902768 2.919141 -8.822550 -10.081120 30.095198
2 -61.981498 34.756858 5.408627 -11.569364 14.817173 -30.684533 19.602024 2.986995 -11.243390 6.842160 14.597864 3.863366 -10.405025 23.008740
14 -5.305469 -5.127402 -5.173146 1.551029 -1.820919 -12.837756 -0.783543 -0.864688 -15.442265 -2.299223 16.260406 3.292013 -8.047681 36.598646
3 -12.826944 7.233330 10.836493 -0.927789 -1.252007 -5.711431 7.900468 8.404431 -7.314770 -9.439439 6.266636 -3.611266 -3.281803 3.724093
2 -39.420698 93.664123 -8.135543 -11.964258 -6.520260 -13.162398 -6.265662 26.247056 -18.405987 16.283755 -4.082616 -12.832328 -7.441229 -7.963955
5 -3.300210 2.611523 8.105961 -10.672383 64.158403 -12.901746 -8.735701 -5.243568 6.729089 0.468716 -5.991064 -11.694020 -13.874898 -9.660101
9 -6.805691 2.491917 -8.383252 -7.392752 -7.105175 4.313085 -5.714040 1.629939 68.027609 -18.668335 -1.590851 -0.150568 -8.446748 -12.205140
10 -11.400788 7.315685 -5.242260 1.881036 -4.325120 -2.004302 -3.313903 -10.636772 -8.280432 14.706540 -3.815039 10.461041 11.274988 3.379329
5 -10.523422 -2.586223 -11.077099 -2.369184 66.241251 -22.959028 6.510574 -8.252430 -29.805924 -13.132088 15.696461 -6.293674 16.619269 1.931516
2 -61.167777 103.380749 0.607290 -10.518796 1.647402 -21.509664 3.186382 -9.610333 -14.106349 -0.535636 2.823067 -0.798516 2.774529 3.827649
13 -2.304443 -5.270046 -1.043229 0.023639 -10.201691 -6.236678 -3.103398 -1.420205 -8.248006 10.838425 -1.057860 2.321479 31.148650 -5.446633
14 -17.941781 -26.017429 -11.877809 1.668293 -18.530967 8.687159 1.164576 -17.710710 -8.481409 -21.083912 -23.396810 -21.386525 -1.436245 156.343570
9 -2.488289 -7.977876 -2.408683 4.519463 -7.220581 2.401511 -6.488468 9.528516 10.886520 -7.621857 2.643521 2.441922 2.180316 -0.396016
3 -18.518546 -10.523721 131.053124 1.538019 -25.816704 -18.167125 -5.721360 -11.337847 -14.971978 16.613059 -3.723877 5.163381 -28.575382 -17.011041
4 -7.506549 3.525411 3.708283 19.362755 0.057386 1.753287 -0.768609 -2.630480 -3.232143 -16.758803 -10.647518 9.514876 9.134313 -5.512207
6 -7.622622 -9.179722 5.862668 -5.013347 -20.387564 68.885029 6.225545 -6.172498 -17.083043 -21.788343 -2.746671 18.869565 -4.663714 -5.185280
13 -6.141795 -6.219786 -11.825827 1.800460 4.875270 -2.474636 -6.018130 -0.416409 -6.279610 15.361488 -15.863060 8.142835 17.587083 7.472118
3 -5.116839 -13.938258 57.992696 -7.486682 -6.632821 6.215957 -16.478470 6.732919 -5.750785 -13.715853 -4.922189 12.037426 -7.491560 -1.445540
1 44.701453 -2.816433 -3.333568 -7.337236 -14.166214 -9.596598 0.365257 4.793427 8.792430 -10.971059 -9.150881 8.764485 -7.637321 -2.407740
2 -2.311276 21.632036 -3.330646 0.433235 0.409178 -1.460786 -1.326724 -1.776079 -2.536329 -2.195157 -4.332336 -0.458806 -3.068143 0.321833
6 9.747085 7.107250 -13.623826 -7.195099 -0.493905 10.537416 4.702803 -5.191986 -2.374055 -3.262139 -7.967761 3.112727 -1.780561 6.682052
5 -1.295741 -7.551108 -12.906198 -14.726364 74.444052 7.449510 -6.084499 3.436637 -22.255916 -9.729412 -7.541775 -7.462005 3.528844 0.693977
6 -8.445582 -16.759086 -12.209800 -3.232925 -0.378858 99.957168 -3.493958 -8.465120 -3.266823 -12.331916 -7.174391 -4.720026 -11.907428 -7.571257
3 4.694068 -16.137883 97.477703 -15.294611 -13.810446 -5.807508 -11.676360 -15.607037 -12.322124 -22.743994 -26.933009 79.141823 -49.253775 8.273157
12 -1.858693 -14.847862 -5.574370 7.975830 -14.463443 30.889946 -20.847688 -12.560267 -25.624776 26.465640 -22.233910 63.943534 -3.713674 -7.550266
1 53.545914 6.626146 -11.704650 -0.528147 5.122480 0.941740 12.145561 -24.226929 5.912651 -7.996469 -15.457079 4.032524 -24.168551 -4.245191
14 -2.974837 3.227586 -2.802656 2.965165 8.976721 -4.648106 -2.790762 -13.136410 -12.170513 -3.844931 -2.773074 2.912228 4.378865 22.680725
13 -2.226043 0.265278 -1.831662 4.813228 -4.374698 -5.564228 -2.421344 1.193338 -7.725087 -3.165309 4.759903 3.544497 6.671653 6.060475
11 -6.657843 0.248297 -2.783525 6.948321 -0.479278 0.048950 -3.547773 -5.224476 -4.971287 8.553342 10.246254 0.290361 -9.497709 6.826367
12 5.537244 -9.415067 -6.396229 -0.149274 -14.428612 4.776541 0.968043 -10.223849 -11.511754 -3.257090 -13.264804 70.263105 -3.807242 -9.091013
1 58.356848 -9.805931 -12.610776 1.669600 -9.398381 -12.992572 4.042289 0.485885 -2.249462 -7.748938 0.267042 -6.127836 -18.817164 14.929396
13 -5.902391 -12.891582 -4.544833 1.009555 -5.908212 5.476851 -5.114198 -6.805629 -4.406621 -1.938297 -4.600477 9.776490 37.688337 -1.838994
13 -8.146012 1.856948 -13.307170 -7.260131 -14.471275 0.665763 7.686325 -13.042502 8.030854 -0.337128 2.754282 0.085764 39.196562 -3.712283
10 -2.452359 5.080233 -9.172390 -4.013377 4.500530 -4.671179 -3.005480 -5.028080 -22.966882 16.947739 11.874647 10.105390 -10.502205 13.303415
9 1.580659 -2.484610 -0.891823 2.120460 -8.325722 -9.367873 2.369138 0.074505 9.475699 4.139912 -3.044196 5.214263 -0.612215 -0.248196
3 -9.509916 -2.445440 93.997709 -10.636899 -7.397017 -14.939417 -2.683731 -2.877738 -5.416784 -6.192997 -7.224937 -11.109723 -10.400931 -3.162176
7 8.013531 -34.129186 2.094151 -31.074621 -13.128508 -34.337297 173.847746 -49.504567 -29.842644 0.087236 -15.423762 -30.556456 28.283569 25.670811
11 -10.618533 -11.841681 -3.187265 1.033719 6.189934 -3.852104 6.103207 -1.329617 -24.674314 -10.071542 59.720323 -0.881627 -11.096331 4.505831
8 2.037576 -6.795141 11.394673 -19.721549 -14.571439 -2.304305 -13.186780 57.000357 -0.560974 11.327358 -13.857470 -15.672492 9.352437 -4.442248
9 -2.435236 -13.171828 -7.640019 2.641121 -17.973945 -8.244032 2.822843 -5.487476 26.044763 -4.773795 -5.494371 5.671478 23.494460 4.546036
12 -6.072360 8.976655 6.536758 4.670769 -16.730269 4.949226 1.241494 -18.661797 6.404476 7.227312 3.920449 10.632418 -13.835743 0.740610
6 -3.444351 -5.115130 -2.508187 -1.394866 -17.161757 66.073027 -4.398448 -5.347537 -8.730196 -8.195135 -6.047721 -5.722507 11.800100 -9.807290
1 88.487728 4.236451 6.213771 -6.519939 -14.480866 3.019418 3.806124 -7.661349 -15.279447 -26.695255 -18.018005 27.969589 -23.683978 -21.394243
1 24.062219 1.479209 -1.348890 -5.639921 6.782271 -6.136834 -3.534962 -4.300697 2.379852 -3.009149 0.018301 -6.874495 -1.625168 -2.251735
9 1.747467 4.718403 -1.819539 -14.849053 -7.364978 10.989383 -9.247949 -8.700412 50.371584 -2.077077 -3.752438 -1.924119 -13.336574 -4.754698
5 -11.110732 1.894114 -15.680283 7.134731 63.945991 2.920599 -5.204850 -15.375293 -11.512484 -5.288057 -0.635169 -3.821113 -4.896319 -2.371134
13 5.197632 3.679640 -12.054590 -8.019578 9.303378 1.662928 -0.097958 -6.047144 -6.932398 -5.087159 -5.791019 0.774814 18.947279 4.464173
11 -3.705026 -2.309962 -5.774191 7.295172 0.866738 -8.948050 1.711781 5.780071 -10.726669 3.177117 10.615664 8.384970 -7.435651 1.068037
1 109.848883 1.658824 9.034085 -24.800349 16.180953 -26.445036 -5.353299 -8.270303 3.474914 -4.545510 -30.145330 -15.186677 7.213578 -32.664736
1 32.288158 9.379538 -6.114620 -16.308856 -9.079413 6.500175 6.733663 -12.602142 12.494254 -4.418008 -21.074759 -11.771175 -0.975214 14.948395
12 3.500814 -5.057526 -2.061271 2.984320 -6.275043 6.821005 -6.919325 -7.295503 -13.810961 -8.896380 -4.579756 46.587999 -2.009051 -2.989324
1 41.757113 7.773894 -13.813852 2.786662 0.095136 14.964291 0.468210 -17.773862 -7.832344 -14.158067 -13.278922 -5.129125 -3.911797 8.052661
1 128.026605 -13.778534 -8.516203 -6.467105 -15.715467 -6.909818 -7.725113 -7.852829 -4.065242 -3.214334 -6.644846 -13.746833 -18.159330 -15.230947
1 302.463423 -15.627646 -16.647880 -5.723611 -48.707312 -29.207040 -33.599988 -41.826937 7.733785 -32.626828 -31.187484 -26.225119 -12.315708 -16.501650
1 97.047464 -7.997156 -7.334508 -4.598667 -4.737747 -4.985427 -1.480094 -9.312228 -7.854933 -9.220540 -9.667401 -5.391115 -9.861836 -14.605813
1 286.380343 -16.743809 -38.321133 -44.933026 -39.963158 -13.806240 -24.510365 -22.641289 -18.643665 -45.341177 -35.811747 -18.776231 51.246511 -18.135016
1 112.941159 -10.993384 -2.279301 -5.034317 -4.800167 -3.864048 -13.907704 -23.916860 -4.284032 -12.162963 -9.110546 -8.243055 -0.742253 -13.602527
1 63.590287 -24.953011 -6.129166 -1.322560 -21.468982 -14.262815 -11.596266 -6.352270 14.857807 18.386850 -12.190978 2.284477 14.199851 -15.043225
1 69.564672 -8.262121 -7.815337 -1.889351 -9.366103 -7.612824 1.653095 -3.413273 5.940392 -11.130693 -12.498135 -8.361454 -4.859941 -1.948926
1 75.528833 12.454552 -21.338639 -7.270772 11.100942 -15.222947 -6.985932 -7.811004 3.146261 -1.646206 -3.004957 -29.744453 1.943985 -11.149660
1 85.347434 -13.952818 -7.723566 -20.726311 -7.461462 -12.585760 -7.277575 -9.631906 0.104157 -3.141727 -7.499290 -5.005442 5.300499 4.253769
1 110.973200 -5.125508 -7.243099 -12.869108 -19.325843 -12.266819 -3.155328 -6.296085 -5.274755 -10.957669 -2.990494 -6.938262 0.906018 -19.436250
1 67.999289 -11.518401 -8.356613 -6.430010 -11.087773 0.317915 -5.137856 0.969634 -0.377679 -5.473929 -7.103324 5.020987 -8.935865 -9.886375
2 2.402072 9.689857 1.086302 0.168087 3.154175 -4.244366 -1.402546 -5.529548 -11.238261 1.533166 6.822840 -0.129156 -5.462520 3.149898
1 57.909872 -17.827291 -20.504801 4.901140 6.544518 -1.293811 0.830421 -7.029582 4.627085 -8.062439 -10.768914 -15.237314 11.327546 -5.416431
1 17.157202 3.277857 6.494563 -2.538247 3.331621 -1.149343 -3.209464 -2.457616 -13.781145 -8.176153 -0.834445 -1.412541 -1.754249 5.051960
1 76.180279 -17.821267 -11.263046 -10.836578 1.891602 -12.044312 -4.244995 -3.470546 5.836316 19.825905 -7.683387 -9.641200 -14.034683 -12.694086
1 68.030782 -12.640771 -6.776333 -11.114854 -9.792431 -0.825988 -3.830695 -2.445608 4.009667 -6.594593 -7.681476 13.203618 -11.611896 -11.929421
1 54.185503 -2.398350 -4.162645 5.107162 8.722885 -22.624310 -2.498256 -4.617048 0.759835 -6.141133 -2.722832 -0.453298 -14.790771 -8.366742
1 89.797515 7.257681 -20.749707 -9.607264 -8.926639 -0.594999 -10.329936 -14.015675 -10.778930 -4.798956 -7.119366 4.605390 -10.456377 -4.282737
1 17.121629 2.147308 -8.704258 -7.172002 0.578088 0.913915 -9.173992 -2.862298 -14.739987 7.729692 4.214287 8.131356 2.551302 -0.735041
5 -4.948289 -7.512660 -0.156079 -7.012543 42.299249 9.447130 15.136630 -13.768568 -3.240673 8.018099 -23.723003 -2.041199 -2.323664 -10.174428
10 -17.151385 10.111304 -3.440223 -0.998226 -6.895183 1.236082 10.205568 -9.004949 -15.964581 61.425892 5.468183 -4.386439 -29.564471 -1.041572
13 0.519177 0.390284 4.911844 -7.054902 -3.650236 -12.137643 -3.596841 -4.307333 -3.546304 6.216990 3.835390 8.407080 10.339726 -0.327231
5 -16.838404 -18.527183 -8.593344 -37.914999 46.787631 3.244270 15.310081 31.931951 -1.274880 40.767318 -21.972624 -5.619257 -24.599144 -2.701414
10 -9.678882 -16.482296 -2.326310 -17.615091 -9.665583 -3.392117 -4.280052 15.239140 -25.453046 77.948455 -18.440014 -0.582216 10.358641 4.369374
10 -16.525663 -2.536494 -18.268352 -11.553945 -11.105814 -13.478801 -8.093020 -7.787511 -14.985254 139.561149 -9.003064 -6.947944 2.011815 -21.287104
10 -4.931637 -2.186188 -3.843121 2.418093 -3.376381 -5.106127 3.867190 -4.469224 2.244658 27.744861 -3.396698 -3.731793 3.445947 -8.679582
10 -5.151876 -6.755261 -2.712946 -22.628546 -11.075403 -20.727570 -10.406058 -4.190925 -0.361410 97.935614 -7.567518 -7.066208 -3.659578 4.367686
11 17.583777 11.583192 -9.998134 -8.023100 -12.567285 -3.257289 4.318791 -17.868269 4.758003 5.287219 22.650955 -24.697467 -3.798553 14.028157
10 -10.567169 -16.985640 5.157176 4.037972 2.302692 -4.168124 2.457247 -9.353246 -1.205263 28.868460 -4.747467 -8.477947 7.280831 5.400481
10 -7.802300 -13.039286 -22.716749 1.631281 -9.824519 -16.194440 -2.999855 -3.756388 -22.203021 135.558647 -12.000289 4.262038 -19.632897 -11.282223
8 5.595289 -28.988192 -10.110179 -8.877870 12.193156 -4.733199 2.153187 41.474296 -18.751539 -6.319530 8.507568 2.516085 15.727909 -10.386980
13 -9.585369 2.039644 6.651867 -6.909450 12.442791 -17.903159 3.571285 -6.830511 -17.975250 25.982245 -3.835905 -5.600036 26.048335 -8.096487
10 -3.371343 4.128210 4.787406 -0.647387 -5.871827 -17.562073 -8.924988 -2.455530 -11.889180 55.071941 -7.283669 -2.058648 5.695690 -9.618601
9 -3.317792 2.024139 -11.673435 -4.347020 -2.993017 9.049139 8.357478 4.574427 19.583393 -8.907092 -5.918740 -9.875987 2.674064 0.770440
10 -2.351698 -15.195850 -1.030609 -10.173542 -1.339333 -1.717647 -8.838304 8.953660 -10.128806 58.318563 -1.416931 -9.093349 -0.510301 -5.475852
10 3.223944 -9.839457 -1.087495 6.634671 6.821117 -10.157082 -9.714052 -7.122784 -8.941626 31.378168 0.435903 8.955660 -11.244084 0.657117
10 -13.780303 -2.080947 3.034288 11.135075 18.209472 -12.174349 -3.938258 -7.939321 -28.008087 53.330723 6.450277 0.045592 -28.527211 4.243049
9 -10.161789 2.033678 -0.473633 6.352678 1.353524 -6.351258 0.773246 3.678135 15.393136 6.934361 -9.877930 0.573366 4.896597 -15.124113
2 -7.019076 27.690182 -6.641512 -3.143716 4.678602 2.920358 6.097726 -11.329728 -13.865743 5.322923 8.812205 4.049543 -18.859662 1.287899
2 -25.377551 60.519015 -1.247339 -5.632544 -3.514079 -6.733636 1.034220 -7.987075 -5.324546 -0.080495 -4.046251 9.628241 -4.840332 -6.397631
2 -3.575854 67.937668 -3.779636 -1.148490 11.300696 -4.000906 -11.724844 -0.967693 -8.820268 -7.897437 -9.158703 -10.732654 -7.977105 -9.454773
2 -6.307855 78.604332 8.030380 -9.895065 -27.442208 -5.666279 2.079207 -12.327066 2.751120 -7.521501 1.143708 8.292383 -18.610716 -13.130440
2 1.815616 58.675023 -0.865620 -3.027734 -7.381300 -7.429612 1.350189 -6.959324 -2.364502 -5.141676 -9.433121 -6.212662 -11.920139 -1.105139
2 -22.573434 70.227791 23.662212 1.251355 -2.440586 -3.385433 -0.731390 -18.652109 -10.131528 -4.890636 -4.070979 -6.361331 -16.235337 -5.668594
2 -19.698611 182.874388 4.154610 -6.871991 90.407410 -34.565376 -45.963449 -16.045005 -45.804776 -20.127393 -10.462394 -22.970109 -17.334265 -37.593042
2 -7.683088 19.912408 -29.259517 4.155726 4.494959 9.277012 1.804141 13.014825 -17.391506 2.044587 5.238501 -16.587726 4.321863 6.657815
2 -60.918367 76.937561 11.523238 -1.509664 -3.936800 -22.244505 6.769108 -4.042577 -16.405528 13.156078 0.466584 -8.468027 -4.619075 13.291971
2 -5.017512 46.620080 -5.634065 -5.325894 13.724031 2.025542 -4.224268 -2.550333 -1.840423 -3.090584 -5.420629 -14.560142 -9.214833 -5.490970
2 -0.455883 42.672959 -2.645973 -7.376677 -0.610071 7.655259 1.524974 -5.429538 -5.772918 -5.737225 -9.043076 -5.942164 -12.630064 3.790399
2 0.643475 70.065040 -8.771304 -2.621036 12.060375 1.722267 -15.944264 -1.453273 -9.445364 -5.594252 -12.932595 -5.171556 -6.285399 -16.272114
14 -4.054361 4.139150 -10.375917 3.254384 -4.542864 3.115833 -1.518041 0.773370 -5.809273 -10.220838 1.823648 4.334261 -1.184256 20.264903
5 5.577210 28.706840 -12.521882 1.744396 35.170762 -7.821874 -12.302888 -1.081955 -9.833785 -4.749969 -12.182042 -3.535304 4.966309 -12.135819
2 -11.285761 163.230867 -21.275396 -11.387792 -47.047619 7.308113 17.756678 -20.132495 -15.370852 -9.931153 -3.605247 -11.333643 -15.317096 -21.608602
2 2.820802 79.664354 -9.771549 1.373357 -16.167373 2.751794 -7.227068 -4.968412 5.472096 -3.681693 -10.064744 -10.038833 -12.331656 -17.831073
5 3.346942 -1.092126 -10.580865 -4.980321 33.531477 7.283331 -16.262667 4.630163 -1.478643 -5.583409 -7.073770 4.603162 2.381528 -8.724800
2 -1.038194 28.000659 -1.891574 -3.116199 20.576391 -4.007316 -6.370178 -11.859523 -14.584695 -0.444239 12.808983 -9.609070 -5.936946 -2.528099
6 -17.655450 -54.762885 -31.441925 -16.587276 91.590948 177.240421 5.068277 6.716849 -16.324695 -35.637771 -23.620280 -51.933116 4.844049 -37.497146
5 -7.462650 -19.055062 -14.689025 -9.502253 52.818607 -0.350919 14.968713 5.912409 -10.013095 -22.929389 12.585516 7.467332 -0.176727 -9.573458
6 4.706588 -8.397858 -2.823734 -6.027597 -0.431073 15.810809 11.100913 5.946174 -14.098413 -12.206595 1.551907 -0.297090 -3.962713 9.128681
5 -12.925119 -16.309152 -8.593825 -19.416800 183.197069 -8.837184 -14.418213 -15.409435 -23.952924 -28.534574 20.492700 -18.642944 -25.442158 -11.207438
5 -7.208033 -0.226380 -3.442427 7.183624 66.821228 -0.907379 -10.098490 -16.091575 -13.278321 -3.171060 2.803745 -7.156348 -12.242108 -2.986476
10 -7.957224 -2.858432 -3.809932 -1.626372 8.562369 -4.153127 2.540346 -3.000745 -10.330570 20.584879 -3.903403 -9.660662 2.823985 12.788888
5 -3.151781 -7.426789 -10.393094 -6.823378 67.913707 -12.315885 5.542366 -3.487173 -12.758289 -8.677013 -0.729004 9.649452 -5.410128 -11.932992
4 -1.186750 -6.585781 13.471410 16.823714 7.465516 -16.461117 -7.830024 2.104460 -1.812197 -7.083361 -5.619746 15.814412 -15.291028 6.190492
5 7.189664 -15.102810 3.010617 11.124436 35.652414 -7.511579 -3.136314 -4.443987 -12.260806 -3.044605 -23.942189 28.837312 -11.071974 -5.300177
5 -2.667656 -18.652322 -13.022866 -0.352643 28.736000 8.940923 -9.938086 2.051777 -19.472199 0.879150 11.998875 5.754713 -8.434447 14.178780
14 -0.535606 2.956058 -3.723479 10.528197 -0.652841 -4.060036 -2.377027 1.985066 12.284797 -7.177040 -15.546423 -17.704404 -3.507255 27.529992
6 6.478096 -4.052342 3.561417 -4.391917 7.157698 9.948038 -12.661666 0.478553 7.498925 -0.012294 -1.647725 2.388178 -2.956486 -11.788477
5 -23.983709 18.794031 -22.297215 -18.143022 92.160512 20.123773 -17.262110 -44.098928 -8.716355 -9.042349 21.944233 -14.538524 17.436525 -12.376865
5 -9.753195 -5.918839 -20.649180 -5.757484 179.321947 -35.840099 -12.558712 -5.681377 -12.238411 -39.518926 -0.833941 -10.477825 3.902428 -23.996386
5 -7.127519 -6.730694 -2.637459 8.770146 55.989950 -7.426762 2.432946 -6.190234 -6.960931 -7.135710 -10.421858 -11.859864 4.848170 -5.550180
5 -0.069213 14.084027 -22.890506 -4.809309 95.996466 -3.656328 4.894872 -7.405645 -2.115264 -25.808097 -11.836709 -18.211271 -2.130862 -16.042164
5 -4.946666 -13.368060 -10.640850 -1.371856 61.479943 -15.376223 -1.817986 -5.378056 3.139408 9.007130 -5.188427 -3.948202 -1.881828 -9.708326
5 0.971913 -0.291756 -27.130348 -0.123854 98.530777 -11.960547 2.451873 -5.730821 17.832707 -18.928095 -13.784469 -30.203552 3.007925 -14.641757
5 -6.632490 2.977999 -1.320052 3.464112 29.041629 -4.305875 -9.221267 -7.103651 -11.415045 -1.031214 6.263485 -3.814468 -12.075254 15.172090
5 13.427272 -25.168206 -44.844877 -2.118411 195.205480 -28.376440 -11.147590 -37.762208 -2.920451 -46.903364 -10.482684 -18.131246 39.257733 -20.035004
5 -8.841451 -2.985369 -4.560842 0.373678 29.215778 24.529501 -2.996907 -2.686400 -8.849105 4.274440 -2.781635 -9.111596 -7.610924 -7.969167
11 -3.663528 -14.352763 -6.617498 1.856509 -11.944502 -4.949842 -9.553949 -6.971741 -1.614423 -7.139456 68.536273 -3.897033 7.007787 -6.695833
11 2.741694 -11.389217 -17.302981 -10.638942 1.870094 -1.249918 -5.811634 -6.853148 -17.863029 -19.208511 118.659229 -4.505619 -13.542862 -14.905153
5 4.885136 -26.356269 -6.364383 -7.745172 35.230783 -9.986666 13.282379 0.414375 -17.308666 -16.223478 12.675206 -0.361325 11.233257 6.624825
11 -5.110849 -9.113287 -10.522607 -10.888675 -11.203919 3.951031 -4.243077 -11.409171 -7.783953 -24.016331 121.896161 -9.216506 -3.317051 -19.021764
11 -38.279703 21.370351 -23.322134 -13.103121 -60.142213 -7.301456 -17.151191 -25.738265 -37.273995 -67.915802 353.453923 -55.302804 11.726922 -41.020514
9 -8.631884 -1.366366 4.187599 -0.885545 10.949776 -18.576266 -0.115359 -13.900541 11.119566 -0.840664 6.469702 10.112002 -1.314147 2.792127
11 -15.646344 8.200092 -6.488318 -3.751134 0.368569 -8.325920 3.307629 1.038165 -11.096967 7.172015 30.841548 -10.008683 -3.533946 7.923294
12 7.422227 0.986496 0.767250 -1.753394 -4.722653 -5.598092 -3.153121 6.541049 -6.885877 3.603739 4.925610 7.732378 -1.823128 -8.042486
11 8.569922 2.289344 -17.315983 -12.786703 -3.918376 11.784095 4.206535 -4.197565 -18.351727 -16.426560 45.173376 6.134066 -4.693924 -0.466499
11 -18.734113 -22.048424 -0.577101 -13.945447 -18.763154 3.991800 -11.569682 -28.717784 -10.686350 -32.260961 213.627178 -20.213435 -19.992580 -20.109944
11 -58.757932 22.710825 -7.517686 -13.926498 11.059749 -19.982136 17.095252 -10.412287 -8.611281 -12.588709 78.388272 6.835409 -3.061488 -1.231495
11 -2.885713 -5.301043 -2.871441 -3.615308 0.596794 0.467541 -4.823064 -8.029981 -1.967030 -5.105944 41.926516 -0.135310 -5.089210 -3.166806
11 -3.442477 -6.834116 -4.302951 -0.987622 -5.147367 -0.802367 -5.003527 -2.107888 0.937353 -4.144533 33.974869 4.597647 -1.545791 -5.191231
11 5.321063 -35.432875 -17.325671 0.385484 52.933837 -15.974379 -13.638335 -13.315177 -32.588800 23.540028 64.907827 11.435963 -16.747970 -13.500998
11 -10.940942 -36.455480 0.353306 -23.980210 44.834057 1.747476 -13.426696 -22.988562 -17.378562 -6.172342 128.780699 -20.131315 -13.546696 -10.694732
11 -5.445782 -27.779059 -18.885471 -10.833713 -28.559431 -9.315355 -32.555251 -30.229532 -7.956858 -32.392717 228.782284 -4.209861 -6.014129 -14.605118
11 -14.850961 -3.224105 -7.111038 -3.049089 -30.672115 -20.122551 -3.707555 -39.536446 -13.303820 -30.493248 184.550949 -4.787751 -11.492625 -2.199641
11 -33.702827 -50.510046 -38.568963 -35.460340 -5.015273 -6.689767 17.265240 -4.080091 -31.239581 -19.284145 272.915504 -38.214850 -7.401879 -20.012983
11 -13.723434 -19.807681 -4.431549 -4.169758 3.453678 -18.230935 -2.574577 -7.102325 -8.887450 -13.950294 101.808742 -20.717896 5.594425 2.739055
11 -5.516564 -13.435572 11.309855 -7.509200 7.037370 -9.833048 -8.367991 -7.383321 11.729027 -14.803963 42.489346 0.535136 3.723545 -9.974622
11 -12.351825 -21.424223 16.595523 -25.610117 -23.973971 -4.815256 -9.260468 5.059521 16.418702 -30.933664 131.302716 -14.405150 -20.494699 -6.107086
5 6.098861 0.999152 3.805765 24.918916 30.327803 -15.265497 -19.783908 -11.381474 24.224538 1.620682 -22.636767 0.847333 -4.422409 -19.352995
4 0.982926 -0.539292 -1.833008 24.877155 -9.486302 -7.782486 17.229455 -16.864695 -8.762527 -17.987821 8.799148 7.308357 -11.020436 15.079525
7 -8.908064 2.957347 -8.686855 -9.757823 -11.452849 -15.498260 152.024946 -8.835298 -6.349789 4.714549 -22.372715 -23.110716 -20.301380 -24.423091
12 -6.075973 -4.330605 -18.639441 17.290557 3.354235 -10.546094 5.889390 -6.642486 9.300926 -14.896787 8.055835 21.543648 -11.159679 6.856473
4 -1.575266 -3.843390 -12.280117 38.325203 -3.232963 -13.417470 10.061367 11.942412 -10.324174 -2.219374 -1.893416 5.607997 -3.609350 -13.541460
4 -42.867675 -27.742382 -17.066893 175.824479 3.156930 -48.085573 163.363751 -19.638800 -34.288559 -32.639780 -26.733549 -30.245640 -28.826162 -34.210136
12 16.703438 -4.125023 -9.651091 3.513474 -14.441262 -3.473991 -16.547731 -0.641403 22.359393 -21.548451 -11.917578 22.897488 2.354878 14.517859
4 -3.729498 0.030692 7.204377 19.104586 -11.928730 -4.557993 -0.756620 -0.857987 8.864460 -9.112331 -3.227488 -1.688878 -4.117816 4.773227
5 -5.741260 -8.721073 -8.627446 4.922903 63.898517 -4.680292 -3.293791 -11.827779 12.055918 -11.429524 -11.162167 5.027723 -7.537264 -12.884466
8 -8.740655 5.592410 -1.301312 3.173609 -14.472186 12.322333 -4.939236 12.414722 -1.201218 -4.585163 -2.566360 -0.152697 2.404807 2.050948
4 -7.446217 -0.376199 -5.113877 30.647843 -5.942480 4.207579 0.836446 -4.037666 -7.557411 2.953842 -1.858853 -3.783663 5.660272 -8.189614
8 0.300584 -22.152752 -6.949845 -5.258710 -8.345294 -6.118876 -13.917043 23.789715 21.084797 13.368042 -13.988314 -2.202604 8.890658 11.499637
4 -3.795314 -3.709782 -3.533597 35.767858 -6.107089 4.166894 -9.106116 -10.326869 -5.246804 -5.633155 8.866069 -2.910602 -3.391278 4.959785
4 -1.122858 -4.836630 -9.604851 21.885210 2.681492 -0.031226 -4.443595 1.213805 -8.676009 1.746772 -3.228122 6.269896 4.726847 -6.580728
5 -5.651224 3.392110 5.710759 -0.585094 9.673491 -3.953741 -2.713191 2.936928 -7.351432 -0.483343 0.576272 -1.224584 -6.807445 6.480494
4 -5.278768 -7.744012 -14.999735 17.852050 8.173108 0.040874 10.791122 -5.072381 10.495848 -9.235219 -8.472884 -14.306023 17.815036 -0.059016
7 -18.613438 -24.018210 -7.928572 -15.791223 -13.684367 -24.115642 138.812507 -19.545013 39.166848 -6.432256 -17.155927 5.589524 -19.450185 -16.834045
4 -6.151528 -3.745774 -4.351502 29.657875 14.035618 -0.808725 -7.486094 -8.085730 2.168095 -6.383997 -19.750183 -1.104753 14.110499 -2.103800
7 1.191190 1.713647 -1.427378 2.632811 -0.780313 -0.766958 6.473473 5.873302 -4.641282 4.657899 -3.628219 -3.166163 -0.796796 -7.335213
1 23.412843 5.940422 -0.841158 4.892727 -2.343026 -3.230146 0.912470 -12.635476 2.103047 -9.797847 -8.717622 12.647878 -20.610146 8.266034
10 6.042060 -5.561427 -10.603261 11.014672 -7.885923 -1.275741 1.130546 -5.120068 -7.414841 20.363370 -3.055778 -3.668991 7.351630 -1.316249
9 -1.136021 -3.017382 1.970671 6.459708 0.188034 1.008306 1.013800 1.329287 7.745943 -3.136066 1.236116 -8.659579 -2.352855 -2.649961
12 1.709374 -4.824124 8.998660 -4.644442 -1.953226 0.710982 -10.203919 1.222963 15.920971 -4.435731 -7.855731 15.978597 -2.811962 -7.812410
3 -18.608486 -13.213207 79.142056 -8.046981 -16.842743 -13.031002 1.999395 13.239889 -2.281196 -16.042131 -1.033096 11.284557 -3.931708 -12.635346
3 -12.923557 -1.456857 37.122747 9.755980 -3.492065 -13.815507 -1.608295 -14.672709 -13.464313 9.026872 3.878652 7.864101 -12.468090 6.253043
11 -5.991167 0.528160 -14.073082 -6.478798 -0.438878 -3.276290 7.299606 7.748177 -3.172767 0.084927 8.064534 7.695013 -4.173425 6.183987
3 -14.478742 2.589374 48.594178 -6.880723 -2.386409 4.094139 -2.279669 -10.925257 -3.341001 -4.644314 3.594086 -10.220683 -8.659334 4.944355
3 -7.539580 -5.760733 43.976173 -3.916997 -4.426526 -2.390484 0.344983 -1.397676 -3.152021 -0.933011 -1.031244 -4.401228 -0.930586 -8.441070
9 -0.454996 0.000000 -0.016942 -0.215343 0.000000 0.000000 0.000000 0.000000 2.876548 0.000000 0.000000 -1.361711 -0.691944 -0.135612
8 11.454534 -10.543226 15.640592 -11.646994 -11.879835 -11.709933 -5.026597 34.263387 2.504558 16.266405 7.389272 -5.774534 -32.170979 1.233350
12 -0.338662 -12.962295 41.554688 -7.588655 -2.800882 4.887919 -10.288756 -3.922266 -21.652722 -19.389806 -8.136790 42.529269 -4.522855 2.631813
3 -12.892591 -23.038489 175.097409 -23.262186 -20.365953 -18.789622 -30.136218 -17.119512 3.350777 1.820046 4.504374 -2.566424 -32.211944 -4.389664
3 -0.990528 10.448128 33.385752 -8.086344 -5.213758 -2.548389 7.370649 1.172653 -1.180236 -1.760333 -8.786005 3.689686 -23.126373 -4.374901
3 -25.031499 -28.032479 184.821782 17.722621 -17.658983 -12.409156 -18.629897 -22.341550 -44.902950 -18.050662 12.634158 -12.242790 -34.808324 18.929733
14 -2.836250 2.476783 -6.854010 -2.240992 6.470276 11.015939 1.728015 2.546082 -10.059255 2.440568 -8.772340 -2.865997 -12.778668 19.729846
3 -1.369153 -8.288381 44.627134 -6.277186 -6.702503 -6.523424 -0.693394 -4.802376 2.868586 -7.528409 -5.235613 10.796451 -3.908281 -6.963448
3 -11.077176 3.386239 58.027219 -4.868752 -12.132925 -7.892147 -10.469746 5.970154 11.469433 -5.624227 2.738822 -9.583638 -12.928017 -7.015239
6 -0.127655 -18.323101 -2.133131 7.135092 -12.391092 49.399885 -0.411542 -15.564614 -12.833828 -14.250906 5.144266 22.058488 -1.791036 -5.910826
6 -23.790478 -26.874210 -36.608811 -21.337016 -28.087581 195.879672 -24.486589 -12.920450 -12.667352 -16.938594 -11.211917 -3.697981 29.010578 -6.269274
6 9.289358 -12.003787 -10.903029 -2.855076 9.012897 13.458933 1.575099 8.248641 -11.147004 1.435319 4.372514 0.488296 -7.588198 -3.383963
6 -12.738036 -46.665419 -6.368882 -14.098287 -11.909531 212.774469 -19.825531 -35.432529 3.841423 -8.396088 -9.733087 -29.049118 -2.552505 -19.846876
6 -24.596491 -13.655465 -17.293609 -10.624200 -16.509714 164.874768 -0.995682 -11.253444 -12.269406 -22.771245 -5.021596 -10.535130 -2.354197 -16.994589
6 -17.564111 -22.744496 -6.229467 -15.536348 -24.874894 240.393840 -21.777728 -11.394061 -6.353334 -39.048367 -15.692651 -36.384578 1.676066 -24.469869
6 -42.022998 -23.369990 -26.893009 -16.381963 -36.123463 321.820573 -32.268471 -27.138839 16.599206 -72.507996 -24.048190 -53.311274 61.443601 -45.797184
6 -9.292314 -24.401546 -6.447975 -14.894955 0.267118 168.479842 -13.744930 -7.130595 -11.883116 -16.823074 -4.016186 -23.581858 -10.364846 -26.165562
6 -12.738036 -46.665419 -6.368882 -14.098287 -11.909531 212.774469 -19.825531 -35.432529 3.841423 -8.396088 -9.733087 -29.049118 -2.552505 -19.846876
6 -18.341667 -3.273555 -14.812279 1.608705 -2.434265 70.190202 4.802405 -5.836005 -6.703969 -1.614639 0.528814 -3.247697 -8.577734 -12.288317
6 -14.620933 -21.614020 4.159236 -9.522607 -11.461243 67.649908 -4.763747 7.201742 4.261519 -25.299512 1.700174 -7.668837 16.165502 -6.187182
6 -6.397847 -13.994401 -10.905306 -9.425866 -5.912918 71.383895 14.548205 4.292336 -11.478851 -7.589274 -8.842191 -5.321890 3.081716 -13.437609
6 22.597007 -36.297728 -26.071843 -15.666470 -9.307611 110.049326 -16.052646 -20.225088 6.686658 -24.408523 -8.850928 22.135956 -4.996973 0.408863
6 -8.229022 -24.377532 -6.917168 -10.286716 -7.047032 184.958887 -26.133599 -12.405368 -5.778250 -23.795902 -4.003377 -22.607814 8.043785 -41.420890
6 -5.847601 3.013395 -6.786869 6.015161 -1.952956 16.500153 -11.199405 3.127317 -12.444858 -2.850492 6.064849 -0.632857 1.243400 5.750765
6 -17.143952 -49.780802 -34.243312 -40.079078 34.528752 179.553008 1.111399 -5.648725 -14.223530 -11.227256 -5.069031 -36.819351 12.924165 -13.882284
6 -7.133636 11.777457 -7.742195 -13.344123 -0.886767 38.028817 -6.907187 -8.161229 0.756654 -7.759531 3.872163 6.650189 0.661471 -9.812085
6 -18.409806 -1.996632 -16.647298 -12.019424 -10.320170 69.590595 -12.194102 -2.512096 -11.639062 2.641698 -3.400700 5.870885 -4.226207 15.262319
6 -12.738036 -46.665419 -6.368882 -14.098287 -11.909531 212.774469 -19.825531 -35.432529 3.841423 -8.396088 -9.733087 -29.049118 -2.552505 -19.846876
11 -5.691714 2.002803 -3.920292 1.055394 -4.206749 3.690645 0.677476 4.265640 -2.720910 -2.594085 6.287001 3.198612 -6.399185 4.355365
6 -24.600262 -12.869875 -10.189607 -11.110061 14.378149 51.228207 -7.438557 16.417255 -10.662058 -8.787443 3.605776 -10.657711 5.233948 5.452238
6 -12.738036 -46.665419 -6.368882 -14.098287 -11.909531 212.774469 -19.825531 -35.432529 3.841423 -8.396088 -9.733087 -29.049118 -2.552505 -19.846876
6 -8.253756 -7.869554 -5.439294 -9.093442 0.000747 82.071210 -3.527124 1.232934 -5.495302 -13.787582 -2.738470 -19.446639 0.375117 -8.028844
6 -42.662289 -38.240468 -5.036497 -22.577171 -55.502559 320.072375 -26.412810 -28.036363 25.724643 -70.364468 -20.292044 -32.856513 36.287532 -40.103367
6 -9.036173 -7.544912 31.599771 -7.212048 -10.315498 54.619515 -7.122024 -12.729297 2.037032 0.312669 -1.408157 -8.054692 -13.900778 -11.245408
13 2.353527 -9.861225 -13.770980 -2.053868 -6.547349 -15.625792 -14.140279 -8.767235 -4.983804 -6.238585 -11.944974 -6.822023 97.638405 0.764182
13 -2.042674 -7.095337 -10.257373 -6.679490 2.316743 -11.827362 3.842850 16.210311 21.234754 -4.459945 -9.808969 -10.544026 24.463149 -5.352632
8 7.135892 -9.654371 -5.255803 -13.350463 0.242251 -5.034970 7.540254 13.356543 3.538722 2.979122 6.497783 9.255299 -8.676525 -8.573732
9 -4.387289 -0.126923 -19.572531 -2.494142 7.531924 7.424978 6.292276 -1.385243 10.914594 -7.072255 3.022019 -14.251044 9.875465 4.228171
13 -5.089246 -12.605253 -12.232613 13.701673 3.762364 -11.193813 -1.311781 -8.898664 20.182640 -6.348050 -20.135810 9.335410 31.940313 -1.107172
13 -18.607248 -31.749119 0.042620 -5.196456 -11.889364 4.003049 -11.300163 -28.451213 -1.078842 -29.306885 -23.180485 -28.527524 202.413304 -17.171674
13 -9.688102 -16.340426 -3.484450 13.467755 -5.010047 0.058798 0.912810 -1.785127 18.932007 -1.852107 -16.650938 4.174502 26.576410 -9.311086
13 -3.189202 -0.197270 -6.745139 0.727379 13.453464 -0.851015 1.042168 -5.307827 11.817306 -3.529348 -6.460786 -23.036325 25.006715 -2.730120
13 1.430943 -2.177669 -3.906248 -1.106912 9.486089 -11.380541 -8.756137 -5.318981 1.066832 2.536068 -3.710308 -3.323424 27.013929 -1.853640
13 -6.144323 -3.354681 -11.700354 1.997377 7.222786 -11.761643 -11.716829 1.343212 -11.047721 -3.573366 -12.056154 -5.307024 77.132405 -11.033685
13 4.760002 -9.993661 8.812496 -1.745782 -18.585126 -0.433436 -1.874824 -10.024324 6.046901 -7.436463 -2.174480 -9.855480 56.322243 -13.818065
13 -16.621492 -13.709528 -13.170225 -4.139152 8.580841 0.756662 5.243686 -7.090543 7.906556 -8.112948 -11.476753 5.806348 43.790830 2.235718
13 -8.071025 -37.986514 -1.572776 -7.311399 -24.128506 -9.835225 -20.350097 4.504974 33.590508 -5.006212 -35.540275 -5.383011 148.679361 -31.589806
13 4.991685 -2.138748 3.512713 -4.910090 -7.976233 4.298885 -2.196650 6.214897 3.261254 -5.776076 -8.466311 -6.409528 11.557961 4.036240
13 13.149593 -9.724269 -2.241935 -9.827235 -10.282871 -4.825884 11.466167 15.283065 -3.616127 -7.105010 -7.018413 1.290087 21.346707 -7.893875
13 -13.337836 -8.082227 -6.707923 50.850953 -5.475635 -9.844305 7.052579 -9.623788 -11.459556 -18.668226 -16.287090 0.705552 64.684365 -23.806860
13 -1.415001 0.256295 6.297759 1.130598 4.947657 -2.460801 -6.694498 2.508310 4.199819 -10.253537 4.173076 -16.955018 24.843327 -10.577985
8 -9.373407 4.345689 -13.537747 -2.744118 -5.898748 0.136699 -0.163723 32.800392 -15.076967 7.792643 -1.574392 -10.292459 11.235042 2.351095
13 -1.773214 -0.966505 -1.265810 -2.083803 -5.983229 2.916538 -0.555238 10.271337 3.283577 4.219496 -11.427972 -7.751857 12.147537 -1.030861
9 -9.585981 -14.736948 -9.603300 -12.905100 3.134956 5.352267 -5.626760 -12.927346 39.948903 -10.361881 -3.956097 7.477532 32.647582 -8.857828
13 10.127556 -25.132400 9.767331 -2.981903 -5.957595 -15.869026 21.812127 8.463912 -10.708729 -11.431067 -22.003735 -0.908938 42.895654 1.926815
14 2.238760 -0.213324 -2.149274 -1.581385 -2.290192 1.178853 0.661390 1.588863 -0.099689 -2.450596 -5.235910 1.191799 3.228864 3.931841
13 -0.523646 1.323346 -3.938042 -0.691245 -8.921573 -3.540457 7.179528 7.580521 -5.031055 -6.841188 -5.127652 -6.308591 27.806570 -2.966515
13 12.629663 0.515199 14.425658 -9.390172 -7.978429 -13.059804 6.125453 6.614312 -0.059846 -6.631585 -2.263964 -7.703692 15.161835 -8.384630
13 -6.856609 0.509112 1.710984 8.813922 -12.061405 -6.929842 -10.598557 -13.320259 0.229572 -23.758166 -16.485916 2.989855 86.256201 -10.498890
13 -0.687634 -7.656464 -10.835396 -6.200192 5.343420 -6.244499 1.564269 -0.906408 -3.947483 -9.348700 -3.680018 4.993723 45.058743 -7.453361
7 5.578995 -12.911411 -22.619234 -22.871867 -16.008812 -16.763285 199.414186 -14.769072 -18.043098 -30.573879 -23.654033 -9.480023 -34.172820 16.874351
7 -17.838062 -14.712948 -18.125531 -31.288341 -14.017733 -20.271253 205.098078 -9.778940 -19.972377 -8.187001 -8.706699 -10.384474 -11.656277 -20.158439
7 -35.951718 -30.636463 -39.021008 -27.382576 -16.214246 -20.368077 197.910185 13.042177 26.604454 -5.398001 -30.554097 -17.624384 -0.699376 -13.706873
5 -2.381262 -0.193834 7.709677 -8.878064 17.939733 -0.909017 1.631998 8.870424 -9.542233 3.494556 -17.987712 -0.067570 -0.684493 0.997798
7 1.405001 -9.535632 -40.271271 -34.145581 6.697045 -56.938445 153.641410 33.779795 -3.015973 -31.466005 -12.961716 -12.806584 2.834466 2.783492
7 0.135362 3.509444 -0.886292 -0.839716 5.653387 5.244716 9.369290 -0.350396 -11.278701 2.086833 -4.495248 -6.693653 -5.249744 3.794716
7 -38.499618 -33.502420 -37.834085 -33.060335 -32.763993 -42.254996 367.585770 8.124910 -10.090568 -26.562207 -30.097330 -61.720894 -14.152594 -15.171630
5 9.076891 -5.414694 -3.021262 5.465733 24.440674 8.864025 4.399680 0.598940 -19.063285 -5.134388 -5.859773 -12.827161 -10.083371 8.557991
7 -13.080821 -53.867894 -25.180845 -53.048995 -15.156038 -37.950416 325.904472 -8.503175 25.640037 -18.170789 -54.127099 -45.932795 -11.468021 -15.057616
14 0.915824 8.048577 -6.811552 -10.632616 6.847592 -14.203335 16.642652 -12.128113 -1.724840 -9.316400 -7.109975 5.707101 7.039005 16.726081
7 -29.687949 -33.105621 -17.881013 -21.555834 -2.305832 -6.578711 177.871944 -10.794190 -10.757785 -16.355118 -17.126794 -6.024244 19.922722 -25.621572
7 -1.309795 -6.625081 -7.236719 -4.511467 5.512683 -8.381303 72.349911 -7.527600 -11.491319 -4.443638 -8.797659 -6.170517 -8.832708 -2.534786
7 -8.256231 -8.307048 -22.597754 -9.089856 -22.775601 -5.112549 142.836800 5.947201 3.748560 -11.969992 -22.241432 -10.515534 -1.068720 -30.597841
7 -28.672099 -33.910487 -15.257653 -26.231741 16.359047 -6.703637 248.274100 -30.452225 -2.929109 -15.523800 -27.177042 -49.215799 -8.653790 -19.905760
12 -1.016175 -15.793710 -1.182087 -8.020231 9.437822 -0.249385 -12.719527 -12.009076 13.025770 -11.994529 -3.096052 38.445333 -1.188922 6.360770
7 -9.989136 -8.416722 -6.170636 -5.225286 1.719238 -0.374751 81.620937 -9.162320 -4.845681 -4.763417 -8.384155 -11.572478 -11.411906 -3.023686
7 -14.564139 -15.587351 1.082328 -2.095472 -21.257763 -8.142185 138.979471 6.219170 -14.283048 -25.441628 -15.032083 -10.626495 1.032587 -20.283389
7 -10.503670 -0.953860 -16.586654 -15.938682 -2.041027 -1.266808 75.506530 -4.431866 -17.697042 2.414739 -3.567748 0.116213 -9.932530 4.882405
7 -29.964217 -17.846169 -25.681976 -38.322709 -0.886050 -26.910067 236.803937 4.689256 -25.272997 -10.119758 -23.814104 -1.494121 -6.828355 -34.352663
11 17.651566 -7.913347 34.213975 -29.274107 -26.465303 -53.356038 30.475259 26.444038 -21.718008 -55.417714 117.946736 -25.999935 -1.607067 -4.980051
7 -17.485988 -9.396674 -25.060120 -0.914570 -18.898148 -9.270115 232.646235 -23.399421 -43.002890 -30.527307 -4.003784 -14.124869 -34.014803 -2.547542
7 -8.734373 -12.026862 -20.088204 -2.951583 -17.065536 -17.631391 160.780377 -12.327455 -5.242835 -20.729654 -24.641672 -2.421531 -24.741933 7.822655
7 -2.862461 -22.820215 -11.082958 -29.607816 -2.509381 -8.580723 102.461950 5.836943 -7.077519 -12.457492 -4.268310 -11.561111 5.537159 -1.008065
7 -17.270975 -23.369382 -29.592213 -38.019279 -19.409224 -21.903529 272.560738 40.282534 -30.777217 -17.209027 -23.724485 -37.895480 -21.251852 -32.420606
7 -29.059049 -41.500532 -25.650110 -25.120701 -35.765884 -59.001083 453.414035 -28.239577 -45.301778 -0.498691 -40.709421 -66.617854 -37.992272 -17.957079
12 -5.321197 -0.413288 -3.604938 -2.502318 -15.517003 -14.483314 -3.764395 6.663000 -6.314695 3.660194 3.239363 41.301154 7.283006 -10.225569
13 -4.132322 -11.782502 -6.783119 0.171783 -16.056541 -12.166379 0.012890 -16.718624 -3.729812 -8.353635 -5.096241 26.194021 74.466879 -16.026401
12 0.503288 -10.061694 42.239535 -20.671408 -25.145140 0.899750 -13.230652 -11.947720 -8.845433 30.449696 -18.220147 57.897376 -11.648705 -12.218747
12 -9.144861 -27.818884 -8.984001 -5.106703 -4.194893 6.141987 6.854292 3.758707 -3.756106 -9.049438 3.854943 34.322788 5.356367 7.765800
12 8.795736 3.954408 0.541552 -3.579736 -5.580272 -6.464682 -4.575099 -3.791683 -2.727295 4.331917 -4.383145 13.620101 5.540949 -5.682751
14 -17.808620 5.469750 -1.852722 -4.683958 3.659468 -3.279917 2.363855 -3.735077 4.501824 5.054192 -0.301873 -2.157677 1.695357 11.075396
3 -10.065098 9.437768 61.083081 -0.088983 -9.446368 -8.972882 -15.843930 -13.755243 -13.896080 6.030830 -4.693340 0.203604 -6.254154 6.260796
13 -2.548878 -8.147886 -9.294847 0.211241 -11.769107 -4.788050 7.801300 24.046843 10.098384 -1.176989 -11.420223 5.910555 24.335718 -23.258059
12 -2.541489 -2.786762 9.956801 12.797080 2.325903 3.286459 -4.815004 -16.024021 -10.070559 -6.458013 2.374322 44.843995 -21.829129 -11.059583
12 -3.288776 -1.081129 -0.373966 1.853891 6.611311 -6.053617 1.267317 -11.973856 1.735378 -3.587806 -9.828213 22.999361 11.321490 -9.601383
1 7.493587 -1.280342 2.318925 -4.456539 0.339577 -11.168230 0.128001 3.637804 -2.124023 7.073970 -5.178718 4.945390 -2.097791 0.368389
7 -1.062409 -5.544372 7.215727 -10.489936 7.488716 -5.300757 18.122335 -2.932587 -5.116189 0.326143 -15.338027 10.127180 4.803376 -2.299201
12 -13.834879 -12.127886 2.238590 -16.188756 -2.645742 -12.037965 1.286115 11.670121 -0.496633 -24.045834 -2.937783 77.965425 -3.913857 -4.930917
12 -3.042852 -0.811062 -3.458695 0.084586 2.009395 1.087635 -2.083079 -3.717714 0.303692 0.670539 -1.370846 15.011443 -3.425193 -1.257851
12 -7.153441 16.059595 -3.481133 -0.941131 -4.200624 6.221165 -5.015257 -5.329863 -2.224944 -9.223611 -3.080375 34.831968 -10.803359 -5.658991
12 -11.760479 -9.517136 -4.997179 -3.623123 -12.086850 -9.555356 -1.384199 -27.030658 -20.591747 13.083131 -14.871218 111.583339 -9.734590 0.486065
5 1.263268 2.818202 -18.075408 -3.859387 46.023265 4.933667 -10.853898 -11.526447 3.594623 -8.962487 -4.349305 30.709119 -14.823921 -16.891290
3 -4.054737 -6.547042 28.030850 -11.982852 -9.141923 2.467505 -6.950059 3.096304 7.286070 -10.814582 14.431053 16.825516 -17.849771 -4.796329
10 -1.466797 -22.242423 -4.809954 6.011495 2.441556 -26.821348 6.301045 7.349360 -6.435314 27.746062 -18.567207 20.615870 18.362897 -8.485240
12 3.078648 6.413523 6.662888 0.547752 -9.706465 -9.854540 -4.718196 -3.582261 4.439313 8.598866 -13.159528 17.888377 -6.721534 0.113157
14 5.498242 -9.428546 -0.486012 -4.861485 4.898620 -8.720461 -5.122217 3.533453 -6.106849 -1.988640 -5.133536 1.549938 -0.461803 26.829296
12 -9.588055 0.789899 13.769961 -0.710920 -3.909458 -8.271548 1.496083 -0.857439 -13.065239 -5.764618 -2.817503 45.554799 -7.855683 -8.770279
12 1.583446 -2.030209 7.768964 -4.256388 -6.512530 3.501259 -3.826750 4.044675 -13.093619 3.826622 7.107923 11.787289 -8.261246 -1.639436
14 -6.080944 -1.041141 -0.999644 -5.127043 2.086007 1.918097 3.361984 -5.666147 -4.788778 -0.103457 -5.688346 -1.763276 -23.406586 47.299278
14 13.110627 11.939098 1.925967 -6.397449 -15.236622 -3.243853 -2.869051 -8.945870 10.672347 -8.153372 -5.939056 -0.466941 -1.659279 15.263454
14 -8.910561 -7.333615 -2.849515 -5.507804 -3.219577 -7.015898 -1.276804 -3.228683 -25.753122 9.647854 7.919482 -5.225864 -7.636352 60.390459
14 -13.230036 -19.603656 -24.210412 -22.307073 2.796010 -22.519519 -7.842233 -23.253876 -12.880031 -0.873898 -6.256127 -12.599864 11.235811 151.544907
13 -14.471402 20.013907 -5.293191 19.647219 -13.306395 -12.385228 -13.978148 -0.115351 -1.201314 -11.933470 4.688780 2.517139 23.405249 2.412206
14 -15.408881 5.458093 -19.866636 2.977589 -11.742173 -16.941971 -3.035620 3.283152 -8.523266 -3.201831 0.354596 -10.329272 8.189420 68.786800
6 2.064923 6.699262 -4.732208 -1.300129 7.719304 11.869227 1.316165 -6.726405 -10.648178 0.653243 5.005811 -12.214248 2.813546 -2.520314
14 0.145092 -8.260522 -4.546709 -1.599026 -1.861533 -6.164213 -3.101496 -5.985159 -6.605974 -2.625680 1.441816 13.206255 5.926849 20.030300
14 25.915042 -1.666526 -4.770887 -36.909870 -22.938519 -30.618656 -16.426609 -22.845900 -6.258565 -15.501337 -15.735733 17.952312 26.200266 103.604987
14 -16.249930 -5.471300 -6.321548 -11.986642 -3.093320 -10.979715 5.504212 11.718915 -12.909847 -0.476930 -2.660347 -10.715997 -3.543672 67.186123
7 -5.331257 -2.783075 -2.231693 -6.797490 -0.069036 1.756452 18.226415 2.805867 2.817327 -8.225407 -8.009677 0.127201 -0.500972 8.215345
13 -9.253040 2.288332 -5.044194 4.868074 4.052369 -5.389149 3.139654 -3.958179 -7.849961 3.080766 -2.124421 5.542040 8.059366 2.588342
14 -2.146985 -12.732959 -2.158885 0.916757 -3.114205 4.364287 -7.337609 -0.676143 -0.565361 8.638015 -7.824116 -0.178101 0.232326 22.582978
14 -17.479431 -19.059729 -10.965086 -7.364068 -13.457354 2.058310 -22.204775 -12.496572 17.958891 -16.463364 -7.439004 -5.233362 4.216698 107.928848
5 -2.738069 0.634576 8.762442 1.275035 21.709778 5.026907 -6.401625 -18.831341 9.224916 -1.387715 -10.717247 -1.265590 -6.260428 0.968362
14 -7.541324 -7.063370 5.268952 0.034406 1.702597 -7.572960 -1.062319 -4.719381 -9.812684 -2.984349 9.556573 2.376108 -7.163201 28.980952
14 -13.408019 -17.385545 -7.450507 12.867324 -11.658690 -2.775989 0.847669 -13.419457 -6.519576 -22.127572 14.565506 -18.212710 -9.670842 94.348404
14 7.626607 -6.753064 -1.237920 -2.434696 8.888508 -4.437675 -2.670958 -0.041472 -8.248404 -0.942906 -9.227630 7.307294 3.281872 8.890444
14 -2.227354 2.808030 1.592315 -2.624459 -7.766084 -8.135757 -9.239995 -14.452357 6.184512 -7.134070 -17.091146 -8.704541 6.451079 60.339826
14 -7.634863 -6.819758 -8.184875 -4.887334 1.597410 -1.474531 -9.043580 -14.425703 -20.309294 9.330510 -1.398153 5.467010 11.189500 46.593660
14 2.158196 -21.764479 -18.192846 -19.192299 5.076056 -25.139281 -28.135100 -4.713568 -4.652941 5.683759 -2.545196 7.839270 -2.570785 106.149216
14 -1.993355 -8.686148 -10.638346 1.722791 5.061053 2.669935 -1.918000 11.706116 -2.549124 -2.852930 -1.280879 -4.435475 1.268913 11.925448
9 -11.541944 16.508104 -8.831674 1.004404 23.795642 -17.429601 -10.625276 11.022079 40.211354 -7.602257 -9.423970 -5.931027 -11.917609 -9.238227
8 -6.984932 -2.704864 -6.129501 -8.170866 -5.225794 -2.330143 -8.631038 79.146441 -2.466851 -7.851744 -17.767468 -0.229022 -3.959611 -6.694609
5 5.376682 0.112640 -2.394559 -6.696393 51.433557 -3.034745 -6.889786 -0.315450 -6.720590 -0.846152 -8.875355 -7.369897 -8.383920 -5.396031
8 -5.778432 -9.387063 -12.265160 -4.706782 -11.145971 -3.939952 -3.833792 60.125859 -3.359991 -4.012215 -5.237098 4.311458 7.504958 -8.275818
8 -2.882855 -14.560516 -16.286680 -4.615520 -11.637932 -30.668481 -16.480935 110.743900 5.254126 -1.825045 -12.747245 29.398932 -26.879267 -6.812484
2 -63.937906 50.427495 -3.587076 -22.381892 -9.782684 -16.293529 17.391478 -19.747932 47.738174 -27.024823 13.259500 0.380767 18.167502 15.390921
8 3.357099 -8.550714 5.406278 -11.086099 -9.412813 5.262413 8.798518 45.678614 -13.532466 -6.897159 -13.180204 -10.958865 16.140883 -11.025486
8 -10.594694 -17.174097 -9.156915 -8.535590 -2.986280 2.487777 4.040377 51.070004 -3.787886 -5.402515 -0.169819 11.725611 6.865145 -18.381118
8 0.298673 4.543486 -6.513704 -10.589984 -0.179651 -8.658162 -14.971498 60.488741 5.800750 1.861348 -9.076319 8.096407 -25.351266 -5.748818
8 9.093717 17.271489 -8.382574 -14.250619 -1.691385 9.953967 -8.765634 24.157754 0.007044 -4.285583 -4.377779 -7.973266 -7.986778 -2.770352
8 -19.929600 1.392502 -4.780200 10.268279 -11.564735 -12.988000 -7.636833 26.048545 -16.429115 -6.402198 17.396988 20.891851 -13.808153 17.540670
8 -30.588465 -1.480413 -35.932540 -10.231645 6.484708 27.064908 -5.743041 155.036785 -35.798609 -25.119379 -17.600277 -10.276097 -8.536968 -7.278966
9 -14.529243 10.595361 -9.775976 3.564482 -2.980833 -3.431044 -9.208250 2.492565 24.192972 -8.995010 -3.737935 22.241605 0.984432 -11.413128
8 -2.405947 -6.187041 -6.958868 -17.658043 -1.867225 -7.532617 30.999813 50.578120 -6.313968 -13.322592 -4.333585 -6.805181 5.419653 -13.612518
8 -7.744147 49.562747 -11.777533 -13.210711 -19.169741 -0.609562 -25.000853 76.416299 2.451857 -14.370835 -12.244745 -14.763444 0.068240 -9.607571
5 -3.179074 -0.403786 -6.177289 0.186541 13.238712 2.496762 -0.205593 1.691634 -6.036472 -0.017259 -2.164603 0.943241 0.452860 -0.825674
8 -10.801274 4.151200 -26.932631 -29.364718 -26.303254 3.471171 35.834937 88.603443 -45.587848 -3.619532 3.580882 -8.523922 27.269978 -11.778429
8 -13.018194 3.097466 -14.647860 -3.078777 -4.802522 -6.134922 1.046225 56.484918 0.235053 -3.871557 1.602702 -4.975542 -3.615648 -8.321343
8 -11.465789 4.987950 -23.259127 0.661229 14.537461 11.258079 -3.116226 16.746828 -19.311375 -1.862907 8.377659 0.569919 -9.643223 11.519522
8 -21.720351 -0.987242 -1.658707 -21.273399 -8.226909 4.337305 -2.290533 144.427871 -28.354626 -23.101845 -11.177844 10.865254 -25.079110 -15.759865
8 4.051712 20.133108 -17.297128 -5.379323 -10.109669 7.495205 -2.564050 26.998836 -18.255411 7.583582 -2.492307 -3.800101 -8.432901 2.068447
8 -9.028600 2.987368 1.590593 0.739064 -16.917486 11.529389 2.534961 35.953690 -7.922191 -7.539371 -4.824961 -7.468207 4.422169 -6.056419
8 -10.943128 20.428971 -18.172312 11.621050 19.474637 -7.764232 -17.665354 20.560666 -15.300476 4.677063 9.753577 -1.488072 -22.871939 7.689547
10 -8.673019 -17.429399 0.560096 11.380625 -4.835120 0.213883 -5.010575 -17.621732 21.426161 37.985147 -14.032164 7.799881 0.954557 -12.718340
9 -4.524130 -0.743595 -0.474460 -2.008106 0.816808 -0.149698 3.608035 -2.490009 14.464951 -6.921763 -5.979339 13.330833 -3.884302 -5.045226
9 -11.721309 -9.344293 10.020656 3.970317 1.283388 -8.025887 11.967825 -9.099656 36.029931 -13.857670 -12.559546 6.900418 10.360968 -15.925142
10 1.868911 -7.351724 -0.953764 7.491410 -6.337924 -7.039133 -6.743482 -7.594997 10.384582 19.658805 -11.076001 8.450944 4.644541 -5.402168
9 -10.226355 -14.498108 6.989698 14.004151 -1.133917 -2.076486 2.065285 -10.455869 46.279609 -11.593769 -0.811854 -5.805575 -15.571923 2.835116
13 -7.135184 -15.567233 -25.777342 -15.164078 -14.339635 -28.696888 -5.639608 -9.555861 34.881894 -7.243194 -28.363940 -10.955356 174.213561 -40.657140
9 -11.683301 -10.744423 30.317065 -8.502996 -15.654427 -9.566050 -5.208572 -11.190961 38.456172 -15.691302 -15.366324 18.224569 16.679636 -0.069085
9 -7.714092 -4.242254 -4.898691 11.857343 -13.872366 13.614458 -4.372721 -4.526308 15.608019 -11.128165 -2.964141 15.348021 -2.308132 -0.400972
13 -7.711605 -11.065346 -18.792465 -0.917615 6.703511 -1.543404 3.809011 -14.855792 15.782366 4.249496 0.189567 -0.656845 18.692931 6.116192
9 -8.302925 -21.620894 -0.573295 6.295207 -7.709685 -1.563988 -3.358407 -7.262094 38.706230 -7.422515 -3.426138 -10.593093 36.548141 -9.716544
9 -6.044919 -6.975183 13.378674 8.836097 -6.435395 -9.628127 -7.772787 -7.012422 33.342317 -12.968465 -7.462080 -1.116398 19.607111 -9.748421
9 -10.775288 -4.624968 -3.243563 2.911552 -15.264528 3.879133 -0.353751 7.939297 22.070383 14.755054 -9.688469 -0.614688 -8.437494 1.447329
12 5.886683 -29.645134 10.979579 -18.779515 17.610404 -17.876438 -3.202124 1.108977 24.519562 5.060158 -9.812857 38.901924 -21.796520 -2.954698
9 1.420418 -5.888950 3.605184 -1.038950 -0.526958 -7.436390 -0.349593 -2.790433 10.004442 5.365382 -1.594080 3.712742 8.037984 -12.520798
14 5.672337 -1.853377 2.814825 1.873038 -6.171740 3.322896 -2.025796 -5.006662 6.390876 6.116573 -5.725537 -7.187932 -6.639910 8.420408
10 -5.746133 -7.988137 -1.851221 -9.445782 -3.953224 -4.979220 11.774855 9.728868 4.203834 17.542260 -9.410223 6.870226 0.336432 -7.082533
11 3.050229 -0.555341 -4.978039 4.628272 -2.817102 -12.202710 6.641622 -0.562691 -4.302052 1.073926 8.807905 -8.168656 5.528976 3.855662
9 0.457856 -13.874161 -3.169344 13.988889 -9.373914 -13.371036 -1.593363 -9.282509 34.287541 9.381088 -14.411246 3.072678 9.328935 -5.441414
14 8.973818 -2.605968 4.489427 -3.161208 5.914980 0.290703 -3.787498 -3.691241 8.952023 -7.252756 -4.549665 -9.344566 -3.265111 9.037061
