11 -6.186368 -7.741408 -7.025332 6.221256 -9.086352 -8.677823 23.106846 -7.609355 -5.560011 -7.200623 50.132926 -6.855331 -6.252547 -7.265878
8 -1.164615 0.156035 -1.041790 -0.778461 0.591307 1.906443 -0.949687 2.359931 1.068591 -0.953730 -1.007073 -1.035399 0.630931 0.217517
9 -1.275399 -0.353110 -0.819740 -0.344848 -0.899986 1.358584 -0.012621 -0.883954 5.985105 -0.556976 0.334465 -0.468930 -1.096097 -0.966493
1 40.610568 -2.892648 -3.151403 -2.837453 -2.282096 -3.454437 -4.832422 -3.293362 -2.253241 -3.502754 -3.391781 -2.276235 -4.055588 -2.387147
6 0.195814 0.744318 -0.062024 0.899833 1.792837 2.136655 -1.846079 -1.100285 -0.200097 -1.283291 -1.695507 0.920925 -1.941071 1.437973
1 4.898084 -0.306252 -0.216780 -0.446646 0.194591 -0.326797 -0.713037 -0.656911 -0.384690 -0.342779 -0.351578 -0.091436 -0.795237 -0.460532
6 -0.494748 -0.535316 0.131794 0.061390 0.541000 2.479629 -0.756148 -0.076365 -0.588076 -0.069540 -0.156510 -0.281003 0.180085 -0.436193
6 -0.268560 0.135283 -0.015520 1.098999 0.369456 1.230699 -1.247825 -0.550920 -0.270908 -0.404872 -0.258286 0.680808 -0.424179 -0.074176
5 -3.529271 -0.460366 2.005672 -1.311461 13.083404 2.846464 -2.825827 -3.017095 -2.519308 -1.314477 -0.398432 2.021427 -2.888836 -1.691895
5 -0.451095 -1.722976 0.059369 -0.328253 9.126568 -0.336711 -0.557479 -1.262133 -0.494679 -0.614822 -0.245648 -0.967592 -1.649652 -0.554898
7 0.064842 -0.715979 -0.626166 -0.305681 -0.032575 -0.141406 0.832746 0.362650 -0.764386 0.089994 -0.030943 0.572608 0.100022 0.594272
3 -0.427290 0.006130 6.201210 -0.592668 1.497165 -1.342264 -1.655077 -0.738686 -0.227927 -0.656874 -1.355476 -0.626640 1.165140 -1.246742
3 -1.269936 -2.557074 12.636822 -2.817401 0.470844 0.852897 -0.070064 -1.846926 -1.553226 1.251555 -2.118743 -2.369916 0.048079 -0.656911
7 -1.052689 0.254250 -0.720286 1.298981 -0.862345 0.162974 2.743165 0.040122 -1.618462 0.191696 0.958723 -0.242382 -1.139558 -0.014190
1 82.802878 -6.545012 -6.889004 -6.993105 -6.901463 -5.010491 -9.719041 -6.821507 -5.896120 -6.310285 -6.961464 -3.885232 -6.879104 -3.991052
11 -1.649363 -0.669867 0.663670 -0.637941 -2.470302 -0.842224 -2.609583 -1.344971 -2.137939 -1.433842 16.845869 -0.847589 -1.012909 -1.853009
4 -0.171146 0.006768 -0.820874 1.498399 -0.869472 -0.322950 1.297542 -0.816320 -0.386678 -0.226905 0.076619 0.580753 -0.091455 0.245718
12 0.777496 -0.533057 -0.682132 0.216662 -0.387212 -1.040633 -1.847657 -1.821047 0.853642 0.470250 -0.352685 3.027542 -0.070544 1.389375
14 -1.542585 -0.749453 -0.289767 -1.528552 -1.517159 -1.952648 -2.224070 -1.622028 -1.351574 -0.815604 -2.253657 -1.356526 -1.261764 18.465388
11 -7.001823 -5.848187 -5.882876 -5.262507 -2.796038 -4.838031 -5.300059 -3.960398 -4.273019 -5.123100 63.599342 -4.500553 -4.114399 -4.698351
3 -2.311024 -3.288371 24.008543 -1.315025 -1.954070 -0.058378 -2.430969 0.193973 -1.077255 -3.083925 -1.083454 -1.898237 -2.931572 -2.770236
12 0.452259 1.111354 1.817291 0.496633 -0.512610 -2.762408 -2.969054 -0.662101 -0.638053 0.854869 0.413236 1.884927 0.564557 -0.050900
11 -0.793483 0.407192 -0.252845 -0.688016 0.156665 0.156756 -0.139774 -0.677055 0.586031 -0.036054 0.983997 -0.051627 -0.078057 0.426273
9 -0.942736 0.384992 -0.531575 -0.623119 -0.314390 0.399762 -1.614189 -0.775517 1.693101 0.245581 0.166786 1.616693 -0.370719 0.665333
2 -1.481408 10.570751 -0.620379 -0.964132 -0.281803 -1.662337 -0.566617 -0.913327 -0.574087 -0.407684 -1.619437 -1.254355 -0.213020 -0.012164
11 -3.391798 -1.714756 -2.521931 -0.714608 -0.521691 -2.082646 -1.704753 5.117552 -2.438689 -1.830682 15.086072 -1.126816 -2.586652 0.431398
14 -2.022526 0.143797 -1.591699 -0.829438 -2.529303 -1.216002 -2.254381 -1.296619 -1.825848 -1.487414 -2.185147 -2.120376 -1.531816 20.746772
2 0.759626 6.664647 -2.151215 0.090954 -0.700177 0.760428 -2.180206 -0.204812 -0.939818 -0.738732 -0.402347 -0.721315 0.760832 -0.997864
1 21.435108 -2.355340 -2.089090 -1.778663 -0.510771 -0.698763 -2.903229 -1.180666 -0.767967 -2.000774 -1.046200 -2.077701 -2.464661 -1.561282
10 0.152189 -0.375361 -0.543770 -0.075287 0.090638 -0.146548 -0.201836 -0.297492 -0.344644 0.956413 -0.124569 0.102687 0.708224 0.099355
5 -2.670923 1.072940 -0.512499 -0.146762 7.525757 -1.223573 -0.607550 -0.180536 -0.806609 -0.747404 0.123938 -0.567115 -0.737199 -0.522464
9 0.460933 -0.389192 -0.014932 -0.333136 -0.039950 0.185652 -0.685722 -0.126483 0.556871 -0.180638 -0.040651 -0.352196 0.546485 0.412960
6 -1.610753 -1.917484 -0.527998 -1.072103 -0.277060 5.686741 1.696240 0.130720 -0.846648 0.042700 -1.157591 -0.241984 -0.253529 0.348748
14 -4.164320 -1.613545 -2.641214 -2.914179 1.904746 -5.195494 0.578830 -3.418084 -3.181720 -3.876819 -1.992005 1.715238 -0.901005 25.699573
7 -2.792568 -2.198382 -1.978832 -1.914042 -1.845256 -4.209101 30.682404 -1.511630 -2.541748 -1.842331 -1.996447 -1.797633 -3.816006 -2.238430
14 -0.699140 -2.331102 -2.209398 -0.107316 -0.710624 -1.672172 -1.207786 -0.040273 -1.195599 0.469048 -0.903132 1.486204 -2.039051 11.160341
2 -0.554961 2.991638 -0.791116 -0.866018 0.279754 -0.307410 0.264527 -0.607106 -0.087734 0.261078 -0.485596 -1.379381 2.653407 -1.371082
2 -3.088715 8.663486 -1.940227 0.238941 -1.278712 -1.429835 0.661669 -1.166858 -2.011530 -0.687416 5.734512 -0.866788 -1.488947 -1.339579
2 -2.679987 16.985377 -1.768683 -0.086346 -2.032055 -0.494019 -0.464926 -1.614992 -2.039723 -1.245110 -0.787172 -1.318876 -0.945120 -1.508369
14 1.025640 -2.026970 -1.452084 -1.391236 -2.141234 -2.062551 -2.635703 -1.979230 -2.952597 -1.600112 -1.690730 -0.994688 -1.715441 21.616937
6 -3.907281 -2.348390 -3.408315 -1.971274 -3.068511 27.876612 1.427553 -2.108095 -2.978605 -1.200193 -0.991418 -2.686845 -2.821549 -1.813687
3 -0.514019 -1.720334 5.045720 -0.053346 -0.393620 -1.040326 -0.743279 -0.535546 -2.333345 1.685395 0.765430 0.552036 -0.928623 0.213857
13 -2.664018 -2.252611 -2.098822 -2.666238 -1.156326 -5.240122 -5.696298 -0.123105 -1.871097 -3.363568 -1.544676 -1.482899 32.791219 -2.631441
3 -1.732747 -1.384731 21.417150 -1.282166 -2.359729 -1.846870 -1.805535 -1.565951 -1.551115 -1.749816 -1.677426 -1.648918 -1.527078 -1.285069
6 -2.980549 -2.998508 -2.300758 -0.793309 -3.176900 26.045117 -2.455869 -2.667061 -1.926471 -2.488971 -0.798008 -0.495836 -0.794655 -2.168221
12 0.440006 0.250524 -0.916578 -0.201877 1.357855 -0.822742 0.612179 -2.875478 0.741530 -0.645599 -2.521771 3.748561 -1.554739 2.388128
14 -0.622920 -1.131520 0.038867 0.511540 0.432621 -0.168911 -1.349258 -0.129068 -0.025084 0.606370 0.316398 0.720709 -0.730843 1.531097
13 -0.204639 -0.319790 0.253627 0.849375 0.227033 -0.169588 -0.551587 -0.783844 -0.950673 -0.071220 -1.059500 -0.088053 2.697421 0.171439
11 -1.583337 8.722856 -1.172669 -0.838822 -2.199016 -1.986294 -3.210672 -1.574125 -1.411662 -1.417275 11.666753 -1.186775 -1.949189 -1.859773
13 2.827143 -1.249392 -0.853384 0.197344 -0.757070 -3.055604 -0.034301 0.021893 1.005367 -0.092225 -1.308706 -0.769593 4.628710 -0.560181
14 -0.438421 -0.567205 -0.237450 -0.386457 0.798889 -0.539970 -0.632927 -0.789075 -0.753719 0.041236 -0.144520 0.490554 -0.583419 3.742485
11 0.466658 0.000116 -0.346647 -0.222269 0.164023 0.127097 -0.322780 -0.356806 -0.278660 -0.152990 0.755615 0.114224 -0.194168 0.246590
14 -5.868175 -5.733133 -5.408157 -5.646217 -5.751307 -4.928367 -10.387692 -6.268693 -6.114245 -5.787888 -7.236686 -5.521319 -5.211840 79.863724
11 -2.737080 -2.189279 -2.276115 -1.669435 -2.858475 -2.238823 -3.719913 -2.906867 -1.693186 -1.314200 29.940140 -1.410642 -2.380025 -2.546101
7 1.087577 0.330530 0.075245 -0.091192 -2.021544 -0.719217 7.286991 -1.330223 -0.789278 -1.424082 -0.439619 -0.747604 -2.185949 0.968365
6 -7.523382 -4.490487 -4.235858 -4.182896 -4.271110 54.900283 -8.227447 -4.146638 -4.250060 -3.116253 -1.775822 -3.387069 -0.489662 -4.803598
4 -0.798436 -0.068744 -0.195862 9.532300 -1.223985 -0.891169 -1.831090 -0.397234 -1.241047 -0.391242 -0.309342 -1.079448 -0.484505 -0.620194
4 -1.004183 -0.797196 -0.452546 9.798087 -0.905370 -1.197589 -0.939247 -0.661814 -0.767619 -0.622375 -0.223267 -0.538847 -0.870020 -0.818015
7 -1.739970 -0.076681 -0.705200 0.242466 0.427361 -0.756793 1.320280 0.402546 -0.756230 0.495751 0.565679 0.248417 -0.861258 1.193632
7 -8.202910 -2.061195 -6.392748 -5.689709 -7.252451 -6.561971 74.884891 -6.386480 -3.084612 -4.827185 -6.721100 -5.422064 -6.268960 -6.013508
7 -1.895303 -2.854829 -3.985467 -3.079542 -3.357480 -4.358525 36.465253 -2.930887 -3.143740 -1.894792 -1.866427 -3.537206 -1.706143 -1.854912
7 1.351716 -2.329768 -2.079985 -0.447075 -2.376211 -2.081395 22.047564 -1.574262 -2.437908 -2.860499 -1.520295 -1.781405 -3.186642 -0.723834
7 -5.291003 -4.477095 -3.695076 -2.845092 -3.071422 -5.107595 43.180161 -2.433655 -3.574442 -3.173169 -0.855484 -3.396372 -3.019431 -2.240327
7 -3.010326 -3.556954 -3.426875 -3.020509 -3.028731 -3.092807 33.771542 -2.251034 -2.354478 -2.819932 -1.850087 -2.399721 -1.255863 -1.704225
6 -22.361661 -6.657263 -9.631316 -10.725117 -11.636851 138.040594 -9.082772 -10.698224 -12.069980 -10.740538 -6.944501 -9.083553 -8.719936 -9.688877
3 -2.079477 -0.943828 14.655705 -1.232226 -1.778338 -3.150294 5.683334 -2.341302 1.392434 -2.649339 -2.660235 -2.077762 -0.914741 -1.903929
2 -0.276714 1.710123 -0.377365 0.310148 0.116791 1.276248 -0.315944 -0.820741 -0.784476 -0.626928 0.442131 0.649970 -1.156019 -0.147223
8 -2.599443 -0.669942 -0.013946 -1.215517 0.085914 -1.243057 -1.235017 7.721393 0.921828 -1.425798 1.350869 0.526252 -1.272745 -0.930790
8 -1.017953 0.225542 -0.831478 1.555699 1.442721 -1.252207 -0.866285 1.668358 0.029723 -0.625491 0.104920 0.017992 -0.481146 0.029605
13 -0.373738 0.503905 -0.505353 0.104489 -1.004283 1.095054 -1.686248 -1.225394 0.711233 0.080689 -1.339405 -0.273589 1.984243 1.928397
4 -1.572009 0.107286 -1.140482 10.647264 -1.099489 -1.500724 -0.143224 -0.420982 -0.593044 -0.200954 -1.325188 -1.101481 -0.021371 -1.635599
4 -1.154909 -1.461262 -0.372794 10.006229 -1.177386 -0.848595 -1.394327 -0.925091 -0.932555 -0.291689 -0.553950 -0.660796 0.306457 -0.539330
4 -1.454464 -1.090097 -0.631324 9.859030 -1.362603 -1.003287 -0.828043 -0.582171 0.081685 -0.254843 -0.457175 -0.688057 -1.215132 -0.373518
11 -4.630625 -6.913293 -4.832063 -4.945720 -1.809801 -2.879593 -6.912879 -4.326613 -5.344917 -4.751842 59.955448 -3.882471 -4.482757 -4.242874
11 -3.091813 -4.392375 -4.496045 -2.235646 -5.063608 -2.685682 -3.725799 -2.432064 -2.042774 -3.649274 42.993005 -2.464766 -2.717605 -3.995554
3 -0.376040 -0.969927 5.179144 -0.666166 0.003789 -0.861748 -0.656035 -0.690031 0.390108 0.111476 -0.392898 0.097026 0.165074 -1.333771
4 -0.665936 -0.773396 -0.410381 10.082940 -0.874315 -0.954599 -1.570616 -0.766466 -1.212035 -1.148581 0.260559 -0.306552 -1.107196 -0.553425
5 -1.749013 0.242771 -0.907174 -0.584628 16.050284 -4.033361 -2.446537 -0.652658 -2.319401 -0.949225 0.303877 -0.012129 -2.455963 -0.486843
14 -2.048574 0.967202 -0.177485 -0.336521 0.236741 0.693991 -0.226031 0.182176 0.251944 -0.797696 -0.361867 -0.592046 0.866130 1.342036
13 -0.369537 0.094822 -0.541974 0.094015 -0.074214 0.007819 -0.247280 -0.266019 0.117526 0.152600 0.010487 0.279687 0.993924 -0.251856
11 -4.095779 -4.374702 -4.354811 -3.882102 -4.100432 -3.432654 -4.647624 -3.108572 -3.695554 -5.029816 52.781450 -3.050092 -3.897561 -5.111752
11 -7.589612 -5.707120 -6.558298 -7.292174 -7.037517 -5.333664 -7.265188 -6.432851 -6.946624 -7.110046 88.328787 -6.819756 -7.703817 -6.532120
11 -3.174410 -3.425361 -4.624074 -2.537868 -2.802177 -2.314380 -4.815003 -3.088227 -4.315448 -5.550213 47.107053 -1.543818 -5.093588 -3.822485
6 0.595429 0.023201 0.359023 -0.357065 0.274894 1.270453 -1.095701 -0.430085 0.119089 -0.415377 -0.030540 -0.518527 0.104634 0.100573
1 13.817081 -0.096715 -1.312077 -1.538818 -0.985776 -1.745478 -1.570266 -1.411409 -1.624643 -1.307698 -0.996392 -1.309037 0.396658 -0.315430
13 -1.272779 -2.318358 0.819653 -1.166221 1.490682 -0.328942 -0.188074 -1.983195 -1.818703 -0.814567 1.226429 -1.359380 8.035640 -0.322185
3 -0.064697 -1.100893 6.209354 0.584795 -0.551995 -1.413140 -1.250104 -1.495492 0.906858 0.469705 -1.942725 -1.100566 -0.211685 0.960585
4 -1.364137 -0.401897 -0.752793 10.097155 -0.663260 -1.825617 -0.414415 -1.038208 -0.966547 -0.825434 -0.749222 -1.034967 -0.876383 0.815725
4 0.381364 -0.153312 -0.552886 9.512355 -0.967455 -0.234602 -0.494263 -0.898728 -0.722722 -0.639910 -0.804927 -0.266000 -2.340958 -1.817955
2 -2.681977 12.724529 -0.842994 0.234102 -2.337921 -1.200023 -1.114869 -0.922842 -2.487240 0.067201 -0.179978 -0.406071 -1.645326 0.793409
10 -1.454933 0.151411 0.814211 1.434466 -0.409367 -0.478770 -0.453622 -0.523466 -0.708295 1.585844 0.241734 0.725332 -0.866105 -0.058439
1 0.000000 0.000000 0.000000 0.000000 0.000000 0.000000 0.000000 0.000000 0.000000 0.000000 0.000000 0.000000 0.000000 0.000000
2 -1.332008 13.871235 -0.244834 -0.440866 -0.978708 -0.849297 -2.487123 -1.520735 -1.147224 -0.271930 -0.356490 -1.700499 -1.552794 -0.988727
5 0.112025 0.224368 -0.359716 0.153238 2.309025 -0.350455 -0.538452 -0.169706 -1.715162 0.402674 -0.453563 -0.725670 1.536076 -0.424682
1 19.734106 -2.402703 -1.762197 0.188130 -3.321788 -0.566225 0.944201 -0.267542 -2.758023 -2.701195 -3.196151 -0.561079 -1.142070 -2.187464
7 -3.118514 -4.160184 -2.924617 -2.877438 -2.682830 -5.107205 40.997962 -3.963714 -3.693319 -2.727668 -1.148074 -2.511158 -3.618445 -2.464797
6 -7.059139 -5.934862 -4.017119 -5.222874 -5.458204 75.877338 -9.216087 -5.039695 -4.935412 -4.592657 -7.365787 -6.313916 -4.618623 -6.102961
1 0.560560 -0.638759 -0.139983 0.294207 -0.023556 0.206074 -0.225629 0.005166 -0.092818 0.195297 -0.032884 0.077519 -0.318825 0.133631
13 -2.156838 -0.258647 -1.053797 -0.302115 0.445360 2.255977 -2.696392 -0.273367 -0.232856 -0.104940 0.272745 -0.586875 5.172441 -0.480696
1 24.026449 -3.283665 -0.987055 -2.032026 0.115403 -2.322158 -4.821896 -2.724584 -1.855878 -2.070010 -1.519888 -0.213814 -1.965196 -0.345680
14 -1.195284 0.428329 0.190333 0.213277 0.208473 -0.371748 0.256920 -0.259282 -0.299131 0.291873 0.517984 0.153103 -0.686898 0.552052
10 0.453433 -1.475141 -1.086660 -1.342151 -0.692117 -0.241056 0.178735 -1.182954 -0.278178 3.348357 0.405358 -0.146855 -0.978067 3.037298
2 -0.855414 12.287759 -1.855274 -1.661739 -0.038270 -1.061250 -1.000354 -0.561524 -2.503908 -0.986383 0.777274 -0.973614 -1.709637 0.142334
8 -0.894261 -0.584766 -0.869889 -1.102831 0.761275 -1.956015 -1.898900 10.673624 -1.959319 -0.597720 2.072217 -1.494490 -0.393339 -1.755586
7 -2.339486 -2.244969 -1.770564 -2.097553 -2.149645 -3.438388 31.271644 -2.546667 -2.895893 -2.449366 -3.704991 -2.056450 0.035188 -3.612860
2 0.000000 0.199760 -0.006840 -0.016195 -0.003728 -0.082057 0.000000 0.199760 0.000000 0.000000 -0.051656 -0.063762 -0.059207 -0.116076
11 -2.530556 -7.664464 -4.611318 -4.263126 2.022767 1.057941 -0.601662 -3.359285 -4.621952 -2.081865 34.445289 -3.426496 -3.954433 -0.410840
10 -0.117303 -0.206329 -0.692663 -0.414629 0.403911 -1.033088 0.712686 -0.545926 -0.815451 4.125685 -1.216115 0.274630 -0.839224 0.363816
14 -2.522235 2.950260 -3.047401 -3.539196 -1.501840 -2.590022 -0.117824 -0.663084 -4.335901 -2.974626 -3.315729 -0.766314 2.612995 19.810920
13 -0.332551 -0.741277 0.592692 -0.151890 0.005206 0.293771 -0.537920 -0.965860 -0.461867 0.089806 -0.197647 -0.449434 3.107570 -0.250600
1 55.153271 28.915556 -6.947274 -7.822472 -9.880830 -4.069876 -8.385686 -7.346399 -8.102783 -6.234243 -0.397610 -7.700543 -7.890720 -9.290390
6 -0.151175 -0.740536 0.402187 -0.567452 -1.705715 4.487055 -0.153047 0.030720 -0.013810 0.126976 0.529531 -0.939648 -0.754214 -0.550873
2 -0.581646 6.621421 -0.159165 -0.823191 0.637139 -0.896044 -1.009877 -1.021803 -0.244855 0.094544 0.008863 -0.149796 -1.320777 -1.154814
4 -0.544696 0.414335 0.146191 0.468749 0.131828 -0.246952 -0.133882 -0.287509 -0.358698 0.090942 0.318592 0.291196 -0.632889 0.342795
6 -3.892817 -1.279979 -2.565230 7.784793 -3.394340 24.901333 -3.068636 -2.723663 -3.704098 -3.239985 -2.229151 -2.984310 -1.405190 -2.198724
1 168.298495 -14.916474 -15.472596 -14.258370 -14.380658 -14.949362 -13.982023 -14.491195 -14.088502 -14.396959 -14.728306 -14.941655 7.928684 -15.621077
1 70.564499 -4.810194 -4.922746 -5.338995 -5.543445 -5.008052 -6.884337 -5.296080 -5.317785 -4.341773 -5.459101 -6.139329 -5.795095 -5.707567
1 35.744444 -2.696114 -2.151054 -2.317566 -5.509180 -1.402056 -3.651641 -2.667170 -0.234972 -2.525568 -5.482069 -1.750358 1.526212 -6.882908
11 -1.517138 1.114747 -1.675332 -1.301950 -0.417890 0.293872 1.051415 0.398929 -0.657528 0.970569 2.118031 -0.550489 0.458381 -0.285619
4 -1.688426 -0.882650 0.229727 11.732599 -2.024096 -0.933420 -1.636523 -0.396112 -1.501358 -0.597356 -0.301266 -0.200281 -1.637505 -0.163333
7 -1.041467 -0.785297 -0.465048 -0.006138 -0.305875 0.732274 1.776353 0.228229 -0.200429 -0.155913 -0.408886 -0.526484 1.281007 -0.122327
2 -4.095464 28.492659 -2.000736 -2.593792 -2.991103 -2.808279 -2.927119 -1.785283 -0.900713 0.961785 -2.492737 -2.391030 -2.028382 -2.439805
1 2.308850 -0.756339 -0.122739 0.187976 0.222804 -0.220029 -0.340774 -0.049813 -0.258080 -0.151836 -0.015436 0.274513 -0.606356 -0.472741
7 1.830949 -1.045221 -0.627710 -1.597236 -0.587749 1.901384 5.090793 -0.636496 -0.024108 -1.104070 -1.831729 -0.437704 0.190112 -1.121217
13 2.477935 0.580670 -0.652671 0.873897 -2.457213 -1.764882 -1.152675 -0.266629 1.966424 -0.408897 -1.432232 -0.246890 3.106747 -0.623582
9 -0.775741 -1.521691 0.196957 -0.919564 -0.162402 1.734278 0.440797 0.196535 5.204067 -0.844522 -1.160628 -0.633821 -0.214731 -1.539534
11 -0.439173 -0.572795 -0.378342 -0.358144 -0.775729 0.483000 1.391081 -0.975251 0.496862 -0.567785 1.630945 0.310010 0.531312 -0.775992
5 -2.379947 -1.375329 -1.030168 -2.555755 24.156897 -1.625500 -2.288246 -2.171554 -0.976413 -2.830246 -2.434527 -1.535789 -1.846592 -1.106829
4 0.586692 -0.957338 -0.558314 9.592932 -1.421810 -1.068144 -1.559365 -0.743777 -0.782488 -1.143050 -0.601357 -0.152210 -0.949931 -0.241838
4 -1.605140 1.166711 -1.606816 9.844349 5.864788 -2.102535 -2.145562 -0.423851 -1.328509 -1.455947 -1.554832 -0.799340 -2.331479 -1.521834
4 -1.131414 0.080333 0.324693 9.982908 -0.936832 -1.277795 -1.848991 -1.226090 -1.321131 0.831286 -0.482707 -0.518653 -1.536047 -0.939558
4 -0.578418 0.506714 0.109481 0.763266 0.117362 -0.595481 0.066320 -0.352786 -0.746106 0.131494 0.485777 0.243256 -0.350284 0.199405
4 -1.099114 -0.917091 -0.741296 1.716683 -0.050379 0.456839 1.472548 0.983682 0.194190 -1.546258 -1.348959 0.099234 0.327824 0.452096
1 13.384500 -1.386948 -0.503156 -1.221976 -1.310952 -1.417918 -1.252642 -0.508953 -1.392214 -0.990483 -0.338937 -0.394308 -1.376055 -1.289959
7 -4.373390 -1.723522 -4.830947 -2.467970 -2.833188 0.985362 19.141665 1.122186 -4.529210 -0.945547 2.243281 -1.834760 -1.850041 1.896081
8 0.064113 -0.472369 -1.077295 -0.926963 0.330812 -0.770237 -1.006278 7.331338 -1.050415 -0.713720 -1.318075 -0.624379 -0.117056 0.350525
1 15.357338 -1.717020 -0.771462 -0.889857 -0.852616 -2.125920 -1.984901 -1.588885 -1.135767 -1.366888 -0.636808 -1.901022 1.188566 -1.574759
1 21.352570 -3.519075 -1.037050 -0.339149 -2.506150 -0.298704 -1.344591 -1.434580 -2.662266 -1.933550 -1.913382 -0.867278 -2.040737 -1.456058
3 1.240039 -2.494308 11.253382 1.781923 -1.799209 -4.750091 1.502573 -2.809710 -1.218939 -1.180542 -0.519756 0.225352 -0.953898 -0.276816
3 -1.117719 -1.506780 17.656309 -2.606158 -1.097297 0.257094 -0.946229 -1.576255 -0.928769 -1.188842 -3.466246 -2.269574 0.272554 -1.482088
1 23.592080 -1.865209 -2.535443 -0.994736 -2.263143 -1.917503 -0.595349 -0.522842 -1.505103 -2.239203 -2.456998 -1.559167 -2.024136 -3.113248
3 -2.257494 -1.921742 27.180266 -2.080826 -2.262558 -2.056376 -1.201469 -2.106685 -2.155308 -2.410883 -1.959955 -2.470438 -2.343474 -1.953057
14 -2.209598 -3.432633 -4.779663 -2.552683 -0.837631 -0.620769 1.950392 1.365418 -3.607609 -2.810869 -0.320422 -0.017164 -1.430488 19.303720
14 -1.404116 -2.271202 -0.774289 0.806305 -0.919944 1.313421 0.530707 -0.529174 -2.150035 -1.008880 -0.084882 -0.428252 -1.695959 8.616302
8 -2.369676 -1.075459 -1.273812 -1.078725 -2.936489 -1.258584 -1.651341 19.953128 -1.623372 -0.610038 -1.751341 -1.442555 -1.440134 -1.441602
3 0.112671 -1.266411 8.100879 -0.619112 -1.599214 -0.859856 -0.381722 -0.620150 -0.980875 -1.343834 -0.025451 0.202095 -0.939800 0.220780
6 -3.249080 -1.838289 -1.409163 -0.496391 -3.406050 24.178580 -4.027163 -1.473717 -1.750499 -0.859561 -2.464510 -2.420256 1.428395 -2.212296
13 -2.443090 -1.737194 -1.947460 -1.863922 -1.178996 -2.948585 -2.000454 -1.805090 -1.715263 -0.075564 -1.970371 0.074940 21.139106 -1.528059
3 -2.132493 -1.348710 20.505921 -1.594239 -1.476365 -1.049223 -2.118199 -1.242740 -1.344505 -0.741316 -1.943389 -1.795249 -2.502557 -1.216936
11 -0.091345 -0.013680 0.218501 -0.041505 -0.100708 0.000000 0.000000 -0.032789 -0.130904 -0.106034 0.322049 0.158496 -0.076914 -0.105167
11 -1.404085 -1.372762 -2.304520 -0.937241 -0.966038 0.083998 3.487680 0.001756 -0.945658 -0.224678 5.797168 -1.063041 -0.529588 0.377010
11 -0.211741 -3.819069 -1.095253 -0.095264 -2.737351 0.256420 -3.702185 0.288322 0.035401 -0.563348 14.558157 -0.375763 -1.473239 -1.065088
11 -6.948085 0.508358 -2.790037 -1.661890 -3.532013 -3.484965 -2.052319 -1.628834 -2.930315 -2.706632 33.308313 -3.021755 -2.226743 -0.833080
11 -3.823145 -9.947431 -3.107018 -4.417574 -6.639060 -7.744043 -10.657872 -4.557628 -5.692625 -6.707921 84.076452 -5.399022 -6.872030 -8.511083
1 23.099645 -2.028728 0.732659 -2.116547 0.034355 -2.464571 -1.763845 -1.539128 -2.602482 -2.147843 -4.931541 -0.251224 -1.951746 -2.069002
5 -2.236599 -1.988329 -1.987598 -1.402245 28.976220 -2.944892 -3.704815 -2.944970 -2.059968 -1.241266 -1.713154 -2.759198 -1.489122 -2.504064
4 -2.153945 -0.804984 -1.240506 12.229657 0.650423 -1.064738 2.033536 -1.122985 -1.320720 -0.929419 -1.886643 -1.002347 -1.355229 -2.032097
7 -12.105390 -4.952108 -8.870279 -5.400752 5.450332 -11.657362 84.893649 -4.727055 -6.482253 -6.204939 -10.559208 -8.193580 -5.741038 -5.450017
11 -3.211951 -0.316655 -2.201741 -2.548102 -2.423743 -1.662634 -2.058041 -0.351931 -1.154416 7.838393 14.696727 -1.762311 -2.741828 -2.101766
5 -3.683623 -2.124931 -1.191758 -1.744558 29.478616 -1.405754 -3.118971 -3.660243 -1.618176 -3.518426 -2.065584 -1.765339 -1.577780 -2.003472
4 0.246281 0.873778 -1.394348 10.480579 -0.859660 -1.048967 -1.471874 -0.961204 -0.989580 -0.256816 -0.786401 -0.409715 -1.663143 -1.758928
6 -6.765411 -8.154917 -7.913195 -8.834220 -8.655510 108.898232 -11.956655 -7.517154 -6.005127 -7.528069 -8.389793 -9.261744 -8.557292 -9.359141
8 -1.121769 -0.814818 0.210865 -0.421433 -0.160835 0.448496 -1.079734 6.520404 -1.174907 -0.679901 -0.916986 1.471950 -0.603687 -1.677645
6 -6.796253 -6.993299 -6.856642 -7.175555 -7.530529 90.172215 -9.011617 -6.087453 -6.238465 -6.322405 -6.399777 -7.347995 -6.701531 -6.710690
6 -2.358311 -2.432509 -1.598844 -2.719435 -0.832249 30.366352 -4.007174 -2.037075 -1.231954 -2.906716 -1.495504 -2.706937 -3.690908 -2.348735
8 -0.554314 0.199378 -0.466990 0.261519 -0.146676 -0.162575 -0.344388 1.284836 0.882297 -0.279340 -0.028727 0.071044 -0.251783 -0.464282
13 -2.708122 -1.872437 -2.047531 -1.833783 -4.617330 -4.304873 -5.147011 -2.692851 -2.515436 -2.333774 -2.147803 -2.843541 39.180883 -4.116389
13 -0.216118 -0.254302 -0.455635 -0.035610 -0.044323 -0.406522 -0.393298 -0.401320 -0.351370 -0.237912 -0.326090 -0.462472 3.750905 -0.165931
5 -1.569710 -2.072201 -0.477057 -1.096158 3.328595 1.928954 2.098163 0.010754 -1.462764 -1.738768 -0.208368 -0.397824 1.091015 0.565367
9 -0.765512 -0.324457 0.009008 0.149954 0.781263 0.477858 -0.378676 -0.683700 1.692300 0.072621 -2.666499 1.225422 0.766612 -0.356193
12 2.267275 -1.508584 -0.597850 0.283994 -0.730393 -1.085484 -0.717495 -1.590423 1.220724 -0.964785 0.608791 2.553653 -2.010624 2.271204
4 -0.896972 -1.004070 -0.722455 10.367729 -1.129447 -1.392052 -1.031155 -0.220103 -0.354010 -0.898203 -0.803751 -0.309223 -1.612733 0.006445
14 -0.757952 -0.063938 -0.382582 -0.259851 0.062308 -0.021031 0.166895 0.077616 -0.533469 -0.153016 -0.293568 -0.138941 0.619724 1.677804
3 -0.278886 -0.232098 1.123554 1.006323 -0.250631 -1.483652 -1.274850 -0.212345 -0.392681 0.383221 0.617446 0.331883 0.836102 -0.173387
4 -1.680114 -0.491808 -1.234612 11.002439 -1.386398 -2.237209 1.397164 0.789458 -1.590796 -1.352193 0.354598 -0.999700 -1.728909 -0.841919
3 -2.088287 -1.287943 19.290395 -1.237806 -1.337415 -2.009627 -2.054623 -1.336840 -0.448206 -0.653915 -2.026000 -0.911775 -1.592907 -2.305052
1 1.842934 -0.134351 0.926968 0.658822 -0.631292 -0.273930 -1.624303 -0.871457 -1.139584 0.104470 0.616773 -0.890915 1.423949 -0.008083
12 -0.330772 0.549382 -0.376346 -1.016707 -0.711321 -0.113366 -2.574216 0.978787 0.774155 -1.150015 -0.280790 3.016514 2.065076 -0.830380
10 -1.643896 0.073260 -0.067831 -0.800651 -1.107801 0.064638 -1.557494 0.116880 -0.439694 2.424637 0.864221 1.568626 -1.031907 1.537011
3 -0.115783 0.125442 0.461499 0.035757 0.067861 -0.215709 0.001087 0.101113 -0.154394 0.240102 -0.567054 -0.185072 -0.167877 0.373028
7 -0.412830 1.057223 -0.494880 -1.655757 -0.417056 1.169774 3.146800 -0.439226 -1.544370 -1.109443 -1.334184 -0.729892 0.065733 2.698109
14 -2.018133 -0.976549 0.074606 -0.143054 0.506415 -0.718595 -0.177525 0.430802 0.638129 -0.037317 0.167483 0.834391 -0.638440 2.057789
1 1.233848 0.245319 -0.373030 0.725927 -0.375742 -0.214164 0.042858 -0.221682 -0.038611 -0.249987 -0.170064 -0.240975 -0.316458 -0.047240
10 -0.026117 -0.903588 0.413621 -0.275821 -0.314165 -0.886242 -1.261800 0.468239 0.248751 2.320867 -0.266991 -0.897827 0.699359 0.681712
4 -0.473632 -0.776041 -0.873305 9.537742 -0.944595 0.378930 -1.370698 0.069290 -0.105627 -1.745527 -0.340343 -1.303318 -1.109841 -0.943034
4 -1.012793 -0.646977 -0.410972 9.943724 -1.357434 -1.021117 -1.143051 -0.029871 -0.977788 -0.727190 -0.290985 -0.673331 -0.502862 -1.149353
1 2.597267 -0.079201 -0.440902 -0.259971 0.388526 0.380852 -1.221093 0.425095 -0.221421 -0.368589 -0.819026 -0.005452 -0.559227 0.183143
12 1.932385 -0.014130 -1.722269 -0.476339 -0.549654 -1.353036 -0.847400 0.645018 -0.415803 -1.023178 -0.783891 6.521097 -1.629201 -0.283599
1 18.820332 -0.392949 -0.443929 -2.123864 -3.617697 -0.008899 -3.281446 0.235480 -1.717959 -0.908163 -2.167301 -2.258395 -0.717813 -1.417397
14 0.819341 2.212617 -0.661742 -0.757370 -2.405117 -1.211062 -1.449195 0.735770 -0.076496 -0.724671 -0.618350 -0.740986 2.376926 2.500335
7 0.389283 1.800306 1.310061 -1.184562 0.758820 -0.727617 3.300502 -3.470948 -1.017706 -1.300993 -1.920619 2.413508 -3.482149 3.132115
4 -1.074130 -1.278010 0.047308 1.952027 -0.012923 -0.466821 1.487828 -0.570835 1.509743 0.452298 -0.432447 0.539074 -1.662672 -0.490439
5 -1.145350 -0.946781 -1.235486 0.267252 9.773329 0.738440 -2.078779 -1.000880 -0.231031 -1.134283 -0.821791 -0.510467 -0.588203 -1.085969
4 -2.098018 0.085687 -1.224176 9.969206 -0.873464 -1.307339 -1.230828 -0.212565 -1.739805 1.658910 -0.356024 -0.165411 -2.184997 -0.321176
14 -1.460542 -1.989925 -1.604402 -1.153745 -1.255321 -1.403693 -1.678396 -1.583384 -1.180483 -1.396571 -1.515499 -1.222465 -0.506070 17.950497
5 -0.269629 -0.243210 -0.047835 0.117280 0.354933 0.178397 -0.255200 -0.151541 0.067006 0.130137 -0.080706 0.172218 -0.105509 0.133659
9 -0.252944 -0.182871 -0.036499 -0.287093 -0.062266 -0.120066 0.132564 0.274142 0.498479 0.107191 -0.094587 -0.298019 0.151225 0.170746
4 -0.256353 -1.135680 -1.456580 9.916933 -1.793279 -0.118804 1.799022 -0.535291 -0.584435 -1.070734 -1.251809 -0.652380 -1.291378 -1.569231
10 1.331066 -3.803540 -1.236295 -1.062969 0.342762 -0.539399 0.069838 0.374037 -1.185330 3.863220 -0.725726 3.327394 -1.273112 0.518055
14 -3.555118 -3.899062 -3.026240 -3.962399 -3.885877 -1.983929 -4.295875 -4.949471 -2.775522 -1.919132 -1.452783 -3.391130 -2.953371 42.049910
6 -3.445161 -4.737534 -4.045919 -4.278178 -5.225595 54.905259 -4.895879 -5.173740 -3.653461 -4.607456 -4.241121 -3.654052 -2.086070 -4.861091
6 0.108446 0.286535 -0.390373 -0.688592 0.583895 2.059520 -0.863877 -0.931504 0.430380 -0.020513 -0.974403 1.011796 0.522837 -1.134148
11 -0.365149 0.022134 -0.018189 0.380477 -0.390700 0.295209 0.607596 -0.318567 -0.532238 -0.007236 0.739580 0.335035 -1.130279 0.382328
4 -0.973405 -0.839943 -0.820832 11.053309 -1.225208 -0.733534 -1.346803 -0.895070 -0.677452 -0.794883 -0.088031 -0.240345 -1.587639 -0.830164
10 0.750622 -1.691303 -1.310872 -0.918111 0.325250 -2.900384 -3.145188 -0.302020 0.656212 9.450436 -1.867822 0.912326 1.165514 -1.124658
8 -0.191008 2.085798 -2.226153 -1.586707 -2.831697 -0.475370 -3.316727 15.710326 -2.010931 0.857541 -1.249891 -2.846963 -1.275563 -0.642656
8 0.003035 1.245709 0.038014 -0.681765 -2.728746 1.017246 -1.487377 3.734087 0.517373 0.039921 -0.815505 -0.629168 0.312549 -0.565374
1 15.858466 -0.091230 -1.773985 -0.639154 -0.933146 -1.651027 -0.822783 -1.808687 -1.277715 -1.542457 -0.570861 -1.720878 -2.408592 -0.617951
13 -1.259824 0.044878 0.212528 0.621908 -0.638654 0.049149 -0.293144 -0.644457 -0.130910 0.649487 0.121435 -0.127795 1.229087 0.166312
5 -0.777743 -0.562723 -0.598650 -1.214707 7.376802 -2.309629 -1.982592 0.753215 0.876850 -0.720686 -0.854416 -0.620754 1.012297 -0.377264
11 -2.951888 -2.959881 -3.362119 -2.266374 -3.411274 -2.566855 -2.412422 -3.230355 -2.765328 -2.641202 38.101442 -2.464900 -3.770891 -3.297952
11 -0.603147 0.651288 0.870086 -0.476948 0.822038 -0.841839 -0.456128 0.038225 -0.746977 -0.618395 1.598038 -0.799461 -0.945170 1.508389
9 0.924712 -2.359147 -0.514740 0.544303 -0.395067 -0.947505 -1.465752 1.289638 2.107086 0.692142 -2.319300 1.456321 -0.141639 1.128950
8 -1.550110 -0.657163 -2.873547 -0.822757 1.906854 -0.774172 -5.657420 17.251251 -0.168448 -1.960214 -1.195514 -0.128465 -1.546672 -1.823624
5 0.840088 -0.332956 0.083410 -0.167473 1.511335 -0.526843 -1.282270 1.160126 -0.240069 -0.782940 -0.475313 0.326831 0.566675 -0.680598
5 -0.537057 -2.519360 -0.720998 1.536947 3.195087 2.237621 -0.228339 0.158511 0.720872 -0.631472 -1.789640 0.085801 -0.580788 -0.927185
1 3.579535 1.572539 0.043597 0.459139 0.406437 -2.202003 -0.675124 -0.496039 -0.777507 1.659105 -1.082696 -0.797106 0.054503 -1.744379
4 -1.479883 -1.338620 -0.629418 10.703780 -1.080876 -0.792961 -1.086401 -0.643431 -0.667446 -0.873286 0.303269 -0.458268 -1.176233 -0.780224
7 -0.642944 0.273242 -0.152194 0.845249 -0.410667 0.369452 1.400782 -0.509817 -0.397159 0.049513 0.079059 0.287714 -1.144977 -0.047254
13 -0.295842 0.647207 0.242979 0.060409 -0.003487 -0.142071 -0.564101 0.487077 -0.036743 -0.098218 -0.763359 -0.987353 2.117512 -0.664009
1 21.911278 -2.862583 -2.361225 -1.845549 -1.467248 -1.989517 -2.196194 -1.743516 -1.392122 -0.846239 -2.196688 0.264585 -1.751547 -1.523435
6 -4.165775 4.132403 -4.585791 -5.165142 -5.995004 57.382612 -6.910435 -3.627417 -4.686482 -4.643521 -5.472396 -4.733507 -6.566203 -4.963342
3 -0.632850 -0.669362 6.791707 -0.443670 -0.797073 -1.051489 -0.705137 -1.147527 -0.405024 0.273124 0.287055 -0.623410 -0.390870 -0.485474
5 1.503600 2.982190 -1.908773 0.127119 7.476273 -0.515235 -3.459221 0.688222 -1.032168 -1.582106 -2.775323 -0.175767 -0.329934 -0.998876
8 -1.370605 -1.030032 -0.691955 1.046332 -0.826576 0.054675 -2.399191 7.765570 -0.401868 -0.852301 -1.071049 0.417942 -1.455046 0.814104
3 -0.338945 0.154631 0.500254 -0.444908 0.406929 -0.669300 0.390994 -0.164605 -0.233478 0.106133 0.118340 -0.029967 -0.231473 0.435396
1 1.465220 0.972004 -0.593522 0.170809 -0.198566 -0.595880 -0.211069 0.202417 0.005831 0.171554 -0.015356 -0.499684 -0.244013 -0.629746
6 -6.578975 -7.049253 -1.175721 -5.736093 -6.555148 43.378883 -12.386050 -5.966604 -4.083036 -7.375388 27.528527 -4.551117 -4.066544 -5.383480
12 -2.197147 -0.076142 0.568829 1.224727 0.116409 -0.779317 -2.106722 -0.381906 2.172198 -1.072555 -2.299584 5.279025 2.289886 -2.737699
3 -1.493095 -2.287629 16.582666 -1.800405 -1.855436 -1.031581 -0.527864 -2.390279 -2.075166 -0.552165 0.364579 -0.583394 -1.278648 -1.071585
9 -0.050652 -0.029611 -0.025011 -0.068546 -0.107052 -0.180478 0.274252 -0.192666 0.470904 -0.086135 -0.032389 0.246503 -0.091295 -0.127823
13 -0.162546 0.423245 0.000940 0.063883 -1.372684 -1.034129 -2.126651 0.257713 -0.024437 0.822154 -0.198207 0.006705 1.816521 1.527493
12 -1.067006 0.130361 -0.055613 -0.094688 -0.565640 0.441535 -0.569181 -0.601112 -0.116253 -0.100413 0.128379 2.453300 0.029945 -0.013612
11 -0.843232 -0.134628 -1.969895 -1.608812 -5.431201 -2.536242 -3.822338 -2.230565 -0.322776 -1.808002 25.114508 -1.674954 -1.508130 -1.223731
6 -0.549823 1.196499 0.425934 -1.435662 -0.030250 2.545383 -0.178560 0.436263 -0.294495 0.416790 -0.117036 -2.212327 0.989888 -1.192602
2 -3.220661 10.405743 -0.710341 -1.048166 0.108890 -1.603793 0.585050 -0.604566 0.102190 -1.134065 -0.250085 -0.629406 -1.398135 -0.602656
1 168.154799 -15.917045 -14.579296 -13.545351 -15.001260 -14.623445 -17.726219 -13.842123 -14.913557 -14.199955 -13.713873 -14.040364 8.760349 -14.812659
7 -3.050976 -2.449366 -1.886821 -1.894306 -2.620262 -2.697132 29.177998 -2.367960 -2.015910 -1.954561 -2.565716 -0.530319 -2.269094 -2.875575
10 -0.482081 -0.770901 0.141715 0.530518 -0.182549 -1.003223 -1.361153 0.666537 -1.021079 2.371014 0.399510 1.068152 0.277303 -0.633761
3 -1.786810 -1.258449 9.546320 -1.937480 0.507533 -1.098941 2.988581 -1.676885 -0.618419 -1.461047 -2.074599 0.438012 -0.238985 -1.328832
1 15.034898 -1.993703 -0.174147 -0.210531 -2.180111 -3.755622 -1.607336 -1.076104 0.030691 -1.211851 -1.781025 -0.137531 2.553583 -3.491212
1 22.373187 -1.877626 -2.103571 -1.533834 -1.386279 0.141974 -3.995714 -1.517100 -1.440136 -0.942488 -1.244395 -1.500176 -2.648763 -2.325079
2 -0.677812 9.708296 0.082968 -0.225830 -1.166027 -1.465163 -1.509310 -1.406320 -0.697345 0.978962 -1.162014 -0.204567 -1.192993 -1.062843
6 -2.458735 -1.102210 -2.019171 -2.590525 -1.980489 30.090625 -2.900632 -3.322091 -2.175484 -2.568324 -3.133953 -2.752554 -0.243516 -2.842940
5 -3.507004 -0.903521 -0.812533 -0.343586 12.656785 -3.217497 0.165124 -0.513135 -1.879984 -0.543025 0.061104 -1.369494 -0.366865 0.573630
6 -0.019923 -1.568230 -1.676741 -1.081061 -0.511020 14.908853 -7.420012 -1.179010 -2.620817 1.017138 -1.174775 -0.869418 -1.781701 3.976715
3 -0.815601 0.548026 1.442262 -0.551254 -0.867180 -0.282912 -1.454791 0.023837 -0.021091 1.035647 0.048543 0.742934 0.013619 0.137961
2 0.651322 2.581205 -0.426199 -0.407315 0.207063 -0.013348 -1.409070 0.495449 -0.194161 -0.180624 -0.850089 0.399798 -0.945497 0.091466
3 -2.166286 -1.375911 20.428089 -1.576544 -1.310175 -1.121184 -2.164374 -1.342778 -1.344044 -0.724995 -1.843741 -1.645856 -2.589958 -1.222243
6 0.413035 0.186401 -0.822015 -0.560419 -2.998377 4.377794 -0.701079 0.645374 -0.686659 0.141054 0.124553 -0.149441 0.143423 -0.113644
6 0.037018 -0.320474 -0.031858 0.289949 -0.371732 1.412538 -0.171887 -0.243357 0.019969 -0.210044 -0.151331 -0.024978 -0.071214 -0.162599
3 -1.207099 0.117710 10.407638 -0.242190 -0.507364 -0.178648 -2.266834 -0.310789 -1.068361 -1.207729 -0.016039 -1.648893 -1.532070 -0.339332
10 -2.395841 0.796089 -2.832218 -0.963405 -1.206610 -1.144248 -0.453610 -0.755820 -0.339765 15.075916 -0.708876 0.300864 -4.158501 -1.213973
10 -1.964988 -0.131315 0.446731 0.226846 -0.448225 -2.225656 -0.321471 -1.445331 -0.696698 4.500608 -0.028537 1.341656 -1.085395 1.831774
7 -23.374813 -23.148302 -22.991784 -22.408082 -25.969530 -33.074699 322.891675 -23.788760 -21.691537 -21.019812 -31.185030 -22.984485 -24.678958 -26.575885
7 -0.551175 -0.707262 1.238382 -0.017668 -0.593919 -0.078628 1.522046 0.680865 0.275374 -1.116320 0.125014 -0.039502 -1.065535 0.328327
12 -0.968486 0.002117 0.318185 0.611289 -0.958246 -0.400210 1.445389 -0.397502 -1.519099 -0.820788 -0.212314 5.392005 -1.578001 -0.914339
4 -0.544696 0.214574 0.151523 0.502602 0.131828 -0.246952 -0.104295 -0.198257 -0.558459 0.135439 0.443972 0.291196 -0.608092 0.389616
11 -3.257098 -3.995881 -4.382249 -4.117387 -3.082949 -3.572689 -3.835513 -3.900737 -2.278551 -5.337731 47.546713 -1.287084 -4.343790 -4.155053
11 -15.169219 -20.689072 -16.283063 -14.975647 -14.291108 -16.474149 -19.802169 -16.336217 -15.260550 -16.678440 214.105952 -16.379786 -15.752330 -16.014201
10 -0.863216 0.328028 -1.095739 -0.391028 -0.384445 0.174694 0.181935 0.586830 -0.111448 0.889598 0.488643 0.300333 -0.289552 0.185366
3 -2.179584 -1.290726 20.022734 -1.576544 -1.192938 -1.049223 -2.148381 -1.241598 -1.315879 -0.662795 -1.975144 -1.620147 -2.523799 -1.245976
11 0.117129 0.231770 0.653993 -0.635122 -0.866235 -1.250576 0.091576 -0.718106 0.040665 -0.036263 2.350491 -0.799480 0.501918 0.318241
14 -2.154994 -0.112086 0.342714 -1.051630 0.991016 -0.946293 1.827349 -1.178584 0.643224 -0.706917 -4.264524 1.745303 0.911431 3.953991
11 -0.960394 -0.258784 -0.788510 -0.027084 0.554102 -0.593312 -0.531535 0.064965 0.129773 0.256416 2.876127 -0.168970 -0.241443 -0.311351
7 -0.647578 -0.706291 -0.631946 -0.185730 -0.143868 -0.421665 2.109041 0.464293 -0.197396 -0.212689 0.803173 -0.432457 0.109558 0.093554
4 -0.622986 0.677312 -0.518238 0.864034 0.243096 0.119023 0.283027 -0.209574 -0.833407 0.176763 0.515495 0.085864 -0.718640 -0.061770
10 -3.277703 0.106164 -1.218783 -3.139419 2.872156 -3.485521 0.010701 1.613393 -0.095054 7.257656 2.862692 0.866253 -1.030636 -3.341900
11 -3.699083 1.568387 -4.935565 -1.766358 -3.455290 -4.112533 1.834492 -1.651031 -4.025557 -2.926046 31.681459 -3.831225 -3.093419 -1.588231
10 -0.708623 -0.558138 -0.313214 -0.677338 -0.352556 -1.146393 -0.143813 -1.341754 0.262534 6.397389 -0.558270 -0.341900 0.373147 -0.891070
11 -4.030152 -3.902532 -3.802766 -2.318791 -1.508908 -3.194696 -3.039259 -2.420593 -3.558241 -3.138998 39.976999 -2.599337 -3.425426 -3.037298
11 -0.953716 -0.573074 -0.432767 -0.499331 -0.575778 -1.377188 -0.386073 -0.357456 -1.152527 -0.102128 8.813728 -0.395139 -1.366110 -0.642440
6 -2.056577 -1.616415 -3.043589 1.029772 -1.791048 26.284207 -2.188763 -2.984078 -1.666685 -2.577995 -3.172989 -1.907320 -1.304302 -3.004218
13 -0.896822 -0.886946 -1.592034 -0.815321 -0.451957 -1.277584 -1.081300 -0.861402 -0.700239 -0.521336 -0.869043 -0.636362 11.739724 -1.149377
5 0.241015 3.622975 -1.152957 0.273792 7.335808 -0.102492 -2.939751 0.129757 -1.186363 -1.314932 -1.563725 -1.715803 -0.733048 -0.894275
14 -0.901477 0.212015 -1.169381 -1.241240 -0.495106 0.483877 0.288342 -0.077667 -0.199769 -0.876289 1.598560 -0.896894 -1.019155 4.294184
2 -9.098704 6.637317 -0.282949 -0.107343 0.498652 -1.914766 2.274406 0.553337 -1.010264 -0.654049 2.776048 0.370465 -1.584076 1.541926
14 0.480266 -0.125893 -0.290081 0.078249 -1.017481 -1.687925 -0.184349 -0.579483 -1.344014 -0.444326 1.945471 -0.024374 -1.251203 4.445142
7 -1.530176 0.405017 0.890594 -0.637643 -0.191725 -0.392461 1.861133 0.642466 -0.730939 -1.027289 1.060653 -0.294088 -0.135405 0.079863
2 -5.297020 14.585216 -1.489266 -0.379798 -1.855113 -1.891113 -2.141549 2.177000 -1.850811 0.514373 0.399734 -1.238471 -0.695432 -0.837747
5 -1.848251 0.102361 0.848321 -1.215805 11.791515 -1.743862 -1.206305 -0.838412 0.312964 -0.307722 -1.256318 -1.509471 -1.428791 -1.700225
9 0.415716 0.015712 -0.353179 -0.510945 -1.046063 -0.262631 0.234481 -0.059865 4.943338 -1.557231 -0.385347 0.369659 -0.375234 -1.428412
13 -0.931308 0.792018 -0.636283 0.469121 -0.258900 -0.199426 -1.041181 -0.713515 -0.544528 0.857789 -0.303159 1.117983 1.189639 0.201750
5 -2.286436 -1.150175 -2.503147 -1.193014 14.770709 -3.809075 0.101557 -0.886046 -2.418137 -1.556884 1.982823 -1.195121 -0.109177 0.252123
2 -8.405374 19.029650 -0.772425 -0.512911 -1.182638 -1.792707 -0.595737 -1.081525 -1.623512 -1.612827 0.157671 -0.815453 -0.447389 -0.344820
13 0.370953 -0.612749 -0.366119 -0.225112 -0.751781 -0.473214 -0.401002 -0.494878 -0.453876 0.693036 -0.145842 0.239944 3.303225 -0.682586
14 -3.699405 -3.943097 -1.761954 -1.117956 -3.624065 -1.523614 -0.596188 -2.702449 -1.931179 -3.049839 -2.780727 -3.195415 -1.386543 31.312432
9 0.107163 -0.471808 -0.507436 0.328440 -0.736136 0.249903 0.175883 0.454544 0.792280 -0.754037 0.037841 0.581973 -0.120418 -0.138193
3 -3.011134 -0.440191 20.951994 -0.643581 -3.455316 -1.930609 -1.241794 -1.962856 -1.518508 0.410031 -0.679693 -0.224266 -3.428025 -2.826051
4 -1.193415 0.237834 0.489228 1.340171 0.585592 -0.141018 -1.244856 -0.168152 0.128914 -1.314311 -0.466434 1.148323 1.001823 -0.403701
6 -1.934517 -2.608755 -1.347666 -2.282163 -4.817442 28.714025 1.121651 -2.652081 -3.832033 -3.545448 -1.024110 -0.848328 -3.111436 -1.831694
13 0.098090 0.689710 0.029070 -0.578070 1.032519 -1.114733 -1.610414 -0.185613 -0.348931 0.446145 -1.381311 0.896046 1.587604 0.439887
3 0.072764 -1.580705 8.416013 -0.681824 -1.017759 0.320077 -3.087663 0.312138 -0.708910 -1.215693 -0.394088 0.995260 -0.550894 -0.878716
1 19.217144 -1.344532 -0.877808 -1.925764 -1.681113 -1.134417 -3.308171 -0.803958 -0.789945 -2.047821 -1.583646 -0.287917 -1.605221 -1.826831
2 -0.391116 2.387943 -0.291104 0.103303 0.021508 0.019084 -0.364436 -0.133780 -0.145009 -0.286015 -0.368611 -0.126625 -0.334055 -0.091088
1 1.770581 1.307718 -1.270882 -1.170018 -0.761744 0.900561 0.735894 -0.240489 -0.491769 -0.324180 -0.883385 0.435265 -0.229751 0.222200
5 -0.961170 -1.944755 -1.421071 -1.848474 11.520560 2.683119 -1.391976 -1.069837 -2.298980 -0.679205 -0.304105 -1.455304 0.076596 -0.905396
6 -1.601214 -3.132186 -2.556177 -2.180020 -2.724400 30.490516 -2.334581 -2.335855 -1.821151 -2.219560 -2.359343 -1.602150 -3.235926 -2.387951
3 0.707388 -0.821996 11.173659 -1.750316 -1.766347 -2.217330 -0.832996 -2.502220 -2.052852 -3.058330 -1.188406 6.721972 -4.358629 1.946404
12 0.011843 -1.920970 -0.307991 0.272839 -1.005992 5.717760 -4.573327 -1.413642 -1.923712 1.310372 -2.293870 7.479088 -1.494182 0.141786
1 12.328601 0.345614 -1.413899 -0.619196 -0.324565 -0.331629 0.355072 -2.405970 -0.249716 -1.534625 -2.894948 -0.472136 -3.101995 0.319393
14 -0.723345 -0.316595 -0.123250 0.487142 0.996502 -0.389989 0.417167 -1.312001 -0.798018 -0.481331 -1.225329 0.304406 -0.081873 3.246513
11 -0.579759 0.082100 0.030003 0.490614 -0.275117 -0.531984 -0.181148 -0.112857 -0.799215 -0.450011 0.782577 0.361188 0.675229 0.508378
10 -0.898659 -0.229206 -0.281063 0.646771 -0.114578 -0.153677 0.509073 -0.540648 -0.539802 1.032277 0.888539 0.094345 -0.947901 0.534529
12 1.601727 -1.009019 -0.629312 -0.362215 -1.313402 -0.035506 0.404440 -0.918921 -0.630186 -0.617823 -1.504174 5.864910 -0.472976 -0.377544
1 21.917708 -2.840018 -2.518787 -1.295211 -1.212467 -3.035302 -0.406616 -1.497496 -1.477669 -1.679710 -2.051743 -1.678228 -2.537250 0.312789
13 -1.027537 -1.547573 -0.259530 -0.020865 -0.068549 0.918739 -1.373977 -0.666739 -0.605793 0.172870 -0.191850 0.314755 4.522280 -0.166229
13 -2.219871 -1.175591 -1.780169 -1.190720 -1.647936 -1.092111 3.099094 -1.612154 -0.151184 -0.607833 -0.137769 -0.929430 9.861182 -0.415508
14 -1.037955 0.054736 -0.359038 -0.081010 0.401505 -0.755884 0.548276 -0.824380 -1.637897 1.059421 1.528532 0.323420 -1.177231 1.957505
12 0.142732 -0.280714 -0.216363 0.103404 -0.662770 -0.185109 -0.196389 0.051705 0.802760 0.419937 -0.614351 1.060828 -0.350494 -0.075177
3 -1.237972 -1.145089 18.456141 -1.612596 -1.854588 -2.323657 -1.259329 -1.282146 -1.283486 -1.454848 -1.129079 -1.596878 -1.149738 -1.126735
7 -3.411151 -5.857663 -5.109223 -5.497544 -5.852619 -7.871101 66.798460 -7.457497 -5.998112 -3.436349 -7.595205 -4.879338 -2.563980 -1.268679
11 -2.799762 -2.030729 -1.798106 -0.867386 -1.297560 -1.123469 1.966429 -1.747264 -3.207889 -1.709274 17.864671 -0.750824 -1.845195 -0.653642
8 -0.338856 0.344947 0.919172 -1.722382 -2.806393 1.436268 -1.847454 5.911700 -0.092616 1.094054 -1.489438 -1.027057 0.794375 -1.176321
9 0.811954 -0.979972 -0.896546 0.406660 -1.374374 -0.412179 -1.290523 -0.174631 2.340320 -0.073985 -0.853551 0.879698 1.555938 0.061190
7 -1.104580 0.551106 0.099559 0.213621 -1.091914 1.248573 1.334765 -2.015643 0.714916 0.056059 0.044910 0.984405 -0.431014 -0.604763
6 -1.036156 -0.581497 -0.714185 -0.739980 -3.058941 21.309079 -6.362710 -1.185985 -1.191755 -0.658131 -2.505109 -1.917757 -0.143541 -1.213332
1 38.961709 -1.861046 -1.656578 -3.026917 -2.871652 -3.594715 -3.842917 -2.953320 -3.258326 -3.899202 -3.184790 0.900381 -4.667490 -5.045136
1 3.554018 0.151398 0.095189 -0.365959 0.264284 -0.911248 -1.065526 -0.412757 0.237082 -0.410617 -0.177037 -0.492472 -0.099682 -0.366672
9 0.603113 0.043094 0.972603 -1.401398 -1.027222 2.247134 -2.338887 -0.963780 3.603811 -0.112979 0.147576 -0.106650 -1.310659 -0.355756
5 -2.146747 -0.173598 -1.951645 0.129672 11.314438 -0.351510 -1.874885 -1.815165 -1.057704 -0.652895 -0.004398 -0.487567 -0.196681 -0.731316
6 -0.264445 0.103934 -1.628480 -0.655852 1.848290 2.036020 0.049679 0.176325 -0.489818 -1.052417 -0.478442 -0.272543 0.922936 -0.295188
11 -0.907116 -0.207799 -0.297640 0.672166 0.138529 0.189102 -0.853611 0.299230 -0.633514 0.013607 1.302481 0.629675 -0.861132 0.516024
1 26.115633 -1.239614 0.295059 -3.574534 0.245067 -1.959305 -1.217130 -2.972590 -1.923069 -1.585683 -4.113501 -2.575102 -0.824322 -4.670909
1 8.190050 0.538091 -1.553560 -1.526543 -1.721006 0.126084 0.864233 -1.426580 1.084196 -0.302123 -3.262430 -1.286842 -0.220770 0.497199
12 0.232310 -0.808945 -0.125337 -0.130540 -0.836607 0.779741 -0.290761 -0.872138 -0.788091 -0.837367 -0.413572 3.198379 0.191792 0.701134
1 7.884669 0.120928 -1.949129 0.076611 -1.743060 1.309382 -0.935545 -0.762513 -0.386199 -1.367429 -2.081560 -0.495795 -0.491679 0.821319
1 34.627317 -3.089280 -2.277878 -2.208838 -2.802705 -2.395400 -2.751224 -2.618251 -2.476588 -1.947042 -2.267457 -3.072750 -3.581486 -3.138417
1 111.450589 -8.794499 -7.161601 -7.351059 -9.485372 -9.873543 -15.218323 -9.682101 -6.396520 -8.058272 -9.103766 -8.441893 -4.443399 -7.440242
1 28.484336 -2.214418 -1.865836 -1.824838 -1.633403 -1.965572 -3.249377 -2.266893 -1.968968 -2.002880 -2.337859 -1.823412 -2.547866 -2.783015
1 95.648503 -9.098322 -9.215310 -11.011311 -9.140444 -6.175812 -15.315191 -7.012173 -9.240390 -9.802797 -8.363884 -7.375422 14.649203 -8.546649
1 28.967188 -2.519426 -1.382084 -1.436863 -1.671681 -1.746658 -3.979793 -3.310582 -1.869286 -2.304435 -2.085014 -2.537361 -1.809208 -2.314796
1 15.110837 -3.089981 -1.436799 -1.046472 -2.459315 -3.123996 -1.560639 -1.031608 0.641672 1.767916 -1.913811 -0.661249 1.095970 -2.292524
1 15.321617 -1.262449 -0.814626 -1.003663 -1.607389 -1.609919 0.006390 -1.232839 -0.505265 -1.884327 -2.259137 -1.332976 -1.192886 -0.622530
1 14.951769 0.316725 -2.077385 -1.166556 -0.722283 -2.712365 -1.731803 -1.642610 -0.303194 -0.207681 -0.484242 -2.721191 -0.461669 -1.037515
1 18.307327 -2.680066 -1.156638 -1.779655 -1.628493 -2.489889 -2.697560 -2.110652 -0.919122 -0.782285 -1.059113 -1.286504 -0.259335 0.541985
1 26.001797 -1.329166 -1.807335 -2.350281 -2.903965 -2.617143 -2.352836 -1.741345 -1.853826 -2.000232 -1.557516 -2.022786 -0.552624 -2.912743
1 21.494260 -2.298879 -1.987270 -1.805264 -1.872665 -1.113293 -2.072956 -1.019750 -1.100413 -1.671255 -2.235812 -0.384818 -1.729902 -2.201983
2 -0.615803 1.100240 0.107854 0.254923 0.200841 0.004739 -0.261902 -0.388298 -0.862614 -0.151053 0.853006 0.189970 -0.631963 0.200059
1 21.687087 -2.371003 -3.014218 -1.020563 0.401601 -1.966174 -2.136298 -1.546287 -0.830517 -1.683248 -2.737566 -2.461413 -0.067059 -2.254342
1 1.300857 0.349815 0.429906 -0.165422 0.603441 -0.630063 -0.297525 0.097814 -0.788692 -0.585951 -0.448674 -0.197862 -0.100374 0.432731
1 15.160866 -2.028649 -1.527026 -1.484883 -0.512266 -2.167115 -1.622770 -0.954679 0.047514 1.635065 -1.588964 -1.162318 -2.103837 -1.690940
1 25.393543 -2.479769 -2.115014 -2.317757 -1.609293 -1.406062 -2.521431 -1.617071 -1.235010 -1.968456 -2.563030 -0.328278 -2.634935 -2.597437
1 17.866681 -0.570279 -1.106652 -0.608065 0.842171 -2.899500 -2.642136 -1.782431 -1.451064 -1.643727 -1.134348 -1.331686 -1.745160 -1.793802
1 26.021319 -0.652854 -2.885210 -2.143877 -2.552079 -1.083095 -3.557321 -3.202337 -2.283914 -1.530983 -2.082198 -0.755452 -2.441142 -0.850857
1 3.216644 0.249334 -1.221697 -0.646984 -0.095776 2.204650 -3.123893 -0.487792 -0.888694 0.726764 0.269476 0.144066 -0.392480 0.046383
7 -1.177711 -1.258933 -0.110539 -0.613954 2.784098 1.559853 4.172808 -1.932589 -0.776226 0.973546 -1.704166 -0.464356 -0.466547 -0.985285
10 -2.552908 0.849064 -0.903314 -0.125947 -1.516297 0.422715 1.957843 -0.485421 -1.277098 6.614270 0.998132 -0.472828 -3.095693 -0.412517
12 0.654785 -0.373802 -0.225337 -0.310349 -0.423065 -1.371243 -0.454439 -0.281673 -0.046523 1.046325 0.077648 1.229316 0.873965 -0.395607
7 0.378445 -1.582871 -0.917018 -2.634432 2.393722 0.666902 7.792847 -0.159966 -2.196938 2.427893 -1.825704 -0.444313 -2.118006 -1.780562
10 -2.621087 -2.001655 0.016777 -2.241782 -0.508264 -1.957408 0.793969 1.212488 -2.150733 8.306636 -0.461580 -0.093840 0.449294 1.257185
10 -1.772473 -0.497734 -1.186471 -1.343806 -1.036135 -2.112669 -0.603889 -0.869390 -1.708814 15.143467 -0.877034 -0.922392 -0.404170 -1.808491
10 -0.391415 -0.333164 -0.290005 -0.001466 -0.189310 -0.719728 0.104869 -0.411299 0.269924 3.336167 -0.447780 -0.419625 0.201985 -0.709154
10 -1.152575 -0.588132 -1.705597 -1.736457 -1.006015 -2.634151 -2.016095 -0.633778 -1.043738 18.845496 -1.886429 -1.717039 -1.656450 -1.069040
14 2.377755 0.989074 -1.875131 -1.596844 -3.319469 -1.842579 1.277520 -1.937688 -0.619559 0.913336 2.713149 -2.826212 0.316378 5.430269
7 -2.168140 -1.610036 -0.039452 -0.270555 1.554701 -0.563622 3.609877 -1.139210 -0.444320 1.860220 -1.616507 0.103532 -0.068420 0.791932
10 -2.030077 -1.430387 -1.161885 -0.302907 -1.139869 -2.644001 -0.840897 -0.287744 -1.662142 15.729804 -1.419160 0.189009 -2.388093 -0.611651
8 0.268325 -3.772816 -0.673556 -0.726972 1.450848 -0.981716 0.164299 3.077338 -1.447460 -0.181581 1.137030 0.569582 2.190493 -1.073815
10 -1.040168 -0.069405 1.096996 -1.003692 1.581978 -1.398755 -0.579448 -1.018103 -1.181021 3.548674 -0.151384 -1.070423 2.554014 -1.269264
10 -0.894880 0.121768 1.257313 -0.177743 -0.481599 -1.920604 -2.499356 -0.564936 -0.895372 6.792760 -0.405361 -0.300374 0.627214 -0.658830
7 -0.926845 -0.279665 -1.291158 -0.639367 -0.438317 0.932205 2.733156 0.136384 0.892644 -0.704561 -0.083255 -0.942352 0.574904 0.036228
10 -1.236478 -1.537275 -0.384750 -0.882073 0.275326 -0.730248 -1.415661 0.621420 -1.112163 10.675564 -0.817123 -1.155850 -0.768313 -1.532377
10 0.144687 -0.396969 -0.389425 1.183548 0.640051 -0.831197 -1.710343 -1.010439 -0.428795 2.060685 0.313060 0.926479 -0.827412 0.326071
10 -2.595650 -0.386783 0.871255 1.796998 1.606032 -1.795679 -0.888432 -0.900418 -1.624311 4.756911 0.609119 0.397394 -2.553601 0.707167
9 -0.885303 0.377444 -0.657289 0.374283 -0.095587 -0.578497 0.482249 0.538412 1.016569 0.257197 -0.508112 0.203160 0.946683 -1.471211
2 -1.440424 5.074861 -0.774224 -0.535954 0.196800 0.178957 1.083260 -1.286610 -1.345084 0.130976 1.047566 0.269067 -2.285340 -0.313852
2 -3.543013 11.430039 -1.023514 -0.548371 -0.886690 -0.910327 -0.362423 -0.820116 -0.632237 -0.922407 -0.173806 0.241857 -0.812293 -1.036698
2 -1.566520 13.801884 -1.407754 -0.750682 1.972740 -0.677514 -3.281984 -0.276612 -1.030283 -1.164372 -2.028427 -1.131836 -1.137887 -1.320751
2 -1.124386 13.472252 -0.370049 -1.246962 -4.310862 -2.475135 0.374882 -1.776876 -0.260203 -0.486822 0.311437 0.436216 -1.683373 -0.860120
2 -0.227258 11.125352 -0.615899 -0.736126 -1.310494 -0.843030 0.104104 -1.239391 -0.395828 -1.078584 -1.905904 -0.965439 -1.811362 -0.100139
2 -2.444149 10.151457 1.103330 -0.764356 -1.466851 0.040044 0.197325 -0.948915 -1.322085 -0.471415 -0.774522 -0.937145 -1.694122 -0.668595
2 -5.398004 38.386061 -3.400657 -3.317295 17.072852 -4.926107 -10.601070 -2.884586 -5.585001 -4.678785 -3.046197 -3.629461 -3.256840 -4.734910
2 -1.106939 1.815930 -2.907649 -0.305302 0.720190 1.558494 0.005192 1.178467 -0.960694 -0.166486 1.670446 -0.912994 -0.593218 0.004562
2 -8.768956 13.874904 0.459364 -0.095264 -1.001396 -1.901480 0.781031 -0.556333 -1.749944 -0.086880 1.133047 -1.110750 -1.449279 0.471937
2 -0.350782 7.732330 -0.784544 -0.833041 0.582934 0.069622 -1.579743 -0.357277 -0.525886 -0.601816 -0.792546 -1.250856 -0.428563 -0.879832
2 -0.131259 5.954934 -0.927933 -1.173899 -0.407500 0.318314 1.267219 -0.735228 -1.003137 -0.418355 -0.750332 -0.530800 -1.138972 -0.323054
2 -0.162576 13.864924 -1.524178 -1.001496 1.674452 -0.200587 -2.888903 -0.306299 -1.123342 -1.308277 -2.927664 -0.914544 -1.456804 -1.724706
14 0.015601 0.120976 -0.760794 0.458566 -0.442824 -0.018151 -0.405026 0.246728 -0.297374 -0.817824 0.199680 0.683438 -0.013846 1.030849
5 0.228035 2.077092 -1.857096 -0.190191 9.678535 -0.885606 -3.157452 -0.836563 -1.020659 -0.877787 -1.038491 -0.762838 -0.060698 -1.296281
2 -1.627338 28.778945 -2.629888 -1.483451 -6.817725 -2.668976 1.152748 -2.897496 -1.603985 -1.862321 -1.536439 -1.835459 -3.247586 -1.721029
2 -0.472475 15.443486 -1.537108 -0.852170 -2.290003 -0.883649 -1.072417 -1.294375 -0.220001 -0.203133 -1.023151 -1.638938 -2.292662 -1.663403
5 0.927593 0.270705 -1.059082 -0.220240 4.373399 1.415046 -2.209888 -0.181868 -0.142340 -0.862716 -1.476292 0.318406 -0.474862 -0.677860
11 0.011461 3.982968 -0.805117 -0.692010 0.754306 -0.645676 -2.031221 -0.802432 -1.703423 -0.718680 5.316799 -0.929441 -0.946934 -0.790599
6 -9.294699 -11.381150 -8.382113 -6.300261 13.835644 79.286227 -3.671808 -7.077095 -8.127307 -8.015179 -6.858105 -10.822434 -5.353733 -7.837982
11 -0.590751 -2.174352 -1.693221 -1.745513 2.526511 -1.241096 3.279257 0.361856 -1.738395 -2.398875 4.319345 2.139178 1.278144 -2.322086
7 0.034838 -1.399282 -0.584284 -1.178010 -1.291783 2.598932 3.225695 0.655327 -1.103280 -0.930625 0.019040 -0.079144 -0.708004 0.740580
5 -3.875186 -2.782313 -1.994491 -2.918227 29.261738 -2.595663 -3.500519 -3.828110 -3.058829 -3.936312 6.468052 -2.677481 -2.397129 -2.165531
5 -2.220698 -0.609670 -0.680608 0.046824 11.921124 0.270142 -2.313266 -2.175823 -1.421817 -0.444530 0.496637 -0.792781 -1.382942 -0.692591
10 -0.490102 -0.443902 0.769824 -0.316293 0.958578 -0.949964 -0.195578 -0.505739 -0.945008 2.291955 -0.653926 -0.757787 0.043890 1.194052
5 -0.189093 -1.470197 -1.332096 -1.016407 11.047466 0.556771 2.581855 -2.613476 -2.128815 -1.328093 -1.141089 -0.023803 -1.594460 -1.348563
12 0.227022 0.009180 0.767506 1.462694 0.377392 -0.203402 -3.644383 0.440632 -0.066983 -0.246795 -0.879309 1.993179 -1.883178 1.646444
5 1.775014 -1.286276 0.599380 0.981476 3.351274 -0.532648 -1.655441 -1.146240 -1.133857 -0.106443 -2.877011 2.731579 -0.550407 -0.150399
11 -0.961773 -2.317593 -1.610589 -0.234941 2.045692 0.717416 -2.396002 -0.122638 -1.678634 -0.097028 6.937412 0.149691 -1.373198 0.942186
14 -0.658393 0.875141 -0.722021 1.012433 0.077157 0.587404 -1.429481 0.122199 0.494118 -0.964627 -1.259720 -1.431248 0.206629 3.090410
1 1.459145 -0.279471 -0.143831 -0.428602 0.941443 0.401745 -2.235820 0.014289 0.605626 0.206410 -0.212514 0.633176 -0.167828 -0.793768
11 -3.498710 4.650924 -2.950048 -3.878498 5.902633 4.491571 -5.285686 -3.746902 -2.742565 -2.686384 16.249594 -3.014115 -0.503648 -2.988166
5 -2.387381 -1.823131 -3.460559 -2.233216 39.006045 -6.505808 -4.782208 -1.606118 -2.824994 -4.273149 -1.628842 -1.883200 -1.054963 -4.542477
5 -1.854710 -1.252641 -0.342495 0.283608 10.962539 -1.617741 -0.283501 -1.351405 -0.799052 -0.878381 -1.507835 -1.145081 0.689315 -0.902620
5 -1.268307 0.419752 -3.275982 -1.373632 22.140206 -2.218667 -0.801016 -1.362987 -0.943750 -2.436283 -2.833764 -2.276607 -1.120753 -2.648210
5 -1.717293 -1.998067 -1.058141 -0.250795 11.429497 -1.358597 -1.295265 -1.161701 0.108211 0.617447 -0.977035 -0.324034 -0.665769 -1.348458
5 -0.790949 -0.995149 -3.647540 -0.835093 21.539364 -2.426395 -0.618093 -1.101949 0.384358 -1.957169 -2.832261 -3.224644 -1.020707 -2.473774
5 -1.145274 -0.186728 -0.525687 0.119096 7.035488 -0.391948 -1.947701 -0.703268 -1.068637 -0.205201 0.779967 -0.684022 -1.835931 0.759846
5 -2.538080 -4.038533 -4.231670 -0.965150 34.221690 -4.463406 -4.078387 -6.466393 -2.129860 -4.836432 -0.934342 -2.609582 5.148953 -2.078808
6 -2.267641 -0.709220 -1.396490 0.198976 2.700606 7.883251 -1.430280 -0.923276 -0.886887 -0.000620 -0.217969 -0.621146 -1.156784 -1.172521
11 -1.617819 -2.366355 -1.841419 -1.450060 -2.710458 -2.454656 -3.945571 -1.639181 -1.364312 -1.566898 25.371083 -1.922670 -0.200444 -2.291238
11 -2.245508 -3.535784 -4.113580 -2.956458 -2.218411 -2.491653 -5.707131 -3.067916 -3.867307 -3.670644 43.543909 -2.296553 -3.941045 -3.431918
7 1.868110 -3.459514 -1.245433 -1.256483 2.252790 -1.376052 4.810626 -1.410729 -1.758278 -1.587496 1.949327 -0.237509 0.709301 0.741342
11 -2.828927 -3.183458 -3.287435 -3.026599 -3.418234 -2.445278 -5.065859 -3.060481 -2.835795 -3.569293 42.666539 -2.917504 -2.974022 -4.053655
11 -9.433502 -8.903302 -10.239316 -7.112946 -12.716327 -7.521045 -10.211156 -7.860897 -9.736946 -10.205554 119.849614 -10.477344 -7.068007 -8.363271
11 -0.904971 0.512737 0.594837 -0.170298 0.061503 -1.264984 -0.862422 -0.700292 0.442922 -0.193543 1.339064 0.782045 -0.883053 1.246456
11 -2.004210 1.483760 -0.719345 -0.626849 -0.461464 -0.341525 -0.076210 0.254896 -1.065387 0.238013 3.979745 -0.964205 -0.581021 0.883801
1 1.524650 -0.207132 0.092219 -0.315232 -0.604610 -0.766703 0.243502 0.178855 -0.527882 0.277128 0.538594 0.579108 -0.422639 -0.589859
11 -0.341483 -0.482047 -2.653026 -2.166074 -1.480363 0.310246 -0.650935 -0.935530 -2.356719 -1.902756 15.709210 -0.449273 -1.611364 -0.989886
11 -5.948367 -5.663830 -3.572864 -4.297198 -6.946017 -2.915896 -9.377707 -5.317371 -4.264920 -5.098222 70.790791 -5.497237 -5.763126 -6.128035
11 -9.675203 2.649620 -3.237227 -2.212985 -1.150837 -2.613235 0.180121 -2.083435 -2.511292 -3.730355 29.732671 -1.233204 -2.833798 -1.280841
11 -0.921843 -1.543649 -0.947135 -0.845596 -1.490517 -0.642187 -2.188615 -1.153496 -0.852588 -1.122714 15.284589 -0.841559 -1.307855 -1.426837
11 -0.942605 -1.185659 -1.038843 -0.754222 -1.428497 -1.044427 -1.857513 -0.659734 -0.510855 -0.879411 12.665758 -0.438543 -0.760433 -1.165015
11 -0.911154 -5.407308 -2.493236 -0.380529 2.549901 -2.660015 -5.202495 -1.721855 -2.804526 1.093282 22.385751 0.854248 -2.629614 -2.672450
11 -2.596476 -4.807464 -1.884083 -3.157583 -0.964847 -1.467459 -4.853750 -2.757537 -2.686158 -2.049927 33.920524 -2.251307 -2.365475 -2.078457
11 -4.472562 -6.776081 -6.225565 -5.124311 -8.106024 -6.219420 -10.189050 -5.407088 -4.400876 -5.592012 77.036316 -5.240314 -4.693121 -4.589890
11 -4.271063 -5.551796 -3.510825 -3.474813 -6.689468 -5.865256 -1.137860 -5.438679 -3.502019 -4.663872 55.679456 -3.458479 -5.001603 -3.113723
11 -7.044126 -11.164593 -9.184726 -7.541693 -6.084343 -5.018955 -0.722730 -6.091941 -8.572730 -5.966641 89.883305 -9.172159 -7.696190 -5.622478
11 -2.438438 -1.204518 -1.541785 -0.976149 -3.504812 -2.669748 -2.556239 -0.398374 -1.292266 -1.929097 19.206252 -1.838124 -0.406878 1.550175
11 -1.436989 -1.129837 -0.121516 -1.423651 -0.108483 -1.619451 -1.531272 -1.259938 -0.529186 -1.859597 13.146030 -0.850806 0.075174 -1.350478
11 -4.269806 -2.757383 -0.908437 -4.119997 -5.485898 -0.437030 -3.580237 -1.515399 -1.053775 -3.011773 36.761422 -3.356064 -3.919106 -2.346514
4 0.921549 0.561469 0.319561 3.269805 2.875099 -0.928888 -4.445875 -0.938997 1.320037 1.473139 -1.520594 -0.235614 -1.111027 -1.559664
7 -0.064202 0.176802 -0.495574 1.001635 -0.349638 -0.823547 3.059018 -1.232578 -0.957113 -1.085904 0.970953 0.676013 -1.708040 0.832176
7 -3.218256 -2.591860 -4.949424 -2.642697 -4.557495 -7.578817 60.790120 -4.346388 -3.490841 -2.616792 -7.008075 -4.468082 -5.609186 -7.712207
4 -0.401300 1.154122 -1.933535 2.749641 0.086817 -1.558917 -2.116242 -0.413374 0.834244 -1.267966 0.777140 2.596749 -0.837855 0.330475
4 -0.161439 -1.351236 -1.296263 4.026674 -0.413518 -2.229090 2.136536 0.889435 -0.931298 -0.217944 -0.325078 0.425359 0.137012 -0.689148
7 -9.782945 -3.593680 -5.322052 18.218678 -2.179250 -11.896999 59.417477 -5.005146 -6.441675 -7.338835 -6.751317 -6.448755 -5.401008 -7.474491
1 5.092025 -1.013868 -0.999223 0.026327 -1.930442 -0.487017 -3.131924 0.091768 1.275852 -2.144954 -2.081753 1.812707 1.293202 2.197301
4 -0.383503 0.096736 0.608810 2.700213 -1.102716 -0.674507 -0.775906 -0.015187 0.707933 -0.695214 -0.464624 -0.037385 -0.011308 0.046657
5 -0.780954 -1.346661 -1.174944 0.099536 11.832150 -0.306375 -1.477743 -1.577229 0.523445 -1.008301 -1.749818 0.008913 -0.974500 -2.067518
6 -1.879075 1.180346 -0.036615 0.733155 -2.206964 2.509811 -1.738869 1.438582 -0.240065 -0.573317 -0.377460 -0.053062 0.447860 0.795673
4 -0.926515 0.177298 -0.688395 3.548106 0.294574 0.429513 -1.830726 -0.690961 -0.391590 0.215111 -0.226966 -0.148200 0.726910 -0.488159
8 0.599771 -1.687315 -1.314066 -0.229339 -0.692424 -0.342554 -1.342944 2.262456 1.190741 0.327891 -1.298253 0.211270 0.588896 1.725872
4 -0.702996 -0.528296 -0.196039 3.519378 -0.001209 0.007391 -1.229120 -0.797801 -0.520077 -0.251132 0.755361 -0.290470 -0.347848 0.582856
4 0.008054 -0.266871 -1.084167 2.762067 0.064690 -0.772802 -1.321428 -0.163059 -0.573450 0.352450 0.495210 0.808118 0.187600 -0.496413
5 -1.023271 1.069813 0.138836 0.180740 1.072307 0.552547 -1.219198 0.056033 -0.639546 -0.402174 0.546666 0.000500 -0.937626 0.604375
13 -0.380819 -0.427605 -1.843241 1.256926 1.643528 -0.306629 1.551952 -1.001935 0.788562 -0.696357 -1.466029 -1.227528 2.905566 -0.796391
7 -4.939859 -5.494309 -3.591609 -4.367637 -5.641300 -6.606838 58.219321 -5.043219 -0.088479 -3.873133 -5.448853 -3.029251 -4.954157 -5.140677
4 -0.918931 -0.341442 -0.277650 2.655313 2.128597 -0.616887 -1.239153 -0.633509 0.406928 -0.408452 -1.974116 0.155117 1.607874 -0.543689
7 1.322645 1.132819 -0.396468 0.356918 -0.521708 -0.971376 1.619261 0.178541 -0.428761 -0.114224 -0.780720 -0.141181 -0.162575 -1.093171
1 1.908970 0.461160 0.149010 0.516463 -0.307288 -0.159227 1.209594 -1.035509 0.030995 -1.097787 -1.318125 0.953305 -2.388547 1.076985
10 0.439445 -0.421001 -0.579996 0.721821 -0.888700 -0.131493 -0.365100 -0.162908 -0.505256 1.651680 -0.161620 -0.311159 0.786462 -0.072176
9 0.318708 -0.348952 0.080058 0.445583 -0.097848 -0.178379 0.337412 0.008019 0.615337 -0.228228 0.036602 -0.816564 -0.097466 -0.074282
3 0.267887 -0.533310 1.482307 -0.561608 -0.087048 -0.178535 -1.132273 -0.127505 1.090280 -0.342029 -0.970372 1.439812 -0.218638 -0.128968
3 -2.442334 -0.806896 8.857094 -1.457390 -2.784977 -1.145060 1.478306 0.425920 -0.747271 -1.784365 0.019469 1.015070 0.270338 -0.897903
3 -2.633170 0.170978 3.453103 1.093476 -0.630270 -1.627879 0.399371 -1.311789 -0.865297 0.987694 0.661559 1.148470 -1.336809 0.490563
2 -0.678932 1.377654 -1.626344 -0.862146 -0.443664 0.216387 0.720403 0.573242 -0.510925 0.069504 0.819131 1.038592 -0.614703 -0.078198
3 -1.639571 -0.051545 7.054590 -0.557532 -1.059054 0.201684 0.415400 -0.910342 -0.804029 -0.700260 0.456964 -0.920149 -1.406695 -0.079460
3 -0.994082 -0.963289 7.286089 -0.504929 -0.770803 -0.571785 -0.072034 -0.225997 -0.480196 -0.565135 -0.155352 -0.515303 -0.451047 -1.016135
14 -0.030337 0.000000 0.000000 -0.032610 0.000000 0.000000 -0.017018 -0.399521 0.199760 0.000000 0.000000 -0.056652 -0.021353 0.357731
8 0.633785 -0.887266 1.039106 -0.895551 -1.459388 -1.404940 -0.891401 3.572863 0.175751 2.365302 0.532342 0.008978 -2.914821 0.125240
3 -0.159258 -1.169159 6.921811 -0.861236 -0.793630 0.304265 -1.774590 -0.387083 -2.009684 -1.957156 -0.711033 3.536473 -0.666397 -0.273325
3 -2.499200 -3.801127 28.849672 -2.142901 -1.875572 -5.046456 -4.630207 -3.079891 -0.385470 1.204809 -0.300780 -1.511523 -3.036824 -1.744529
3 -0.528875 1.251628 3.833173 -0.392603 0.351075 -0.436620 -0.170382 0.005234 -0.184046 0.131587 -0.410711 0.092513 -2.555333 -0.986640
3 -2.545592 -3.750449 28.628510 1.469681 -2.467712 -2.477612 -4.185361 -2.917087 -4.763934 -2.664579 0.171669 -0.499945 -3.746760 -0.250830
14 -0.959594 0.158682 -0.760366 -0.384551 0.151841 1.607407 -0.100386 0.230408 -0.678780 0.147195 -0.280998 -0.222764 -1.715511 2.807418
3 -0.207359 -1.315440 7.603294 -0.651819 -0.815372 -1.190172 -0.451478 -0.494704 0.217167 -0.857736 -0.948266 0.928449 -0.593321 -1.223243
3 -1.851025 0.475222 8.024544 -1.318375 -1.415771 -1.105471 -1.324059 0.190508 0.629358 -0.849855 1.586198 -0.299628 -1.307230 -1.434416
6 -1.177877 -2.414989 -0.613192 0.507558 -1.823851 15.518595 -3.487065 -2.143660 -1.422368 -1.060962 -1.168350 1.200836 -1.070793 -0.843881
6 -7.238647 -7.137086 -8.155862 -6.516671 -9.285072 83.017501 -6.901577 -6.168891 -6.710619 -5.839504 -5.308521 -5.708002 -3.546030 -4.501018
1 1.947731 -1.784955 -1.154083 -0.273366 0.616309 0.735823 0.830271 0.512690 -1.042566 0.064872 0.266663 -0.011784 -0.718485 0.010879
6 -7.392279 -9.042216 -7.611015 -6.138161 -6.129644 93.520395 -8.443897 -8.064854 -6.131350 -5.688125 -7.803245 -8.065334 -6.377854 -6.632419
6 -7.100173 -4.193138 -4.638061 -3.747136 -5.982397 60.026245 -3.920315 -5.177012 -5.254551 -4.980749 -3.862161 -4.285186 -2.685071 -4.200295
6 -7.949532 -6.516256 -6.148080 -5.822035 -9.222547 94.993481 -11.199317 -6.489877 -5.717849 -6.974359 -7.457300 -8.377101 -6.121649 -6.997576
6 -11.942759 -10.329474 -10.546567 -10.101708 -11.791197 135.010253 -12.577060 -10.344284 -7.390705 -12.330143 -8.345521 -12.931311 -3.702688 -12.676831
6 -5.924006 -5.783996 -4.212382 -4.322920 -3.674521 66.454570 -8.137621 -4.553297 -4.445660 -4.112437 -4.538055 -5.510786 -5.564981 -5.673907
6 -7.392279 -9.042216 -7.611015 -6.138161 -6.129644 93.520395 -8.443897 -8.064854 -6.131350 -5.688125 -7.803245 -8.065334 -6.377854 -6.632419
6 -3.875510 -1.072739 -3.136714 -1.795409 -2.344308 28.721777 -2.064723 -2.105481 -2.209347 -1.784157 -2.101070 -2.251382 -2.120503 -1.860433
6 -3.672553 -2.676564 -1.832014 -2.911050 -4.845705 29.980072 -2.328351 -1.137089 -1.682099 -3.159317 -1.116744 -2.333699 -0.203899 -2.080989
6 -2.833472 -4.074637 -2.515059 -2.273307 -1.796211 27.359723 0.519143 -1.354577 -2.665485 -1.812140 -2.578885 -2.192120 -1.143881 -2.639092
6 4.442179 -3.732206 -4.475599 -2.927988 -3.454315 31.045138 -5.772522 -3.239196 -1.464053 -2.987081 -2.533616 -0.275980 -2.944025 -1.680736
6 -2.651721 -5.125528 -3.683878 -2.843225 -4.126245 57.409811 -11.023819 -4.520679 -2.927595 -3.633598 -3.585375 -4.461938 -3.162523 -5.663685
6 0.654067 1.377984 -0.777033 0.435386 -1.045441 2.451685 -2.972139 0.317614 -1.173698 -0.579875 0.469461 0.028817 0.154063 0.659110
6 -6.693047 -10.321697 -6.946945 -8.400473 -1.737871 80.319946 -3.329215 -5.510061 -7.507475 -5.983641 -5.280570 -8.672278 -5.262643 -4.674028
6 -0.413964 3.248852 -2.098247 -1.637374 -1.228066 7.507584 -3.162894 0.731781 -0.294002 -0.604193 -0.492658 0.470793 -0.647653 -1.379960
6 -3.731190 -1.506846 -2.925181 -2.504269 -4.524449 29.366850 -3.515960 -1.619931 -2.715586 -0.804163 -2.085085 -1.286300 -2.871044 0.723155
6 -7.392279 -9.042216 -7.611015 -6.138161 -6.129644 93.520395 -8.443897 -8.064854 -6.131350 -5.688125 -7.803245 -8.065334 -6.377854 -6.632419
13 -1.053209 -0.126866 -0.761539 -0.151265 -0.590894 0.322436 0.298028 0.299812 -0.512962 -0.242974 0.754826 -0.037398 1.348321 0.453684
6 -3.127055 -0.156099 -2.758519 -1.345001 -0.259345 12.981606 -3.218168 2.378328 -1.330592 -1.778616 -0.401185 -0.554209 -0.650109 0.218965
6 -7.392279 -9.042216 -7.611015 -6.138161 -6.129644 93.520395 -8.443897 -8.064854 -6.131350 -5.688125 -7.803245 -8.065334 -6.377854 -6.632419
6 -2.511039 -2.498771 -2.265135 -2.551465 -1.751548 33.638997 -4.384735 -1.907494 -2.234270 -2.629260 -2.325662 -3.315813 -2.673009 -2.590795
6 -11.481000 -12.132097 -8.261425 -9.945345 -14.868109 135.618100 -11.358969 -11.213113 -7.051645 -11.285315 -9.903442 -11.362700 -5.527434 -11.227502
6 -2.747152 -2.534864 4.514741 -2.340488 -2.961381 25.500037 -2.562506 -3.135874 -2.110659 -1.141290 -2.028878 -2.621402 -3.398142 -2.432142
13 -0.409738 -1.480867 -1.783035 -0.975970 -0.930680 -1.875944 -3.231241 -1.072760 -1.062317 -0.738935 -1.852204 -1.029319 16.911101 -0.468090
7 1.701997 -1.194446 -0.912441 -0.826633 0.318403 -2.192009 3.363020 1.339426 1.579534 -1.110607 -1.503619 -1.288144 1.635805 -0.910288
7 -0.367512 -1.910515 -0.527012 -1.068065 0.987470 -0.465774 1.486390 1.230603 -0.073703 0.594107 0.465504 1.047294 -0.902085 -0.496701
5 -0.535699 0.520832 -2.117232 -0.255353 2.579191 0.108546 0.149638 -0.178080 0.761990 -0.644116 -0.204566 -1.368504 1.431950 -0.248598
13 0.216083 -0.098638 -0.578157 0.105236 0.963978 -0.987439 -0.782058 -0.496843 1.422157 -0.618128 -2.596702 0.358539 3.577154 -0.485183
13 -3.819586 -5.856825 -2.384800 -2.298395 -3.943352 -3.620669 -2.319354 -4.378612 -3.734096 -3.764963 -2.397487 -4.914487 45.615506 -2.182879
13 -0.965392 -1.509699 -0.446375 0.920438 -0.005488 -0.401158 -0.926899 0.099246 1.768481 0.343816 -1.673139 0.788473 2.400434 -0.392739
13 -0.136601 -0.184348 -1.342804 0.083570 2.149364 0.213802 0.286777 -0.905362 0.772343 -0.504357 -0.688390 -2.003204 3.381781 -1.122572
13 -0.450152 -0.615807 -0.517020 -0.152224 0.739239 -0.111620 -1.522222 -0.307391 0.161539 0.047776 -0.688389 -0.307419 3.987265 -0.263574
13 -0.820512 -0.812712 -0.852056 0.437045 0.468369 -0.014506 -1.835545 -0.301212 -0.590540 -0.583217 -1.112381 -0.276359 8.108978 -1.815353
13 -0.547945 -0.090366 0.697498 0.886853 -1.946484 -0.765421 -0.193750 -0.917782 0.368309 -0.278466 -0.318604 -0.922908 5.612212 -1.583147
13 -1.839913 -1.172457 -1.343980 -0.607616 1.676645 -0.319024 0.439742 -0.673930 0.361337 -0.768356 -1.535872 0.531749 4.890653 0.361023
13 -1.514208 -4.366547 -3.076660 -1.718217 -3.333978 -4.086855 -6.319406 -1.354456 -0.247411 -1.162694 -4.525242 -2.450477 38.811784 -4.655635
13 0.567357 -0.106201 0.289322 -0.329141 -0.659131 0.318798 -0.722902 0.730602 0.228832 -0.372621 -0.768191 -0.654701 1.136226 0.341751
7 2.314613 -1.932282 -0.748057 -1.839551 -1.492289 0.865639 4.551510 1.273068 -1.041166 -1.315464 -1.058767 -0.011693 1.580595 -1.146155
13 -2.971823 -1.165226 -0.794265 5.942486 -2.293159 -2.417666 3.123577 -1.844447 -2.654240 -2.321657 -2.657369 -1.441248 13.926997 -2.431959
13 1.382164 0.472824 0.226923 -0.343652 -0.116775 -0.095009 -1.755785 0.146369 0.028165 -1.012885 -0.143933 -1.415357 3.662205 -1.035254
8 -1.230405 0.772497 -1.366661 -0.283012 -2.296510 2.057761 0.286044 3.201025 -1.101323 0.572204 -0.098411 -0.766571 0.401040 -0.147677
8 -0.268199 0.364104 -1.123545 0.320280 -0.749387 0.029288 1.686078 1.719596 0.126897 -0.018335 -1.180157 -1.115695 1.372945 -1.163870
13 -2.414473 -1.366093 -1.734049 -1.810193 -0.749647 -0.363198 -0.518195 -1.833006 1.775865 -1.567348 0.440771 -0.120455 11.553185 -1.293164
7 -0.948022 -2.496066 0.287003 -1.341591 -1.511876 -2.800951 7.659895 0.957502 -1.490938 -1.510171 -1.938038 -0.487606 5.479387 0.141473
6 -0.114127 -0.073474 -0.196218 -0.184172 -0.361840 0.537489 -0.048059 0.255673 -0.084397 0.026603 -0.394712 -0.094317 0.440776 0.290775
13 -0.132254 0.001787 0.002241 0.360668 -0.789447 -1.123179 0.044786 0.688759 -0.360035 -0.819045 -0.805900 -0.587537 3.770525 -0.251369
13 0.410421 0.172316 1.145661 -0.976119 -0.902331 -0.913625 -0.643064 0.643901 -0.047759 -0.329493 0.199431 -0.885065 2.777851 -0.652126
13 -0.520391 0.135239 0.309500 0.905848 -0.825763 -0.875762 -1.255526 -1.145658 0.206908 -2.197461 -1.778851 -0.006825 8.582498 -1.533757
13 -1.063442 -1.934225 -1.356029 -0.934376 -0.016075 -1.669173 0.129102 -0.506898 -1.041113 -1.054341 -0.702168 0.010984 11.119194 -0.981439
7 -2.834721 -6.082074 -6.879948 -5.884559 -7.736744 -7.627279 77.454723 -6.546752 -5.018514 -7.022414 -8.383707 -4.556880 -8.042717 -0.838415
7 -6.636869 -5.441313 -5.901725 -6.350651 -6.472592 -7.737298 80.974435 -6.175967 -6.207635 -5.933717 -5.764141 -5.667574 -6.008870 -6.676085
7 -6.023894 -7.720675 -9.171869 -5.861109 -7.106158 -8.132263 77.926238 -4.855250 -2.037531 -5.703706 -5.364802 -6.046165 -4.111352 -5.791461
5 -0.634162 0.333756 0.685404 -0.776296 1.454646 0.404342 0.984505 0.459128 -0.893713 0.216157 -2.173176 0.117038 -0.061035 -0.116594
7 -3.600373 -3.996102 -7.059674 -5.887345 -3.431203 -11.334034 59.461840 -1.132043 -4.396945 -5.491896 -3.687693 -4.968890 -3.679250 -0.796390
7 -1.122915 0.227196 -0.124248 -0.281889 0.002762 1.067168 3.175739 -0.182574 -0.973185 0.340062 -1.809739 -0.522180 0.246325 -0.042520
7 -13.814358 -11.496216 -11.866690 -9.994896 -13.276404 -17.569926 158.983244 -10.163893 -9.015109 -11.378381 -15.406612 -13.074502 -10.055664 -11.870595
6 0.677202 0.265589 -0.113891 0.779855 1.714948 1.951989 0.876970 -0.778106 -1.459853 -0.387832 -2.212334 -1.285250 -0.719042 0.689755
7 -9.757625 -11.779467 -9.731659 -10.508687 -11.288373 -12.818507 132.745728 -9.308199 -5.314944 -9.104743 -14.690899 -10.487031 -8.434489 -9.521108
7 0.683586 0.334107 -0.728376 -0.861914 -0.399946 -1.400562 6.281258 -1.222814 -0.709145 -0.772856 -1.361872 -0.153008 -0.261843 0.573383
7 -8.494957 -6.401956 -6.004693 -6.618586 -4.975517 -6.996487 77.791723 -6.522928 -6.106642 -6.494664 -6.058577 -4.836917 -1.208377 -7.071423
7 -2.452328 -1.631479 -2.344721 -2.172935 -0.844028 -3.729867 30.157854 -2.489965 -2.407379 -2.007509 -2.602749 -2.002143 -3.019509 -2.453241
7 -4.661767 -4.396997 -5.289141 -4.930271 -5.962894 -3.737058 60.833721 -3.615098 -3.634740 -4.285287 -6.439026 -3.708787 -4.790674 -5.381982
7 -6.560771 -8.539289 -7.794022 -7.868673 -4.760434 -9.695160 104.326990 -9.226422 -6.602598 -8.487065 -9.570365 -10.157731 -5.948737 -9.115725
12 0.011843 -0.336988 -0.494400 -1.073343 0.679050 -0.461697 -2.130561 -1.126061 -0.239524 -1.158738 -0.251992 3.515646 1.028181 2.038583
7 -2.754019 -2.353910 -2.196150 -2.209855 -0.899311 -2.953559 31.079769 -2.566862 -2.003248 -2.013785 -3.374462 -2.553998 -2.867045 -2.333566
7 -5.595069 -5.547404 -5.014701 -4.553911 -6.580295 -5.602827 67.947186 -4.118674 -4.962206 -5.608733 -6.339148 -3.664747 -5.609564 -4.749907
7 -3.424387 -2.255410 -3.237811 -3.158687 -2.743216 -2.237933 34.189480 -2.360916 -3.173686 -1.848923 -2.564743 -2.093794 -3.209139 -1.880834
7 -7.860301 -6.781368 -7.943560 -7.339478 -6.136987 -10.011295 92.805452 -5.199427 -6.728679 -5.970469 -7.928842 -4.955817 -6.692140 -9.257093
11 -0.876305 -1.943945 -1.356649 -5.435261 -7.016197 -8.735493 11.660240 -0.755301 -5.754736 -8.645905 38.591518 -5.625381 -2.230622 -1.875962
7 -7.118395 -7.969525 -8.098217 -5.811497 -8.402211 -8.810961 98.723706 -8.853461 -8.504731 -8.382975 -7.264893 -6.788177 -8.356071 -4.362590
7 -4.134069 -4.998477 -5.283878 -3.261924 -5.662580 -7.325148 66.567246 -5.143299 -3.752630 -4.968328 -8.277731 -4.314071 -7.143038 -2.302075
7 -3.400528 -3.600073 -3.951878 -5.679612 -3.989746 -3.235332 46.437354 -2.542743 -3.949943 -3.983141 -3.078277 -3.583390 -2.170755 -3.271936
7 -0.619250 -6.111855 -8.786592 -6.770951 -11.447629 -12.259064 107.560114 -5.605755 -9.008340 -8.452513 -10.191952 -8.627885 -8.994950 -10.683379
7 -13.316301 -14.950610 -10.658413 -9.941646 -13.559065 -18.668436 179.349549 -13.421908 -12.289369 -10.195023 -17.563636 -14.973453 -17.167313 -12.644375
12 -0.487770 0.007681 -0.483485 -0.843533 -1.221135 -1.178578 -1.256017 0.166239 -0.103086 0.386970 0.879334 3.712959 0.770780 -0.350359
13 -1.650750 -2.766736 -0.788316 -0.904337 -2.103695 -2.457405 -2.308548 -2.533965 -1.393888 -0.886780 -1.654825 1.609967 20.911816 -3.072538
3 -0.702509 -1.767533 6.369855 -1.721335 -2.312267 -0.786996 0.156595 -1.865943 -0.313791 2.441047 -2.792827 4.422625 0.216586 -1.343507
7 -0.743315 -1.727963 -1.533105 -0.658921 -1.565145 2.531520 3.749295 -0.572497 -0.332041 -1.312848 -0.309901 1.907980 0.380308 0.186633
13 0.090809 0.387845 0.406474 -0.386690 -0.578574 -0.705044 -0.522356 -0.524491 -0.442834 0.329509 0.153015 0.967442 1.180754 -0.355859
14 -2.700458 1.160860 -0.361115 -0.181234 0.142540 -0.108550 0.393751 -0.151030 0.173247 0.075448 0.286555 -0.073923 0.098915 1.244994
3 -1.919921 0.356180 8.460377 0.276623 -0.882097 -1.521488 -2.882079 -1.176890 -0.657627 0.341128 -0.741450 -0.027981 -1.031553 1.406779
13 -0.614449 -0.596641 -0.904394 0.561112 -0.686174 -0.611491 0.582460 1.776777 0.769662 0.303924 -1.153132 0.695479 2.062966 -2.186098
12 -1.225578 -0.372723 0.906537 0.664161 0.440058 1.269363 -0.142543 -1.201491 -0.982147 -0.487499 -0.175780 4.152097 -1.503644 -1.340810
12 -1.661127 -0.308730 0.501816 0.612315 0.747673 -0.230531 -0.738132 -0.989608 0.265230 -0.278341 -0.998967 2.175915 1.812070 -0.909582
3 0.111928 -0.213632 1.323041 -0.370397 -0.327629 -1.703452 -0.261487 0.605588 0.034013 0.554096 -0.094661 0.566338 -0.335420 0.111676
7 0.557329 -0.636241 0.588025 -0.942335 0.496703 -0.705146 2.175700 -0.728042 -0.585861 0.198654 -1.291283 1.093435 0.010345 -0.231284
12 -3.244915 -1.331938 -0.340423 -2.505461 -1.129605 -0.403991 4.139210 1.182390 -0.787173 -2.697898 -0.944266 10.207331 -0.769244 -1.374016
12 -0.206836 -0.061535 -0.501278 -0.046010 0.069849 0.219831 -0.312298 -0.292778 -0.041575 0.128504 -0.112498 1.753937 -0.472127 -0.125190
12 -0.854908 1.907885 -0.975563 0.048284 -1.605579 0.303036 -1.909555 0.846760 0.205835 -1.009896 -0.668992 4.667486 -0.456338 -0.498456
12 -0.962064 -0.730652 -1.283507 -0.933786 -1.333569 0.050596 0.762031 -2.668868 -2.255686 0.368648 -1.890699 12.208356 -0.451946 -0.878854
5 -0.967019 -0.420259 -2.382438 -0.977104 10.230855 0.241234 -2.589085 -1.501240 0.330082 -0.561361 -1.760875 3.020729 -1.302144 -1.361376
6 -1.318348 -1.081675 1.749484 -0.766608 -0.964869 2.786792 -2.197494 0.850061 0.333447 -0.430995 2.232306 1.975383 -2.194032 -0.973453
10 1.309831 -2.699444 -1.102319 0.458060 0.825411 -3.105512 1.169949 0.543139 -0.366682 2.589287 -2.897369 2.583328 1.601928 -0.909606
12 -0.271570 0.885878 0.622268 0.128487 -1.259165 -1.167904 -1.413038 0.061008 0.421857 1.083696 -1.687328 2.152332 0.023720 0.419757
14 0.249781 -0.713047 0.173202 -0.404848 0.675444 -1.108497 -1.631767 0.741990 -0.514533 -0.202427 -0.365965 0.288051 -0.192644 3.005261
12 -1.965843 0.016837 1.156816 0.291013 -0.308314 -1.471887 -0.261856 -0.148174 -0.715893 -0.615251 -0.016168 4.363458 -0.226186 -0.098551
11 -0.017782 0.131778 0.495485 -0.514164 -0.133806 1.116699 -1.152626 0.357026 -1.138552 -0.127741 1.399557 0.826305 -1.147813 -0.094364
14 -1.223589 -0.323765 -0.163317 -0.443678 -0.296098 0.856528 0.066766 -0.533384 -0.281422 -0.069502 -1.427638 -0.292812 -2.100777 6.232687
14 2.331249 1.572192 -0.108894 -0.753948 -3.231061 -1.256748 -0.396128 -0.155972 1.101714 -1.031835 -1.706911 0.293830 0.852646 2.489865
14 -1.645216 -0.497075 -0.568501 -0.331252 -0.902984 -0.670773 -1.355914 0.098574 -2.091861 1.909603 0.448750 -0.178316 -1.750547 7.535511
14 -3.583332 -3.973745 -2.717908 -2.662652 -0.479709 -4.067898 -3.730978 -2.613653 -1.521391 -1.130420 -1.903073 -2.998321 -0.554314 31.937395
2 -1.572108 2.881144 -0.689852 1.042074 -2.461455 -0.872774 -0.033890 0.288543 -1.327038 -1.302236 0.999621 0.088418 2.275625 0.683927
14 -2.993752 0.504273 -2.963050 -0.920158 -2.651950 -2.488061 -0.946731 -1.121432 -1.627257 -1.119910 -0.463114 -1.943298 -0.977904 19.712345
6 0.220542 0.455467 -0.767767 -0.357614 -0.118896 2.262972 0.903357 -0.569348 -0.831477 0.186035 0.239767 -1.182071 -0.042595 -0.398373
14 0.587702 -0.887007 -0.713891 -0.524531 -0.360142 -0.720273 0.084024 -0.716128 -0.434554 -0.404145 -0.051666 1.529157 0.309289 2.302165
14 4.242966 -0.541197 -3.116757 -4.340355 -7.178163 -6.290708 -2.813856 -2.830928 -1.477571 -1.872255 -3.059241 0.768524 3.164249 25.345295
14 -3.575740 -1.368316 -1.407382 -1.470413 -1.551536 -2.246584 -0.748538 0.240262 -1.896086 -1.645340 -1.127461 -1.530474 -1.043388 19.370998
7 -0.683241 -0.569374 -0.147127 -0.498461 -0.161094 0.327981 2.617051 0.016715 0.407512 -0.775577 -1.081038 0.001217 0.046551 0.498884
13 -0.036131 -0.012413 -0.860937 0.497910 0.146926 -0.579576 0.552129 -0.265661 -0.366052 -0.243197 -0.541038 0.408206 0.909993 0.389842
14 -0.408591 -1.067711 -0.412014 0.204901 -0.037724 -0.223983 -1.593948 -0.074492 0.286069 1.676679 -0.616168 0.357730 -0.085129 1.994382
14 -3.078410 -3.891539 -2.392332 -2.230872 -3.376664 -2.028450 -5.840755 -2.546737 -0.394014 -3.339615 -3.218906 -2.738766 -2.701388 37.778450
5 -0.843926 -0.554774 0.865699 0.548606 3.726409 -0.375662 -0.477803 -1.092642 0.643454 -0.987955 -1.161843 0.084515 -0.460532 0.086453
14 -1.585360 -0.362775 -0.272015 -0.163583 -0.409526 -0.770871 2.165172 -1.733728 -0.867981 -0.265815 1.228022 0.384955 -0.924105 3.577610
14 -2.065740 -3.681944 -2.690551 -0.475558 -2.956358 -1.613807 0.602700 -0.230282 -1.587440 -3.166554 -1.329044 -2.312324 -3.095380 24.602283
14 1.053120 -1.295229 -0.023052 -0.088245 1.073800 -0.557650 -0.420633 -0.232961 -0.421664 -0.227841 -1.480552 0.525039 0.168450 1.927418
14 -1.089674 -0.749713 -0.346174 -1.371659 -1.596202 -1.641748 -2.431290 -2.399418 -0.382195 -1.517311 -3.156313 -1.865857 -0.728858 19.276415
14 -1.778438 -0.307103 -0.942925 -0.138109 -0.091653 -0.207635 -1.925972 -0.555112 -1.363154 0.377166 0.460627 0.358721 -0.191446 6.305034
14 0.089692 -2.265207 -2.705649 -2.151904 0.059950 -2.674836 -5.193801 -1.610825 -2.030901 -1.006605 -1.090995 -0.658926 -1.359123 22.599132
8 0.153937 -1.174694 -1.321485 0.053831 0.301863 0.124425 0.720199 1.096415 -0.308343 -0.313459 0.076571 -0.524596 0.286568 0.828768
8 -0.924013 0.811157 -1.096380 0.194435 3.551130 -1.146519 -1.723786 3.703068 2.592765 -1.156855 -0.603318 -0.370659 -2.731744 -1.099282
8 -0.135127 -0.074617 -1.748575 -0.753370 -0.653785 0.155330 -1.959194 9.902001 -0.342264 -1.043135 -1.473899 0.131090 -0.753281 -1.251173
5 0.627451 -0.453304 -0.967324 -1.097751 10.560096 -0.331788 -2.351936 0.021609 -0.753991 -0.865415 -1.111135 -0.772500 -1.469107 -1.034904
8 -1.212795 -0.798753 -1.218379 -0.410176 -0.911171 -1.135733 -0.605607 6.299069 0.044578 -0.579645 -0.829514 0.360814 1.718700 -0.721388
8 0.382457 -0.495869 -2.927029 -1.024192 -1.340208 -2.286436 -0.425331 11.650008 -0.747333 -0.366037 -0.735717 2.084728 -2.690003 -1.079037
2 -8.068238 6.501618 -0.532198 -1.644991 -2.712027 3.315360 -0.107208 -0.974606 2.930319 -2.677498 1.538583 -0.596027 0.860878 2.166034
7 -0.677983 -1.287666 0.042969 -1.888304 -0.804522 3.481093 3.644600 3.330749 -1.654233 -1.116724 -2.208113 -1.428550 1.848373 -1.281690
8 -1.836032 -1.996488 -1.055452 -1.214726 -1.860597 2.327139 0.554480 6.124385 -0.427445 -0.365650 -0.418964 0.547515 1.088682 -1.466847
8 -0.993405 0.562438 -0.871061 -0.768513 0.883407 1.149534 -2.240757 6.269123 0.432750 -0.449776 -1.290242 1.399557 -2.930849 -1.152207
6 0.813265 2.292812 -1.700871 -0.985646 0.737537 3.908027 -1.963846 1.636633 -0.075122 -0.994915 -0.840815 -0.590808 -1.704854 -0.531396
8 -2.671404 0.604195 -0.866624 0.695862 -1.089823 -1.317217 -2.150350 4.661442 -1.332288 -0.533179 1.866139 1.983571 -1.582014 1.731691
8 -3.849889 0.978297 -3.420508 -1.763304 0.390246 2.570113 -1.686767 20.302276 -3.518920 -2.671746 -2.758469 -1.374378 -1.474728 -1.722226
9 -1.772023 0.615770 -0.360059 0.573413 -0.609899 0.722992 -2.680235 1.612225 2.163564 -0.753055 -0.127211 1.762648 -0.541052 -0.607078
8 -2.797334 -0.439563 -1.547406 -2.553777 -2.216312 3.190997 6.677051 6.683468 -2.359431 -2.016456 0.238530 -1.624256 0.014024 -1.249535
2 -0.362309 8.505179 -1.958013 -1.892310 -2.187561 -1.777446 -1.363535 7.780465 -0.233392 -1.522130 -2.650298 -1.990883 0.889158 -1.236925
5 -0.731375 0.138974 -0.619704 -0.194730 1.931070 0.113802 0.187260 0.098296 -0.442814 -0.049348 -0.213431 0.080913 -0.095106 -0.203806
8 -3.894608 0.779472 -4.533947 -4.417495 -4.900902 2.291301 9.204145 10.356501 -5.121409 -2.038940 1.158877 -1.620033 3.612145 -0.875107
8 -1.437929 -0.341256 -1.891243 -0.366496 -0.640466 -1.849472 0.929278 7.685610 -0.082920 -0.446199 0.478733 -0.577214 -0.616928 -0.843497
6 -1.677609 0.489154 -2.824521 -0.170318 0.636735 5.271377 -0.636592 1.728127 -1.763853 -0.024212 0.008311 -0.423256 -1.033191 0.419847
8 -3.402603 -1.038767 0.491957 -2.263985 -1.436414 0.583948 0.451694 17.527132 -1.953804 -2.881288 -1.725643 0.660568 -3.353527 -1.659269
8 0.507560 1.765311 -2.126643 -0.865783 -2.347651 0.955519 1.287127 2.752924 -1.572085 0.313896 -0.427487 -0.327498 -0.040681 0.125491
8 -1.500185 0.782708 0.494126 -0.045633 -2.892841 2.051423 0.199027 3.369544 -0.281396 -0.864906 -0.068239 -0.373769 0.123152 -0.993011
8 -1.589349 3.759800 -0.943842 0.794525 0.292931 -2.286472 -3.500694 4.036300 -2.037921 0.394603 2.988073 -0.877494 -2.522810 1.492350
10 0.108874 -1.431512 0.165696 1.040494 0.710603 -0.589037 -1.367263 -2.384603 1.653050 3.937759 -1.467236 0.456576 0.538773 -1.372175
12 -0.316501 0.009069 -0.608260 -0.281019 -0.264725 -0.088753 -0.074826 0.053808 1.330906 -0.662346 -0.384426 1.783209 -0.382221 -0.113914
7 -0.519372 -0.362713 0.178495 -0.012075 0.346614 -0.662049 2.542660 -0.862803 2.484919 -1.272421 -2.678945 1.041348 1.844580 -2.068239
10 0.212763 -0.591951 -0.377525 0.671604 0.192856 -0.856609 -1.271041 -0.696193 0.883889 1.834185 -1.327622 0.875422 1.455301 -1.005078
9 -1.131221 -0.669302 0.179230 1.077595 -0.559648 0.195123 0.102521 -0.645593 2.709103 -0.981238 0.561289 -0.462534 -0.816775 0.441450
13 -2.449762 -3.814589 -3.403708 -2.374534 -2.309431 -5.454260 -4.215337 -2.094610 1.067340 -1.647590 -3.762285 -2.139827 38.178197 -5.579603
9 -1.021541 -0.144518 2.955562 -0.743831 -1.441837 -0.911897 -1.434030 -0.553651 2.965801 -0.891343 -2.094292 1.452831 2.189227 -0.326481
6 -0.359850 -0.153395 -0.392669 0.802756 -0.916259 1.343765 -1.016077 -0.358859 1.234038 -0.899082 -0.050281 1.081052 0.259801 -0.574939
13 -1.332754 -0.396602 -2.398085 -0.020622 1.753856 -0.103006 -0.279894 -1.536174 1.580612 0.570760 -0.687021 0.084365 2.906740 -0.142175
13 -0.947284 -1.237447 -0.288510 0.183659 -1.123326 0.556644 -1.142063 0.078910 2.257976 -0.861818 -0.333552 -1.022436 4.128317 -0.249070
9 -0.784536 -0.315769 0.938167 1.021680 0.016929 -0.993454 -1.341560 -0.553079 2.872052 -1.121004 -1.012675 0.154112 1.888893 -0.769757
10 -1.804725 -0.557050 -0.127204 0.156756 -1.049147 -0.267808 -0.994248 0.540538 1.736714 2.197916 -0.796664 0.054781 -1.234645 2.144787
12 1.159748 -2.734662 0.808540 -1.996347 0.143326 -0.800778 0.215663 -0.532791 1.527541 1.202044 -0.041060 4.477719 -2.320410 -1.108535
12 0.691074 -1.022344 0.105445 -0.124426 0.561832 -0.354074 0.563738 -0.694862 0.253718 0.250095 -0.479662 1.160959 0.550603 -1.462096
14 0.138505 -0.172001 0.724281 0.068711 -0.137018 -0.090074 -0.746996 -0.577077 0.700405 0.349474 -0.200131 -0.680422 -0.618352 1.240694
7 -0.665865 0.124210 -0.734983 -1.172110 -0.854592 -0.027231 4.142161 0.546299 -0.332320 0.883175 -0.306092 -0.049121 -0.710927 -0.842602
14 -0.266925 0.312138 -0.596268 0.471831 -0.672469 -1.520250 0.620868 0.497753 -0.470679 -0.390392 0.156194 -0.751388 0.904352 1.705235
9 0.554222 -1.168068 -0.036355 1.082159 -0.844669 -1.565484 -0.811065 -0.695987 2.665214 1.894596 -1.955010 0.418817 1.040493 -0.578863
1 1.393467 0.023391 0.281539 -0.412972 0.625282 0.675289 -1.263973 -0.358502 0.658631 -0.881106 -0.803887 -0.396042 -0.393047 0.851929
