11 -11.434891 -23.803324 -17.427062 40.092169 -22.068473 -21.943618 50.258003 -18.452911 -13.780048 -21.788468 105.241676 -13.769117 -12.345305 -18.778631
8 -5.281502 0.904598 -4.518938 -4.352628 4.708273 5.350475 1.360538 9.460295 5.336251 -3.755018 -3.688894 -7.072511 3.701264 -2.152202
9 -5.826893 -1.677834 -5.710535 -1.331519 -2.012878 5.805893 -1.390324 -3.574588 29.245041 -2.562280 0.671514 -2.000924 -5.869905 -3.764768
1 82.188610 -4.481561 -8.119018 -4.143686 -3.322766 -8.615320 -4.964109 -8.120554 -2.196114 -8.453528 -7.776193 -3.340735 -13.791578 -4.863446
5 1.652364 2.447488 -0.729964 4.783799 8.497363 5.535252 -5.500427 -4.509838 -0.939171 -5.840053 -5.663799 3.325085 -7.507036 4.448938
1 11.686549 -1.244744 -0.405988 -1.513045 1.371755 -0.922510 -1.616365 -2.887811 -1.150415 -1.102609 -0.264765 1.133361 -1.461006 -1.622406
6 -1.700800 -2.005449 0.452551 0.090075 2.982537 8.808862 -2.092803 -0.997824 -2.716428 -0.550738 0.129111 -1.666463 1.205947 -1.938578
4 0.092972 0.454038 -0.282724 5.192641 2.606032 4.068031 -2.813728 -2.542700 -1.839743 -1.855585 -0.575437 2.729268 -3.749303 -1.483762
5 -12.724959 -1.979449 8.000470 -4.913102 60.283202 6.842293 -6.213772 -16.761647 -11.226098 -3.519783 -3.689047 6.763171 -12.126743 -8.734535
5 -5.373639 -5.507040 1.758005 -0.779811 40.946461 -0.913898 -3.558107 -6.325370 -2.948441 -2.547179 0.995997 -4.476870 -9.137268 -2.132838
12 0.630046 -3.475834 -2.804299 -0.916012 0.984869 -1.430437 0.893494 1.650964 -2.871124 0.827214 -0.054554 3.159924 0.994076 2.411676
3 -2.594016 -3.027613 25.589843 -2.677439 7.460901 -4.505598 -4.777642 -3.264064 -1.180657 -2.433242 -4.778014 -3.361660 3.368462 -3.819260
3 -2.262415 -10.841739 52.367620 -13.415217 4.370698 3.449303 1.254463 -8.653089 -8.012593 7.601211 -11.228487 -11.869166 0.166824 -2.927411
7 -3.162157 0.301542 -2.091873 6.422147 -1.632130 0.151611 6.882902 0.685994 -7.533774 1.751888 3.261718 -0.483455 -5.300286 0.745873
1 183.312529 -13.149939 -17.389684 -19.260452 -17.423652 -8.347119 -16.667789 -16.527142 -11.530824 -13.119922 -18.084062 -2.524865 -20.990113 -8.296960
11 -2.191052 -1.414069 5.615414 -0.524244 -6.950263 -1.118731 -5.187869 -3.915337 -7.271743 -4.360317 37.365000 -1.009077 -3.199982 -5.837730
4 -0.878253 -0.198695 -4.019500 7.412135 -4.413907 0.494613 5.653034 -3.834341 -1.611206 -1.591032 -0.144847 3.154084 -0.103267 0.081182
12 2.645133 -3.818822 -1.929302 1.273125 0.654838 -3.517610 -6.535670 -7.857501 6.480241 2.336137 -4.315143 15.078187 -3.111352 2.617739
14 -3.383976 -0.432118 2.186400 -4.176270 -2.873775 -4.246066 -5.889569 -4.380972 -3.768560 -0.763112 -5.893454 -3.428614 -4.287583 41.337672
11 -17.178768 -17.660671 -13.794824 -14.209822 1.523176 -10.720886 -7.666165 -7.864242 -6.311270 -13.067812 136.408207 -12.033467 -6.577717 -10.845739
3 -5.918866 -13.274961 106.935555 -6.508105 -10.342020 -1.920334 -7.585957 2.279908 -4.247459 -15.132388 -4.007203 -10.342103 -16.134379 -13.801688
3 1.845150 4.788712 8.335130 2.263197 -0.870468 -7.855535 -9.661172 -5.788866 -1.932840 3.619560 -0.196251 8.259527 -0.143918 -2.662225
11 -2.491979 2.742089 -2.604810 -3.177322 0.789531 0.503984 0.741010 -3.283784 2.186119 0.129637 5.414360 -0.437704 -2.087618 1.576488
9 -3.834775 2.729862 -3.058574 -2.767838 -2.208512 2.799563 -1.965442 -4.349354 8.845903 -0.235584 -1.156343 7.142026 -1.245601 -0.695333
2 -4.962762 40.431685 -3.272887 -4.065744 -0.913519 -7.085802 -1.439011 -4.348881 -1.211771 -1.773506 -6.859813 -5.887109 1.459961 -0.070838
11 -8.988313 -5.371661 -8.830831 -1.208056 0.646366 -4.999431 -3.636350 26.298612 -8.863112 -6.014299 29.306607 -3.173154 -9.051674 3.885296
14 -5.247699 2.341111 -4.116409 -0.301469 -8.019159 -2.422098 -3.278525 -2.412480 -6.310638 -3.480567 -5.208426 -6.713275 -4.151340 49.320977
2 5.021343 25.355844 -9.182402 0.291026 -3.140373 0.272246 -7.052231 -1.103748 -4.679249 -3.156470 -0.184621 -3.760810 3.863425 -2.543980
1 66.924893 -8.564229 -7.226949 -6.591797 0.322517 -2.761688 -7.441508 -1.390748 -0.628269 -7.640373 -3.074849 -9.006893 -7.198459 -5.721651
10 1.399163 -1.685695 -2.515109 -0.280182 0.564485 -1.750726 -0.217531 -1.631386 -2.087217 4.905369 0.486554 0.558629 4.232009 -1.978362
5 -9.930924 4.525508 -1.822931 -0.637045 30.447439 -5.162608 -2.536560 -0.713731 -3.403132 -3.427337 -0.853404 -2.452095 -2.824451 -1.208732
9 1.680619 -1.166411 0.227402 -1.743168 -0.259330 0.805826 -1.664713 -0.496340 2.539523 -0.806474 -1.033727 -2.088215 2.039877 1.965130
6 -5.068932 -7.012144 -2.385709 -5.697630 1.698249 18.347143 4.750987 -0.180786 -3.025234 1.554526 -5.065395 0.551991 -0.410111 1.943046
14 -12.057971 -4.695313 -10.854678 -9.721302 15.044482 -16.173633 5.584383 -12.408485 -12.231166 -13.377421 -7.913853 13.799728 0.728338 64.276893
7 -6.875961 -4.289103 -3.334992 -4.139236 -2.854833 -9.864870 61.843879 -2.074237 -7.065390 -1.812060 -2.279224 -2.714882 -10.504886 -4.034207
14 0.058161 -11.818507 -9.487484 -0.911103 -2.065514 -4.680215 -1.066307 -3.968141 -6.607394 2.433979 -3.249037 5.294062 -8.914485 44.981985
2 -2.564373 14.499246 -2.127527 -3.418604 0.934881 -1.900058 1.012826 -3.026897 -0.249953 2.205733 -3.993857 -6.139168 10.058988 -5.291235
2 -8.361148 30.716271 -7.653128 1.446097 -4.439966 -4.185143 2.475842 -3.759383 -7.148995 -2.493992 11.125025 -2.300761 -3.223186 -2.197531
2 -12.050059 66.979343 -6.981046 0.904351 -6.916951 -2.034150 -2.207783 -7.394355 -7.764020 -3.432809 -5.399014 -4.431492 -4.218001 -5.054015
14 4.781094 -5.156287 -1.658912 -3.584910 -5.039778 -3.781000 -4.624860 -5.175586 -9.236104 -3.609068 -4.027796 -1.868623 -4.804715 47.786546
6 -8.845856 -2.956961 -8.848097 -4.122114 -8.737109 47.298841 5.538298 -1.019441 -5.920950 0.630533 -0.162104 -5.227944 -4.817212 -2.809886
3 -0.947852 -7.508454 22.496061 -1.099606 -1.306417 -5.014070 -1.886424 -2.540434 -12.579556 8.632539 3.186650 1.268007 -2.663008 -0.037436
13 -0.983001 -4.609573 -3.444969 -8.226716 -6.331956 -15.540972 -11.723808 5.739448 -2.291946 -15.086182 -6.382567 -0.468912 77.199974 -7.848817
3 -6.312284 -6.256355 86.740504 -5.634987 -7.579333 -7.576377 -6.705397 -6.509414 -6.999394 -6.726957 -7.619887 -6.743827 -6.466710 -5.609582
6 -5.007135 -6.958835 -4.148540 1.809334 -8.777278 42.714771 -3.776808 -4.776819 -4.152730 -7.038483 -1.897671 3.667530 3.081890 -4.739225
12 1.895831 2.213142 -5.791426 -0.286289 5.872419 -4.323659 -0.604854 -12.385822 4.613536 -3.646255 -8.949143 17.086022 -4.863071 9.169569
14 -1.977414 -5.076121 0.848756 1.796617 1.741684 0.163377 -2.111613 -1.144724 -0.790528 2.441339 -0.122100 2.112867 -4.014653 6.132512
13 0.604846 -0.607161 1.401618 4.551107 0.949019 -0.553307 -2.681088 -2.801563 -5.391011 0.371524 -5.640871 -0.064091 8.107015 1.753965
2 -3.409952 32.229251 -2.644014 -1.759674 -6.441705 -5.065892 -7.892774 -4.624527 -3.687935 -4.489492 24.309705 -2.788017 -7.071871 -6.663102
13 9.597086 -5.217209 -3.448359 0.544292 -3.480746 -12.003777 -0.260144 -0.246068 5.176717 0.850542 -5.261015 -5.000189 21.185373 -2.436505
14 -1.229553 -2.221386 -1.696753 -2.260651 4.348976 -2.155831 -0.928363 -5.742906 -2.911477 0.469929 -0.679927 1.780142 -1.511837 14.739637
11 1.333378 0.245163 -0.734831 -0.876503 0.858312 0.046396 -0.748875 -1.670485 -0.887528 -0.564872 3.170203 0.766156 -1.221602 0.285088
14 -16.469583 -14.563410 -11.991369 -4.534434 -9.732277 -6.285186 -24.953061 -18.162480 -17.089061 -11.937221 -18.157917 -12.863284 -10.196709 176.935999
11 -4.900649 -7.757403 -4.417737 -1.806900 -7.005677 -2.755450 -6.734181 -8.462431 -1.010254 -1.161716 60.777292 -1.793801 -5.003458 -7.967635
7 2.118803 2.128854 1.876620 2.216713 -6.893103 0.783768 14.191341 -4.957854 -1.958142 -5.217649 -1.812690 -0.551777 -7.549315 5.624432
6 -17.496412 -8.850446 -11.236477 -13.066218 -8.351467 125.289645 -19.743962 -10.238763 -12.446960 -6.234721 1.624036 -8.010008 -0.332780 -10.905467
4 -2.915540 -1.289175 -0.850295 45.725104 -6.228025 -3.602315 -6.105342 -2.309688 -6.188542 -2.460608 -2.760786 -5.664311 -3.119389 -2.231085
4 -3.980710 -3.965140 -2.323604 46.872292 -4.471007 -4.525809 -3.146667 -3.912337 -4.106908 -3.152725 -1.523590 -3.204047 -4.370395 -4.189348
14 -5.808690 -0.078569 -2.606164 0.865283 2.695022 -2.940094 2.759092 1.709869 -3.286679 1.909467 3.173262 1.066672 -4.434637 4.976165
7 -19.492585 1.136503 -14.575388 -15.213857 -15.578854 -10.537491 152.276846 -13.864583 -2.601587 -9.166282 -17.321719 -11.783124 -11.310811 -11.967073
7 -3.700105 -2.830038 -10.069215 -7.921656 -8.034150 -9.706351 74.234476 -5.708612 -7.633674 -1.127496 -5.728800 -10.324350 1.075863 -2.525894
7 12.247582 -7.969929 -0.421369 5.220375 -2.660469 -9.438029 35.021680 -3.408225 -6.521597 -6.156919 -2.534847 -2.141373 -9.632490 -1.604389
7 -18.103752 -9.323650 -10.033788 -8.626839 -3.628634 -10.894284 100.044268 -3.351124 -9.846743 -7.697785 -1.632430 -8.345582 -5.968510 -2.591149
7 -5.798502 -10.647882 -7.187870 -8.091915 -4.197170 -9.128665 65.809044 -3.442113 -4.934398 -6.094253 -0.744890 -3.833935 -1.085899 -0.621553
6 -58.028629 -3.753775 -18.625714 -25.016302 -18.194678 240.389325 -12.479646 -19.568737 -22.893195 -23.745333 -11.192998 -6.127973 -6.622345 -14.140005
3 -2.005719 -2.588476 64.312926 -6.941324 -4.239368 -10.970594 12.568534 -9.950343 8.786187 -13.499002 -11.208295 -10.879914 -4.546583 -8.838027
2 -2.604675 7.934394 -1.080883 1.466739 0.654122 4.532516 0.722079 -4.136635 -3.621353 -3.004400 3.020824 2.570651 -4.932319 -1.521059
8 -11.201649 -0.521330 -0.434107 -7.406834 1.732504 -4.921961 -4.525535 34.927608 3.683037 -8.134731 4.407439 2.237501 -5.045520 -4.796421
4 -3.559176 0.577242 -3.669798 7.088815 4.772968 -3.608146 -1.731132 6.923902 -0.294808 -2.510728 -2.219925 -0.903284 -1.215331 0.349403
13 -0.033063 -0.174583 -1.720804 0.886838 -4.210920 1.882179 -3.951789 -5.753478 3.476170 0.493267 -5.230796 -2.450468 8.730761 8.056684
4 -6.796819 -0.273069 -5.021876 50.919383 -4.835368 -4.542571 -3.512229 -1.858848 -3.582408 -1.758362 -7.285645 -5.437127 1.132000 -7.147059
4 -4.597603 -6.933694 -2.192886 47.605614 -6.297166 -3.444726 -4.384307 -4.994173 -5.301740 -1.557585 -1.525047 -3.800595 0.092136 -2.668226
4 -5.934835 -5.376121 -3.159384 46.924729 -6.389679 -3.337216 -2.052869 -4.231525 0.344332 -1.240455 -1.965930 -3.762400 -6.464039 -3.354604
11 -10.125129 -22.493160 -9.561373 -12.007593 6.091224 -5.836763 -14.679982 -10.178000 -13.875371 -11.662310 138.012102 -10.503839 -11.136101 -12.043702
11 -5.166964 -14.111151 -14.638729 -2.256136 -13.304652 -1.114547 -7.043527 -4.190912 -2.350830 -10.679614 89.112617 -3.210081 -1.243593 -9.801880
3 -1.155726 -3.930295 20.528266 -3.152155 0.807626 -3.010815 -3.460427 -2.878509 1.306057 0.488904 -0.956029 -0.078329 0.376310 -4.884878
4 -2.846743 -2.876921 -1.979334 48.527372 -3.927372 -4.720572 -6.341212 -3.236364 -6.168391 -4.938453 -1.635542 -2.506176 -5.044332 -2.305955
5 -5.382821 0.255620 -4.917005 -2.417064 68.194961 -13.269906 -6.388742 -3.870053 -12.083941 -3.327876 -2.177238 -3.079208 -9.833082 -1.703646
14 -5.557892 4.502574 -1.426243 -1.969998 0.861243 2.925398 -0.847179 0.779268 0.878117 -4.324379 -1.878160 -3.968661 3.936973 6.088937
13 -1.349297 -0.078805 -2.468613 0.116628 -0.434154 0.453796 -0.402825 -1.144229 0.329927 0.494177 0.522731 1.277421 3.748862 -1.065619
11 -8.705622 -10.787720 -9.981587 -9.244374 -8.355015 -4.973382 -4.865249 -7.326398 -7.558612 -16.007501 114.263740 -5.008401 -6.785937 -14.663942
11 -12.329522 -10.239871 -12.794015 -18.772051 -12.895848 -8.245323 -10.131715 -15.893542 -13.425892 -21.293991 186.913919 -15.680493 -16.305711 -18.905945
11 -5.850143 -7.378115 -9.981228 -2.141674 -1.589701 -1.237108 -7.943640 -7.333777 -11.926748 -17.276239 92.475900 1.197468 -13.016777 -7.998218
6 2.694297 -0.679842 1.828015 -1.678420 1.540357 3.973863 -2.669278 -2.122232 0.332084 -1.487746 0.171562 -2.723911 0.307141 0.514110
1 50.355196 1.019090 -5.763461 -7.005639 -3.374008 -6.476306 -4.828539 -5.568734 -7.019718 -4.456616 -3.297316 -5.354886 2.664540 -0.893605
13 -3.001192 -9.834390 4.044025 -5.394510 7.356035 0.132027 -1.053813 -10.359053 -8.551473 -4.453844 1.301183 -6.151009 37.580741 -1.614727
3 -1.274562 -3.881653 24.419794 3.109238 0.128627 -6.326449 -2.582679 -7.191385 5.030778 3.184437 -8.289145 -5.358537 -1.955759 0.987295
4 -4.390109 -3.405244 -3.902290 48.262341 -1.796533 -8.283684 -1.349427 -3.969740 -5.413689 -4.290736 -4.045117 -5.849792 -3.954121 2.388144
4 1.166642 0.047238 -2.665676 45.567591 -4.652627 -1.144851 0.006877 -5.098006 -4.306055 -3.540969 -3.338606 -2.133337 -11.270789 -8.637429
2 -6.429733 39.124716 -3.539066 2.187119 -4.731788 -2.619045 -5.921804 -3.064880 -10.653963 1.419258 -0.589898 -1.756242 -6.221006 2.796331
10 -4.838904 0.611264 4.022310 7.144432 -2.665916 -2.456481 -1.956912 -1.968261 -4.004470 8.549012 0.541042 1.914147 -4.431306 -0.459957
1 0.000000 0.000000 0.000000 0.000000 0.000000 0.000000 0.000000 0.000000 0.000000 0.000000 0.000000 0.000000 0.000000 0.000000
2 -4.467734 55.742376 -1.454635 -2.072742 -4.577511 -4.506555 -6.528520 -6.085198 -4.686972 -1.073769 -2.595724 -7.740316 -6.104014 -3.848686
5 -0.978536 0.976139 -0.202913 1.669608 9.733631 -2.662708 -0.966522 -0.860630 -8.421079 3.438741 -2.450651 -3.202490 5.797168 -1.869759
1 73.379800 -10.132685 -6.350467 2.370743 -11.608589 -2.680165 2.051220 0.839162 -11.472235 -11.648268 -8.552694 -0.919841 -7.835628 -7.440354
7 -9.269526 -8.167543 -6.442101 -7.601014 -2.127594 -10.933229 93.782104 -10.128381 -11.024176 -4.718573 -4.674142 -4.656102 -7.839747 -6.199980
6 -15.128359 -13.447435 -5.555095 -13.119418 -6.863248 151.032456 -15.566827 -7.847094 -10.228050 -9.952617 -15.520436 -17.319569 -4.886980 -15.597328
1 2.128386 -3.338126 -0.436445 1.305930 -0.292183 1.053999 -0.466166 -0.158194 -0.559576 0.964521 -0.154342 0.283647 -1.691518 1.360067
13 -10.455396 -1.361439 -5.526669 -2.761979 3.354094 8.105236 -7.137641 -3.031981 -2.216972 0.055309 1.728138 -4.401487 25.515247 -1.864460
1 77.932957 -10.102469 -5.034908 -7.378056 2.543222 -3.597742 -11.593433 -14.663491 -6.039600 -7.646857 -4.112033 -0.498302 -5.775433 -4.033857
5 -4.524281 1.716937 1.120928 0.819555 2.580007 -2.461981 -0.041121 -0.658792 -2.057136 1.714475 2.360964 0.948533 -3.447623 1.929536
10 1.247191 -3.990940 -3.259735 -4.584830 -1.743499 -0.491403 -0.312162 -5.015580 -1.843118 16.171326 -2.557024 -0.231870 -3.997159 10.608803
2 -0.885505 35.871118 -6.868058 -5.511310 3.143467 -2.229637 -3.694661 -1.410929 -11.037731 -3.337389 5.524669 -3.882173 -7.994544 2.312679
8 -3.748663 -1.149043 -3.912592 -5.388457 1.384841 -6.394600 -2.321582 46.518192 -9.327630 -3.065138 4.872226 -7.546226 -1.212111 -8.709215
7 -8.037159 -5.731487 -1.133689 -4.903694 -1.810107 -8.239488 64.224329 -5.030686 -8.246101 -4.606807 -8.047527 -5.321939 4.772825 -7.888473
2 0.000000 0.998801 -0.299629 -0.165634 0.000000 -0.273287 0.000000 0.998801 -0.016147 0.000000 -0.453936 -0.329473 -0.039427 -0.420069
11 -5.690375 -25.948796 -12.764540 -11.824427 19.864561 8.528559 -5.077290 -7.590501 -14.896889 -2.477068 78.227432 -12.048681 -11.344471 3.042490
10 -0.077910 -1.048722 -2.766130 -2.393413 1.177706 -3.865309 2.205760 -2.955749 -3.639640 19.845507 -4.061286 0.943272 -4.016092 0.652007
14 -7.857068 10.164142 -8.495225 -13.760720 -0.762304 -11.274353 -0.570576 1.163708 -15.048703 -9.286460 -3.185245 -0.044784 12.370688 46.586901
13 -0.709978 -2.800108 2.705275 -0.958865 -0.180604 0.879605 -1.329627 -5.040227 -2.487943 -0.078007 -1.092459 -2.068304 13.653560 -0.492318
1 104.941749 90.275084 -16.463679 -20.467520 -27.153003 -2.427149 -14.693159 -17.885601 -19.016534 -16.179814 6.411543 -20.514655 -22.948727 -23.878530
6 -2.086463 -2.144976 3.069853 -2.250483 -7.519627 14.784800 0.015452 0.734427 0.815652 0.206311 1.719764 -4.331965 -2.854820 -0.157924
2 -1.324849 23.738149 -0.550474 -3.877239 3.330138 -1.821640 -3.206468 -4.519495 -0.801279 1.035859 -2.485273 -0.804643 -4.522346 -4.190442
4 -1.505170 1.722246 0.966313 2.189007 0.856719 -0.946527 -0.500359 -1.466175 -1.853730 0.698232 0.845213 1.142965 -3.391647 1.242914
4 -9.987506 -3.920885 -5.303174 44.234617 -8.506851 38.278412 -8.888466 -5.308796 -9.769606 -10.031976 -6.558630 -7.497316 -0.598207 -6.141613
1 312.128895 -27.767326 -33.648503 -32.901085 -27.193178 -28.134818 1.300194 -23.840752 -26.867494 -27.596825 -32.891100 -36.809227 23.005802 -38.784571
1 136.691171 -8.433846 -8.562944 -11.270470 -11.127228 -9.108461 -7.220654 -8.127006 -9.656754 -5.516619 -11.037904 -15.881994 -17.063056 -13.684230
1 111.259173 -13.733618 -7.002590 -8.929859 -22.051553 -10.833652 -7.247845 -7.680648 6.323822 -8.747696 -14.571063 -1.841769 9.945558 -24.888258
10 -4.558926 4.947868 -6.881627 -6.471305 1.561208 -1.853563 1.895638 2.646709 -2.961139 6.989758 5.880967 -3.034315 2.106430 -0.267703
4 -6.387825 -3.863608 -0.458529 56.409766 -10.007013 -3.514626 -4.800257 -2.539563 -7.967894 -2.978042 -3.229792 -1.540761 -8.552559 -0.569295
13 -3.622873 -1.241190 -0.570732 0.237509 -1.125331 3.176476 3.447020 1.337972 -0.917947 -1.484909 -1.448626 -1.795487 5.520618 -1.512500
2 -14.624581 103.758948 -8.076394 -11.927973 -11.690299 -7.745176 -9.749664 -7.928697 -1.664937 5.553103 -11.011476 -10.470689 -4.914711 -9.507454
1 6.607121 -2.334408 -1.055637 1.079405 0.791132 0.284855 -0.266084 -0.681776 -1.977674 -0.225136 0.320434 1.579495 -2.264134 -1.857594
7 3.635851 -4.413918 -3.531961 -6.203982 1.629581 4.422246 10.971275 -1.437991 2.602999 -1.812257 -5.756154 1.341086 0.941628 -2.388405
13 5.650893 0.090896 -3.194717 4.351084 -6.723074 -3.676646 -2.702953 -2.362669 8.416063 -2.228969 -4.981845 -0.982965 13.464197 -5.119294
9 -4.558291 -7.189679 -1.020305 -4.708667 1.400742 11.095796 2.001959 -1.958098 25.949307 -3.208504 -4.017196 -3.663089 -2.519321 -7.604655
11 -1.543088 -3.195818 1.096837 -0.542262 -1.227382 0.822522 -0.457845 -2.413901 3.354899 -2.362888 4.651913 1.830576 2.853007 -2.866571
5 -6.766225 -3.464620 -4.310368 -11.048892 85.001601 -7.535525 -2.726413 -8.341310 -1.742061 -11.569270 -9.700552 -5.919379 -8.224727 -3.652258
4 1.003599 -4.943242 -2.694953 46.035276 -6.827060 -4.323677 -3.778263 -3.589191 -4.245486 -5.620768 -2.497361 -1.268572 -5.638476 -1.611823
4 -6.004736 4.313105 -7.124653 47.363616 21.997163 -8.509910 -8.351171 -1.855034 -6.538868 -6.982001 -6.871342 -4.077185 -10.392570 -6.966412
4 -4.204303 -0.304239 1.628579 47.452218 -3.654479 -5.506561 -6.216949 -5.698133 -6.506725 4.076288 -4.733557 -2.994877 -8.278648 -5.058610
4 -1.472540 1.476216 0.834106 3.736694 0.833162 -1.769919 0.495366 -1.864285 -3.817368 1.131113 2.127746 0.977126 -3.463585 0.776168
4 -3.417510 -2.768976 -4.229179 8.183770 0.243184 2.298417 1.090457 5.338708 1.398897 -7.121282 -4.770829 0.948143 1.849530 0.956672
1 46.958480 -4.731988 -1.334380 -4.685340 -4.368400 -2.786070 -5.137666 -0.176291 -5.689363 -3.903915 -4.248497 -0.598524 -4.341823 -4.956224
7 -12.935355 -3.671976 -16.984154 -9.800942 -5.183779 2.175330 42.201269 9.012164 -18.435474 1.153056 9.329861 -3.374083 -5.217815 11.731898
8 0.506800 -1.126874 -5.006364 -4.406490 1.362862 -2.996895 -2.401808 30.791922 -6.015302 -3.702761 -3.862069 -3.124400 -0.335091 0.316471
1 59.316817 -6.508926 -2.377601 -2.951327 -3.642522 -8.189486 -7.572649 -6.470744 -4.136617 -5.668709 -2.116210 -8.110273 4.114739 -5.686494
1 79.763895 -12.494326 -4.465422 0.224101 -9.692883 -1.577834 -2.867064 -7.425697 -11.721995 -6.873269 -8.034600 -2.119107 -7.357476 -5.358325
3 1.104592 -9.768887 45.895983 11.042234 -7.286896 -13.896197 -2.962601 -12.037832 -3.764909 -5.327204 -2.937192 1.779491 -1.825891 -0.014687
3 -3.626387 -6.452555 78.492234 -12.540939 -2.873361 -2.674943 -3.351949 -6.150646 -3.713860 -5.645703 -12.212791 -11.130967 0.170967 -8.289101
1 52.873181 -6.053853 -7.574135 -1.118341 -6.462481 -1.123690 0.656696 3.219061 -2.735840 -5.489870 -6.547522 -3.314746 -5.103789 -11.224670
3 -8.711055 -7.351730 105.447827 -9.016880 -8.612738 -8.735981 -6.334553 -8.137858 -8.384805 -8.667239 -6.691003 -8.476813 -9.627261 -6.699911
14 -5.742234 -10.664118 -19.033850 -8.638555 3.416694 -1.222120 6.670716 9.734712 -12.283305 -8.390334 0.919150 6.727060 -3.643737 42.149922
14 -2.610087 -9.893741 -3.803181 3.375606 -3.633364 4.766556 1.661561 -0.666787 -10.490890 -5.108351 1.629724 -1.810446 -6.901903 33.485303
8 -8.776982 -6.275020 -6.232650 -5.653317 -11.770935 -7.110167 -1.837327 88.873907 -8.270647 -2.770009 -7.249706 -7.236360 -7.130007 -8.560777
3 0.551532 -3.832257 35.846526 -2.195953 -7.147605 -3.942064 -1.000697 -2.823944 -4.760052 -7.477902 -2.159577 2.011632 -2.457987 -0.611651
6 -10.057645 -9.520908 -3.337250 -1.041068 -8.990406 67.247655 -5.946443 -5.471757 -6.463320 -1.965448 -6.293376 -9.422554 8.639505 -7.376982
13 -6.220284 -3.049059 -8.625495 -6.682153 -6.098500 -6.352342 -5.992546 -6.275535 -5.354153 1.123613 -6.388181 3.507681 60.905978 -4.499024
3 -7.577537 -6.892241 81.412701 -6.426643 -5.622092 -5.443358 -7.340040 -4.932685 -6.095275 -1.097508 -6.806023 -7.863360 -10.615871 -4.700068
3 -0.386140 0.000000 1.082530 -0.156430 -0.408625 0.000000 -0.042908 -0.151628 -0.368638 -0.418835 0.710417 0.846879 -0.488193 -0.218429
11 -3.371531 -5.211778 -9.649799 -3.359958 -3.706400 0.310711 10.706700 -0.787077 -2.550450 -0.357014 22.102915 -4.903149 -1.288195 2.065024
11 0.202292 -14.140517 -3.593946 0.042746 -10.897163 -1.751341 -8.375728 2.959473 0.440970 -4.372239 47.911354 -1.701689 -4.491103 -2.233107
11 -19.196829 6.007148 -6.342233 -3.502558 -6.429882 -9.301359 -1.502854 -3.398513 -7.434840 -7.271358 69.844809 -8.972494 -2.455581 -0.043456
11 -2.140165 -34.597595 -2.732578 -12.527347 -19.123654 -20.458569 -21.283225 -8.707177 -17.171342 -26.437708 223.219144 -13.034049 -19.082516 -25.923220
1 79.453286 -7.123588 5.652317 -7.316414 3.026184 -9.808894 -6.866280 -4.399247 -12.321485 -9.557485 -14.923903 -0.720243 -6.835685 -8.258565
5 -5.820371 -5.727795 -6.578882 -5.994815 110.261152 -14.429325 -9.192430 -14.475594 -8.155614 -5.418379 -5.097415 -12.471706 -5.538490 -11.360336
4 -8.305381 -3.642526 -6.324279 59.177790 3.013972 -4.035724 5.321030 -4.410504 -6.405917 -4.435187 -8.822764 -5.961287 -6.520643 -8.648575
7 -27.146365 -4.247848 -25.163412 -13.353905 34.454615 -34.873269 167.468623 -6.377279 -11.051994 -12.329869 -24.485357 -23.774582 -9.883234 -9.236128
10 -9.734112 -0.440289 -6.552973 -10.207664 -7.783223 -5.077464 -3.206567 1.031451 -1.776643 38.576797 27.330643 -5.360053 -9.254230 -7.545673
5 -12.191459 -6.524033 -6.168821 -4.222590 110.304297 -4.982967 -11.437287 -15.247229 -5.602375 -13.570840 -7.125202 -6.158861 -8.656397 -8.416233
4 -1.036604 3.219686 -6.211522 49.609521 -4.121873 -3.059932 -4.427166 -4.051752 -4.212305 -1.158918 -5.667070 -2.532348 -7.963859 -8.385855
6 -7.036849 -13.462383 -16.058198 -18.949143 -17.292288 184.156549 -22.763499 -7.027316 -1.112675 -16.791735 -13.367924 -21.097856 -11.638143 -17.558540
8 -2.843669 -2.968822 0.351663 -1.306109 -0.196998 0.015603 -3.986148 30.159998 -6.136340 -3.949725 -4.209913 5.970456 -3.704418 -7.195577
6 -6.174651 -13.169488 -14.814299 -15.782326 -15.365780 155.276896 -16.712365 -4.387851 -7.460893 -13.791622 -10.384343 -17.133628 -8.578520 -11.521132
6 -1.072373 -5.113094 -1.174224 -7.547998 1.978477 57.394091 -7.180721 -2.579347 0.191797 -8.084698 -2.220629 -8.451051 -10.376830 -5.763400
8 -1.975708 0.350558 -2.137724 0.772938 -1.476754 0.670109 0.497152 5.377975 3.642542 -1.350534 -2.659695 -0.131276 -0.282348 -1.297235
13 -4.691462 -3.972672 -3.525911 -3.902242 -17.539723 -11.100248 -10.256617 -7.734222 -4.222437 -10.521988 -8.566089 -5.496339 107.183164 -15.653215
13 -0.732588 -1.137971 -2.073960 -0.076260 -0.027642 -1.369894 -1.637917 -1.832712 -1.869786 -1.268983 -1.289063 -2.600552 16.778010 -0.860682
5 -6.045604 -6.721696 -3.752168 -5.403513 19.467859 7.440125 5.851360 0.604517 -5.154098 -9.288191 -2.748490 -1.227552 4.925385 2.052066
9 -2.179010 -0.395324 -1.126419 -0.518421 4.157696 -0.128336 -1.128102 -2.506912 8.029278 0.419750 -13.398356 4.505888 4.058196 0.210072
12 8.697613 -6.985908 -2.370023 2.007153 -4.279761 -6.295041 -3.858447 -7.838740 5.359067 -5.021701 3.856100 13.324875 -6.813605 10.218421
4 -3.547398 -4.492251 -3.701003 49.374038 -5.433181 -5.085194 -3.280594 -1.946784 -2.544738 -4.489001 -4.447669 -2.095078 -8.133937 -0.177207
14 -2.170263 -1.510483 -1.077910 -0.765733 1.023871 1.594960 1.402585 0.436082 -2.598397 -0.554325 -0.466485 -0.353892 -0.328772 5.368761
3 0.089362 -1.084624 5.408332 4.281251 -1.231598 -8.272585 -3.046740 -1.321842 -2.159344 0.709316 2.794208 1.075682 3.467384 -0.708800
4 -6.677172 -1.759962 -5.327696 48.771935 -6.778033 -7.887250 3.325351 3.484921 -7.449375 -6.558035 3.082632 -4.490329 -7.572400 -4.164583
3 -7.994734 -5.166792 75.995397 -5.236734 -5.760221 -4.327853 -4.850628 -4.644680 -1.648668 -2.482055 -8.125247 -4.828641 -10.680672 -10.248470
1 9.081698 -0.445417 5.514630 3.708920 -3.291272 -1.447139 -4.119790 -3.400925 -4.842426 1.316816 0.727124 -4.736048 0.812341 1.121488
12 -3.304236 3.524984 -0.963066 -4.394195 -5.830413 -5.795779 -10.130257 6.104289 4.435829 -5.807518 -1.297697 14.355484 9.247637 -0.145061
10 -8.639967 0.130663 0.448775 -4.040081 -2.524729 0.189629 -6.297202 2.069419 -1.931010 11.412847 2.289189 7.489377 -5.872125 5.275214
14 -0.212229 0.611863 1.059790 -0.177397 0.514945 -0.369725 0.326080 0.245071 -0.840734 1.074832 -1.413448 -0.961456 -1.651966 1.794375
14 0.657222 4.100241 -1.952406 -7.395740 0.209859 4.243837 5.621513 -0.563161 -7.314244 -5.235326 -3.990087 -2.290659 2.135796 11.773154
14 -6.172243 -3.372636 -0.272769 -1.933573 2.495282 -1.948637 -0.467985 0.059976 2.319248 0.565333 1.930229 3.956254 -3.048569 5.890090
4 3.968235 -0.567981 -1.393161 4.098543 -1.290981 -0.501380 -0.138851 -0.575584 -0.001396 -1.018274 -0.244315 -0.860205 -1.134738 -0.339912
10 -0.475931 -3.612429 0.081084 -2.031384 -1.435095 -2.998402 -3.757369 2.038786 0.497780 12.514746 -2.228665 -4.725081 3.264365 2.867596
4 -1.496952 -4.219423 -4.522673 45.576612 -5.505338 -4.540197 -1.837585 0.667380 0.313121 -8.763076 -1.243756 -6.496431 -3.574953 -4.356726
4 -3.520111 -4.551642 -1.702121 47.638840 -6.092918 -3.673397 -4.283253 0.038650 -5.339179 -3.985272 -2.117885 -4.451858 -2.629853 -5.329999
1 9.336198 -0.932219 -1.731459 -0.434241 0.803951 -0.979981 -2.297141 2.328844 -0.997198 -1.805590 -2.777773 -0.350917 -0.623124 0.460649
12 8.090790 1.207102 -7.011331 -2.255001 -3.674668 -7.482567 -1.966095 0.726187 -1.675020 -5.309025 -2.396835 30.138310 -6.720825 -1.671019
1 49.146766 -0.906692 -0.839157 -6.974507 -11.106635 -0.234114 -5.617576 4.204914 -4.473906 -2.297321 -5.898025 -7.995803 -2.621457 -4.386487
13 0.515700 7.825237 -2.802746 -3.420549 -7.852359 -6.510372 -2.646549 2.815217 -0.798281 -2.141605 -1.216279 -2.989375 9.797172 9.424790
12 2.019271 9.176098 6.221657 -5.389032 6.054689 -5.154890 7.456721 -15.928232 -2.337278 -6.029035 -5.806507 10.705986 -11.304221 10.314774
4 -3.558743 -6.827709 0.295689 8.577213 -0.173303 -1.817810 5.336652 -3.429714 6.440747 2.499560 -0.398987 1.536859 -7.838839 -0.641616
5 -3.908513 -3.155876 -5.150168 1.333470 38.748265 1.323886 -5.142461 -4.744195 -1.361515 -5.929573 -3.404140 -2.945333 -1.767593 -3.896255
4 -8.620992 -0.408760 -5.559920 48.083870 -4.564752 -6.172819 -5.226616 -1.901489 -8.315606 8.155700 -3.026494 -0.317389 -9.083443 -3.041288
14 -3.099361 -6.046597 -4.277293 -2.413120 -2.201951 -1.088889 -1.880572 -4.917483 -3.571913 -3.801014 -3.920892 -3.138091 1.448103 38.909074
5 -1.027065 -1.051836 -0.402864 0.594618 1.890510 0.814295 -0.957540 -0.895025 0.421763 0.137783 -0.465405 0.489815 -0.245145 0.696097
9 -1.235263 -0.868144 -0.157953 -1.562030 0.066028 0.005653 1.979321 0.017871 2.503709 0.457108 0.174781 -1.440894 0.518360 -0.458548
4 -3.102186 -4.954840 -6.044312 48.091095 -7.410527 0.398173 0.983586 -1.791416 -3.222866 -3.887730 -4.496443 -1.893655 -6.344117 -6.324758
10 3.153599 -14.036572 -5.870088 -5.044551 1.686018 0.585670 -0.103409 0.729949 -6.725785 17.081362 -2.710063 16.366517 -6.555442 1.442796
14 -4.827171 -12.035638 -7.413160 -11.050605 -8.902120 -4.964728 -13.182776 -15.121921 -3.146841 -0.534804 -7.541169 -8.992892 -4.724209 102.438038
6 -4.276838 -11.133343 -8.436565 -8.478802 -9.697482 99.341871 -9.109911 -10.761435 -3.634778 -10.985404 -9.001573 -4.485152 0.634981 -9.975570
6 0.295566 1.503941 -2.125837 -3.623432 2.634455 5.936750 -0.918038 -4.364073 0.958866 -0.193526 -3.796593 3.556795 3.161880 -3.026754
12 -0.548036 0.544454 0.537084 1.602674 -0.214715 1.044304 -0.196470 -1.652065 -2.648514 0.244593 1.335211 2.368955 -4.199591 1.782117
4 -3.692626 -4.070137 -3.062383 53.134099 -6.449742 -5.650766 -4.705480 -4.660224 -2.746797 -3.485825 -1.952350 -1.803330 -7.009731 -3.844703
10 -2.042567 -8.556658 -6.364669 -4.033698 1.078442 -9.980429 -10.403981 -1.285808 2.907092 40.936750 -6.547449 4.353580 3.835994 -3.896596
8 -2.130658 5.959095 -9.018486 -8.528857 -9.218389 -7.362434 -15.498579 77.494820 -8.967037 5.460637 -6.105382 -14.250277 -4.164344 -3.670106
8 0.475467 3.189426 0.339409 -3.223582 -10.303622 1.106481 -2.584034 17.705324 2.254063 -0.125281 -4.121775 -3.341641 0.387452 -1.757688
1 58.524565 -0.190402 -7.682555 -2.037101 -4.153488 -5.134121 -2.669155 -7.258084 -5.255175 -6.562491 -2.518354 -7.379448 -6.262013 -1.422178
13 -2.883946 0.641208 0.838693 2.461918 -2.197475 0.426611 -2.997283 -2.718865 -0.803456 3.065697 -0.657579 -0.834495 5.399797 0.259173
5 -3.537565 -1.253361 -1.718075 -5.690470 30.015067 -8.952110 -5.990912 3.853613 3.613477 -3.023271 -3.568189 -3.290765 3.608258 -4.065697
11 -5.237011 -5.053068 -8.434347 -4.982973 -8.057840 -4.673502 -0.973472 -9.210412 -4.691590 -5.393513 82.655767 -4.880325 -9.388191 -11.679522
14 0.699695 -0.250968 5.171461 -1.727867 6.648634 -7.187540 -2.200129 1.462301 -1.389025 -2.534621 2.363998 -3.541256 -4.178939 6.664255
9 5.737122 -9.977413 -3.479075 2.768795 -1.792022 -2.535474 -2.461711 5.279212 9.758329 2.079003 -9.162039 5.708162 -2.034164 0.111277
8 -5.881728 -2.751625 -14.082191 -5.427372 5.484502 -1.562327 -17.779264 79.536527 -2.076452 -9.810317 -8.595022 -2.748426 -5.676599 -8.629705
5 4.013132 -2.210672 -0.324861 -1.065065 5.874140 -2.789837 -0.305329 4.048056 -1.556467 -4.203934 -2.767834 0.642781 2.761248 -2.115359
5 0.902741 -11.361141 -2.062432 7.320721 12.291833 4.103105 -2.737171 1.761515 4.234933 -2.850076 -5.915277 -0.029643 -2.214103 -3.445005
10 8.674860 4.904842 -2.238906 2.669085 3.076312 -6.397891 -2.410034 -1.664558 -1.673527 10.314557 -5.503928 -3.807471 -0.484552 -5.458788
4 -6.062347 -5.259621 -3.013881 51.396165 -6.227635 -3.796790 -2.557972 -2.902828 -3.660229 -4.581439 -2.421105 -2.754269 -5.266792 -2.891255
4 -1.948996 0.874107 0.046385 4.472835 -0.835304 2.169770 1.534088 -1.831991 -1.758767 0.187878 0.065816 1.957134 -5.012524 0.079569
13 -1.138457 1.423846 1.512978 0.269265 -0.161798 -1.332587 -0.406696 1.814656 -0.187653 -0.236368 -1.243183 -5.684324 7.911587 -2.541267
1 43.556758 -6.662317 -7.323560 -5.263733 -3.656626 -4.815424 -3.152608 -3.169064 -2.070594 0.050600 -5.826224 6.287735 -5.406253 -2.548689
6 -6.471198 23.487627 -9.708860 -13.551166 -16.380152 108.252770 -14.387590 -2.528374 -7.189640 -11.902491 -11.632864 -10.257626 -16.218728 -11.511708
3 -2.282832 -2.080777 27.791106 -2.156467 -2.778145 -5.196158 -3.692992 -4.710956 -2.081283 2.484246 -0.217718 -3.037030 -0.708349 -1.332644
5 5.210621 10.797039 -8.840726 1.102206 28.286294 -2.904909 -8.972273 4.022568 -5.024447 -7.702297 -9.869365 -1.367559 -0.345026 -4.392126
8 -5.141698 -3.764125 -2.442890 4.676036 -4.248671 1.379851 -8.494992 31.961250 -3.397504 -3.828588 -3.483873 0.702214 -6.712116 2.795108
14 -0.892808 0.770138 1.202072 -2.082775 1.931159 -1.996776 2.096948 -1.274917 -1.524615 0.714602 0.266204 -0.125647 -1.304529 2.220944
1 3.995744 3.843952 -2.547331 0.413040 -1.133696 -1.172059 0.705708 0.938920 0.331541 0.994608 -0.384065 -2.598581 0.034438 -3.422221
6 -16.378053 -22.909516 5.645029 -13.304637 -16.772005 95.790010 -22.609383 -12.254211 -4.476590 -24.822036 55.964782 -7.446555 -2.093221 -14.333611
12 -8.866555 -0.725453 3.173995 6.186999 -0.822851 -8.909216 -5.228052 -2.855845 10.898883 -5.322091 -9.569572 25.486104 9.553968 -13.000315
3 -7.197418 -7.394056 68.213884 -8.830654 -1.919482 -3.711176 -1.920410 -9.788165 -10.981977 -2.294579 -7.746279 -2.436440 -2.171132 -1.822119
9 -0.150149 -0.145696 -0.291971 -0.415184 -0.613755 -0.791388 1.581644 -0.905915 2.346764 -0.429065 -0.242163 1.118174 -0.314279 -0.747017
13 -4.684725 0.520230 0.430758 0.223408 -5.762052 -3.160800 -4.952088 1.094017 -0.230382 3.674871 -2.975634 0.843119 9.108523 5.870754
12 -2.089500 1.275091 0.120765 -0.903144 -3.242367 0.795196 -1.986467 -2.752980 -0.911268 -0.188204 -0.322154 11.147122 -0.663934 -0.278156
11 0.460728 0.008107 -4.981442 -1.891602 -14.557766 -3.307533 -5.755756 -6.150542 3.028284 -4.019326 43.918394 -3.079901 -3.044038 -0.627608
6 -2.118370 -0.575303 1.968690 -6.223567 0.397250 9.086429 0.265621 3.789165 -0.724995 2.803221 2.031223 -9.241691 3.085407 -4.543079
2 -11.215596 39.309529 -2.186852 -4.756045 0.715940 -7.605575 -1.234163 -2.205954 3.096238 -2.704854 -3.736116 -2.472836 -4.964338 -0.039380
1 318.260876 -33.416123 -31.197847 -29.744787 -30.095243 -29.691735 -18.426289 -19.391893 -30.836579 -29.036339 -27.055685 -32.727959 27.640612 -34.280996
7 -7.568129 -5.816866 -2.811361 -3.903652 -6.098948 -4.685330 57.590492 -5.381254 -4.595898 -2.799195 -4.912953 3.016060 -4.897724 -7.135242
10 -1.841276 -3.754359 -0.185160 2.269219 -0.748889 -3.605634 -2.015974 3.152041 -6.000299 10.444722 1.163671 4.298620 -0.021420 -3.155259
3 -7.116834 -5.274389 41.425232 -10.565983 2.687814 -1.740533 8.216992 -6.649473 -3.071186 -6.761359 -5.462873 1.261741 -1.990475 -4.958673
1 56.989732 -7.925818 0.025223 -2.468688 -6.936662 -12.773653 -13.026853 -2.160738 2.218099 -5.017946 -6.145560 2.950735 4.891287 -10.619161
1 49.767093 -3.100974 -4.919302 -2.898150 -4.342710 0.606018 -8.168839 -3.478160 -2.783027 0.341189 -2.143084 -4.210951 -9.458569 -5.210533
2 -2.051586 35.697703 -0.273699 -0.845161 -4.086114 -5.231298 -3.733413 -6.077214 -2.479427 4.991460 -5.091393 -0.507069 -5.917365 -4.395424
6 -4.456814 0.353852 -2.790222 -6.482191 -3.338681 55.845430 -2.910293 -7.791047 -4.191726 -7.126854 -6.199777 -8.567273 7.081289 -9.425693
5 -10.565183 -2.845975 -3.941625 -2.021530 45.615294 -11.590715 0.117497 -1.242259 -8.555877 -1.548087 0.474441 -6.438029 -1.331022 3.873071
6 4.649310 -3.121662 -4.306986 -5.657265 -0.329891 44.397669 -19.146268 -11.782829 -10.852592 7.266869 -3.310286 -4.266214 -1.773979 8.234124
10 -2.730870 3.704417 4.830682 -2.987497 -3.870101 -4.113890 -5.027569 0.299709 -0.187122 5.137406 -0.475366 3.627993 1.699855 0.092352
2 2.107690 12.700137 -2.141348 -2.860976 -0.036126 0.553283 -5.955851 1.725401 -0.109241 -1.376049 -4.007531 1.506421 -3.596979 1.491169
3 -7.803363 -6.882396 80.705855 -6.426643 -4.919138 -6.107884 -7.274019 -5.195835 -6.019694 -0.711940 -6.403309 -6.955434 -11.306132 -4.700068
6 1.667353 -1.030151 -2.485952 -0.312437 -11.793065 9.585998 -1.432799 3.648753 -1.878302 1.174657 1.035249 0.416404 1.341669 0.062624
6 0.184522 -1.026978 0.123109 1.545458 -1.596195 3.262994 -0.444598 -0.966207 0.187576 -0.949430 -0.547738 -0.028155 0.281975 -0.026330
3 -3.186390 -0.915859 45.155962 -0.885780 -2.796221 -0.742543 -6.345687 -0.817127 -5.170203 -5.566410 -0.489053 -8.191934 -7.069806 -2.978949
10 -8.529025 0.876741 -13.095270 -5.211758 -2.671414 -4.958981 -1.635490 -3.008478 -2.174289 70.285791 -4.800844 -0.253695 -20.088764 -4.734523
10 -7.338230 -0.977448 -1.902316 0.310546 0.784599 -7.345796 -0.310324 -8.492666 -3.654501 20.491872 0.160110 5.819083 -3.802492 6.257561
7 -42.008062 -48.731373 -44.446049 -49.992510 -52.330388 -68.553801 652.052177 -50.299098 -44.629392 -28.043645 -68.153458 -48.679496 -51.345711 -54.839212
3 -0.976335 -2.357408 5.544419 0.004691 -3.642758 0.336884 1.339995 4.034620 2.618429 -5.592728 2.518177 0.193590 -4.162005 0.140429
12 -2.845137 1.169937 1.299302 2.888900 -4.403164 -1.229553 4.625766 -2.687127 -8.468567 -4.970998 1.889103 24.605965 -8.538390 -3.336036
4 -1.505170 0.799607 0.966313 2.278563 0.856719 -0.946527 -0.430440 -0.879765 -2.852532 0.887888 1.426948 1.142965 -3.305218 1.560649
11 -6.440604 -10.611408 -11.528406 -12.113961 -4.632601 -2.564069 -4.273050 -10.577740 -1.121643 -18.095677 99.650262 3.938932 -10.941454 -10.688579
11 -28.836599 -49.980764 -36.083146 -34.665373 -24.802998 -29.939411 -26.215831 -38.035523 -32.184305 -48.728981 453.749256 -37.181709 -27.595678 -39.498939
10 -2.791003 2.008557 -4.789535 -2.208198 -1.281880 -0.371740 0.137958 2.626551 -0.818700 4.148381 1.698460 0.971204 0.092776 0.577168
3 -7.728762 -6.533318 79.032879 -6.426643 -4.231323 -5.491226 -6.872457 -4.958670 -5.941085 -0.584862 -6.886037 -7.226129 -11.216584 -4.935783
11 0.744121 1.655492 3.178984 -2.498018 -2.559809 -3.820357 0.932301 -3.014239 0.182334 1.018929 5.675425 -3.786262 0.991507 1.299592
14 -6.203250 -2.913601 1.414542 -4.409409 4.599492 -4.585920 8.474620 -6.696642 2.453891 -6.157300 -14.094668 5.951849 2.597853 19.568541
11 -3.159700 -2.179424 -4.009683 -0.394981 2.525065 -0.954518 -2.568739 -0.428246 -0.494796 0.522599 14.441156 -1.668310 -0.953490 -0.676933
7 -2.392982 -1.637192 -2.411005 -1.098414 -0.188013 -0.746572 4.995502 1.735952 -0.251762 -1.573451 4.307306 -1.667190 0.531362 0.396458
4 -1.262197 2.735133 -1.911261 4.271793 2.144144 0.000577 1.089754 -0.883286 -4.359687 0.969824 1.553063 -0.110415 -3.873104 -0.364337
10 -15.801565 0.856372 -4.087671 -13.423796 14.539474 -12.783537 -7.331584 8.923870 1.651090 34.069363 6.144280 6.585554 -3.987325 -15.354524
11 -7.758916 7.995508 -14.339522 -3.208775 -6.561254 -8.805108 6.927613 -0.866698 -11.484748 -9.641263 69.080313 -11.248374 -7.235491 -2.853287
10 -1.963043 -3.464924 -2.083486 -3.424343 -2.616618 -2.994520 -3.274685 -6.674539 1.438430 31.211986 -3.289811 -1.463193 2.411745 -3.813001
11 -8.472671 -9.979880 -9.375507 -4.435938 2.420047 -6.385303 -4.504005 -5.731768 -9.205535 -8.901572 85.759540 -4.770493 -9.619981 -6.796932
11 -2.211813 -2.289613 -0.659383 -2.000908 -1.845097 -5.418763 -2.179581 -1.215644 -4.683560 0.251362 32.471462 -1.737467 -6.365768 -2.115224
6 -3.611471 -2.209284 -9.648164 11.321193 -1.943529 44.930045 -3.954026 -7.227831 -1.565953 -7.317901 -7.080536 -3.529015 0.079320 -8.242849
13 -1.903810 -1.797735 -6.010493 -2.163481 -0.800541 -5.893458 -1.988543 -3.606239 -2.546671 -1.496429 -3.044700 -0.744954 35.844449 -3.847395
5 1.460489 13.092616 -4.692027 1.839767 28.664745 -2.306969 -8.243882 1.639423 -5.272796 -6.504704 -4.549609 -8.795213 -2.434522 -3.897317
14 -3.085570 2.659661 -6.318280 -4.970650 -1.142100 2.967270 2.967714 -0.592006 -0.113360 -3.660339 4.964672 -4.089046 -4.155551 14.567585
2 -29.087464 22.276073 -0.073582 -3.090825 7.430792 -11.527177 3.955656 2.480997 -2.398284 -1.963768 6.139325 1.592183 -6.777709 11.043780
14 0.388549 -1.781011 -1.063749 1.363098 -2.900535 -6.500562 -0.394471 -0.467571 -7.161262 -1.357458 7.643625 -0.476062 -5.160672 17.868079
3 -4.925993 2.375139 5.105308 -2.355218 -0.636737 -2.288910 4.751288 2.879682 -2.605382 -4.396448 3.376675 -2.228678 -1.395503 2.344777
2 -18.629203 56.684899 -6.578101 -2.370871 -7.674083 -8.000459 -7.319791 10.527189 -7.298960 3.358261 -1.074188 -5.312493 -4.246904 -2.065296
5 -3.549957 1.593022 4.948613 -5.529937 40.564121 -6.327553 -5.861437 -2.647778 2.355689 -0.888139 -4.691436 -6.721225 -8.148999 -5.094985
9 -2.333387 -0.892533 -2.534928 -2.746994 -2.265351 0.238981 -0.355145 0.708236 24.414660 -7.710708 -0.634630 1.269354 -1.510577 -5.646980
13 -5.815893 4.254541 -2.767741 1.964493 -1.870053 -0.382667 -3.119800 -3.790319 -2.907391 4.734452 -1.741687 4.575250 5.299730 1.567084
5 -8.639359 -4.231745 -9.817468 -3.910803 57.932043 -14.489652 -1.686162 -4.016129 -11.899578 -7.929433 7.267557 -5.755654 3.348407 3.827974
2 -30.128364 70.232516 -3.201989 -3.356855 -1.422579 -8.466945 -3.936288 -4.530103 -5.730125 -5.735510 -1.032457 -1.543795 -1.184753 0.037246
13 -0.195469 -2.410204 -1.214130 -0.695409 -4.028068 -2.495052 -2.088464 -1.904425 -2.547289 3.615308 0.066120 0.916466 15.411295 -2.430679
14 -10.048806 -13.898073 -4.462958 0.163301 -12.042923 -0.989813 -1.322861 -8.748281 -4.259751 -10.986893 -8.201423 -11.436756 -2.568177 88.803415
9 0.178274 -3.080103 -1.921291 1.882574 -3.291258 1.154591 -2.325530 3.183465 4.395592 -3.075300 0.495478 2.770634 0.305705 -0.672830
3 -9.906938 -2.955354 89.943577 -3.284669 -12.752982 -7.845975 -5.045143 -8.426040 -7.667920 3.020930 -5.931955 -2.001494 -15.941875 -11.204162
4 -3.457049 0.988878 1.981496 6.214741 1.774606 0.863277 -2.683342 -1.078946 -1.018665 -6.579423 -3.668956 4.316915 4.462865 -2.116396
6 -1.761890 -6.261351 0.579580 -2.456169 -13.021835 48.997595 1.604735 -4.340728 -9.733183 -10.251067 -1.179219 6.741836 -5.306577 -3.611727
13 -2.164516 -1.624649 -2.844380 -2.161403 4.736867 -1.391619 -2.945830 -0.927295 -2.582123 4.807520 -8.645491 3.078249 8.029170 4.635502
3 -3.816627 -6.998228 37.339856 -3.215137 -3.710956 1.299354 -9.991576 1.844483 -3.323640 -5.620776 -3.301789 4.922204 -2.902688 -2.524480
1 35.210141 -2.244412 -0.098750 -4.893809 -5.265218 -4.643462 -2.686858 0.203229 0.874079 -5.694628 -4.797112 1.590849 -4.792123 -2.761923
2 -1.363646 9.888840 -1.188973 0.211162 -0.028258 -0.055734 -1.014832 -0.530924 -0.593051 -1.676160 -1.985267 -0.439373 -1.417787 0.194003
1 7.252398 1.353895 -5.309979 -3.910303 -1.249005 2.912400 3.570681 -1.687241 -2.051910 -1.464185 -4.148953 3.212582 -0.265898 1.785518
5 -2.324260 -6.729537 -5.920715 -7.325526 44.694466 5.007678 -4.252093 -3.186754 -9.931169 0.347884 -2.136453 -5.153757 -1.010936 -2.078826
6 -2.715221 -8.396235 -6.163355 -3.702785 -4.397927 62.800776 -3.975506 -4.117277 -3.183312 -6.068379 -4.652475 -1.805794 -7.948202 -5.674312
3 -0.985303 -4.261716 52.353848 -6.427515 -5.155848 -5.886093 -5.604057 -8.630885 -7.666739 -13.819909 -7.015036 33.760986 -22.735031 2.073298
12 -0.912199 -7.290346 -1.583610 1.000180 -7.534681 17.529483 -12.333507 -7.119924 -11.364901 9.074424 -10.704773 33.922936 -4.844809 2.161728
1 44.852981 3.080342 -6.379970 -1.706128 0.656050 -0.726866 0.695548 -10.434345 0.622569 -6.184332 -9.209853 -0.920583 -13.532431 -0.812984
14 -1.488198 -0.348195 -0.519043 2.499743 5.054242 -1.829947 -1.020914 -5.211742 -4.745014 -2.609837 -2.815173 0.700888 -0.850027 13.183218
4 -0.903233 0.375855 0.479668 2.586758 -1.646482 -2.337879 -0.950197 -0.097762 -3.461358 -2.185826 2.293415 1.806106 1.823375 2.217559
10 -2.770053 -0.458384 -0.862248 3.027165 -0.690756 -0.165827 -0.978319 -2.126465 -2.077935 5.358891 3.686330 0.359176 -4.795428 2.493853
12 0.566087 -3.804014 -3.026064 -0.820612 -5.085373 1.234453 1.747293 -3.874152 -3.262131 -2.440044 -5.018061 28.991149 -2.000306 -3.208225
1 45.718507 -7.359005 -6.370907 -1.864768 -2.627691 -7.821843 1.790302 -2.387042 -2.680149 -3.723923 -3.353996 -4.725832 -10.067961 5.474309
13 -3.933491 -5.185657 -2.318300 -0.107018 -0.419796 1.804563 -3.286729 -3.510078 -2.981877 -0.211995 -1.840215 2.068910 20.076753 -0.155070
13 -4.909026 -2.892524 -6.781218 -3.996803 -7.146372 -0.900649 5.657064 -6.495104 0.895344 -1.184138 -0.498939 -1.686272 29.257257 0.681381
14 -2.505640 0.654975 -2.868096 -0.355404 4.797639 -2.286256 -0.999841 -3.182937 -8.452609 6.226735 5.873611 2.418106 -6.228234 6.907951
12 0.117664 -1.252759 -0.991945 0.543615 -3.439197 -2.668344 1.093356 0.435162 3.493940 1.946354 -2.046629 4.773323 -1.737333 -0.267208
3 -5.033909 -4.817210 75.247383 -7.511813 -6.693919 -8.048754 -5.223262 -5.460277 -5.525600 -5.601892 -4.958790 -7.139737 -4.596933 -4.635287
7 1.975469 -13.470875 -10.211299 -16.940807 -12.594118 -22.161732 127.697905 -24.086110 -15.587203 -1.767963 -14.276985 -12.109997 8.332340 5.201373
11 -5.896220 -6.203417 -1.937369 0.012214 0.675731 -3.669089 2.827972 -4.068239 -11.456182 -5.007423 41.372610 0.519928 -6.667282 -0.503234
8 0.729502 -1.602894 4.376153 -8.359763 -9.621620 -2.445307 -5.375328 27.988381 -0.292375 4.280342 -6.761848 -5.556079 4.901889 -2.261051
9 3.391196 -4.279625 -4.739230 0.862760 -7.911174 -3.652202 0.732046 -1.874634 11.376439 -0.809681 -3.267309 2.688255 7.817631 -0.334474
12 -3.430878 3.478623 1.175025 1.133475 -5.052779 3.398325 1.654471 -8.687651 3.055980 1.197556 0.353768 4.023425 -2.956427 0.657086
6 -2.887382 -2.213472 -2.204478 -1.660353 -9.947215 54.611240 -8.973299 -3.717238 -4.126152 -3.085206 -6.491069 -7.201344 2.502758 -4.606788
1 71.979789 -1.668192 -0.709906 -7.184859 -6.360999 -4.641385 -1.885403 -5.558708 -8.272796 -10.575780 -8.185184 13.038996 -15.691344 -14.284224
1 13.829169 0.609897 0.549226 -1.459835 2.115120 -3.608421 -2.808656 -2.091767 0.666015 -2.609734 -0.650682 -3.258518 -0.385405 -0.896408
9 2.533902 1.473194 0.548345 -6.470760 -3.113064 6.596699 -4.931437 -5.376936 17.305067 -0.605047 0.133714 -0.844638 -5.957183 -1.291857
5 -7.587621 0.894449 -8.072022 -0.006445 38.822482 -0.491796 -2.929863 -7.625418 -5.466618 -2.261670 0.013316 -1.432596 -1.919709 -1.936487
5 0.968262 0.563627 -6.456281 -3.115028 8.302091 5.008782 -1.212617 -0.287990 -2.959688 -3.472708 -2.805869 -1.600377 6.173515 0.894281
11 -2.715038 -1.163068 -0.973723 3.439417 0.548210 -2.867906 -0.236164 1.554354 -3.665510 0.245448 4.407634 4.012746 -4.649335 2.062937
1 67.671286 -0.246390 4.429382 -13.100308 9.250629 -13.045556 -5.748600 -7.593030 -0.786393 -2.097607 -17.270010 -7.228375 0.723828 -14.958854
1 21.411789 3.580202 -5.435856 -6.787520 -6.071665 3.456610 3.544778 -6.799398 5.633138 -0.631682 -10.005862 -4.831197 0.564220 2.372443
12 0.995537 -1.955859 -0.557206 0.201069 -3.389612 4.880667 -1.530591 -4.147989 -5.116505 -4.097816 -1.858490 15.288329 0.294911 0.993557
1 22.812944 0.498602 -8.315864 1.828494 -4.694100 7.687383 1.309836 -5.193889 -2.716001 -6.138445 -7.008060 -1.331796 -0.318251 1.579149
1 90.977374 -8.302285 -5.524672 -5.232114 -7.531194 -6.907664 -5.595835 -6.741684 -4.657611 -3.865898 -5.261123 -9.361709 -12.482748 -9.512835
1 215.980257 -13.199610 -12.515995 -10.158780 -20.590881 -23.879743 -27.250647 -23.230254 -4.882378 -15.308962 -22.979824 -17.942100 -7.890859 -16.150216
1 64.952626 -4.996233 -4.151700 -3.715833 -2.577811 -4.061159 -4.375802 -5.471818 -4.990589 -5.085041 -5.755594 -5.034015 -7.551593 -7.185437
1 190.028097 -13.773566 -22.864786 -27.460606 -18.552659 -11.624307 -27.778770 -14.286041 -18.341249 -23.232001 -23.843525 -12.396447 44.221484 -20.095620
1 93.194360 -7.971054 -2.953347 -4.025418 -5.464309 -6.268548 -10.102168 -13.983238 -5.792257 -7.714216 -5.941586 -7.484758 -5.968526 -9.524935
1 52.657662 -13.287806 -5.399193 -3.587514 -11.237011 -10.402588 -6.306604 -4.188903 4.227829 8.696101 -6.438534 -0.588444 5.144298 -9.289295
1 55.852459 -4.541460 -3.400742 -2.818224 -7.222062 -5.130379 -1.817991 -4.110177 -0.328553 -7.484677 -7.460589 -4.440013 -4.897621 -2.199969
1 57.718863 0.710465 -11.173785 -6.168507 -0.734739 -8.335641 -6.200433 -6.800793 0.102993 -0.414592 1.076458 -12.597278 -1.204355 -5.978657
1 61.248501 -8.748825 -3.481635 -8.600007 -5.600623 -7.963749 -6.752018 -7.645915 -1.720622 -2.382843 -4.366884 -5.123473 1.658895 -0.520801
1 66.929239 -2.719636 -4.487538 -6.861321 -9.116766 -7.254917 -3.692669 -4.260332 -4.160865 -5.415937 -3.431288 -4.990216 -0.563437 -9.974316
1 44.936965 -5.607533 -5.491013 -4.075095 -5.296445 -1.006446 -3.760330 -0.657336 -0.994767 -3.165340 -5.471530 2.289973 -5.279186 -6.421916
2 -0.478573 4.591364 0.863223 0.848599 1.570177 -0.834279 -1.211844 -2.341122 -4.212186 -0.301365 2.998703 0.381845 -3.235578 1.361036
1 42.510807 -9.452237 -10.248219 -0.047587 6.213864 -3.990297 -1.797172 -3.447975 0.725439 -3.059157 -6.464350 -7.662822 1.599512 -4.879806
1 5.833195 1.480945 2.466165 -1.120495 3.084175 -1.223094 -0.890698 0.014914 -5.120703 -3.064262 -1.426388 -0.763571 -1.443070 2.172886
1 54.639852 -8.095693 -6.231147 -6.472066 -1.480126 -6.798421 -4.867788 -4.159907 1.022534 8.271234 -4.949606 -5.492930 -9.049477 -6.336461
1 51.629507 -6.336166 -5.442160 -6.161575 -3.835374 -1.953381 -3.898022 -2.994260 -0.790825 -3.942644 -5.649613 4.195270 -7.225994 -7.594760
1 35.087471 0.199230 -1.097606 1.413149 4.983871 -10.414739 -3.519277 -2.828270 -2.077170 -3.338189 -2.175770 -2.434664 -9.293750 -4.504283
1 78.413781 1.319044 -11.236763 -7.411061 -7.748423 -3.486127 -11.306821 -9.422146 -6.509482 -4.602062 -5.189729 -0.872915 -8.053977 -3.893320
1 7.824629 2.915116 -3.732315 -3.742362 -0.928737 5.174148 -6.990368 -1.861404 -5.473962 3.896946 2.276994 0.482977 -0.483043 0.641381
5 -3.221842 -4.768503 -1.262288 -3.687476 19.150271 6.285354 5.415859 -7.171710 -1.561785 6.378847 -9.833974 -0.757922 -1.299101 -3.665730
10 -9.898816 3.876346 -2.918806 -0.728997 -4.422111 2.613550 3.924770 -2.864581 -6.304757 30.809558 2.227493 -1.703866 -14.250162 -0.359620
12 2.177170 -0.357797 -0.093339 -2.073326 -2.872178 -5.719745 -0.978415 -1.396282 -0.375599 3.598124 0.832536 5.570058 3.100641 -1.411848
5 -7.688029 -6.398944 -1.819244 -13.386868 24.802964 -1.060186 8.374570 6.428118 -3.045320 14.748611 -10.414610 -0.532163 -7.978458 -2.030441
10 -5.849142 -7.965479 -0.610631 -9.716702 -2.145077 -3.493754 -2.907716 1.248781 -9.847763 40.832998 -4.484117 -1.017288 3.752291 2.203603
10 -7.315582 -1.257941 -6.274398 -6.798289 -4.900673 -7.713512 -4.120752 -4.124948 -8.796356 73.914716 -6.984407 -5.633570 -1.803695 -8.190591
10 -1.590589 -1.777251 -1.605529 0.161516 -1.021600 -2.618618 0.422047 -2.402359 1.340734 16.427942 -2.387754 -2.119075 0.915460 -3.744925
10 -8.577126 -2.021366 -6.811885 -9.058228 -5.898278 -9.523726 -9.815163 -5.688000 -5.082142 89.459129 -7.731086 -8.165421 -8.803348 -2.283357
14 13.914354 2.404450 -6.824719 -5.272513 -10.127772 -4.302936 -0.042800 -4.923451 -3.005975 4.985117 8.520695 -12.353140 -0.886213 17.914903
10 -7.912680 -8.382970 1.406866 0.511715 5.604911 -2.662214 4.783048 -5.914104 -0.309161 10.297761 -4.193402 -0.848678 3.600145 4.018764
10 -8.295351 -7.263221 -7.209517 -1.073973 -4.960937 -9.183324 -3.648375 -2.857170 -7.977739 72.251058 -5.667159 0.160436 -10.148549 -4.126177
8 1.482470 -15.337590 -5.839543 -3.886494 6.121641 -2.118356 0.804202 17.047712 -7.542854 -1.214813 4.097526 3.402990 8.108256 -5.125149
10 -7.222263 -0.954575 4.783109 -4.647676 8.067820 -8.633826 -1.508594 -4.498177 -6.607497 17.471691 0.681575 -4.329560 11.721328 -4.323353
10 -3.411753 -0.252915 4.536493 -0.947526 -2.610384 -7.743896 -8.085060 -2.654945 -4.857420 33.639660 -3.390539 -2.910835 1.790839 -3.101717
7 -1.998035 -0.623255 -5.639584 -3.543937 0.094125 3.889253 6.688794 0.517130 6.135059 -3.626922 -0.950776 -4.107141 3.015983 0.149305
10 -4.875092 -7.135903 -2.279204 -4.613488 0.324115 -2.192347 -5.607930 2.454475 -5.208291 46.521773 -3.103276 -5.247086 -3.050811 -5.986931
10 1.191292 -1.664956 -0.834347 4.927417 2.776918 -3.042124 -6.093559 -4.358280 -2.908552 10.668659 0.162485 3.770220 -4.974848 0.379677
10 -8.006310 -1.277875 2.287822 7.549447 9.312118 -5.607800 -2.659606 -5.414535 -9.795515 22.868951 1.431583 -0.016781 -13.337076 2.665575
9 -4.405282 1.801968 -1.612575 2.895813 0.019209 -2.518726 -0.239565 1.936313 5.672931 2.057906 -4.458333 1.265859 4.035167 -6.450684
2 -3.876908 16.773534 -2.480108 -1.736399 1.840393 -0.048092 3.527171 -6.498358 -5.398681 0.934247 5.122245 1.413779 -8.903920 -0.668903
2 -12.956458 43.558228 -3.790107 -2.939345 -2.752359 -4.129596 -3.607176 -3.600776 -1.585749 -2.786697 -2.371008 2.414676 -2.563073 -2.890560
2 -4.848000 39.642373 -5.067464 -1.588456 12.830566 -2.909293 -8.155716 0.225640 -3.669623 -5.308862 -6.807604 -5.346118 -3.904543 -5.092902
2 -3.994615 44.171343 -0.983665 -4.756751 -15.421362 -6.656136 -0.984480 -5.876076 0.712826 -0.398178 0.091835 3.426357 -6.406692 -2.924406
2 0.525577 41.521049 -2.339793 -2.572625 -5.094998 -4.371041 -0.596243 -4.388550 -0.279614 -4.055994 -7.228973 -3.634379 -6.305446 -1.178970
2 -7.153871 39.033979 7.095064 -2.788071 -4.083494 -1.265279 -0.307368 -3.182838 -4.820000 -3.577855 -3.610742 -4.039322 -7.412148 -3.888054
2 -17.795633 108.354073 -9.506505 -7.364841 83.319924 -18.736463 -32.469051 -7.302386 -22.065180 -19.172273 -11.258107 -13.512299 -11.666499 -20.824765
2 -3.711338 6.751607 -13.518740 0.037080 3.319129 4.873308 2.558784 5.050177 -6.329263 -0.318850 1.642104 -5.362954 1.303477 3.705481
2 -30.024522 53.022421 3.935881 -1.168999 -2.072101 -9.591847 0.565064 -2.639667 -5.860388 0.718067 -1.468520 -5.686951 -4.545539 4.817100
2 0.069629 25.909232 -2.847942 -3.926609 3.462094 0.242299 -5.780179 -0.335890 -1.368660 -2.322197 -2.495144 -6.069470 -1.796664 -2.740498
2 1.060083 22.934466 -3.640377 -5.541562 -0.485533 1.984593 4.141026 -3.788001 -4.216551 -2.575149 -3.583905 -2.143774 -4.889766 0.744449
2 -0.521651 40.441073 -6.363447 -2.591670 12.459704 -0.375411 -9.619653 -0.089549 -4.614913 -5.277267 -8.965983 -3.496171 -3.697431 -7.287632
14 -1.480106 0.819318 -3.690576 1.743782 -2.221491 0.995354 -1.175216 1.219758 -1.922424 -4.034687 1.055816 3.023727 -0.228555 5.895299
5 1.038377 9.009720 -8.898749 -0.475669 39.211060 -5.628225 -7.702277 -3.172267 -4.819483 -4.564972 -4.953492 -4.677114 1.989103 -6.356014
2 -3.917518 92.229093 -11.078510 -7.110196 -24.723485 -1.011981 6.636277 -10.307662 -6.797717 -7.450706 -5.200213 -5.022715 -9.150733 -7.093934
2 0.271253 55.069513 -5.543793 -2.244536 -9.638558 -1.823387 -5.916795 -4.526085 0.615381 0.011809 -5.303473 -5.921666 -6.837525 -8.212137
5 2.042087 -0.532437 -6.703552 -1.527001 20.693051 3.029523 -6.122238 0.020700 -0.790124 -3.770200 -3.537950 0.358982 0.631178 -3.792021
2 0.171446 14.043380 -1.039960 -1.053515 5.977189 -0.314935 -4.191284 -3.277085 -5.945518 -1.929136 7.697533 -4.205315 -3.393563 -2.539237
6 -15.622088 -27.760271 -19.975729 -10.620583 55.713582 134.422382 -3.359376 -11.151650 -15.272835 -20.695960 -11.346031 -29.283642 -4.519367 -20.528429
5 0.313107 -9.073377 -7.731769 -6.090264 17.931124 -3.158445 8.255838 3.937082 -5.559969 -10.687864 7.767440 8.031311 3.482102 -7.416317
7 1.229125 -4.075775 -2.787523 -3.537090 -3.130690 7.395702 9.259772 2.009040 -4.806941 -4.738960 0.660558 0.667330 -1.395385 3.250838
5 -11.632591 -8.895505 -6.811891 -9.923888 108.545322 -9.514471 -9.596576 -12.647521 -10.122961 -14.210829 12.380069 -9.603536 -10.615574 -7.350045
5 -5.480373 -0.900793 -1.735893 0.853353 42.121947 -0.300355 -6.801209 -9.696958 -6.594142 -1.641130 1.844889 -3.756268 -5.463278 -2.449789
10 -4.189483 -1.502596 -0.813221 -0.656234 5.884493 -2.756558 0.360079 -2.797407 -4.009734 12.289101 -2.414595 -3.491246 -0.193923 4.291323
5 -0.188906 -4.326046 -6.690880 -3.418563 42.042373 -5.861613 0.021512 -5.583317 -5.960551 -4.140884 -1.685027 3.383766 -3.592756 -3.999107
12 1.476918 -2.669133 3.444826 6.845458 2.896979 -7.077383 -6.600394 2.874380 -1.115759 -2.375790 -4.473611 7.700714 -6.839411 5.912206
5 7.100014 -6.294196 2.272310 3.982026 17.785598 -3.793477 -4.487020 -3.594127 -3.459886 -0.741353 -13.601154 11.733392 -4.522426 -2.379700
5 -1.924991 -9.084921 -7.290264 -0.421805 13.081976 4.453390 -5.791255 -1.842090 -6.955261 0.818863 12.583339 1.743406 -4.152943 4.782557
14 0.083081 3.272042 -2.393284 4.636832 0.021002 -2.609089 -4.506227 1.314261 4.065578 -3.868530 -4.304160 -6.436655 -0.716654 11.441804
5 3.414065 -1.589080 -0.358575 -2.405211 4.747274 4.012880 -7.551955 0.305879 2.836498 -0.285844 -1.717304 2.096283 -0.522700 -2.982209
5 -11.977671 10.775196 -7.774156 -9.741163 35.236777 16.855251 -13.472882 -14.873870 -5.471915 -8.780526 20.919188 -9.710485 6.467586 -8.451329
5 -6.057736 -6.778407 -15.150074 -8.145752 146.907865 -23.995554 -14.197520 -5.885337 -11.262576 -20.763240 -7.095861 -6.062343 -3.992855 -17.520610
5 -5.542059 -3.965758 -1.907416 2.085486 37.400769 -5.362703 0.542837 -5.193813 -3.560459 -3.400677 -5.272766 -5.444689 2.846547 -3.225297
5 -4.096489 3.545098 -14.796721 -6.080593 85.791396 -7.691197 -1.137027 -5.972809 -3.091584 -12.003075 -9.703965 -10.324626 -4.960426 -9.477982
5 -4.894315 -6.622105 -5.555541 -0.479888 40.102123 -8.000664 -1.033628 -4.155787 0.772197 3.042162 -3.750320 -1.414783 -2.195711 -5.813738
5 -2.893209 -2.903431 -16.410315 -3.008359 85.251557 -9.316518 -2.010471 -4.974729 4.026890 -9.173649 -9.857192 -15.085948 -3.767928 -9.876700
5 -3.283986 -0.189137 -1.417743 0.944419 27.952069 -2.684024 -6.285245 -3.866435 -5.026938 -2.073424 3.179911 -3.145443 -7.809534 3.705509
5 -2.301319 -14.501479 -20.413400 -3.139693 121.882499 -16.850262 -11.816839 -26.328370 -7.308161 -21.495398 -7.544727 -10.839122 29.887360 -9.231080
6 -6.194196 -3.529285 -3.941403 0.872303 14.137985 20.539574 -4.148761 -2.465562 -2.915600 1.284778 -0.947654 -2.478848 -5.305572 -4.907757
11 -1.297092 -8.659463 -4.666581 -0.983049 -6.343118 -4.731815 -7.037215 -2.407538 -1.760762 -2.864547 45.394943 -3.583166 3.958126 -5.018723
11 -0.682437 -8.778448 -11.142914 -6.061289 -0.463459 -3.455913 -8.048006 -5.724233 -9.736467 -10.518427 86.323788 -2.699518 -9.252571 -9.760106
5 5.191530 -13.112023 -3.669939 -3.579477 16.887254 -4.698755 9.255225 -1.671137 -7.193282 -7.697471 3.799595 0.608624 3.037381 2.842477
11 -4.992568 -7.330760 -6.941055 -6.863492 -7.609340 -2.005200 -7.015508 -7.240467 -5.252268 -10.936221 88.089073 -5.336627 -5.187528 -11.378040
11 -24.136389 -9.304761 -22.497790 -13.777536 -35.443653 -14.746487 -13.367579 -15.581899 -20.514014 -29.796565 250.992668 -23.714021 -5.758521 -22.353456
14 -1.996101 1.068229 2.708380 -0.298260 0.372847 -10.852687 -1.515170 -2.342008 2.649317 -1.054023 4.290907 2.801921 -2.352887 6.519533
11 -6.052048 6.010909 -4.132886 -2.244196 -0.292412 -2.909899 -0.192365 1.163026 -4.152082 2.259907 12.740280 -4.597086 -2.344421 4.743271
1 4.016249 -0.540175 0.362452 -1.074923 -2.167204 -2.536751 -1.187158 2.355934 -2.303509 1.621489 2.148259 3.625920 -1.063241 -3.257341
11 1.445329 -0.591268 -8.412368 -6.913836 -2.407171 4.373065 0.476175 -2.298519 -8.241969 -6.372060 32.653082 1.355483 -3.145873 -1.920070
11 -12.415511 -15.815832 -4.566756 -6.864593 -15.588142 -1.583472 -12.496995 -14.074637 -8.057439 -13.540579 146.155378 -12.300313 -13.990367 -14.860744
11 -29.057995 14.216662 -9.248807 -7.035865 4.079531 -8.585085 3.693349 -2.640218 -4.655264 -11.307722 55.608811 1.585407 -6.871402 0.218595
11 -0.411440 -4.529675 -2.427636 -2.470188 -3.096583 -0.384371 -4.379092 -2.938738 -1.928656 -2.683222 32.008208 -0.731827 -2.593828 -3.432952
11 -1.396085 -3.870554 -3.040240 -0.872384 -3.348657 -1.021916 -3.111244 -0.622989 -0.266345 -1.955102 22.809383 0.543778 -0.946517 -2.901129
11 0.041992 -19.069803 -7.853634 1.951240 16.996952 -9.046288 -10.993017 -4.609894 -11.227013 7.780251 49.325341 5.211599 -9.000470 -9.507252
11 -5.734087 -17.196266 -2.656974 -8.623054 3.426646 -1.970600 -11.872301 -8.085727 -7.925098 -5.113344 89.507038 -8.889937 -7.844825 -7.021469
11 -2.616794 -19.983203 -15.514517 -9.608977 -19.518865 -9.220513 -20.065340 -10.402924 -7.077508 -14.260423 151.423108 -8.660841 -4.820630 -9.672574
11 -7.234384 -11.400132 -8.288700 -7.094929 -17.720537 -13.808106 -2.474026 -14.752345 -7.452987 -12.766255 119.833286 -5.273177 -6.966483 -4.601225
11 -18.697941 -28.938593 -24.371457 -20.301610 -7.352826 -9.522932 4.487479 -8.420215 -17.692436 -8.956880 187.222002 -21.099160 -11.778200 -14.577233
11 -6.997526 -7.562533 -3.126888 -1.815201 -10.696372 -9.723750 -4.961734 2.583540 -4.771965 -7.348604 58.831598 -7.855489 -1.104518 4.549443
11 -3.150856 -6.023103 3.151866 -3.588246 2.910242 -6.723696 -4.605476 -3.450075 2.154293 -6.879612 28.622047 -0.037085 2.264884 -4.645184
11 -8.084279 -12.062623 2.558795 -12.441002 -15.208007 -3.921018 -7.487975 1.099380 4.640466 -11.834419 85.954341 -7.626130 -9.769367 -5.818161
5 3.221855 0.372159 1.494932 14.845317 16.203873 -6.956329 -13.885674 -5.297781 6.683386 7.856832 -9.157392 -1.417483 -3.528205 -10.435489
7 -2.679763 1.864586 -1.537675 7.549628 -5.347333 -2.636193 9.221509 -6.541159 -4.139532 -4.795770 5.283207 2.774329 -5.140570 6.124737
7 -2.724690 -1.929866 -9.149898 -3.891622 -9.434259 -16.721253 122.946228 -8.668374 -6.531101 0.707921 -15.467878 -12.763595 -15.502196 -20.869421
12 -3.426168 2.026114 -9.512895 12.331390 0.226381 -5.718956 -1.744598 -1.501883 4.120380 -5.965392 3.607785 12.336375 -5.465850 -1.312682
4 -0.701074 -4.118611 -5.673458 19.219934 -0.481166 -8.518649 4.756970 3.635160 -2.605024 -1.919123 -1.309410 2.407508 -0.261788 -4.431267
7 -26.463277 -6.762386 -14.315108 96.624041 -2.340690 -31.583476 118.217965 -12.604316 -20.315073 -18.233196 -20.741590 -19.827474 -17.691666 -23.963752
14 6.824866 -2.484779 -5.092073 0.656951 -7.452648 -2.525393 -7.815620 0.526554 7.660095 -8.850611 -6.404388 8.618792 4.129745 12.208510
4 -1.893673 0.801008 2.822448 12.708104 -5.772911 -3.009218 -1.180162 -0.942138 3.212546 -3.813134 -2.476184 -0.148498 -1.415674 1.107486
5 -1.907754 -4.687361 -5.806320 1.182775 41.456042 -3.397586 -3.220981 -6.557873 3.515163 -3.418528 -6.913418 0.979797 -3.446815 -7.777140
6 -4.841099 3.527870 0.238805 3.602180 -8.979897 6.212835 -4.136380 5.398820 -0.984985 -2.256044 -1.208392 -0.189746 2.085946 1.530087
4 -4.729647 0.801352 -2.271050 17.640904 -1.966198 2.100568 -2.429256 -2.970106 -3.374362 0.594694 -1.535808 -1.729010 2.166334 -2.298416
8 2.424726 -9.622864 -5.019678 -0.746090 -2.055726 -1.809690 -6.142589 8.866447 7.116508 2.775911 -5.126508 0.702820 3.987700 4.649031
4 -2.061002 -2.419927 -1.207126 18.232457 -3.188824 1.179755 -4.133944 -3.768955 -2.033511 -1.390902 3.603553 -1.985664 -2.122744 1.296833
4 -0.653632 -1.619187 -4.986688 13.525554 0.301968 -0.877751 -2.607560 -0.853197 -3.126780 0.579888 0.247800 2.310872 0.190350 -2.431637
5 -2.966606 3.389896 1.040017 0.657625 5.187314 -0.117030 -2.707918 0.641480 -3.093129 -1.536916 0.613594 -0.361750 -3.694156 2.947578
13 -3.557604 -3.764035 -7.436645 6.155792 7.328814 -1.738903 5.137728 -3.923583 4.566301 -2.755624 -4.078043 -5.861050 11.512918 -1.586064
7 -9.404443 -15.135456 -4.906676 -10.582565 -11.998959 -16.401179 114.029975 -14.479380 11.445177 -4.857418 -11.852244 -2.231234 -10.918686 -12.706915
4 -2.892742 -2.358685 -2.490148 12.524124 8.696986 -1.368812 -4.425469 -3.044036 1.408597 -2.677006 -8.942238 0.263926 7.173283 -1.867779
7 1.601158 2.483252 -0.760780 1.659496 -0.954797 -1.831487 4.382798 2.573763 -1.148025 0.213600 -1.746281 -1.582766 -0.830033 -4.059897
1 10.410692 1.695997 0.698306 2.634797 -0.675748 -2.312151 0.295746 -4.590709 1.208760 -4.388347 -3.918962 5.256361 -9.939880 3.625139
10 2.813816 -2.834155 -3.651323 4.076061 -5.533065 -1.115011 0.495535 -0.711940 -1.937066 7.175758 -1.172881 -2.100336 4.946100 -0.451495
9 -0.172377 -1.396720 0.761151 2.375638 -0.418857 0.262543 0.974835 0.260889 3.031241 -1.074264 0.150211 -3.401954 -0.437185 -0.915151
12 -0.219656 -1.621078 5.744907 -2.355201 -1.805021 1.405675 -4.099378 -0.896776 5.679584 -1.670765 -3.961512 7.248601 -0.457105 -2.992276
3 -8.998735 -5.203724 40.444781 -5.115589 -10.255222 -7.084792 2.315852 3.636401 -2.628270 -8.174416 2.069460 5.428330 -0.592895 -5.841180
3 -8.887451 -0.620047 17.087513 5.894977 -2.823504 -6.553071 -0.900212 -5.491275 -5.013413 4.731146 1.455238 5.901186 -6.519705 1.738618
12 -2.154527 4.081957 -7.639588 -3.832141 -0.418721 -0.533539 2.456792 3.216764 -1.324068 0.456751 3.426204 5.123262 -3.059561 0.200414
3 -6.308507 0.283639 29.689048 -3.567033 -2.929567 0.189283 1.665158 -5.047967 -3.317365 -3.176469 1.592463 -4.701875 -4.331437 -0.039371
3 -3.898247 -4.387488 32.458079 -2.353347 -3.027611 -2.150710 0.223576 -1.043385 -2.275702 -2.380202 -1.767121 -2.468720 -2.116335 -4.812785
9 -0.325069 0.000000 0.000000 -0.250485 0.000000 0.000000 0.000000 -0.082545 0.998801 0.000000 0.000000 -0.339361 0.000000 -0.001341
8 3.435906 -4.692867 5.407728 -4.510441 -5.771663 -6.286808 -3.188207 16.950523 0.525075 10.846456 1.596077 -0.517622 -14.855378 1.061222
3 -0.567512 -6.827559 31.538284 -4.322660 -2.708488 1.889664 -5.504149 -1.874079 -10.006100 -10.515300 -3.575626 16.350825 -3.459495 -0.417806
3 -8.110100 -15.600977 125.400670 -11.342350 -8.315016 -17.704450 -19.093190 -13.544643 -1.850032 5.742402 -1.886503 -8.702856 -17.694813 -7.298141
3 -1.233048 5.617914 17.883926 -2.487706 -1.233912 -1.608687 1.319561 -0.108924 -0.642134 -0.312088 -3.415506 0.895010 -11.541735 -3.132671
3 -12.480627 -16.190535 125.979213 6.341649 -11.412948 -6.688739 -11.927967 -12.695076 -23.457908 -12.196339 -0.875138 -4.419483 -18.372493 -1.603609
14 -2.602041 0.812179 -3.682610 -1.643081 0.844363 4.622030 0.836528 1.393990 -3.210693 0.898747 -1.634658 -0.955458 -6.352745 10.673449
3 -0.390414 -4.930354 33.794306 -3.800769 -4.161815 -4.751408 -1.029374 -2.973058 0.261125 -4.272969 -3.241527 3.629107 -3.525766 -4.607083
3 -7.468195 1.621161 35.796184 -4.752704 -6.577752 -2.425411 -5.593662 0.716647 4.192763 -4.114490 1.758937 -2.769053 -4.449163 -5.935263
6 -1.280817 -9.145184 -2.054181 3.853281 -7.205452 38.731521 -4.514474 -8.091325 -5.184019 -5.563445 -1.058616 7.020123 -2.973951 -2.533460
6 -13.985780 -15.423928 -21.317777 -12.254488 -21.770279 147.565589 -13.731939 -7.418904 -11.376243 -11.891965 -9.508393 -5.869523 4.824683 -7.841055
6 4.166987 -6.354280 -5.205819 -0.982094 4.341965 5.009630 2.137805 2.678459 -4.739602 1.768993 1.786450 -0.137199 -3.421518 -1.049777
6 -16.466419 -21.834479 -5.722009 -12.888813 -9.624016 155.183659 -15.020791 -17.974893 -0.959682 -3.537521 -14.859529 -20.127187 -2.874137 -13.294185
6 -17.257006 -7.079323 -10.334095 -5.493995 -12.379767 113.198982 -4.129437 -8.121110 -10.341142 -12.874392 -5.391811 -6.667107 -3.730540 -9.399258
6 -15.301326 -13.680509 -10.537855 -10.475208 -19.192755 180.284924 -18.985073 -7.980719 -7.500077 -17.520097 -12.736174 -21.665037 -8.202191 -16.507901
6 -23.516747 -17.289892 -22.030924 -18.386160 -22.825872 237.256607 -23.254178 -12.896973 -2.402703 -34.038927 -12.208803 -29.795365 13.447224 -32.057287
6 -12.455252 -13.851843 -7.282097 -10.425113 -2.488188 129.241272 -13.790882 -7.499724 -7.712004 -7.743598 -6.240808 -14.644780 -10.566389 -14.540593
6 -16.466419 -21.834479 -5.722009 -12.888813 -9.624016 155.183659 -15.020791 -17.974893 -0.959682 -3.537521 -14.859529 -20.127187 -2.874137 -13.294185
6 -10.283316 1.212288 -8.659992 -2.192730 -6.221854 52.197449 0.216560 -3.625764 -4.545008 -2.832179 -2.928265 -4.546108 -3.672876 -4.118205
6 -9.432834 -8.716478 -0.877477 -6.552870 -10.989606 51.323757 -2.689557 2.575219 -1.008574 -10.416231 0.132811 -4.457260 5.733560 -4.624459
6 -5.342414 -9.939558 -7.614455 -5.409695 -2.339239 51.211677 6.230624 1.779769 -6.548001 -3.671320 -6.548986 -3.897835 -0.112970 -7.797596
6 13.670045 -15.761025 -15.913695 -8.607737 -8.193524 90.212368 -13.734257 -11.132220 -2.788495 -11.869681 -7.506396 3.238913 -7.677162 -3.937132
6 -5.193172 -13.428542 -7.971418 -6.760215 -7.372423 131.611045 -23.206306 -12.674717 -3.150876 -10.186042 -6.069290 -14.623747 -1.945218 -19.029078
6 1.232019 3.643171 -3.606197 2.461878 -2.178484 6.383852 -6.233432 1.661784 -5.036338 -2.255916 1.685934 -0.871194 0.980720 2.132204
6 -10.752628 -24.513836 -18.801480 -22.267154 10.457411 141.261677 -0.997956 -4.758167 -14.636285 -10.802724 -9.595112 -20.114315 -5.158619 -9.320811
6 -0.675838 8.302840 -6.946937 -7.630619 -4.596353 27.047022 -9.292120 -0.215608 -0.108585 -1.779782 -1.770489 2.244535 1.225499 -5.803563
6 -9.249003 -1.670616 -8.516313 -6.444990 -10.857863 54.488904 -5.621584 -0.595961 -6.250210 1.397149 -4.751093 -1.119925 -4.976821 4.168326
6 -16.466419 -21.834479 -5.722009 -12.888813 -9.624016 155.183659 -15.020791 -17.974893 -0.959682 -3.537521 -14.859529 -20.127187 -2.874137 -13.294185
11 -3.037215 0.651179 -1.958946 0.191687 -2.193724 1.656487 0.627718 1.523985 -1.723240 -1.202740 2.651923 1.236886 -0.645710 2.221711
6 -8.825608 -4.346482 -10.293069 -5.531024 2.657313 39.200110 -10.471147 8.970124 -4.591612 -4.976740 -2.386193 -2.966657 0.968312 2.592673
6 -16.466419 -21.834479 -5.722009 -12.888813 -9.624016 155.183659 -15.020791 -17.974893 -0.959682 -3.537521 -14.859529 -20.127187 -2.874137 -13.294185
6 -4.609183 -4.064458 -5.155001 -5.095591 -0.684041 60.936413 -5.939795 -2.282309 -4.355795 -6.859308 -4.183176 -9.909702 -2.937511 -4.860544
6 -23.234127 -21.758447 -11.298558 -17.056696 -37.520975 238.213650 -21.511438 -14.854207 0.192344 -31.183383 -15.338239 -21.880255 3.371401 -26.141071
6 -5.882823 -5.229313 23.570379 -5.663357 -8.183509 43.323473 -4.645675 -6.945602 -3.105794 -0.588328 -3.387991 -6.732777 -9.057514 -7.471170
13 -1.220131 -4.919900 -8.081996 -3.572644 -3.736590 -7.862396 -6.690242 -5.698433 -4.101539 -3.046306 -6.276005 -3.994987 60.832698 -1.631529
9 2.165130 -4.376888 -4.548915 -4.782086 3.488440 -7.761421 6.930929 8.031306 8.579753 -2.653037 -5.038583 -3.807835 7.351799 -3.578593
8 1.074301 -6.926360 -2.894255 -5.887984 5.496585 -2.610284 3.384059 5.959316 0.614397 3.354082 1.186919 4.685879 -4.272630 -3.164025
5 -3.758110 0.195592 -9.376262 -1.162420 8.268466 0.734653 1.955195 -0.413417 4.542515 -2.082858 1.234897 -6.040906 4.565217 1.337439
13 0.353590 -3.476368 -5.041942 1.243665 5.147020 -4.082763 -2.170341 -2.374028 7.746797 -2.810207 -10.477644 2.233272 17.347249 -3.638300
13 -9.251333 -17.551983 -4.557321 -5.478146 -12.747072 -9.093843 -7.727423 -14.124560 -10.528068 -14.984676 -10.214551 -14.338310 137.702808 -7.105525
13 -3.232009 -6.218827 -2.658988 4.494180 -1.544624 -1.043144 -0.815255 0.466590 8.529267 0.257578 -8.782649 2.622573 11.507920 -3.582613
13 -2.453294 -2.244577 -4.941167 1.260671 9.928585 -2.673053 -0.019157 -2.774620 5.038259 -1.601874 -1.767473 -9.817003 13.213385 -1.148683
13 -1.042599 -1.314490 -2.394803 0.004129 3.845276 -4.725173 -5.326572 -1.737559 0.535476 0.750325 -2.279433 -1.516052 15.444306 -0.242831
13 -2.387067 -1.877871 -3.970294 2.263583 2.066485 -4.633940 -5.513147 -1.007783 -4.006334 -2.358269 -7.579003 -1.871992 36.032155 -5.156523
13 2.812857 -1.094434 4.542063 4.449766 -10.044271 -1.318553 -2.055820 -5.037959 3.207070 -2.826147 -2.593347 -5.341496 21.716643 -6.416373
13 -6.534180 -5.209397 -5.983659 -2.048701 6.128411 -1.406595 2.716545 -4.272486 2.346291 -4.141594 -6.098392 3.081136 20.784146 0.638476
13 -0.174766 -15.682051 -7.493118 -3.291141 -13.089390 -13.054450 -17.092777 -0.438018 4.952843 -4.997068 -15.001890 -2.601980 104.762979 -16.799171
13 2.242095 -0.835162 1.298361 -1.582590 -3.570718 1.431005 -1.387498 3.146777 0.759975 -2.213346 -3.677892 -3.374059 5.421311 2.341741
13 4.744870 -4.898466 -1.811621 -6.029644 -4.795955 0.624604 7.344530 7.025959 -2.134655 -4.065275 -3.667726 2.016316 9.382831 -3.735768
13 -9.238930 -3.197260 -0.153102 33.570851 -7.162648 -9.043145 2.102165 -7.361485 -8.730389 -8.840452 -10.555522 -5.164644 45.167110 -11.392551
13 1.901409 0.857375 1.005310 -2.155766 -0.343248 -1.227643 -3.506116 0.438317 1.063870 -4.538109 1.693551 -7.053952 15.083419 -3.218417
8 -4.091026 1.705207 -5.928594 -0.812851 -6.951950 3.385383 1.414316 14.801627 -5.008972 3.287474 -1.254198 -4.065658 3.354447 0.164796
8 -1.191770 0.746705 -3.689818 1.805338 -2.939652 0.590869 3.704369 9.231802 0.581515 -0.055090 -4.985600 -4.701010 3.925867 -3.023525
13 -6.751452 -6.059850 -6.189505 -6.004790 -0.701903 -0.758248 -3.344022 -6.302104 11.421165 -6.050315 1.709959 1.586580 32.553119 -5.108635
13 1.968675 -8.896168 1.854391 -4.884477 -4.398138 -6.563764 9.476877 3.237599 -4.192606 -5.261386 -10.841609 0.195203 26.030520 2.274885
13 -0.015703 -0.334115 -0.904176 -0.739566 -1.421662 1.408289 0.150182 0.713075 -0.230135 0.191336 -2.105656 -0.123371 1.916687 1.494816
13 -0.518318 1.118739 -0.794681 1.521008 -4.331163 -3.037976 1.073462 2.803584 -2.355462 -3.176326 -2.666737 -2.542587 14.438582 -1.532123
13 2.879936 1.721528 5.610238 -5.271348 -4.380052 -6.476834 0.251446 3.011145 -0.408505 -1.749449 -0.603216 -2.801399 10.480383 -2.263873
13 -2.911552 -0.153714 -0.633073 4.040066 -3.904296 -4.008557 -3.226166 -5.651226 -0.076623 -10.781053 -7.807368 -0.051760 40.577704 -5.412384
13 -2.151905 -5.519904 -6.168537 -3.665829 1.462202 -3.707909 0.705831 -1.304029 -3.755122 -4.338174 -3.294669 2.732852 32.716342 -3.711147
7 3.873824 -10.725223 -17.075292 -15.539602 -15.070866 -15.992952 155.697329 -15.844697 -10.565706 -18.974358 -18.232280 -6.026058 -21.760589 6.236466
7 -12.082995 -11.010995 -11.216720 -15.532197 -12.605107 -16.753337 160.298337 -10.428954 -13.494530 -9.067017 -11.218124 -10.045630 -11.665003 -15.177732
7 -15.387415 -15.445318 -26.762153 -16.526577 -14.357035 -14.655449 156.985264 -4.163781 6.580409 -10.106825 -20.639557 -12.318479 -2.366831 -10.836257
5 -0.861358 0.956043 2.841149 -3.911774 8.782419 0.845596 1.975023 2.371885 -4.094400 0.074921 -10.314545 -0.373532 0.977964 0.730609
7 -2.310663 -5.397838 -21.436152 -16.430515 -3.020707 -29.510519 110.530577 6.198215 -6.204508 -14.208085 -3.853392 -11.227099 0.819328 -3.948644
7 -1.781499 0.650614 -1.283757 -0.741034 0.804170 5.044902 8.332450 0.075607 -3.656047 1.306331 -4.740862 -3.397115 -0.647047 0.033289
7 -25.356999 -24.879786 -24.542082 -21.305310 -26.209745 -37.706012 312.988048 -11.224996 -13.957062 -19.466859 -32.892405 -33.608748 -18.308653 -23.529397
5 5.003510 -1.850313 -0.510441 3.366692 10.542349 6.684125 1.901478 -1.151915 -7.230551 -2.038681 -7.244600 -6.570778 -4.136897 3.236021
7 -13.929277 -31.685894 -18.642258 -25.581264 -17.975298 -30.804735 262.645367 -15.789748 1.423338 -12.970510 -36.344454 -26.222063 -15.013871 -19.109340
7 1.644591 3.815554 -3.411739 -4.753620 -0.674201 -5.978263 17.164764 -6.535440 -1.372023 -2.766971 -3.350668 0.802725 1.722085 3.693206
7 -21.078216 -17.595660 -11.867911 -13.880196 -3.306283 -10.847053 140.445920 -12.698227 -11.409809 -13.581525 -12.355939 -5.032415 8.998203 -15.790893
7 -4.156850 -2.903037 -5.429554 -5.430697 1.728565 -8.118896 60.251085 -4.994407 -6.203612 -2.407982 -6.429833 -4.726065 -7.104857 -4.073864
7 -7.366697 -5.597356 -11.884125 -8.281638 -14.956888 -4.115800 103.591958 -0.485683 -2.110818 -7.405466 -15.103165 -5.356836 -5.502077 -15.425411
7 -17.472550 -20.786325 -14.142114 -15.669754 3.150732 -16.367975 202.343367 -22.489758 -11.730559 -12.831174 -18.410960 -26.316778 -10.556330 -18.719827
12 0.803659 -4.825984 -0.641761 -3.302222 6.307529 -2.908578 -8.362902 -4.455381 1.945138 -4.908955 -4.608461 18.159326 1.409078 5.389515
7 -5.678102 -4.602505 -4.360825 -4.738538 -1.694164 -4.271471 64.667302 -6.154423 -4.140029 -2.627857 -7.219185 -7.254697 -7.310017 -4.615489
7 -9.933585 -9.562865 -3.185530 -2.354285 -15.618446 -6.165751 105.150930 -0.967987 -9.256819 -11.593817 -10.644559 -5.738943 -7.465746 -12.662601
7 -7.137228 -3.683148 -8.984426 -8.847619 -4.404530 -2.786038 65.406597 -4.271622 -8.776092 -0.638173 -4.455702 -2.407090 -6.954629 -2.060304
7 -17.615404 -15.163815 -17.147998 -19.736857 -9.028368 -22.007372 191.453089 -6.909322 -16.061661 -8.006715 -18.207246 -7.441190 -10.412764 -23.714383
11 10.999731 -6.488314 8.786285 -15.735356 -15.209910 -30.546206 17.458926 11.359771 -12.933837 -27.807297 79.542704 -15.530863 0.460777 -4.356408
7 -10.984070 -14.686797 -15.080607 -4.511065 -14.777606 -9.966907 172.264650 -17.652207 -21.387858 -17.812437 -4.889051 -11.633629 -22.087412 -6.795008
7 -6.357685 -9.727677 -12.605437 -4.034008 -12.880843 -15.191083 130.523733 -11.830871 -5.953924 -10.143725 -18.164724 -7.586608 -17.902822 1.855670
7 -3.860234 -9.966889 -7.631030 -16.400403 -7.506131 -7.627570 91.942809 -2.195141 -9.333072 -8.932858 -5.416388 -6.114760 -2.664767 -4.293569
7 -10.334726 -14.302160 -15.631198 -17.394025 -19.804387 -23.260563 214.659265 4.749464 -17.766093 -14.550870 -19.970750 -21.654114 -18.135455 -26.604392
7 -17.239017 -33.298147 -16.797874 -15.226630 -26.207741 -46.053494 345.904921 -22.819165 -26.917089 -10.708341 -34.524208 -36.687178 -36.609472 -22.816570
12 -1.321426 -0.845011 -1.948474 -2.069848 -6.163876 -6.703628 -3.061557 1.769932 -1.235720 1.571215 0.425409 19.678680 4.238093 -4.333789
13 -5.070841 -7.019065 -2.574214 -2.250670 -9.374135 -7.650076 -3.830712 -9.665916 -5.096830 -2.601598 -4.534181 11.091451 58.354817 -9.778030
3 0.626224 -6.788713 24.606033 -8.610502 -12.008758 -2.696686 -1.560007 -8.674217 -2.376087 12.540846 -9.291748 22.268205 -1.580076 -6.454513
12 -3.552581 -9.900506 -4.228817 -1.534828 -4.153027 6.919757 6.689488 -0.524440 -1.138098 -4.681343 1.162930 11.048684 2.715014 1.177767
12 2.381414 1.756092 1.660320 -1.646880 -2.800770 -3.540416 -0.479877 -2.226815 -1.855490 1.541746 -0.719856 5.079711 3.740860 -2.890039
14 -9.107032 4.543593 -1.614320 -1.540540 1.585955 -1.030819 0.570295 -0.971474 1.423769 0.606215 -0.103731 -0.570967 0.192140 6.016914
3 -6.641012 1.546142 38.693118 0.598681 -3.946212 -5.360609 -9.234177 -6.208755 -4.324781 0.680308 -3.839533 -1.248365 -4.105758 3.390952
13 -1.904993 -3.022243 -3.716837 1.889990 -3.991627 -2.576370 3.461899 8.698215 3.178381 0.335611 -5.514555 2.596007 10.588711 -10.022189
12 -3.685580 -0.356680 4.560863 3.941819 1.762789 4.938966 -3.393402 -7.056835 -4.815367 -1.707881 -0.147636 18.703988 -8.469038 -4.276005
12 -4.822829 -1.227291 2.823881 2.477267 3.389682 -2.767035 -0.987340 -4.555563 0.735415 -1.928918 -4.973269 9.974350 6.805496 -4.943844
3 1.726171 0.107103 2.155949 -1.870531 0.872500 -5.561653 -0.055424 2.136817 -0.310579 1.941618 -0.910438 1.687288 -1.610890 -0.307930
7 1.502413 -2.206082 2.171379 -4.684024 3.633126 -1.730017 8.134422 -3.265273 -1.732955 0.585862 -7.278444 4.897238 1.000530 -1.028174
12 -7.836534 -5.097684 -0.047672 -8.805700 -3.572234 -5.988201 2.021003 5.443998 -2.731406 -11.497230 -4.073501 50.881952 -3.586646 -5.110144
12 -0.896939 -0.171960 -2.221239 -0.386652 0.579568 0.681904 -1.151663 -1.614806 -0.457410 0.392515 -1.700881 9.035343 -1.560609 -0.527171
12 -3.571502 7.585250 -5.305809 -0.198073 -5.556411 1.559828 -3.334557 0.724343 -0.316772 -4.528782 -2.330566 21.605769 -3.728034 -2.604684
12 -3.355976 -4.563897 -5.429076 -3.400050 -4.169652 -5.218326 0.313817 -12.843185 -10.944194 2.372191 -8.255260 60.559145 -2.830031 -2.235506
5 -1.657226 -0.299528 -11.868603 -3.540043 33.640661 0.463083 -6.051704 -8.071323 2.212670 -2.755021 -4.407449 14.867751 -5.430708 -7.102558
3 -3.681577 -4.661838 10.659233 -3.146101 -3.537786 1.660596 -4.172716 2.445253 2.968639 -2.724457 7.626180 9.129124 -9.423295 -3.141254
13 1.609975 -11.437764 -3.970740 2.872939 -0.363235 -9.660360 2.319301 1.418712 -2.427394 10.839666 -8.414805 10.712642 12.237359 -5.736295
12 -1.483173 3.359490 2.405684 0.071469 -4.724092 -5.442431 -2.697482 -0.076716 2.117541 4.193254 -6.468794 9.195506 -1.278483 0.828227
14 2.617498 -2.859269 0.300445 -3.140175 2.197412 -4.609254 -5.166729 2.197376 -2.617735 -1.394351 -0.343648 0.208187 -0.802230 13.412472
12 -6.266780 -0.259082 5.177437 0.764773 -0.559920 -4.844361 -0.470870 -2.025386 -4.186196 -2.818085 0.287781 19.645991 -2.152981 -2.292319
12 1.515170 -0.052827 4.296856 -2.007801 -0.590909 1.678667 -5.072972 1.399346 -5.066891 -0.240039 4.169030 4.348011 -3.876705 -0.498937
14 -6.003152 1.826471 -1.160269 -2.716442 -1.013616 1.654894 4.203509 -3.131647 -0.858514 0.437519 -2.724156 -2.285056 -11.116833 22.887292
1 7.099142 6.042071 -0.095186 -3.022564 -10.477211 -2.237139 -0.362657 -1.025402 4.682135 -4.344698 -5.508789 1.242051 2.036279 5.971968
14 -5.976446 -2.157452 -2.758410 -2.023904 -2.765538 -3.312799 -2.528187 -1.082090 -10.152159 9.386258 3.126121 -1.833544 -5.673604 27.751755
14 -9.308020 -11.014645 -9.009333 -9.243760 2.248259 -10.527208 -8.983819 -12.111060 -4.550552 -0.831183 -5.427247 -8.271961 4.063657 82.966875
13 -7.783091 10.525048 -2.018687 7.854395 -8.993036 -5.142376 -6.810841 2.485129 -1.953573 -6.019363 2.597190 1.397735 11.623184 2.238285
14 -7.204286 3.369552 -9.759777 -0.549261 -8.189180 -6.830389 -5.341919 -0.553812 -4.698486 -0.779672 -0.049674 -6.215978 0.616378 46.186507
6 -1.425104 2.467190 -3.098011 -1.149997 1.769508 6.780479 3.816784 -3.285656 -2.992839 1.359405 0.454655 -5.649166 2.106559 -1.153808
12 1.519752 -3.839627 -2.179826 -2.797390 -0.538911 -2.876143 -1.255175 -3.314561 -1.979602 -1.078729 0.883335 7.583336 3.234102 6.639438
14 15.946485 -0.167356 -9.053091 -16.323418 -19.704820 -18.906361 -9.839108 -9.837983 -1.178412 -4.957168 -10.455797 7.851456 11.358547 65.267030
14 -10.498289 -2.648150 -3.803019 -4.818358 -2.775572 -5.767323 0.165206 0.591324 -6.206722 -3.022294 -0.249311 -4.233655 -2.525088 45.791253
7 -2.753452 -2.017837 -0.750372 -2.458129 -0.770296 -0.061251 9.508874 1.030560 2.218875 -2.884085 -2.972528 -0.360251 0.182808 2.087086
13 -3.251516 1.292856 -3.862494 2.463355 1.431731 -2.243900 1.688470 -2.289648 -2.142166 0.156762 -1.078454 3.065751 3.190566 1.578685
14 -1.080969 -5.040014 -1.933347 0.550197 -1.828352 0.723440 -2.621650 -1.099468 0.190850 6.705325 -3.891793 0.976326 -0.848133 9.197587
14 -8.778897 -11.386291 -4.928331 -2.709357 -8.941917 -0.619353 -13.750299 -7.669738 4.474969 -8.261124 -7.223695 -5.564844 -4.247055 79.605935
5 -1.839246 -0.908012 4.579539 2.347094 13.596112 0.296630 -0.322115 -6.836315 3.741608 -3.390148 -6.880429 -0.545925 -3.983310 0.144518
14 -3.308293 -2.127582 1.657472 0.704140 -0.091081 -3.650076 1.866618 -5.237628 -3.427964 -0.826158 3.997899 2.514894 -4.684942 12.612702
14 -3.539339 -10.156677 -7.472258 2.715107 -8.805688 -3.589057 -0.166634 -0.402380 -4.818176 -10.879457 4.025361 -8.512360 -9.758037 61.359596
1 5.705254 -4.447452 -0.140951 -0.564806 4.715717 -2.481300 -1.439304 0.482778 -2.608153 -1.492163 -4.055044 1.846154 0.684015 3.795254
14 -1.261782 -0.674256 1.233952 -2.400428 -5.022300 -4.477823 -6.507776 -7.828012 1.698244 -3.908090 -10.117807 -4.519452 1.037683 42.747848
14 -3.508676 -1.116942 -3.741621 -1.814855 0.477947 0.596723 -5.014184 -7.523259 -6.796040 2.504010 1.494920 0.955462 2.947691 20.538825
14 -0.094025 -7.807129 -8.618186 -6.395360 1.861832 -11.952381 -18.479931 0.455206 -4.831512 -1.115776 -3.913090 2.098215 -2.524556 61.316697
8 0.138873 -4.732989 -4.684488 0.230132 2.944706 0.563638 -1.266159 4.789679 -0.611281 -1.212994 0.316268 -2.483655 1.530998 4.477272
5 -4.205906 6.414963 -3.136035 -0.310129 13.170431 -5.974447 -5.539952 11.523380 12.626113 -4.116615 -3.516317 -2.642490 -10.473997 -3.819000
8 -1.330765 -1.813322 -7.501947 -3.857239 -2.175954 -1.349523 -4.897125 46.550071 -2.373553 -4.522557 -7.524544 -0.353989 -4.117886 -4.731667
5 1.769472 -1.562034 -3.723905 -4.687926 42.581100 -2.336297 -5.084761 -0.649657 -3.623250 -3.943304 -5.258793 -4.328540 -4.743536 -4.408570
8 -3.972729 -4.465266 -5.784149 -3.030077 -4.760087 -2.457837 -1.844543 26.085533 -0.656649 -2.765091 -0.916327 1.469846 6.145219 -3.047841
8 -1.397392 -5.698315 -11.574582 -3.906541 -4.995092 -12.632596 -4.033419 56.791808 -0.974937 -0.624176 -2.720346 10.811461 -14.714315 -4.331560
2 -28.732879 28.839246 -4.325416 -9.078140 -7.984924 0.674772 0.272395 -4.811340 17.841813 -14.749181 4.907463 -0.295799 7.337482 10.104508
8 0.105771 -3.363638 2.221188 -5.910724 -3.174921 7.460363 5.845052 16.377870 -6.004899 -4.018509 -8.221149 -5.791799 8.411326 -3.935931
8 -6.063023 -8.133539 -5.594720 -6.561885 -3.863772 4.442089 2.127379 28.449717 -2.079098 -2.033938 -3.097192 2.981473 4.583027 -5.156515
8 -0.349187 1.856444 -2.831931 -3.589888 1.100159 -1.289846 -6.895791 26.349464 1.932871 -0.238441 -4.646775 3.998161 -12.822097 -2.573143
6 5.520794 8.682521 -8.102490 -5.395624 1.962299 10.910697 -3.331183 7.941969 -0.158247 -3.974357 -3.245261 -4.462852 -3.907097 -2.441169
8 -11.069378 1.162684 -3.572355 4.955319 -6.240400 -5.155705 -4.943999 17.101756 -5.319400 -3.440464 6.068330 9.690486 -5.524552 6.287679
8 -13.759458 -2.139719 -15.677775 -5.205167 4.079679 10.312491 -5.920025 85.818328 -16.093712 -11.358833 -10.105811 -5.258476 -7.552995 -7.138524
9 -7.362062 4.204091 -1.710280 1.090026 -4.277667 1.594605 -5.572819 4.689334 9.978311 -4.414969 -1.838872 7.074988 -0.132938 -3.321745
8 -4.365793 -0.562219 -3.785549 -9.175036 -4.453137 -1.648054 10.952350 33.949532 -5.223239 -7.822565 -0.270633 -2.672986 1.488548 -6.411221
2 -1.881753 34.011459 -6.690993 -7.924640 -10.458209 -2.669436 -8.873939 33.687086 -0.256067 -6.300036 -7.435861 -7.750567 -2.059648 -5.397395
5 -2.754587 -0.566504 -2.917955 -0.842460 9.458583 0.585835 0.720565 0.352449 -2.262546 0.061890 -1.299412 0.130326 -0.212389 -0.453795
8 -6.452305 -0.969472 -16.414245 -16.304857 -16.336632 3.090410 18.031650 50.997193 -19.345167 -5.050990 0.278761 -3.645938 15.778977 -3.657385
8 -6.947183 0.076542 -7.655759 -2.072789 -2.193299 -4.330471 1.541223 35.760840 -0.378925 -2.900466 -0.080092 -3.385691 -2.778245 -4.655685
6 -5.132092 -0.365294 -11.074079 0.066249 6.625220 8.639794 -1.537015 7.758044 -6.829795 -0.913622 2.861112 -0.052953 -3.476579 3.431010
8 -10.532771 -3.905872 0.785708 -11.760721 -3.689944 2.794973 -1.019575 82.491706 -10.601964 -13.406335 -8.839389 3.863151 -15.243562 -10.935402
8 1.561606 7.627618 -8.584053 -2.698944 -7.311398 3.779997 0.423945 13.663139 -7.655928 2.919419 -0.499214 -0.575622 -2.914380 0.263813
8 -4.512965 2.304722 2.062620 0.395739 -10.907584 5.097621 0.598456 15.774225 -1.624156 -3.989373 -2.914166 -2.457580 2.792057 -2.619616
8 -6.391217 15.853338 -4.744924 3.628881 3.317461 -5.397199 -11.995918 20.330482 -8.343441 2.430858 6.727385 -4.505355 -12.311384 1.401033
10 -0.826939 -8.166525 0.046168 3.513880 2.643500 -2.302755 -2.668289 -11.181235 7.846438 19.135212 -7.331581 2.575832 2.015836 -5.299540
12 -1.904098 0.039367 -3.300292 -1.587102 -1.662520 -0.141590 2.559545 -0.866539 6.085454 -3.373012 -2.525785 8.291816 -1.375026 -0.240217
9 -3.455909 -3.327009 2.190470 1.228943 3.274589 -5.597256 5.230346 -2.352752 14.701186 -6.126123 -9.197130 4.594381 6.818103 -7.981840
10 0.811058 -2.999652 -1.606766 2.922593 -0.577081 -3.372558 -3.982861 -2.945827 4.173880 8.125487 -6.180745 3.712417 4.794336 -2.874280
9 -3.362290 -3.379625 2.287693 6.061008 -0.519239 -0.944626 -0.357155 -4.190212 14.562147 -3.830676 1.167715 -2.098011 -6.425778 1.029051
13 -4.633741 -11.072557 -13.059407 -9.142538 -9.575740 -17.639441 -8.798019 -7.322301 8.581704 -6.147324 -13.787712 -7.848576 120.274470 -19.828822
3 -5.011795 -0.462587 14.654007 -4.274968 -7.772074 -5.846417 -3.360370 -2.700566 14.110987 -5.768461 -7.247416 6.924800 7.531132 -0.776272
6 -2.583093 -1.564080 -1.759756 3.943992 -4.876474 6.935675 -2.763800 -1.564692 6.143007 -5.084850 -1.739367 5.118872 1.377473 -1.582907
13 -6.653014 -5.312602 -9.890539 -0.278049 6.990658 -1.898743 0.575018 -6.550955 7.642266 3.231496 0.045438 -0.419473 9.678176 2.840323
13 -3.626182 -7.230133 -0.726098 1.802846 -3.710459 0.582999 -1.922342 -1.762705 12.134022 -4.034847 -2.025329 -4.207623 18.364808 -3.638959
9 -3.066158 -1.447269 4.465383 4.144313 -1.472186 -4.472258 -4.281852 -3.045186 13.176577 -6.148269 -3.548443 1.025969 8.548131 -3.878753
10 -5.872371 -2.728747 -0.559325 0.646596 -5.568758 0.225173 -0.673097 2.054287 8.527350 9.464257 -2.677771 -1.391026 -3.798533 2.351965
12 4.966137 -12.997409 6.377543 -9.595151 4.024222 -7.179621 -1.431826 -1.941227 5.939604 5.916361 0.229212 20.447708 -11.575203 -3.180350
12 2.963062 -3.325433 1.687969 -0.864910 3.032099 -5.957598 -0.681297 -2.480435 2.206014 1.489314 -0.303239 5.163512 2.374195 -5.303254
14 1.945096 -0.853552 2.884716 0.679916 -2.454799 0.842933 -1.323582 -2.417810 3.411795 1.715451 -2.458022 -3.112305 -2.950129 4.090293
7 -1.656800 -0.214227 -2.852097 -4.128278 -2.712197 -1.816714 8.122438 4.582614 0.028008 6.292075 -2.907989 1.636409 -0.648885 -3.724357
7 0.933669 -0.882770 -2.273636 2.181229 -2.796664 -5.372160 4.510034 1.780467 -2.297379 -0.542130 3.598497 -3.763791 0.521881 4.402753
9 1.621007 -5.498891 -2.564406 5.171707 -4.135392 -5.959872 -1.970616 -3.735200 13.229287 9.907917 -8.245328 1.451627 3.986027 -3.257867
1 6.365184 -0.663686 1.571111 -1.895379 2.694452 1.561140 -2.858071 -1.710117 3.273911 -3.879421 -2.877500 -2.860069 -1.556891 2.835337
