11 -9.815554 -16.391873 -13.043693 26.093372 -17.037227 -17.039139 37.672492 -14.643393 -10.211903 -15.284119 86.417801 -12.042015 -10.650375 -14.024369
8 -3.349727 0.102583 -3.116183 -2.575127 2.485549 4.158827 0.436501 6.752332 2.876373 -2.419658 -3.219309 -4.242150 2.442927 -0.332938
9 -4.117388 -1.115019 -3.262253 -0.893665 -1.527914 3.509552 -0.286307 -2.601017 17.608557 -1.394446 1.271062 -1.239306 -3.514317 -2.437539
1 64.450497 -3.726739 -5.429008 -4.124525 -2.613043 -6.016719 -5.608202 -5.683237 -2.097581 -6.924964 -5.926161 -2.873996 -9.504043 -3.922280
5 1.108475 1.938070 -0.279095 2.934020 5.344615 4.279391 -4.649845 -2.965914 -0.446871 -3.626683 -4.268454 2.551108 -5.066248 3.147430
1 11.558776 -0.895387 -0.546575 -0.985487 0.682241 -1.096905 -1.228794 -2.109733 -1.064642 -0.806443 -0.466012 0.256542 -2.062252 -1.235330
6 -1.555488 -1.359642 0.526886 0.038409 1.883618 5.906056 -1.934868 -0.276186 -1.580773 -0.142653 -0.420729 -0.900811 1.050404 -1.234221
4 -0.526091 0.233036 0.156841 3.334485 1.338659 2.745804 -2.110794 -1.729631 -1.017678 -1.126022 -0.617603 1.821365 -1.422300 -1.080071
5 -10.134515 -1.875517 5.528439 -3.780275 39.297814 5.256343 -5.996380 -9.002425 -7.055514 -2.900151 -2.433569 4.707414 -6.204548 -5.407113
5 -2.363170 -4.294652 0.479333 -0.606606 27.579878 -0.623274 -3.718882 -4.000014 -1.792635 -1.598759 0.488931 -3.106990 -5.923573 -0.519587
14 0.459150 -2.154622 -1.581391 -0.687480 0.925327 -1.181361 0.260880 1.415363 -2.063373 0.598395 0.118087 1.804372 0.218132 1.868519
3 -1.377292 -1.945088 18.559440 -1.887003 4.137586 -3.004105 -4.026380 -2.329868 -0.657924 -1.835518 -3.394508 -2.035313 2.429389 -2.633418
3 -2.179197 -7.425327 37.562384 -8.474852 2.068373 1.948649 0.629989 -5.816011 -4.984312 3.540043 -7.424745 -7.438925 0.117581 -2.123649
7 -2.783673 0.156052 -1.569224 3.712729 -0.682666 0.353827 4.507278 0.890682 -4.493418 1.172236 2.564891 -0.298055 -3.872940 0.342280
1 145.946105 -11.165548 -13.296453 -14.833620 -13.494863 -7.307434 -13.971989 -12.588601 -9.042441 -11.834516 -13.724516 -3.129524 -14.888531 -6.668069
11 -2.054416 -1.141513 3.832285 -0.528525 -5.149425 -1.381887 -4.051738 -2.585959 -4.716791 -2.756355 28.463985 -1.107634 -2.565275 -4.256751
4 -0.188447 -0.246531 -2.488346 4.486137 -2.453616 -0.161075 4.397358 -2.454638 -0.984990 -1.025856 0.012100 1.608640 -0.273433 -0.227302
12 2.671828 -1.867892 -1.774941 0.382450 -0.618982 -2.350510 -5.389811 -5.047155 3.149596 1.298261 -1.779085 9.219399 -1.066102 3.172944
14 -2.925122 -0.710486 0.825427 -2.858356 -2.664190 -3.411570 -4.194456 -3.641614 -2.520156 -0.792347 -4.639247 -2.434436 -2.891117 32.857670
11 -13.825571 -12.453198 -11.284214 -10.554611 -1.814743 -9.214564 -6.425561 -6.074789 -6.247455 -10.045242 111.462472 -7.840459 -6.249334 -9.432729
3 -5.494700 -8.304909 70.017099 -4.233159 -6.202924 -1.452007 -5.119350 1.044801 -3.074877 -9.725953 -2.659604 -6.514819 -10.467087 -7.812510
3 1.041267 3.149644 5.580758 1.638615 -1.125214 -5.963880 -6.911021 -2.923135 -1.750354 2.317686 -0.282827 4.883660 1.992932 -1.648132
11 -1.989383 1.409817 -1.067471 -2.073275 0.447538 0.434496 0.651973 -1.885032 1.318677 -0.402529 3.084696 -0.230314 -0.454844 0.755652
9 -2.877056 1.504908 -1.886029 -1.600265 -1.263459 1.358706 -2.430526 -2.590912 5.325937 0.605389 -0.392520 4.396722 -0.862882 0.711987
2 -3.222290 26.423549 -1.860661 -2.485328 -0.572068 -4.798171 -2.157964 -2.081991 -0.870297 -1.279734 -4.130563 -3.620559 0.368229 0.287849
11 -7.721085 -3.835758 -5.989812 -0.832579 0.215864 -4.114094 -2.873723 17.333657 -5.690592 -4.103439 23.601381 -2.274731 -6.551227 2.836140
14 -4.312270 1.069159 -2.976049 -0.528956 -5.500821 -1.670419 -3.285603 -2.353564 -4.171338 -2.900547 -4.325421 -4.687906 -2.996935 38.640671
2 2.097448 17.421520 -6.059638 0.309147 -1.917810 1.214165 -5.703983 -0.416896 -2.701200 -1.943016 -0.311602 -2.203699 1.891667 -1.676103
1 51.561087 -6.308395 -5.508728 -4.796100 -0.545047 -2.942472 -5.083575 -1.417795 -1.121797 -5.303148 -2.361430 -5.794154 -6.214386 -4.164062
10 0.460375 -1.226891 -1.642475 -0.053727 0.112429 -0.581817 -0.105186 -1.017819 -1.149558 3.000848 0.191909 0.495548 2.353404 -0.837039
5 -6.908242 2.739450 -1.520881 -0.600416 21.812564 -3.288629 -1.896100 -0.438188 -2.348449 -2.185317 -0.456682 -1.837180 -1.979535 -1.092393
13 1.200031 -0.991924 -0.019411 -1.060976 -0.181894 0.500233 -1.252959 -0.368238 1.499315 -0.491413 -0.518082 -1.216781 1.738001 1.164100
6 -4.580129 -4.935830 -0.965101 -3.506028 0.579970 13.659069 2.194909 0.053152 -1.884798 0.613131 -3.374818 -0.149026 0.971262 1.324236
14 -7.709723 -3.377272 -6.722039 -6.673572 8.094730 -10.845008 2.953244 -8.617506 -7.690618 -9.543963 -4.577051 6.932487 -0.038476 47.814769
7 -4.836053 -3.681443 -2.947990 -2.929697 -2.070470 -7.608765 49.906945 -1.957723 -4.890093 -1.798875 -2.969575 -2.306025 -8.219641 -3.690597
14 -1.047592 -7.925158 -5.597658 -0.176431 -1.517801 -3.677909 -2.223584 -0.854460 -3.818421 2.066377 -2.005621 3.881789 -6.041755 28.938225
2 -0.999802 8.991758 -1.314911 -2.632947 1.225834 -1.487912 0.555264 -2.054699 -0.203922 1.093073 -2.653716 -3.847876 7.058377 -3.728522
2 -7.252351 22.597502 -5.061686 0.862436 -2.675183 -3.066806 2.613562 -2.959714 -5.075133 -1.764410 9.945302 -1.804601 -3.303919 -3.055000
2 -6.788542 44.792415 -4.844912 0.086222 -3.943342 -1.723360 -1.071594 -4.482340 -4.760500 -2.607943 -3.956763 -3.185365 -3.316943 -4.197033
14 1.467330 -3.875921 -1.372370 -2.177158 -3.470416 -3.404582 -3.392072 -4.363381 -5.923443 -2.719906 -2.914642 -1.664963 -3.431279 37.242804
6 -6.619307 -3.513478 -6.987942 -2.992270 -5.556951 44.488593 2.333124 -2.085551 -4.929709 -0.719222 -1.185398 -4.890849 -4.541831 -2.799208
3 -1.017376 -5.643767 15.246561 -0.357340 -0.522891 -3.409678 -1.567902 -1.494712 -7.176456 5.469753 2.862417 1.065139 -2.833898 -0.619849
13 -3.984863 -4.889076 -5.042968 -6.484368 -2.475076 -11.699766 -10.455906 2.216064 -3.634136 -9.684429 -5.192176 -2.919123 70.698900 -6.453075
3 -5.055193 -4.428863 62.604321 -4.123076 -6.826522 -4.709942 -4.695998 -4.763744 -4.640962 -4.709979 -5.445175 -4.714214 -4.468083 -4.022571
6 -5.400221 -5.817306 -4.111685 0.474129 -6.545370 41.494344 -3.409883 -4.362098 -3.492558 -5.058488 -2.224127 1.087622 1.054090 -3.688448
12 2.275413 1.592857 -3.346098 -0.222184 4.104124 -2.782678 -0.903258 -8.116206 2.874951 -1.917748 -7.063028 10.664748 -3.780017 6.619124
14 -1.725943 -3.254691 0.295055 1.251290 1.342209 0.097292 -2.510918 -0.629228 -0.218706 1.675222 0.361071 1.459046 -1.843188 3.701488
13 -0.326814 -0.473014 1.019034 3.057674 0.723020 -0.455912 -1.526002 -2.162585 -2.796117 0.096911 -3.221908 -0.310661 5.865411 0.510960
2 -2.829781 21.087211 -1.934644 -1.062439 -4.747797 -4.186094 -6.901283 -3.510442 -2.509079 -2.976170 20.836019 -2.302438 -4.470277 -4.492783
13 7.727580 -4.499438 -2.792184 0.311032 -2.026589 -7.731311 1.198317 -0.169026 2.678000 -0.371470 -3.293456 -2.834881 13.002803 -1.199379
14 -1.539025 -1.367582 -0.872859 -1.249515 2.645074 -1.621163 -1.843654 -2.626352 -1.913543 0.127019 -0.371418 1.527353 -1.348893 10.454560
11 1.217136 0.083555 -0.670980 -0.645547 0.313540 0.302294 -0.765301 -1.231481 -0.521329 -0.309792 2.345073 0.492595 -0.568759 -0.041003
14 -12.973216 -10.856865 -9.111719 -4.413508 -7.805601 -5.505719 -19.356071 -13.976055 -11.834506 -9.465972 -14.178679 -9.555034 -9.245297 138.278242
11 -4.258975 -5.281536 -3.830101 -2.052879 -5.030372 -3.631813 -5.610198 -6.353636 -1.430067 -2.050139 51.249794 -2.043683 -3.860974 -5.815421
7 3.849300 1.290532 0.955290 0.806358 -4.648012 -0.824663 10.009208 -3.467290 -1.761507 -3.266989 0.057776 -1.378657 -5.265129 3.643783
6 -17.549682 -7.389559 -8.729559 -9.453051 -6.659295 104.504995 -15.302009 -6.714482 -8.572893 -5.066141 -1.642605 -6.245387 -1.914757 -9.265574
4 -2.181948 -0.848894 -0.513729 28.665023 -3.843728 -2.370443 -4.431556 -1.321456 -3.720029 -1.039356 -1.518720 -3.524555 -2.009579 -1.341031
4 -2.802750 -2.476753 -1.311381 29.399977 -2.658351 -2.874257 -2.302512 -2.347436 -2.412878 -1.883927 -1.066720 -1.993896 -2.580180 -2.688937
14 -5.031757 0.090266 -1.856664 0.673940 2.201954 -1.922610 2.182319 1.473197 -1.968488 1.480818 1.542093 0.757740 -2.518779 2.895972
7 -14.436201 -0.253007 -11.183973 -9.392061 -11.051210 -9.995645 118.524150 -11.541569 -2.656447 -6.744628 -13.257276 -9.153602 -9.222511 -9.636022
7 -3.519071 -3.990300 -7.899820 -5.741487 -5.811723 -7.285350 61.998284 -4.891705 -5.994329 -2.076462 -4.837743 -7.073233 0.262838 -3.139901
7 5.932107 -4.644939 -1.769776 2.562874 -1.476062 -7.093343 25.287013 -1.162533 -4.053437 -4.897687 -0.766382 -1.645829 -7.660019 1.388014
7 -13.379033 -8.470922 -7.362429 -6.117487 -4.405121 -7.610124 85.755362 -3.134758 -7.225111 -6.238159 -3.125101 -6.743501 -6.110043 -5.833573
7 -5.578464 -7.391683 -6.035068 -5.602231 -3.788320 -6.026009 52.761188 -2.885342 -3.803464 -4.479866 -1.907107 -3.479982 -0.463268 -1.320384
6 -45.982719 -7.410813 -16.001280 -18.805268 -16.105739 220.641164 -13.034048 -15.999056 -20.597290 -19.399543 -12.619351 -9.879189 -10.524993 -14.281871
3 -2.771865 -2.079358 43.300718 -3.969574 -3.549486 -8.817299 13.161906 -7.037359 4.724530 -8.594491 -7.989815 -6.700009 -3.096038 -6.581859
2 -1.607930 4.575574 -0.874790 0.909956 0.433897 3.589103 0.903876 -2.622350 -2.212846 -1.635661 1.251721 1.808485 -3.192469 -1.326566
8 -7.550003 -1.061421 -0.519525 -4.012130 1.088214 -2.496776 -4.028468 23.439153 2.507484 -4.416665 1.907951 1.121512 -3.681874 -2.297451
8 -2.750848 0.338130 -2.497092 4.581564 4.112685 -2.581576 -1.949394 5.082582 -0.020521 -1.841138 -1.284829 -0.414481 -0.896458 0.121376
13 -0.296423 -0.018272 -1.418701 0.614751 -2.683789 1.640884 -3.003357 -3.602664 2.231405 0.401215 -3.691930 -1.219550 5.760438 5.285994
4 -4.562854 0.007339 -2.962766 31.968806 -3.145345 -3.349843 -2.005196 -1.450477 -1.909669 -1.011894 -4.365639 -3.343762 0.685003 -4.553703
4 -3.236021 -4.414777 -1.123533 29.911874 -3.667090 -2.101625 -3.155048 -2.976682 -3.101044 -0.874991 -1.376255 -2.289146 0.262273 -1.857933
4 -4.197481 -3.328693 -1.935841 29.453924 -4.061118 -2.241364 -1.648971 -1.913462 0.065503 -0.786325 -1.626586 -2.515350 -3.671471 -1.592764
11 -8.729421 -16.136590 -9.145376 -10.322273 1.437747 -5.165949 -11.257557 -7.548808 -10.390749 -9.735941 112.100686 -6.845445 -8.710052 -9.550269
11 -5.893889 -9.867657 -10.474689 -2.922063 -9.212902 -4.274452 -5.929893 -3.241042 -2.640487 -8.326335 77.253407 -4.024502 -2.851381 -7.594113
3 -0.964289 -2.941088 15.516710 -2.182806 -0.073976 -2.061254 -1.876450 -2.060711 0.920579 0.030451 -1.080377 -0.037920 0.271157 -3.460026
4 -1.921030 -1.896905 -1.238166 30.393059 -2.322165 -2.787252 -4.523908 -2.164532 -3.733537 -2.864931 -0.531738 -1.297859 -3.372685 -1.738348
5 -4.896464 -0.227891 -3.153472 -1.629016 46.349276 -9.168567 -5.622718 -2.365532 -7.408089 -2.769356 0.401547 -1.461875 -6.208316 -1.839526
14 -5.322309 2.749287 -0.833858 -1.078506 0.695169 2.383104 -0.767290 0.524731 0.541562 -2.491932 -1.135893 -2.134436 2.776643 4.093726
13 -1.121441 -0.181917 -1.445962 0.156498 -0.250381 0.111455 -0.263118 -0.813225 0.275785 0.463478 0.234639 0.770306 2.713355 -0.649473
11 -6.813067 -8.303302 -8.038957 -7.454877 -6.955836 -4.703600 -4.199446 -5.374910 -5.706310 -11.278332 90.247021 -4.429349 -6.530853 -10.458181
11 -11.429694 -10.190985 -10.065500 -13.982783 -11.485315 -7.609410 -7.951143 -12.027245 -11.852315 -14.741929 151.028071 -11.474108 -13.528893 -14.688746
11 -5.106349 -5.799737 -7.883169 -2.534812 -2.163087 -2.165459 -6.739234 -5.419811 -8.065715 -11.916086 75.173940 -0.529569 -10.649783 -6.201128
6 2.181217 -0.349070 1.097509 -1.053636 0.706073 2.651751 -2.453716 -1.393639 0.300063 -1.069781 0.140421 -1.627412 0.468786 0.401435
1 37.332161 0.083708 -3.850995 -4.677825 -2.591998 -4.843995 -3.773494 -3.894451 -4.793689 -3.302818 -2.453615 -3.636610 1.005876 -0.602257
13 -2.748211 -6.391071 2.541003 -3.440334 5.849405 -0.228825 -1.624019 -5.565376 -5.056826 -2.130093 0.821939 -3.908821 22.772335 -0.891105
3 -0.202777 -2.733755 17.259511 1.668688 -1.298426 -4.307414 -2.314749 -4.454065 2.787580 1.574615 -5.058837 -3.413235 -1.046460 1.539324
4 -3.775583 -1.479448 -2.210867 30.299355 -1.496955 -5.054262 -0.673031 -2.744159 -3.094467 -2.615222 -2.649534 -3.448868 -2.513780 1.456821
4 0.406254 -0.352133 -1.605350 28.410222 -3.068728 -0.085160 0.150460 -3.092484 -2.223455 -1.954177 -2.499471 -1.342670 -6.785997 -5.957310
2 -5.573549 30.266029 -1.915749 1.220218 -4.646535 -2.272382 -4.633089 -2.010125 -6.960896 0.931615 -0.383045 -1.418558 -4.437536 1.833601
10 -3.514897 0.589198 2.451514 4.615488 -1.468535 -1.461621 -1.455488 -1.486433 -2.335080 5.212135 0.374356 1.519895 -2.720688 -0.319843
1 0.000000 0.000000 0.000000 0.000000 0.000000 0.000000 0.000000 0.000000 0.000000 0.000000 0.000000 0.000000 0.000000 0.000000
2 -3.391069 35.648381 -0.635975 -1.109220 -2.592744 -2.763178 -4.509351 -3.978398 -2.816412 -0.816859 -1.523549 -4.768127 -4.061973 -2.681526
5 0.294487 0.669002 -0.769536 0.963260 7.461199 -2.110807 -1.543511 -0.482397 -5.338861 1.845146 -1.516815 -1.999915 4.145308 -1.616559
1 53.721999 -6.594559 -4.734600 0.266162 -8.041521 -2.557232 2.200218 0.195698 -8.055762 -7.613205 -7.609859 -1.246206 -4.656277 -5.274856
7 -7.221653 -7.533781 -4.728010 -5.708199 -4.404813 -7.781866 81.065490 -7.960882 -7.824592 -4.650122 -4.416595 -4.512632 -7.740839 -6.581506
6 -14.165813 -11.246103 -5.269879 -10.108979 -6.303787 128.611532 -14.780006 -6.974792 -8.691814 -8.088528 -12.494549 -12.776167 -5.851377 -11.859737
1 1.414253 -1.951737 -0.378057 0.886359 -0.109587 0.692765 -0.514878 -0.167104 -0.373789 0.575328 0.007287 0.140546 -0.947285 0.725899
13 -6.666042 -0.949515 -2.857632 -1.511271 1.513638 6.131355 -5.189366 -1.534711 -1.312502 -0.379055 0.747926 -2.351741 15.369104 -1.010189
1 64.902006 -8.739430 -3.546243 -6.190687 0.390809 -4.346261 -10.563551 -8.899526 -5.472473 -5.809649 -3.618885 -0.932092 -5.236738 -1.937280
11 -3.236042 1.086098 0.669829 0.725491 1.179703 -0.848455 -0.504788 -0.432681 -1.066652 1.206529 1.384548 0.600311 -2.114615 1.350722
10 1.947905 -3.284402 -2.315262 -3.312323 -1.697174 -0.133933 0.808653 -3.668227 -0.862367 9.999612 -1.507721 -0.569890 -2.703942 7.299071
2 -1.615655 27.653769 -4.600399 -4.275443 2.158801 -0.834629 -3.307798 -1.397326 -6.688524 -1.974363 3.040955 -2.875465 -5.637151 0.353226
8 -2.508419 -1.687903 -2.812015 -3.353551 1.638014 -5.026266 -3.581081 31.808912 -6.241742 -1.767635 5.040170 -4.838863 -2.032648 -4.636971
7 -6.272134 -3.878154 -1.697987 -3.218956 -1.982425 -6.470646 50.800218 -4.532126 -5.774984 -3.333303 -6.772869 -3.625507 2.945730 -6.186858
2 0.000000 0.599281 -0.139142 -0.059228 0.000000 -0.231535 0.000000 0.599281 0.000000 0.000000 -0.311237 -0.204983 0.000000 -0.252437
11 -4.725731 -20.064081 -10.893069 -9.876664 10.847398 5.629994 0.125747 -5.513710 -11.190145 -4.005954 67.529999 -6.997905 -9.240585 -1.625293
10 -0.226321 -0.694559 -1.903774 -1.352087 1.164580 -2.497244 1.548691 -1.618466 -2.277753 12.003325 -3.014733 0.647823 -2.340436 0.560953
14 -5.549250 7.440069 -6.258168 -8.526292 -1.091108 -7.653813 -1.636870 0.238028 -9.675155 -6.248734 -5.171376 -0.275074 7.879623 36.528119
13 -0.763065 -1.853868 1.491638 -0.624799 -0.132515 0.708810 -1.123320 -2.981345 -1.522230 0.105594 -0.723962 -1.269170 9.016434 -0.328202
1 81.843089 75.076714 -12.449246 -15.660951 -21.589779 -5.261732 -15.508078 -13.666848 -15.559050 -12.461867 6.370549 -15.307185 -17.834243 -17.991371
6 -0.167439 -1.595156 1.297990 -1.334428 -4.832356 11.538526 -0.424511 0.353454 0.123275 0.295151 1.412503 -2.986146 -2.573021 -1.107843
2 -1.322910 17.569744 -0.354302 -2.441508 1.851072 -2.044449 -2.151402 -3.247686 -0.650782 0.400748 -0.577286 -0.509660 -3.343976 -3.177602
4 -1.309745 1.120888 0.632299 1.518996 0.567640 -0.638795 -0.395923 -0.925774 -1.092638 0.495259 0.608911 0.729190 -2.009905 0.699598
6 -7.914580 -2.858578 -4.422154 26.513912 -6.570615 37.924694 -6.994179 -4.318094 -7.489343 -7.068224 -5.066932 -5.876841 -1.204499 -4.654565
1 250.199874 -23.251728 -26.260953 -27.028191 -22.432646 -21.922332 3.027025 -20.814774 -20.394663 -25.283420 -27.094890 -27.743957 20.880813 -31.880155
1 108.242669 -6.784420 -6.982160 -9.600722 -8.103230 -6.916734 -7.230490 -7.073184 -7.142198 -6.346320 -8.429371 -11.269335 -12.203803 -10.160703
1 82.765668 -6.778839 -4.948345 -6.575128 -16.173949 -8.189126 -4.115729 -5.942075 1.733692 -6.618296 -11.058303 -1.818504 4.983478 -17.264545
11 -3.480056 2.903703 -4.523743 -3.715749 1.484525 -0.465182 0.310584 1.911348 -1.661858 4.705027 4.803002 -1.775134 0.131649 -0.628117
4 -4.723315 -2.447832 0.586009 34.911140 -5.865060 -2.456014 -3.431828 -1.515841 -4.594425 -2.012652 -2.036739 -0.779056 -4.872332 -0.762055
13 -3.354952 -1.395004 -0.610481 0.214417 -0.145097 1.813195 2.617505 1.192627 -0.562308 -0.557425 -1.211675 -0.896213 3.796420 -0.901008
2 -9.580061 70.834091 -5.618136 -7.373958 -7.130312 -5.935782 -6.839730 -4.996504 -1.214119 3.352724 -7.472717 -6.727172 -4.288118 -7.010205
1 4.655480 -1.399751 -0.548820 0.664930 0.382873 0.129781 -0.180612 -0.454998 -1.118315 -0.143263 -0.030870 0.757623 -1.501912 -1.212146
7 2.743550 -2.485419 -1.338451 -4.202914 0.477925 4.187919 6.412945 -1.023306 1.297858 -1.227063 -4.457840 0.324597 1.247512 -1.957314
13 4.502027 0.759290 -2.353336 2.562158 -6.235625 -2.553140 -2.991050 -0.936839 5.337310 -1.071872 -3.243718 -0.804231 9.236412 -2.207386
9 -2.185013 -5.205272 -0.036670 -2.897175 0.249473 6.684482 1.424424 0.079619 15.583952 -2.179472 -2.952503 -2.422119 -1.635109 -4.508617
11 -0.985498 -1.666394 0.026846 -0.482945 -1.259315 0.604202 1.659711 -1.787756 1.833554 -1.566546 2.922550 0.937045 1.988203 -2.223658
5 -6.866091 -4.203378 -3.436721 -7.778124 69.323144 -6.081321 -3.616800 -6.030470 -3.082117 -7.886747 -7.060127 -5.129952 -5.654369 -2.496924
4 0.963599 -2.968971 -1.569685 28.853162 -4.184617 -2.648902 -3.146373 -2.274455 -2.474716 -3.466364 -1.769978 -0.791020 -3.407189 -1.114491
4 -4.385618 2.827658 -4.565446 29.519915 16.352565 -5.452736 -6.442106 -1.244162 -4.145212 -4.198319 -4.301732 -2.774151 -6.575189 -4.615465
4 -3.022519 -0.134552 1.137670 29.810526 -2.423872 -3.596913 -4.037968 -3.644253 -3.877195 2.380113 -2.966360 -1.832675 -4.728620 -3.063380
4 -1.335722 1.397600 0.545320 2.288083 0.529995 -1.214346 0.301609 -1.166770 -2.255553 0.641625 1.340631 0.627322 -2.010207 0.310414
4 -2.025281 -2.241978 -2.208456 5.041085 0.349661 1.454825 1.785857 3.438642 0.707587 -4.492408 -3.533998 0.329475 0.758734 0.636256
1 34.938732 -3.483576 -1.412191 -3.312947 -3.327174 -2.341858 -3.164507 -0.542853 -3.976134 -2.682336 -2.976284 -0.811981 -3.442630 -3.464265
7 -10.698141 -3.946730 -11.376255 -5.845519 -1.473188 2.303274 32.768907 6.616796 -11.381943 0.188272 5.264579 -3.104301 -4.959367 5.643616
8 0.616433 -1.068835 -3.195603 -2.851115 0.405943 -2.065162 -1.790493 21.514780 -3.462787 -2.314829 -3.503829 -2.031553 -0.638895 0.385946
1 42.284019 -4.666401 -1.880436 -2.224839 -2.267466 -5.906128 -5.476984 -4.559064 -3.172519 -3.654177 -1.593514 -5.305323 2.651769 -4.228939
1 54.474384 -8.216637 -2.780678 -0.418606 -7.024794 -0.738826 -2.478017 -4.936029 -7.572510 -4.336257 -5.916945 -2.060588 -4.287371 -3.707127
3 2.633685 -6.974230 33.918878 5.524560 -5.581418 -10.328099 -2.633244 -7.513409 -3.047156 -3.895204 -1.561921 0.518068 -1.217836 0.157323
3 -2.045182 -3.919754 51.168751 -7.383941 -2.653700 -2.335058 -2.322033 -3.867886 -2.450007 -3.172472 -8.624128 -7.507459 -0.290819 -4.596310
1 42.788508 -4.050615 -5.373917 -1.323725 -4.423386 -1.624808 -0.647914 0.910023 -2.492622 -4.560837 -4.581117 -2.862685 -3.980409 -7.776494
3 -7.024930 -5.696104 80.535934 -6.088393 -6.723253 -6.431124 -5.198126 -6.283891 -6.546101 -6.282388 -6.028696 -6.230748 -6.600369 -5.401812
14 -4.598821 -7.852032 -11.637748 -5.208761 1.994898 -1.592208 4.140981 6.655636 -8.501443 -5.999678 -0.825937 2.774743 -3.241107 33.891477
14 -2.375225 -6.420521 -2.078985 2.334109 -2.286982 3.412607 1.625614 -0.858951 -6.209853 -3.094686 0.218760 -1.167662 -4.362182 21.263958
8 -6.505493 -4.244960 -4.244406 -3.267873 -8.767685 -4.159509 -2.962888 60.046141 -5.102484 -2.046442 -5.166262 -4.305505 -4.576205 -4.696430
3 0.326763 -3.050708 24.113764 -1.870145 -5.130712 -1.976354 -0.319333 -2.130210 -3.186229 -4.523909 -0.992567 1.017592 -2.289547 0.011595
6 -9.471953 -5.059957 -2.605881 -1.345135 -7.642683 50.361047 -4.980971 -3.644643 -4.017960 -1.315479 -4.462997 -6.678737 5.886808 -5.021458
13 -4.578502 -3.486632 -6.334567 -4.786163 -2.888454 -5.287353 -5.506623 -4.198311 -4.362315 0.188417 -4.845604 0.850420 49.072108 -3.836420
3 -5.948711 -4.905989 61.341769 -4.922489 -4.266797 -3.969068 -5.700263 -3.663744 -4.213871 -1.598840 -5.300279 -5.687258 -7.508604 -3.655857
11 -0.259886 0.000000 0.640373 -0.108735 -0.368687 -0.034650 0.000000 -0.132344 -0.393171 -0.269857 0.924226 0.496619 -0.383926 -0.109963
11 -3.118285 -3.960537 -6.547791 -2.550974 -0.989012 0.559727 8.026508 0.253272 -1.576827 -0.651103 14.369785 -3.125243 -1.244574 0.555056
11 0.560556 -10.069102 -3.058330 -0.130114 -7.316416 -0.867616 -6.760646 1.756121 0.141526 -1.891422 35.184318 -1.317234 -3.940321 -2.291320
11 -14.527007 3.412477 -5.265939 -2.767874 -4.533060 -7.128680 -1.288956 -2.591968 -5.633505 -5.341053 56.565162 -6.890393 -2.881781 -1.127419
11 -3.162949 -25.806980 -3.572924 -7.960437 -14.456336 -17.059345 -20.830330 -7.481839 -12.267693 -16.457514 172.007809 -10.454294 -14.346999 -18.150162
1 60.316027 -5.783737 2.745539 -5.833392 1.334270 -8.199472 -5.282839 -3.416377 -7.858791 -5.936898 -11.886200 -0.480124 -4.889310 -4.828699
5 -6.675772 -5.429954 -5.404647 -4.815641 82.496561 -9.350926 -7.305729 -8.922218 -6.391563 -3.767471 -4.475985 -8.455022 -4.638988 -6.862644
4 -5.920812 -2.579947 -3.806435 36.882100 1.890236 -2.577818 4.530249 -3.145102 -4.023660 -2.559013 -5.514418 -3.566574 -3.854968 -5.753835
7 -22.091540 -5.676056 -18.393684 -8.618940 27.006500 -26.029678 133.759186 -6.187184 -10.090054 -9.920487 -20.881373 -16.962321 -8.028521 -7.885849
10 -6.924285 -0.326722 -4.818164 -6.439375 -4.416555 -3.763691 -3.242121 0.200700 -1.840086 25.065511 22.265486 -3.726928 -7.077062 -4.956707
5 -10.748109 -6.000651 -3.441990 -3.597877 84.078826 -3.524694 -9.622212 -11.408892 -4.550339 -9.351503 -5.565059 -4.614018 -5.158015 -6.495467
4 0.108592 2.133735 -3.953875 31.291239 -2.397733 -2.064737 -2.869745 -2.839852 -2.729675 -0.685964 -3.940062 -1.600720 -5.015627 -5.435575
6 -7.497241 -12.967557 -14.125930 -14.896804 -14.481894 170.311781 -20.589309 -8.024150 -5.952117 -13.640991 -12.976719 -17.051197 -12.824326 -15.283544
8 -2.220907 -2.019891 0.190857 -0.705261 -0.151474 -0.791530 -3.001104 19.832653 -3.436612 -2.333757 -3.123221 3.877980 -2.011415 -4.106317
6 -7.324173 -11.350087 -12.307516 -12.082069 -13.056388 141.203117 -15.444436 -5.558175 -8.156046 -11.485612 -9.857434 -13.539383 -10.378812 -10.662984
6 -2.761408 -4.723904 -1.527024 -5.274252 0.467011 50.681482 -6.546578 -2.891448 -0.698396 -6.050482 -2.030530 -5.830037 -8.033231 -4.781200
8 -1.662095 0.303852 -1.547778 0.560946 -0.746800 0.067365 -0.126485 3.715686 2.395794 -0.858056 -0.923931 0.012910 -0.349691 -0.841717
13 -4.840710 -4.053209 -4.562718 -3.946112 -11.716784 -8.762381 -9.348860 -6.940653 -5.438831 -6.478478 -6.983216 -6.430201 90.501240 -10.999087
13 -0.615087 -0.798709 -1.170273 -0.107221 0.030068 -1.064853 -1.212805 -1.423263 -1.162080 -0.713317 -0.801184 -1.597102 10.992854 -0.357027
5 -4.305664 -4.897029 -1.155018 -3.224536 11.974330 4.966898 4.286706 0.918513 -3.058441 -5.627185 -3.061362 -0.693914 3.603466 0.273235
9 -1.686789 -0.106567 -0.288713 -0.081053 2.545670 0.269125 -0.557698 -1.865576 4.772078 0.082193 -8.320695 3.228310 2.490915 -0.481200
12 6.574561 -3.942368 -1.910311 1.156023 -3.014265 -4.341948 -2.779685 -4.745995 3.413334 -2.941234 1.862300 8.173889 -4.630317 7.126016
4 -2.436498 -3.022766 -2.113643 30.869511 -3.515688 -3.161826 -1.906976 -1.140198 -1.418224 -2.656982 -2.643275 -1.518348 -4.940082 -0.395003
14 -1.705736 -0.550278 -0.818986 -0.747088 1.337479 0.969787 0.750809 0.497940 -1.454039 -0.174010 -0.594929 -0.266299 -0.082712 2.838061
3 -0.690579 -0.563183 3.204319 2.689137 -0.674435 -5.031563 -2.211667 -0.764306 -1.364659 0.845510 1.889287 0.921286 2.242496 -0.491644
4 -4.962320 -1.774778 -3.602640 32.811562 -3.453324 -5.154734 3.162482 1.771828 -4.790014 -3.940195 0.835910 -3.467658 -4.647085 -2.789032
3 -6.128881 -3.857258 56.005031 -4.002906 -4.028019 -3.837297 -4.475625 -4.074348 -1.574067 -2.159074 -6.358154 -3.097089 -5.740595 -6.671719
1 5.925846 -0.745057 3.392389 2.136766 -1.371878 -1.382806 -2.829487 -2.080398 -3.377278 0.448385 0.528234 -3.070282 2.333285 0.092282
12 -2.195837 1.738743 -0.446797 -2.428804 -2.943432 -3.416374 -6.674087 3.328678 2.943144 -3.473562 -0.331161 8.669734 5.568735 -0.338980
10 -7.080202 0.018089 0.022405 -2.188301 -1.886455 0.326417 -4.169461 1.902444 -0.834452 7.076289 1.547399 4.780409 -4.044859 4.530279
3 -0.309942 0.364937 1.252057 -0.038619 -0.000162 -0.542399 0.346426 0.274178 -0.384751 0.694516 -1.218074 -0.663513 -0.833385 1.058731
14 -0.155900 2.146992 -0.715316 -4.584698 0.110686 2.967596 4.155542 -0.014549 -4.250910 -2.806380 -3.697643 -1.405970 0.432727 7.817825
14 -5.158115 -2.216408 -0.051661 -0.386224 1.879365 -1.514117 -0.754669 0.352775 1.662800 -0.003091 1.134109 2.162788 -1.579658 4.472106
4 2.157596 0.530896 -0.871079 2.420392 -0.813782 -0.454429 0.006146 -0.600330 0.005907 -0.605039 -0.078469 -0.685099 -0.825240 -0.187470
10 -0.080652 -3.092310 0.718209 -0.975217 -1.016803 -2.012484 -2.364304 0.859405 0.395346 7.326406 -0.737640 -3.019807 2.295887 1.703963
4 -1.228405 -2.394861 -2.880408 28.529333 -3.118601 -2.145141 -1.446554 0.493530 0.083503 -5.329026 -1.348486 -3.703691 -2.648979 -2.862213
4 -2.674511 -2.491544 -1.117099 29.842641 -3.830235 -2.349048 -3.175460 0.041645 -3.121446 -2.240410 -1.124867 -2.713719 -1.603645 -3.442301
1 6.753166 -0.385160 -1.179552 -0.386697 0.684259 -0.612136 -2.114681 1.420028 -0.636264 -1.007906 -1.788073 -0.072754 -0.900686 0.226457
12 5.999272 0.577285 -4.652348 -1.315277 -1.944991 -4.643502 -2.470841 1.211683 -1.184743 -3.226415 -1.777803 18.408218 -4.220948 -0.759589
1 48.097225 -1.381662 -0.640336 -5.637830 -9.668829 -1.346319 -5.408983 1.573433 -4.665799 -2.747582 -5.406159 -6.282130 -2.173689 -4.311339
14 0.976653 5.483514 -2.534815 -2.365146 -5.765584 -3.915172 -3.385613 2.205517 -0.680769 -1.432842 -0.722279 -2.143499 6.761503 7.518535
14 0.607829 6.006953 4.281678 -2.984104 3.154236 -3.061241 5.262620 -10.110246 -1.609176 -3.820280 -4.115113 6.960734 -7.791323 7.217433
4 -2.844405 -3.941799 0.106182 5.508955 -0.147357 -0.940734 2.943401 -1.848047 4.280704 1.838590 -0.474849 1.027186 -4.976674 -0.531153
5 -3.099109 -2.237386 -3.596134 0.684823 27.771130 1.372219 -4.883517 -3.027610 -1.022527 -3.638122 -2.182809 -1.995690 -1.323243 -2.822025
4 -5.134398 -0.402386 -3.608391 29.929845 -1.542429 -4.036055 -3.751135 -0.720328 -5.103396 5.116621 -1.699882 -0.444733 -6.484379 -2.118956
14 -2.591105 -4.404201 -3.193867 -1.952559 -1.982674 -1.646022 -1.946517 -3.789832 -2.366889 -2.842850 -2.834757 -2.135060 0.380303 31.306030
5 -0.786009 -0.644653 -0.264388 0.351812 1.209006 0.519419 -0.725619 -0.476282 0.238846 0.155717 -0.105671 0.399123 -0.182418 0.311116
9 -0.787198 -0.525561 -0.210837 -0.971152 -0.224200 -0.081062 1.155464 0.608635 1.324112 0.234105 -0.243020 -1.067009 0.493233 0.294491
4 -1.430632 -2.978926 -3.775307 30.023999 -4.509906 -0.208072 1.280477 -1.475468 -1.766899 -2.486686 -3.142461 -1.390304 -3.855845 -4.283970
10 3.493479 -10.052993 -3.597134 -3.282596 0.443080 -0.262254 -0.086538 0.470508 -3.853352 10.963957 -1.732606 10.124149 -3.957550 1.329851
14 -5.061780 -7.962438 -5.039879 -7.455502 -7.056536 -3.540603 -11.807578 -11.730088 -3.790303 -1.925750 -3.423540 -6.150117 -3.215019 78.159133
6 -4.893707 -9.254040 -7.088637 -6.967484 -8.720552 88.952365 -9.109904 -8.292222 -4.600514 -8.718190 -7.078358 -4.970504 -1.178635 -8.079617
6 0.156664 0.812378 -1.285644 -2.335633 2.284185 3.912195 -0.170584 -2.544624 0.933176 -0.226157 -2.718772 2.452362 1.287074 -2.556621
12 -0.730230 0.278746 0.312559 1.279351 -0.244147 0.785728 -0.185187 -0.936637 -1.566358 0.225877 0.989319 1.599357 -2.748802 0.940426
4 -2.602668 -2.803880 -1.714234 33.173413 -3.748424 -3.638396 -3.294149 -2.905049 -1.546533 -1.994807 -1.039787 -0.978526 -4.231658 -2.675302
10 -1.667786 -5.229405 -3.704878 -2.732003 0.872621 -6.383920 -8.210783 -1.127303 1.678912 28.577401 -4.700998 2.469446 3.289467 -3.130768
8 -0.560507 3.840720 -6.537255 -5.173459 -7.157545 -2.886008 -8.770205 49.352830 -5.785005 3.248993 -5.071693 -8.463423 -3.634945 -2.402499
8 0.297017 2.626789 0.037204 -1.906370 -7.822957 1.226000 -2.510153 11.448842 1.532866 -0.142978 -2.474515 -1.926777 0.738798 -1.123767
1 43.217739 -0.593992 -5.080762 -1.706727 -2.484065 -4.102857 -2.511761 -4.957801 -3.485259 -4.537000 -1.648702 -4.856568 -5.816294 -1.435954
13 -2.932129 0.482656 0.620768 1.963499 -1.673468 1.022058 -1.715270 -1.949308 -0.335241 1.956756 -0.674957 -0.402823 3.749477 -0.112017
5 -2.506760 -1.159950 -1.392308 -3.558072 21.166072 -5.947102 -4.846244 2.125599 2.180178 -1.812552 -2.274307 -1.966827 2.842852 -2.850578
11 -4.825568 -5.059608 -6.525749 -3.825558 -6.589479 -2.970749 -0.436803 -6.997506 -4.456390 -4.835335 65.565971 -3.961478 -7.398193 -7.683553
14 -0.387842 0.945169 3.107380 -0.852419 3.673195 -4.261172 -3.173760 0.949093 -1.304316 -1.445036 3.330584 -2.230115 -2.312026 3.961266
9 4.089240 -6.028896 -2.243349 1.756751 -1.235349 -1.590046 -2.972678 3.353396 6.283743 1.451297 -5.841021 3.263037 -1.825624 1.539497
8 -4.070097 -2.215219 -8.933105 -2.985072 3.704370 -1.605597 -13.276440 52.297569 -1.034056 -5.844713 -5.768255 -1.038299 -4.162128 -5.068957
5 2.700403 -1.047407 -0.006666 -0.478781 3.905801 -1.818574 -1.854376 2.978475 -0.843314 -2.529995 -1.605575 0.492122 1.833142 -1.725255
5 -0.141743 -7.099386 -1.581508 4.655104 8.702524 2.670322 -1.763298 1.031790 2.485262 -1.906373 -3.670879 0.185769 -1.498886 -2.068698
1 9.916073 2.683926 -0.312591 1.532181 1.312744 -4.149852 -1.085211 -1.901258 -2.117955 5.463457 -4.420396 -2.592489 -0.545978 -3.782652
4 -4.073237 -3.730117 -1.846057 31.987392 -3.599617 -2.330447 -2.134314 -1.832825 -2.013239 -2.688221 -0.475648 -1.759692 -3.495987 -2.007990
4 -1.519289 0.778647 0.077524 2.923484 -0.512935 1.034753 1.455458 -1.452699 -1.033405 0.176088 0.083756 1.056269 -2.932425 -0.135224
13 -0.879713 1.189526 0.613294 0.145858 -0.247475 -0.977995 -0.272705 1.287875 -0.018919 -0.053559 -0.991823 -3.143796 4.827498 -1.478066
1 35.876727 -4.877569 -4.905506 -3.670538 -2.988556 -3.502885 -4.025605 -2.568691 -1.490506 -0.917299 -4.339251 3.467065 -3.814653 -2.242733
6 -6.255839 13.263590 -8.003965 -10.011694 -11.705896 95.063512 -13.187469 -4.017016 -6.868364 -9.150721 -9.590258 -8.456786 -12.665219 -8.413874
3 -1.664513 -1.780213 20.333868 -1.560420 -2.510839 -3.319788 -2.501371 -3.321164 -1.316994 1.221986 0.231499 -2.040147 -0.852188 -0.919715
5 3.139130 7.173702 -5.606951 0.270712 20.282605 -1.827140 -7.289825 2.651851 -3.090217 -4.816656 -6.897136 -0.421796 -0.625639 -2.942639
8 -3.784617 -2.839079 -1.815308 2.883153 -2.557863 1.051399 -5.915141 22.448703 -1.774964 -2.477437 -3.279588 0.957245 -4.838390 1.941888
3 -0.856644 0.346323 1.416381 -1.303402 1.311882 -1.464158 1.255946 -0.744103 -0.843103 0.151218 0.085080 -0.075165 -0.593609 1.313355
1 4.382013 2.191756 -1.702172 0.416905 -0.718367 -1.096509 0.241222 0.565218 -0.095582 0.426461 -0.678674 -1.838536 -0.330010 -1.763726
6 -12.277096 -15.455727 1.849432 -11.006985 -11.774898 78.898196 -19.482824 -10.412721 -5.379578 -17.093448 44.987186 -7.522502 -5.091486 -10.237547
12 -6.815300 -0.408812 1.640430 3.690513 0.389186 -5.041753 -4.583695 -1.043811 6.648777 -3.084680 -4.948821 15.585727 5.988051 -8.015811
3 -4.921934 -5.797028 47.594287 -5.326380 -4.757474 -2.631546 -1.613760 -6.240018 -6.615161 -1.277197 -2.554995 -1.471248 -2.845277 -1.542269
9 -0.132233 -0.099793 -0.106856 -0.278077 -0.363391 -0.471240 0.938382 -0.599281 1.448918 -0.275178 -0.128707 0.744341 -0.284860 -0.392024
13 -3.589955 2.106525 0.282323 0.385338 -3.351617 -2.200483 -4.451816 0.951394 0.385324 2.414549 -1.402743 0.099101 5.223473 3.148586
12 -2.446631 0.537760 -0.121691 -0.266519 -1.654507 1.038854 -1.103063 -1.861401 -0.479699 -0.118304 -0.243099 6.965108 0.034593 -0.281401
11 -1.001446 0.630685 -4.279368 -2.414231 -11.688424 -4.298847 -5.164040 -3.974211 1.098421 -3.428340 41.144263 -3.645452 -1.870195 -1.108814
6 -1.582972 2.287130 1.291594 -3.788628 -0.285335 6.563745 -0.507922 1.525737 -0.416251 1.864935 0.055665 -6.176127 2.080073 -2.911645
2 -7.169581 25.856847 -1.701133 -2.916033 1.736058 -4.796891 -0.092820 -0.920162 1.357573 -2.522378 -2.708393 -1.976430 -3.675578 -0.471078
1 253.806275 -26.464412 -24.085426 -24.436033 -23.488702 -23.881013 -17.212606 -17.980402 -22.733668 -25.132818 -21.249452 -24.810340 23.797157 -26.128556
7 -5.926854 -4.557377 -2.653036 -2.859308 -4.398719 -3.983636 45.994506 -4.178418 -3.283442 -2.291358 -4.290057 1.246379 -3.744426 -5.074257
10 -0.635402 -2.619032 0.412495 1.490800 -0.833612 -2.256430 -2.249815 1.955021 -3.617950 6.588881 0.915410 2.634178 0.395896 -2.180439
3 -5.077154 -3.288876 27.349676 -6.031361 1.252557 -2.140454 6.493723 -4.487256 -1.898448 -3.856748 -4.091265 0.858311 -1.065514 -4.017192
1 41.140542 -5.238730 -0.345360 -1.903420 -4.669633 -8.683742 -8.639058 -2.465662 1.297862 -3.347106 -3.892878 1.132887 3.728966 -8.114671
1 38.296376 -2.778109 -4.061078 -2.588309 -2.552203 1.515611 -6.674458 -2.919621 -2.171792 -0.796319 -1.748810 -2.822746 -6.060888 -4.637651
2 -1.346815 23.679147 0.578326 -0.320648 -3.180697 -3.511293 -2.543530 -4.090732 -1.463905 2.845805 -3.302138 -0.674693 -3.666608 -3.002219
6 -4.275207 -0.541167 -2.808345 -5.052272 -2.604672 48.256325 -3.222768 -5.605605 -3.700141 -5.172883 -5.765696 -5.665372 2.901447 -6.743643
5 -9.134768 -2.555806 -2.615659 -1.157365 36.324914 -8.567048 -0.119005 -1.920973 -5.618004 -1.550971 0.980100 -4.503293 -1.275508 1.713386
6 1.274280 -4.581432 -2.898278 -3.104122 -0.388128 31.521368 -16.256521 -4.900591 -6.820482 5.087023 -2.566756 -2.148956 -1.631058 7.413655
3 -1.606153 1.885646 3.984567 -1.800668 -2.220197 -2.040498 -4.037277 -0.018815 0.031150 3.201375 -0.275052 2.292492 1.064753 -0.461322
2 2.133614 7.594747 -1.408920 -1.420797 0.469772 0.362038 -4.504369 1.114505 -0.212611 -0.706192 -2.536991 0.977184 -2.496314 0.634333
3 -6.073017 -5.000398 61.100327 -4.908588 -3.824225 -4.326907 -5.725564 -3.907754 -4.145149 -1.500653 -5.037474 -5.162033 -7.832710 -3.655857
6 2.038399 -0.132506 -2.207237 -0.452004 -7.955027 8.468963 -2.200666 2.488605 -1.772852 0.732534 0.747133 -0.335565 0.139473 0.440750
6 0.276342 -0.773926 -0.172497 0.910944 -1.056210 2.819717 -0.248951 -0.667323 0.067729 -0.632930 -0.300925 -0.034938 0.067815 -0.254847
3 -2.799396 -0.383987 29.937407 -0.665966 -1.665416 -0.513724 -4.353271 -1.005075 -3.163167 -3.567112 -0.403735 -5.204793 -4.551444 -1.660320
10 -6.364735 1.835075 -8.073674 -2.476266 -1.847251 -3.251591 -2.417806 -1.840734 -1.129913 44.926553 -3.008053 0.218245 -13.296979 -3.272871
10 -5.503471 -0.130953 0.081351 0.500273 -0.199087 -5.300423 -1.505521 -4.366150 -1.868253 13.520884 -0.836783 3.257717 -2.131353 4.481770
7 -34.828636 -37.110671 -37.235675 -36.443363 -39.657115 -54.154636 516.460451 -39.725820 -34.673706 -24.982528 -54.921976 -38.210860 -40.780050 -43.735424
3 -1.025459 -1.905992 3.409261 -0.160607 -1.741600 0.678323 1.678932 2.387019 1.138918 -3.323042 1.167960 -0.020043 -2.879509 0.595840
12 -2.546408 0.209722 1.008752 1.683255 -2.335474 -1.229077 3.749517 -1.402053 -4.860009 -3.015297 0.544879 15.365762 -4.794613 -2.378956
4 -1.309745 0.538932 0.632299 1.578579 0.567640 -0.613162 -0.306714 -0.593916 -1.691919 0.568517 0.966300 0.729190 -1.948559 0.882558
11 -4.746362 -8.228225 -8.448250 -8.578614 -4.195042 -3.950074 -3.404144 -8.023802 -2.152161 -12.288954 79.780739 0.892275 -8.328297 -8.329087
11 -24.351625 -42.121896 -29.263641 -26.903948 -22.680660 -26.813788 -20.357837 -30.991784 -26.693228 -36.194235 373.674194 -28.327320 -26.374580 -32.599641
10 -2.328893 1.215665 -3.133283 -1.074127 -0.289985 -0.112932 -0.924202 1.921863 -0.176392 2.878501 1.811169 0.513717 -0.600196 0.299094
3 -6.032221 -4.734401 59.856688 -4.908588 -3.380997 -3.969068 -5.514070 -3.740377 -4.050860 -1.370036 -5.365956 -5.257587 -7.716935 -3.815595
11 0.286539 0.706369 1.966197 -1.687980 -1.801406 -2.761404 0.001387 -2.008842 -0.109128 0.469381 5.634165 -2.271081 0.739086 0.836717
14 -6.054680 -0.946748 1.188965 -2.537747 3.155464 -3.130841 5.820070 -3.940475 1.651001 -3.391767 -10.945375 5.176964 2.744754 11.210414
11 -2.366262 -1.320661 -2.418744 -0.075076 2.090487 -1.057188 -1.604481 0.184443 -0.057776 0.682276 8.408418 -0.923864 -0.878826 -0.662745
7 -2.020599 -1.445743 -1.726574 -0.597530 0.185595 -0.612516 3.766830 1.426538 -0.300751 -0.783419 2.362441 -0.978490 0.476610 0.247608
4 -1.409068 1.724027 -1.227995 2.687387 1.489340 0.049746 0.626142 -0.498210 -2.555389 0.741866 1.282647 0.078016 -2.630171 -0.358337
10 -8.857759 1.370150 -2.330142 -9.178565 8.986015 -8.647828 -5.245629 4.207408 0.418349 22.371299 5.307014 3.161315 -2.067921 -9.493707
11 -7.834943 6.276762 -10.673010 -2.426716 -4.600978 -7.128396 5.762441 -1.472082 -8.296709 -6.423191 52.968858 -7.679383 -5.715084 -2.757566
10 -1.804766 -1.924966 -1.163197 -2.052928 -0.873084 -2.305916 -1.498141 -4.148872 0.798161 19.034764 -1.996621 -0.788565 1.463106 -2.738974
11 -7.803252 -7.849530 -7.546732 -3.786378 0.351490 -5.495329 -3.252750 -3.770625 -6.874432 -6.560837 68.798240 -3.504972 -6.859285 -5.845605
11 -1.839638 -1.268499 -0.500292 -1.262624 -1.166596 -3.578576 -1.673553 -0.971799 -2.923723 0.078746 21.686724 -1.124455 -3.737035 -1.718679
6 -2.806241 -2.944612 -6.783858 5.921506 -2.143249 42.264323 -3.893276 -5.605294 -2.076327 -5.283966 -5.980301 -3.116351 -1.510700 -6.041653
13 -1.580949 -1.737438 -4.216212 -2.090206 -1.031915 -3.762793 -1.953540 -2.033357 -2.041872 -1.367304 -2.144480 -1.303179 27.897131 -2.633886
5 0.035258 8.716059 -3.268621 0.801713 20.409033 -1.402039 -6.338867 1.078939 -3.341873 -3.993720 -3.492298 -5.043813 -1.740551 -2.419218
14 -2.402311 0.958833 -3.684376 -3.294474 -0.607630 1.649041 1.376481 -0.383467 -0.053531 -2.356452 3.580336 -2.677566 -3.168171 11.063287
2 -22.001097 17.144159 -0.646354 -0.982658 4.634749 -7.019008 3.576862 2.188546 -1.843485 -1.393749 4.171888 0.471766 -4.201233 5.899613
14 0.749599 -0.401827 -0.620056 0.894445 -2.520610 -4.190374 0.221572 -1.090264 -4.172229 -1.163122 5.641289 -0.409282 -3.719192 10.780050
7 -3.547608 1.304501 2.834510 -1.561658 -0.618010 -1.755931 3.794843 2.011490 -1.459395 -2.886454 2.661583 -1.321115 -0.767806 1.311051
2 -13.177403 37.289126 -4.381244 -1.062366 -4.207571 -5.265715 -5.793644 7.021755 -4.595253 1.987944 0.185407 -3.494617 -2.715343 -1.791076
5 -4.157086 0.491327 2.629333 -3.536166 33.507075 -4.739923 -4.157506 -2.229913 0.866093 -0.869384 -3.585569 -4.679807 -5.295833 -4.242641
9 -1.764908 -0.387448 -1.277880 -1.637073 -1.729284 -0.092979 0.459277 0.230108 14.845254 -4.514888 -0.254213 0.625940 -1.137972 -3.363934
13 -3.000860 2.755890 -1.618135 1.447305 -1.175016 -0.257738 -2.476923 -2.386545 -1.710785 2.657524 -1.453544 3.218188 3.327493 0.673146
5 -6.877234 -3.028541 -7.097113 -3.200616 41.621160 -10.077499 -2.114657 -2.584737 -7.134297 -4.553671 4.773179 -3.717455 1.320805 2.670678
2 -20.808847 49.800563 -2.371291 -1.780949 -0.534752 -5.504775 -1.974005 -2.997107 -3.713816 -3.974114 -1.127473 -1.724996 -2.511621 -0.776816
13 0.748961 -1.726630 -0.852174 -0.493640 -2.440149 -1.630074 -1.231339 -1.585915 -1.431600 2.036073 -0.097381 0.564171 9.855906 -1.716210
14 -7.535657 -9.554037 -3.697589 -1.046576 -8.498614 -2.102602 -2.493046 -6.177612 -2.933028 -7.322166 -5.596397 -7.986426 -1.792707 66.736459
9 0.623751 -2.045633 -1.323389 1.307179 -1.993054 0.968484 -1.300082 1.618910 2.333196 -1.947220 0.265584 1.792660 0.152420 -0.452806
3 -8.178161 -1.282987 61.584331 -2.117827 -10.247184 -5.385133 -3.508025 -5.742016 -4.662984 1.340512 -2.778045 -1.137943 -10.347540 -7.536999
4 -3.038112 0.882897 1.191232 3.665335 1.465561 0.047249 -2.614409 -0.651127 -0.135084 -3.780356 -1.318880 2.707582 2.930831 -1.352719
6 -1.874416 -4.837725 -0.422483 -2.802603 -9.232391 46.272305 -0.591953 -3.796301 -7.572010 -7.292202 -1.263209 2.232926 -5.350818 -3.469119
13 -0.580757 -0.650970 -0.757639 -1.772150 3.151127 -1.542702 -2.462550 -0.588221 -1.185536 1.774373 -5.181103 2.221593 5.347450 2.227083
3 -3.330586 -3.855933 24.996698 -1.939247 -2.877443 1.133415 -8.157818 1.437199 -1.867738 -3.259063 -1.595994 2.735253 -1.705979 -1.712764
1 29.444536 -2.008239 -0.565399 -3.790034 -2.607693 -3.592441 -3.828292 -0.200469 -0.033618 -4.594290 -2.787777 0.454702 -3.439656 -2.451331
2 -1.167101 6.646506 -0.726919 0.234632 -0.156508 0.213107 -0.982764 -0.438872 -0.370157 -0.872888 -1.139851 -0.326698 -0.907023 -0.005465
1 5.252212 1.593348 -3.412721 -2.758989 -0.820189 1.576067 1.815747 -0.481297 -1.538498 -0.631004 -2.726294 1.674085 -0.739497 1.197032
5 -2.520331 -5.015518 -3.588914 -4.697737 34.320474 4.698942 -4.875438 -3.425198 -6.412123 -0.532412 -0.847742 -3.859557 -1.381249 -1.863198
6 -2.262821 -6.415588 -4.933380 -3.551861 -3.995024 54.395964 -3.772977 -3.625705 -3.047426 -4.452694 -4.595370 -2.186477 -6.869337 -4.687302
3 -1.720733 -1.553067 33.029289 -4.734503 -3.506726 -4.847046 -2.969915 -6.349934 -5.405054 -8.942911 -4.098749 20.272258 -13.028994 3.856084
12 0.602609 -5.309840 -0.739009 0.671142 -4.213512 13.673537 -9.193120 -4.990933 -6.181910 4.460696 -7.164092 20.739062 -3.117304 0.762674
1 33.890858 1.315575 -4.033784 -1.578584 -0.128430 -0.746695 -0.301478 -7.006601 -0.071805 -4.156296 -6.659541 -1.014004 -9.016925 -0.492293
14 -1.319205 -0.548976 -0.162828 1.852796 3.389481 -1.545365 -0.566306 -3.869573 -2.522649 -1.658053 -1.241064 0.596971 -0.497002 8.091772
13 -1.156767 0.277920 0.328944 1.602056 -0.606519 -1.522175 -0.633462 -0.201284 -2.375557 -1.345625 1.479022 0.922746 1.924834 1.305867
10 -2.197720 -0.692051 -0.562254 2.138634 -0.263044 -0.225667 -0.515986 -1.349507 -1.306701 3.301401 2.570867 0.383773 -2.819353 1.537606
12 0.682128 -2.303396 -1.787879 -0.842567 -3.036842 0.467915 0.596388 -2.248152 -1.753134 -1.638178 -3.469605 17.617884 -1.007937 -1.276625
1 36.899548 -5.921120 -5.302499 -1.937365 -0.828140 -5.923463 1.460213 -1.956401 -2.348213 -3.349461 -4.040934 -3.242945 -6.173753 2.664534
13 -2.875952 -3.400571 -1.440761 0.020605 -0.402257 1.578302 -2.935426 -2.135861 -2.084232 0.098354 -1.072012 1.088820 13.823993 -0.263001
13 -3.957680 -2.901415 -4.466843 -3.105732 -4.990131 -1.457608 3.137514 -3.989620 0.358157 -1.196322 -0.047654 -1.569033 23.903869 0.282499
14 -2.353460 0.321888 -1.104534 0.385789 2.061736 -1.177607 -0.018221 -2.295593 -4.840010 3.729168 3.995677 1.231041 -4.062875 4.127001
12 0.250962 -0.753345 -0.699705 0.402938 -1.987049 -1.110317 0.411401 0.119132 1.981025 1.156868 -1.522234 3.033938 -1.117848 -0.165767
3 -3.699669 -3.649539 54.250176 -4.797455 -5.350733 -5.780306 -3.846880 -3.949375 -3.927096 -3.958597 -3.474747 -4.827606 -3.390265 -3.597909
7 0.700927 -11.818505 -8.344043 -10.011998 -7.973450 -14.721471 99.074188 -16.685012 -11.342425 -2.062396 -13.248202 -7.739513 1.841808 2.330091
11 -5.735594 -4.397904 -2.175377 -0.372639 -0.323240 -2.646899 3.746602 -3.036959 -7.547373 -3.376018 31.268315 -0.268114 -3.921383 -1.213416
8 -0.045436 0.475817 2.318900 -4.926892 -7.740856 -0.354097 -4.430572 18.182374 -0.215526 2.708626 -4.314832 -3.132287 3.010655 -1.535872
9 1.781931 -2.589599 -3.131290 0.532378 -4.381566 -1.516469 -0.559158 -0.863113 6.752288 -0.222436 -1.871852 2.016936 4.790755 -0.738805
6 -2.192265 2.505156 0.244457 0.525117 -3.369804 2.817351 1.167725 -5.544422 2.056281 0.460133 0.050039 2.726976 -0.982934 -0.463811
6 -2.321240 -1.239634 -1.956700 -1.709352 -7.605099 42.968622 -9.362095 -2.088981 -2.922530 -2.107923 -4.829183 -5.221014 0.686440 -2.291311
1 60.531663 -2.104180 -1.353886 -5.336341 -4.580836 -4.491367 -2.643048 -5.197051 -5.566510 -8.446404 -5.997346 6.206986 -10.963545 -10.058136
1 10.784144 0.305757 0.293008 -1.300011 0.713518 -2.575728 -2.222040 -1.596490 0.577244 -1.569325 -0.342167 -1.990821 -0.580722 -0.496367
9 1.799410 0.817494 1.625313 -3.892186 -2.044133 5.034180 -4.774019 -3.477842 10.461828 -0.035443 0.432715 -0.639729 -4.311448 -0.996141
5 -6.431393 -0.388185 -5.278003 -0.112148 31.752641 -0.447796 -2.801182 -6.024897 -3.526795 -1.824070 0.057225 -1.445574 -1.418817 -2.111008
5 -0.209795 -0.016875 -4.386520 -1.735570 6.089054 4.365051 -0.916187 1.124025 -1.703363 -2.561724 -2.183179 -1.161368 3.112229 0.184220
11 -2.268422 -0.733882 -0.596979 2.429467 0.535865 -1.392169 -1.186139 0.779815 -2.265563 0.117473 3.912072 1.833705 -2.736809 1.571566
1 51.063537 -1.153758 3.116827 -8.668192 3.794916 -8.271499 -3.694316 -5.906915 -1.639416 -2.557026 -11.476448 -4.679250 0.052495 -9.980954
1 16.891274 2.359450 -4.049708 -4.239788 -4.371534 2.453955 1.846007 -4.038710 3.025290 -0.871168 -7.196838 -3.607357 0.375145 1.423982
12 0.951191 -1.640813 -0.341813 -0.253057 -2.469928 3.209156 -0.891546 -2.918603 -2.864886 -2.804427 -1.297752 9.159592 0.529806 1.633078
1 16.625096 0.138500 -5.724551 0.589830 -4.935204 4.651114 1.024748 -2.683505 -1.483348 -3.584141 -5.029670 -1.186264 -0.272670 1.870064
1 69.886654 -6.130052 -4.243387 -4.260824 -5.448845 -5.701878 -5.061441 -5.172604 -4.012835 -3.706479 -4.002065 -6.695514 -8.646875 -6.803858
1 186.565449 -11.835037 -10.978341 -12.210080 -16.961870 -18.689616 -24.287563 -17.778598 -6.757531 -15.250198 -16.211140 -14.679755 -8.289513 -12.636205
1 50.771297 -3.929313 -3.210792 -3.380106 -2.221900 -3.383824 -4.175134 -4.233298 -3.467978 -4.050199 -3.869835 -3.531087 -5.700142 -5.617689
1 167.627161 -15.383131 -18.275652 -24.192533 -16.199508 -8.999366 -26.344401 -11.110985 -16.305973 -20.166441 -16.847038 -12.281922 35.613377 -17.133584
1 73.507194 -6.257724 -3.050436 -3.006772 -3.894082 -5.507151 -8.645847 -9.633591 -4.896957 -5.540859 -3.768252 -7.068269 -5.283828 -6.953428
1 39.482390 -8.761950 -3.898645 -2.814100 -7.406846 -7.885911 -4.539436 -2.779638 2.163029 5.105892 -4.354108 -1.167423 2.978974 -6.122230
1 40.966018 -3.475080 -2.178910 -2.432619 -4.784061 -3.505531 -1.620924 -3.385775 -1.223341 -5.303087 -5.168864 -3.528783 -2.823675 -1.535371
1 41.855075 1.655046 -5.992060 -3.884430 -1.478172 -7.082822 -6.244990 -4.098386 -0.932849 -0.377045 0.591458 -7.435935 -1.955935 -4.618956
1 45.730502 -6.608390 -2.355692 -5.386062 -3.958935 -5.893807 -4.938083 -5.680673 -2.092826 -1.597519 -3.350478 -3.702937 0.983712 -1.148813
1 49.572242 -2.003429 -3.385330 -4.934488 -6.461147 -5.204545 -2.996262 -3.278802 -3.442466 -4.267849 -2.683440 -3.861364 -0.575025 -6.478095
1 35.633131 -4.063942 -3.832056 -3.416341 -3.723283 -1.053453 -3.375233 -0.805984 -0.977315 -3.102475 -4.035858 1.011332 -3.746669 -4.511854
2 -0.936289 2.966904 0.534580 0.653023 0.989082 0.017232 -0.837063 -1.413641 -2.564953 -0.246605 1.968023 0.314552 -2.054103 0.609258
1 35.647845 -4.805152 -7.263669 -0.826182 3.329187 -3.427938 -2.625320 -2.968175 -0.075665 -2.777991 -5.737295 -5.181401 0.770728 -4.058972
1 3.366984 0.902998 1.536331 -0.552861 1.780105 -1.188216 -0.433722 0.085314 -2.744111 -1.812871 -1.014119 -0.371584 -0.641274 1.087026
1 40.712039 -5.566358 -4.405965 -4.200374 -1.192550 -5.451045 -4.143226 -2.834236 0.189552 5.031119 -3.811177 -3.569485 -6.222767 -4.535529
1 44.195504 -4.643769 -4.094617 -4.641817 -3.014727 -2.117426 -3.628385 -2.691627 -1.273858 -3.751760 -4.406263 1.687925 -6.127452 -5.491728
1 27.000935 0.265012 -1.022367 0.453895 3.595513 -6.554460 -3.214314 -2.550789 -1.665478 -2.951453 -1.902811 -2.045353 -5.940965 -3.467363
1 66.891095 -0.830557 -8.202533 -5.690989 -6.414338 -4.456008 -9.359703 -7.762118 -5.647643 -3.870100 -4.744352 -1.167361 -6.280310 -2.465088
1 5.120575 1.212094 -2.639356 -2.187770 -0.382222 4.333029 -6.256123 -1.051514 -2.840689 2.899866 1.830653 0.370329 -0.900458 0.491586
5 -2.205640 -3.385124 0.222111 -1.534566 11.335655 4.507227 3.445929 -4.906831 -0.876985 3.926874 -7.443249 -0.504212 -0.369527 -2.211661
10 -6.555691 1.787604 -2.185554 -0.057618 -2.973584 1.492567 2.680793 -1.309983 -3.902357 19.703465 2.104745 -1.507290 -8.745783 -0.531313
12 1.120690 -0.530105 -0.208405 -1.021199 -1.527132 -3.707811 -0.964685 -0.890868 -0.122803 2.899408 0.150475 3.512624 2.686207 -1.396396
5 -5.093801 -3.909535 -0.499355 -7.082853 13.354607 -0.722928 8.637511 2.531345 -2.673242 8.903133 -7.360012 0.356553 -4.858463 -1.582958
10 -5.391706 -6.148467 -0.065606 -6.353068 -1.104699 -4.077235 -1.159354 2.530141 -5.849677 24.822500 -1.417859 -0.258004 1.907169 2.565866
10 -5.546593 -0.884151 -3.939984 -3.955584 -3.105011 -5.309994 -1.753491 -2.995882 -5.416152 45.709518 -3.673991 -2.836573 -1.422376 -4.869736
10 -1.025145 -0.962762 -0.921901 0.006329 -0.560698 -1.634197 0.217991 -1.513290 0.834990 10.035906 -1.379099 -1.227539 0.439389 -2.309972
10 -4.240251 -1.345798 -4.031065 -5.106564 -3.176701 -6.777749 -7.178228 -3.791883 -3.517222 56.985311 -5.767874 -5.224178 -4.956808 -1.870988
14 8.283799 2.127746 -5.708458 -4.712849 -8.986441 -4.152669 0.005877 -4.101148 -2.360973 2.793804 7.731821 -8.318286 2.186280 15.211497
10 -6.037174 -4.714916 1.006055 0.446364 4.554302 -1.232288 2.256598 -3.665294 -0.306617 6.427504 -4.163984 -0.176275 2.868423 2.737303
10 -6.151980 -4.388879 -4.057977 -0.659665 -2.673313 -6.928210 -4.083505 -1.068731 -4.721643 46.376202 -3.682095 0.168497 -6.286797 -1.841903
8 0.902749 -10.146902 -2.552289 -2.319014 3.350225 -1.517603 1.205972 10.031843 -4.446385 -0.958228 2.610985 2.094412 5.446620 -3.702385
10 -3.303925 -0.258796 2.859884 -2.905265 4.559799 -5.295428 -2.019710 -2.899337 -3.714269 10.558976 0.052013 -2.685345 7.969487 -2.918083
10 -2.434149 -0.188704 3.353970 -0.626655 -1.444352 -5.023711 -6.303521 -1.726146 -2.678462 20.527097 -1.730682 -1.064656 1.326289 -1.986319
7 -2.012510 -0.942424 -3.778872 -2.038403 -0.147426 2.476609 6.106487 0.340129 3.072204 -2.137679 -0.538284 -2.464909 2.218084 -0.153005
10 -3.449797 -4.638471 -0.925660 -2.873513 0.650699 -2.011375 -4.114857 1.277870 -3.468287 31.983308 -2.460824 -3.577190 -2.031957 -4.359943
10 0.452303 -1.290685 -0.830753 3.509921 1.919482 -1.257141 -4.505607 -2.899009 -1.649115 6.677241 -0.340929 2.401529 -2.932195 0.744957
10 -6.588507 -1.400552 2.483044 5.479922 5.363819 -3.994228 -2.262870 -2.818850 -5.301774 14.034891 0.781668 0.449496 -7.620743 1.394685
9 -2.461446 0.587229 -1.167824 1.722946 0.039819 -1.185071 0.003959 1.493274 3.517138 1.201384 -2.927705 0.807805 2.407727 -4.039235
2 -3.739119 13.155562 -1.676392 -1.288999 1.435534 -0.478875 2.553823 -4.092142 -3.602794 0.665297 3.636281 0.713942 -6.296435 -0.985682
2 -8.389448 28.416186 -2.668181 -1.659355 -1.064057 -2.749263 -1.583853 -2.003117 -1.257473 -2.269206 -1.761522 0.980748 -2.015774 -1.975684
2 -5.184207 32.713923 -3.845452 -1.728059 6.598791 -1.803220 -7.157728 0.122523 -2.518044 -3.156825 -4.870197 -3.641011 -2.083781 -3.446714
2 -2.737717 33.455636 -0.476244 -2.721485 -11.361083 -5.853740 -0.930155 -4.248484 0.340476 -0.805839 -0.137167 1.604115 -4.185130 -1.943185
2 0.421139 27.867460 -1.467328 -1.746482 -3.076949 -2.638936 -0.980702 -3.142223 -0.171214 -2.715047 -4.918905 -2.467374 -4.265430 -0.698007
2 -4.757737 27.072405 3.595689 -2.018578 -3.360427 -1.089810 0.270842 -2.254039 -3.307612 -1.955248 -2.444689 -2.770985 -4.159116 -2.820694
2 -15.892488 88.973939 -8.158124 -7.774016 51.743302 -12.255451 -26.051891 -5.530776 -15.340047 -12.290460 -7.398523 -10.107133 -6.474990 -13.443339
6 -2.977450 4.057069 -8.588252 -0.733086 3.575324 4.142318 0.151565 4.017153 -3.401540 -0.201780 2.694741 -3.234002 -1.216453 1.714393
2 -21.117581 35.331695 1.735979 -0.234490 -0.457955 -6.083755 0.952542 -1.237842 -3.679167 0.200910 -0.484203 -3.938516 -3.248784 2.261168
2 -0.798405 19.734925 -2.067775 -2.485561 1.777972 0.153203 -4.221923 -0.880259 -1.055436 -1.503150 -1.487692 -3.580372 -1.333895 -2.251632
2 -0.795364 16.504507 -2.682325 -3.318681 -0.275846 0.844718 3.320632 -2.195145 -2.866756 -1.440917 -1.935824 -1.411230 -3.549628 -0.198141
2 -1.009527 32.602389 -4.292646 -2.491904 5.670141 -0.318028 -6.527796 -0.255067 -3.178398 -3.470379 -6.841295 -2.552973 -2.717759 -4.616757
14 -0.294949 0.517725 -2.302678 1.221613 -1.486757 0.379937 -0.895059 0.737515 -1.094363 -2.435114 0.554149 1.864871 -0.195626 3.428735
5 0.625311 5.694926 -6.075497 -0.384659 27.155006 -3.594992 -6.210942 -2.346420 -3.505947 -2.648846 -2.660318 -2.842626 0.738865 -3.943858
2 -2.304615 69.935272 -6.931715 -4.379747 -18.437565 -3.141345 4.529379 -8.306451 -4.390858 -5.383388 -5.679308 -4.115242 -6.513409 -4.881008
2 -0.235920 38.653609 -3.597658 -1.517847 -6.318031 -2.095245 -4.356977 -3.534109 -0.017181 -0.354147 -3.038872 -3.749321 -5.260627 -4.577673
5 2.094901 0.054762 -3.921395 -0.723601 12.628502 2.353290 -3.928701 -0.494946 -0.499216 -2.367817 -3.069469 0.457323 -0.227829 -2.355804
2 0.099230 8.656342 -1.250689 -1.207046 3.268072 -0.215401 -3.745348 -1.913736 -3.983048 -1.474461 8.494056 -2.247088 -2.113764 -2.367121
6 -17.604935 -24.220560 -17.395379 -10.882261 47.906666 126.650192 -5.410027 -11.445726 -14.989273 -16.454336 -11.204273 -23.422732 -6.762640 -14.764715
5 -1.574105 -7.109206 -4.636991 -3.629351 10.426860 -2.558568 6.848891 1.827991 -3.909735 -6.990575 6.849011 6.192157 3.849273 -5.585651
7 0.769258 -3.360093 -1.223124 -2.834260 -2.980550 4.917215 8.298678 1.518357 -2.991689 -2.787168 0.676924 -0.061102 -2.290304 2.347858
5 -10.120050 -7.587997 -5.636580 -8.097144 85.068430 -8.157683 -7.933725 -10.134800 -8.088292 -10.753222 11.571909 -6.925210 -7.136080 -6.069557
5 -5.952157 -1.808550 -1.453835 0.138514 34.136277 -0.304708 -5.224551 -6.794538 -4.317308 -0.929392 0.989937 -2.576470 -3.873645 -2.029574
10 -2.137569 -1.295087 1.711954 -0.712169 2.822524 -2.142413 0.474041 -1.969837 -2.680158 7.087326 -1.713124 -2.453912 -0.451681 3.460104
5 0.143290 -3.579438 -3.503665 -2.667223 33.270383 -2.870179 -1.399414 -4.341129 -4.913248 -3.176845 -2.266742 1.100680 -3.081310 -2.715160
12 0.943490 -0.700383 1.839760 4.173634 1.566287 -3.273057 -6.269831 1.580925 -0.560733 -1.171721 -2.476013 5.215716 -4.823378 3.955303
5 6.544139 -4.055861 2.404338 2.652721 10.015536 -2.689909 -4.114017 -2.442666 -2.816006 -0.403184 -9.115021 7.403939 -3.010943 -0.373067
11 -2.192292 -6.628630 -4.600779 -0.491656 7.568196 2.578140 -4.601021 0.128356 -4.622768 0.284512 11.707913 1.548936 -3.359750 2.680844
14 -0.369733 2.907820 -1.603838 3.106863 0.301440 -1.259894 -4.078903 0.425145 2.249222 -2.689802 -2.362679 -4.120010 -0.241495 7.735864
5 2.556367 -1.459284 -0.087399 -1.174813 2.777872 2.069732 -5.338746 0.119182 1.715352 0.192852 -1.369996 1.589326 0.095705 -1.686150
11 -7.105870 6.149174 -6.256690 -8.606457 20.555334 13.947116 -10.662776 -8.705004 -4.662200 -7.115265 24.745069 -6.010926 1.668352 -7.939858
5 -5.902487 -4.567041 -10.186861 -6.804301 108.540686 -16.946191 -11.314765 -4.102852 -8.526110 -13.341453 -5.447647 -5.515657 -3.250634 -12.634684
5 -5.125049 -3.481351 -1.227737 0.700027 31.061545 -4.257570 -0.089955 -4.078154 -2.524279 -2.517442 -3.916149 -3.559520 1.386571 -2.370940
5 -3.243133 1.997035 -9.781865 -4.213715 59.905647 -5.934051 -1.168623 -3.795683 -2.541950 -7.250218 -7.893309 -6.481678 -2.988391 -6.610064
5 -4.874188 -5.332552 -3.633909 -0.903556 32.643737 -4.561263 -1.385926 -3.449002 -0.100084 1.570410 -3.058129 -1.119390 -1.970750 -3.825398
5 -2.357880 -1.910810 -10.855372 -2.537215 59.470428 -6.381928 -1.263310 -2.996047 1.639660 -5.754495 -7.975984 -9.416153 -2.951687 -6.709204
5 -2.809318 -0.654700 -1.247302 0.575378 19.949463 -0.744180 -4.584101 -2.478802 -3.303836 -1.004833 1.707362 -2.441198 -4.964312 2.000382
5 -5.933400 -10.836370 -12.508290 -2.944157 97.615080 -12.874095 -11.106409 -18.740299 -6.331357 -14.449457 -3.862050 -7.744383 16.480830 -6.765646
6 -5.412492 -2.372861 -2.995726 0.587344 9.211905 16.017690 -3.469490 -2.215261 -1.417849 0.955576 -0.004941 -1.671707 -3.842035 -3.370152
11 -2.366849 -5.011381 -3.616344 -1.848844 -4.639336 -5.224477 -6.054552 -2.411884 -1.832171 -2.943396 42.318185 -3.761529 1.523978 -4.131398
11 -2.148620 -6.193326 -8.031889 -4.942433 -1.609880 -4.089868 -6.854597 -4.974168 -6.872910 -7.685663 71.337337 -2.964721 -7.247172 -7.722087
7 3.415510 -8.847222 -2.320582 -2.740243 8.534067 -2.837114 9.574972 -2.061449 -4.614203 -5.048825 3.739255 -0.104002 1.700805 1.609031
11 -4.220179 -5.764661 -5.513555 -5.164529 -6.093108 -2.949710 -6.696578 -5.851716 -4.297520 -7.584024 71.415779 -4.591234 -4.751737 -7.937227
11 -17.274265 -13.862513 -18.664454 -11.200401 -25.684358 -12.605265 -10.055421 -13.480118 -17.524368 -21.403144 206.470591 -18.667316 -8.997310 -17.051650
14 -1.240494 0.763726 1.130701 -0.493845 0.640595 -6.217466 -2.615227 -1.374699 1.453571 -0.736108 4.004310 2.193932 -2.045424 4.536429
11 -3.828352 3.721920 -2.157274 -1.671599 0.035108 -1.765148 -0.547718 1.089657 -2.925639 1.133226 9.168496 -2.877672 -1.783445 2.408441
1 3.874868 -0.526463 0.284223 -0.718492 -1.441327 -1.969696 -0.351062 1.104857 -1.557790 0.805633 1.324354 2.010428 -0.878847 -1.960685
11 0.608116 -0.737008 -5.900077 -4.881359 -1.368437 2.071704 -0.216151 -1.123995 -5.329730 -3.935583 26.004607 0.164708 -3.670636 -1.686158
11 -10.048692 -11.736763 -4.489111 -6.117621 -12.254837 -4.294023 -12.110288 -10.547436 -6.658243 -9.951043 122.753810 -10.875449 -12.115375 -11.554926
11 -20.456933 8.742361 -7.154186 -4.335596 2.580679 -5.778725 2.167595 -2.972022 -3.993750 -8.450449 47.052908 -1.103522 -5.328417 -0.969943
11 -1.198214 -3.455353 -1.711876 -1.128326 -2.151300 -1.036726 -3.870505 -2.478485 -1.630463 -2.175477 27.209336 -1.271596 -2.227851 -2.873163
11 -1.567787 -2.564582 -2.227995 -1.055640 -2.516251 -1.770098 -2.474125 -0.777258 -0.508463 -1.807103 21.009409 -0.389540 -1.072214 -2.278353
11 -1.252612 -13.796193 -6.659459 0.139131 9.588058 -6.622231 -8.124808 -3.406254 -7.664750 4.147886 43.848455 3.847101 -6.083871 -7.960455
11 -5.548345 -12.486910 -4.692103 -7.256696 -1.171878 -2.551597 -10.041067 -5.975350 -6.309638 -4.868209 77.627397 -5.105641 -5.334169 -6.285794
11 -4.647794 -14.444360 -11.791313 -7.855967 -14.850884 -11.336550 -18.203128 -8.804273 -6.546559 -11.455536 133.958462 -9.281822 -6.161819 -8.578452
11 -6.856850 -11.477131 -6.349904 -5.903617 -12.679349 -12.070842 -0.964190 -11.148394 -6.335604 -9.295049 102.126513 -5.119565 -8.369017 -5.556998
11 -16.120897 -22.975087 -17.510919 -14.892744 -6.465478 -6.474776 6.229457 -7.420913 -14.896296 -10.351208 151.838988 -16.088432 -11.608431 -13.263261
11 -5.854862 -3.711969 -4.193166 -2.074590 -9.627912 -6.919788 -4.924953 0.468452 -3.417676 -5.375584 48.651161 -5.290747 -0.813056 3.084691
11 -2.515890 -3.023978 1.365489 -2.608593 1.173519 -4.873161 -4.871293 -2.329467 0.366566 -4.416970 24.340733 -0.784439 1.218386 -3.040901
11 -6.944932 -6.639389 0.219234 -9.386058 -12.511827 -3.027032 -7.360493 -0.613187 0.608345 -7.792613 73.761624 -6.393156 -8.457200 -5.463314
4 2.368375 0.990401 0.766164 9.735758 9.641294 -4.322597 -9.846155 -2.929878 3.886129 4.881783 -5.599329 -0.502768 -2.435231 -6.633947
7 -2.484686 0.632560 -1.245601 3.018370 0.385970 -2.290973 7.427321 -3.569045 -2.533697 -3.376740 4.634752 1.280675 -5.000019 3.121114
7 -2.742765 -2.612381 -8.670507 -2.738663 -7.036289 -13.469302 98.961175 -7.724854 -5.183766 -0.511312 -11.929677 -8.788057 -11.779899 -15.773707
4 -2.095072 2.490445 -6.022882 7.809189 -0.297945 -4.067462 -2.006405 -0.962214 2.363828 -3.846258 2.099676 7.319741 -3.455434 0.670792
4 -2.070446 -3.305851 -3.841158 11.967780 0.347610 -5.539823 4.012716 2.933771 -1.741001 -0.838127 -1.145280 1.653662 0.435495 -2.869346
7 -19.336395 -5.716425 -10.457752 59.485164 -1.776592 -22.353776 91.375737 -9.032927 -13.510400 -12.434458 -15.170190 -13.923446 -11.011191 -16.137349
14 4.498013 -1.502502 -3.351213 0.054998 -4.806008 -1.173637 -5.862813 0.481218 4.343486 -5.209064 -4.599874 4.676636 4.034716 8.416043
4 -1.223946 0.417695 1.637778 7.693068 -3.663797 -1.963596 -0.838390 -0.611357 1.911392 -2.283297 -1.054818 -0.391055 -0.059258 0.429582
5 -2.121579 -3.810279 -3.796446 0.063511 34.027497 -1.901288 -3.123319 -4.774545 1.198289 -2.684987 -4.624773 0.051725 -2.877513 -5.626294
6 -4.244393 2.626273 0.042960 2.492437 -5.674525 4.946247 -3.851713 3.827828 -0.546431 -1.599416 -0.483045 -0.398838 1.693629 1.168987
4 -2.733254 -0.440065 -1.655502 10.497881 0.409757 1.372081 -2.112334 -2.366502 -1.725270 0.302200 -0.724407 -1.039584 1.570313 -1.355312
8 1.984295 -6.918026 -3.208653 -0.475906 -1.162226 -0.608816 -4.431730 6.339799 3.971422 1.831773 -4.032141 0.733166 2.137620 3.839421
4 -1.424097 -1.742643 -0.702430 10.569244 -0.437616 0.304194 -3.071929 -2.336532 -1.387011 -0.738015 2.617609 -1.258720 -1.366463 0.974411
4 -0.127916 -1.147914 -3.351985 8.175549 -0.042493 -1.107066 -2.407760 -0.704057 -1.935317 0.735996 1.222270 1.774222 0.226895 -1.310425
5 -2.241682 2.517237 0.494124 0.563635 3.358591 0.334043 -2.078130 0.402183 -1.904988 -0.923293 0.567755 -0.163883 -2.483486 1.557895
13 -2.173374 -0.796272 -5.130154 3.790553 4.877974 -1.670336 3.167910 -3.175460 2.868187 -1.658965 -3.790210 -3.291172 8.553565 -1.572247
7 -7.963807 -11.080865 -4.666638 -7.499832 -8.536609 -11.882122 90.132039 -9.557223 5.300840 -3.841951 -9.333791 -3.058925 -8.379837 -9.631280
4 -2.595757 -1.219931 -1.437195 7.765669 5.700563 -0.827265 -3.160985 -1.856726 1.000353 -1.568060 -5.293132 0.222723 4.585937 -1.316193
7 1.720988 2.398004 -0.635626 1.025427 -0.962230 -1.534160 3.701596 1.110154 -0.912858 0.096902 -1.694619 -1.027962 -0.801183 -2.484432
1 6.088533 1.506155 0.668249 1.954538 -0.266602 -1.936837 -0.537628 -2.697587 0.691530 -2.836914 -2.742704 3.197816 -5.879277 2.790727
10 1.425114 -1.727986 -1.885023 2.317524 -2.821956 -1.092427 -0.149592 -0.524297 -0.911210 4.443419 -0.223077 -1.387826 3.114783 -0.577446
9 0.540962 -0.898344 0.228529 1.468704 -0.537793 0.073470 0.634787 0.074026 1.919192 -0.737167 0.017375 -1.978924 -0.263344 -0.541470
12 0.392004 -1.187907 3.841800 -1.598327 -0.767409 0.470272 -2.701652 -0.529525 3.452328 -1.148565 -2.913891 4.204595 -0.728898 -0.784825
3 -6.316910 -2.834494 26.250276 -3.563901 -7.111500 -4.486888 2.508504 1.653282 -1.859545 -5.294214 1.608546 2.652129 -0.208317 -2.996968
3 -6.969897 -0.001965 11.218109 3.969737 -1.947223 -4.501004 -0.235204 -3.734219 -2.902793 3.099825 1.265931 3.623795 -3.967199 1.082107
2 -1.154559 3.842625 -5.023086 -2.419158 0.005674 -0.235447 1.040887 2.260688 -1.386875 0.339216 2.170413 3.086867 -2.724340 0.197094
3 -4.526351 -0.457574 20.565881 -1.544511 -2.804449 0.332822 1.761262 -2.913483 -2.178430 -2.003993 1.052189 -3.246868 -3.751453 -0.285042
3 -2.911839 -2.886972 21.678710 -1.515034 -2.201378 -1.525103 0.008179 -0.705828 -1.413732 -1.640223 -0.968618 -1.551450 -1.231301 -3.135410
9 -0.116938 0.000000 0.000000 -0.117869 0.000000 0.000000 -0.042545 -0.623788 0.599281 0.000000 0.000000 -0.163535 0.000000 0.465395
8 1.621847 -2.714754 3.122424 -2.782563 -3.729641 -4.280184 -2.479310 10.515394 0.454077 7.228940 1.348906 -0.117863 -8.614023 0.426749
3 -0.877753 -3.952942 20.860096 -2.953368 -1.763255 0.833814 -3.366737 -0.837811 -6.212063 -6.331868 -2.568695 10.196200 -2.461705 -0.563914
3 -6.831441 -10.289356 86.148342 -6.888713 -6.080890 -13.679492 -13.378518 -9.428667 -1.970167 3.863173 -1.019837 -6.074343 -9.428894 -4.941202
3 -1.283164 3.472712 11.364362 -1.362506 -0.440289 -1.418495 0.407694 -0.144527 -0.522304 0.530910 -1.561413 0.564739 -7.164761 -2.442958
3 -9.102190 -11.117953 83.854402 4.245739 -7.864843 -5.387815 -8.251211 -8.105098 -14.383879 -7.728641 -0.642627 -2.641292 -11.526500 -1.348092
14 -1.438874 0.247145 -2.259226 -1.153897 0.719797 3.078162 -0.223377 0.921371 -1.848276 0.846333 -0.768223 -0.836741 -4.890161 7.605967
3 -1.061037 -3.190673 22.534548 -2.272358 -2.709946 -3.322423 -0.678030 -1.747561 0.356097 -2.647888 -2.178621 2.350012 -2.337218 -3.094903
3 -5.893072 0.284984 23.629548 -2.965386 -4.245401 -1.921105 -3.440611 0.348850 2.476805 -2.719780 2.793041 -1.501592 -2.784026 -4.062256
6 -1.884084 -6.077201 -1.626437 2.081609 -4.522546 29.399838 -4.966241 -5.051052 -3.741342 -3.309352 -1.131549 4.013971 -2.142095 -1.043522
6 -11.781710 -13.287906 -16.461729 -10.722287 -16.706598 135.668575 -12.394286 -7.575601 -10.970086 -9.760143 -9.123194 -7.490066 -1.991191 -7.403774
6 2.726551 -4.627709 -3.009057 -0.799331 2.668413 3.048429 2.444827 2.258720 -2.924211 0.894917 0.643628 -0.216356 -2.858495 -0.250324
6 -14.538746 -17.776952 -6.803157 -10.531395 -9.569742 139.566528 -12.123436 -13.518646 -4.320008 -4.273283 -15.160421 -15.408558 -3.239707 -12.302474
6 -15.017229 -6.407082 -8.757182 -6.278142 -11.097931 100.324931 -4.388848 -6.858082 -9.542468 -10.064961 -5.580586 -6.976378 -1.838955 -7.517086
6 -14.156293 -11.437891 -9.936859 -9.145322 -17.134551 159.456632 -17.726307 -8.229493 -8.352260 -13.291937 -11.458556 -17.004851 -8.463817 -13.118492
6 -20.753103 -16.045321 -19.201530 -16.245041 -20.191544 217.276960 -21.045377 -13.926530 -8.034835 -24.930780 -11.265465 -24.524075 3.259189 -24.372544
6 -11.807931 -11.497863 -6.395667 -7.997976 -4.019723 112.419348 -13.045449 -6.754243 -6.777739 -6.560750 -6.504610 -10.736882 -9.071072 -11.249440
6 -14.538746 -17.776952 -6.803157 -10.531395 -9.569742 139.566528 -12.123436 -13.518646 -4.320008 -4.273283 -15.160421 -15.408558 -3.239707 -12.302474
6 -7.668867 -0.955199 -6.471168 -2.809255 -3.297211 48.072432 -2.519276 -3.192640 -4.390963 -2.870187 -3.318049 -4.555031 -3.870751 -2.153834
6 -7.108405 -5.958889 -2.173348 -5.482657 -9.756859 47.513599 -2.940096 0.823955 -1.853386 -7.288399 -0.480167 -4.119493 2.418235 -3.594090
6 -4.536904 -8.434409 -5.218309 -4.057540 -2.497213 45.624891 4.169320 -0.038950 -5.224426 -3.136955 -5.780467 -3.628852 -1.010014 -6.230173
6 13.665523 -11.034399 -11.564372 -7.053581 -6.116093 66.786281 -10.561137 -6.800161 -3.718971 -8.296334 -5.993547 0.242247 -7.366820 -2.188636
6 -3.415908 -11.027845 -6.583612 -5.311680 -6.731294 106.906528 -20.835502 -9.227092 -3.722801 -7.370101 -5.317446 -10.146725 -3.730807 -13.485715
6 1.957794 2.438954 -2.018970 1.489397 -2.279405 4.462071 -4.646326 1.001985 -3.464724 -1.441042 1.098187 -0.396499 1.001986 0.796590
6 -8.794917 -20.852901 -12.642276 -17.368566 4.745817 130.978006 -3.940145 -5.062710 -13.317980 -10.636788 -9.724013 -16.488329 -7.000236 -9.894957
6 -0.816245 6.658298 -5.002179 -4.593272 -3.166797 18.539444 -8.248636 1.316221 -0.207128 -0.939026 -1.158166 1.716815 -0.674542 -3.424786
6 -6.463584 -2.074885 -6.304890 -4.767179 -8.852298 49.014026 -5.086500 -1.263752 -5.703654 -0.092200 -4.414023 -1.946884 -5.104429 3.060254
6 -14.538746 -17.776952 -6.803157 -10.531395 -9.569742 139.566528 -12.123436 -13.518646 -4.320008 -4.273283 -15.160421 -15.408558 -3.239707 -12.302474
11 -2.613648 -0.279173 -1.689402 0.177342 -1.093925 1.399359 0.174035 0.982129 -1.293761 -0.524624 1.631919 0.365395 1.540501 1.223853
6 -6.508016 -2.386140 -7.012386 -3.877924 2.401682 27.905863 -8.533764 7.643448 -3.130982 -3.504901 -1.656033 -1.515775 -1.480384 1.655315
6 -14.538746 -17.776952 -6.803157 -10.531395 -9.569742 139.566528 -12.123436 -13.518646 -4.320008 -4.273283 -15.160421 -15.408558 -3.239707 -12.302474
6 -3.870508 -4.284714 -4.292553 -4.451363 -1.607320 55.270123 -6.081821 -2.311156 -3.544762 -5.212974 -4.216000 -6.898682 -3.759940 -4.738329
6 -18.172750 -20.513965 -12.445010 -15.643784 -29.531475 218.348642 -19.081039 -15.639018 -6.720182 -22.988909 -14.407605 -19.827224 -2.671630 -20.706047
6 -4.734349 -4.580409 15.304542 -4.174776 -6.344995 40.735840 -3.815135 -6.066386 -3.540083 -0.992103 -3.659929 -5.422263 -7.055714 -5.654238
13 -0.671345 -3.589565 -5.512537 -2.429699 -2.693066 -5.310513 -5.577477 -3.177406 -2.958361 -1.757254 -4.493690 -2.723338 42.463116 -1.568863
7 3.422294 -2.866938 -2.962640 -2.929833 1.512654 -5.812157 6.920436 4.414955 4.938519 -1.756827 -3.835326 -2.390400 4.103392 -2.758128
8 0.092223 -4.367567 -1.142580 -3.012949 3.667971 -2.313643 2.156053 4.573498 0.294097 2.125752 0.385502 2.997370 -3.247102 -2.208623
5 -2.375507 1.780587 -6.271306 -0.643044 6.174430 -0.007740 0.190828 -0.550671 2.751084 -1.234241 -0.082982 -3.644713 3.562534 0.350740
13 0.833175 -1.878920 -2.561578 0.271738 3.111365 -2.281503 -1.927965 -1.430545 4.409159 -1.811028 -6.709448 0.923371 11.042817 -1.990635
13 -7.555672 -13.267939 -5.009012 -5.423133 -8.980265 -8.034777 -5.915796 -10.432472 -9.753520 -10.563255 -6.379083 -11.501637 107.406667 -4.590103
13 -2.122033 -4.028508 -1.834044 2.830196 -0.447187 -0.548238 -1.858500 0.482512 5.423320 0.371992 -4.909358 1.648904 6.947207 -1.956265
13 -1.393982 -0.452153 -3.755855 0.657017 6.726508 -1.798087 -0.717048 -2.568456 3.191104 -0.548165 -1.688668 -5.674219 9.433384 -1.411381
13 -0.958101 -0.967019 -1.508741 0.127231 2.364458 -2.631092 -3.999077 -1.074768 0.598836 0.366218 -1.458670 -1.021055 10.132394 0.029387
13 -1.474200 -1.106272 -2.346359 1.974955 1.881532 -2.868712 -5.280723 -0.494276 -1.874856 -1.630894 -4.212726 -0.815346 22.273024 -4.025149
13 1.532909 -0.553902 2.434931 3.029323 -6.245031 -1.070536 -1.260191 -2.544855 2.398899 -1.283523 -1.993113 -3.141849 12.952539 -4.255602
13 -4.854993 -3.504993 -3.568107 -1.781675 4.979074 -1.556650 1.622559 -2.214298 1.017961 -2.634214 -3.695752 1.548364 14.383562 0.259162
13 -1.310151 -12.116030 -7.149015 -3.479075 -8.985033 -8.812335 -13.798389 -2.268101 0.608358 -2.989071 -11.117269 -4.716797 87.619678 -11.486769
13 1.711718 -0.364498 0.763496 -0.909378 -2.310110 0.770955 -1.226971 2.266058 0.621742 -1.301310 -2.520961 -2.129462 3.438031 1.190689
7 7.103504 -4.630008 -1.756551 -4.627806 -3.846515 0.365617 8.965947 3.975374 -2.445538 -3.598912 -1.713893 0.703718 4.368708 -2.863644
13 -6.234399 -2.303277 -0.912022 19.605578 -5.074322 -6.227802 2.110125 -4.725400 -5.717069 -5.665110 -7.031205 -3.857660 33.352879 -7.320314
13 3.599162 0.917758 0.506741 -1.199678 -0.497574 -1.209228 -3.254661 0.529840 0.347750 -2.769588 0.560275 -4.205050 8.885284 -2.211031
8 -3.154888 1.451980 -4.031075 -0.545866 -5.355386 3.425933 0.934023 10.095266 -3.057301 2.017196 -0.507527 -2.423049 1.490833 -0.340139
8 -1.033446 0.261168 -3.066182 0.991946 -1.545454 0.385663 3.808795 5.093808 0.504981 0.081442 -3.644041 -3.050117 3.608977 -2.397540
13 -5.288588 -3.589904 -4.379641 -4.477321 -1.231073 -1.267732 -2.885683 -4.329958 6.070167 -3.980423 1.685124 0.386871 26.645473 -3.357311
13 0.922725 -6.218166 0.994135 -3.308219 -2.497094 -6.028617 9.766552 2.604017 -2.877601 -3.871362 -5.550046 -0.437654 15.327012 1.174319
13 -0.248655 -0.196173 -0.524853 -0.504718 -0.946613 1.343058 -0.013822 0.480551 -0.206448 0.084190 -1.330091 -0.328395 1.504168 0.887800
13 -0.659569 0.832328 -0.153732 0.939139 -2.579131 -2.519936 0.408568 1.683951 -1.328864 -2.125916 -1.757907 -1.591000 9.523540 -0.671471
13 1.669496 0.220279 3.373109 -3.025201 -2.781242 -4.159984 -0.907384 1.914445 -0.117001 -1.172409 -0.257945 -1.663076 8.196503 -1.289590
13 -2.138932 0.896005 0.347926 2.600145 -2.733281 -2.662643 -1.832446 -3.679321 0.108026 -6.753031 -4.633002 -0.066622 24.193153 -3.645978
13 -1.905064 -4.528339 -3.853653 -2.541720 0.402574 -3.077988 0.723913 -0.829883 -2.769789 -2.862305 -2.119705 0.542442 25.668923 -2.849406
7 1.268231 -9.942373 -12.870257 -10.553886 -10.925696 -11.614947 120.665709 -12.168952 -8.165532 -12.809224 -15.559404 -6.311789 -14.768126 3.756246
7 -10.128437 -8.619044 -8.595473 -11.369089 -10.319336 -13.365960 125.192578 -9.062620 -10.088271 -7.255740 -9.036210 -8.130078 -8.319358 -10.902963
7 -11.725016 -15.212225 -19.562862 -10.660480 -9.957295 -9.027408 128.963926 -5.629319 2.024169 -8.612029 -16.419985 -9.707291 -3.345130 -11.129056
5 -0.961090 0.692308 2.134400 -2.301447 5.267554 0.832179 2.033404 1.370953 -2.415120 0.152237 -7.330698 -0.027033 0.051131 0.501221
7 -3.428258 -4.497714 -15.102858 -12.263029 -4.684070 -21.140134 97.723251 2.619614 -7.657520 -11.905060 -2.746989 -9.293535 -4.646588 -2.977107
7 -2.653072 0.612444 -0.123748 -0.386436 0.375058 3.223612 6.843957 -0.045868 -2.062108 0.927670 -4.454687 -1.805662 -0.496244 0.045083
7 -21.538829 -18.638994 -19.892129 -14.806677 -20.576313 -31.131755 250.464255 -12.530542 -11.881416 -15.493734 -27.075296 -23.987462 -14.472194 -18.438918
5 2.343722 -0.082282 -0.080771 2.343994 6.088976 4.806219 2.499847 -1.646093 -4.337975 -1.207250 -6.031046 -3.900106 -2.439435 1.642201
7 -12.366946 -21.961387 -15.109275 -17.614945 -16.150839 -24.050608 208.367380 -14.011540 -2.869731 -11.247695 -27.892348 -18.717056 -11.421811 -14.953202
7 2.076249 2.038781 -2.233610 -2.763701 -1.012440 -4.583946 15.949262 -3.689129 -1.863437 -2.425858 -2.948415 -0.569796 -0.142839 2.168878
7 -16.835564 -12.310864 -8.467569 -10.201478 -4.520762 -7.718726 109.136577 -10.252026 -9.073823 -9.868611 -10.466419 -5.093746 7.105224 -11.432215
7 -3.951702 -2.349910 -4.029826 -3.652816 0.493293 -6.513464 47.538730 -4.293611 -4.427064 -2.425073 -4.254058 -3.563075 -5.396859 -3.174565
7 -5.890730 -6.169152 -9.303537 -7.801642 -11.726182 -4.553917 92.161657 -3.713235 -3.923422 -6.559698 -10.359885 -4.831194 -6.553741 -10.775324
7 -12.421487 -14.181230 -12.298361 -12.544779 -0.940884 -13.457463 159.655631 -17.128139 -9.374116 -10.474872 -16.058032 -18.335287 -8.663305 -13.777680
12 1.003307 -1.718976 -0.820853 -2.934551 2.925541 -1.479855 -7.210269 -2.465116 0.486202 -3.177221 -2.659244 11.173190 2.115939 4.761906
7 -4.362286 -4.108419 -3.672542 -3.677022 -1.332468 -3.854640 51.834507 -4.797061 -3.095832 -2.454899 -6.178011 -5.214754 -5.290654 -3.795918
7 -8.542337 -8.799211 -5.258976 -4.747250 -13.299458 -6.304452 98.971902 -3.423915 -8.315733 -9.480243 -8.480153 -5.046449 -8.100907 -9.172818
7 -5.727090 -3.643373 -5.819773 -6.129645 -3.719622 -2.385647 52.000055 -3.105606 -5.924084 -0.812524 -4.098843 -2.540465 -5.841462 -2.251921
7 -14.241741 -11.358587 -13.707222 -13.114177 -6.853046 -17.719156 150.054498 -7.045680 -11.624499 -6.535604 -14.654068 -6.565962 -8.928967 -17.705793
11 5.561320 -3.289110 2.992928 -9.784751 -10.677285 -23.537927 10.226071 5.315233 -9.465636 -19.592414 68.983752 -11.175119 -2.270670 -3.286391
7 -9.674001 -12.791114 -12.085421 -5.333125 -11.721705 -8.765042 142.612787 -15.013589 -15.457225 -13.232516 -6.938798 -9.417382 -15.157922 -7.024947
7 -5.462787 -7.690522 -9.439734 -3.371372 -8.949430 -11.982005 103.528897 -9.325538 -5.138308 -7.155088 -14.829882 -6.301724 -13.654667 -0.227842
7 -4.604770 -7.497795 -6.992755 -12.098669 -6.825953 -7.204452 82.706552 -3.364366 -7.808316 -7.496724 -4.720762 -6.240851 -2.555940 -5.295198
7 -7.801660 -9.884418 -12.974211 -10.529132 -16.793592 -19.025688 171.007945 -2.377488 -14.011367 -11.245480 -18.032428 -15.934840 -14.833358 -17.564283
7 -16.034810 -25.820076 -10.986559 -12.139887 -20.155766 -34.420932 266.049851 -18.583185 -19.369096 -9.671218 -27.741897 -24.895605 -27.229992 -19.000829
12 -1.539368 0.014402 -1.121168 -1.535036 -2.843994 -4.239309 -2.935632 1.253048 -0.554668 1.186823 0.750092 11.628418 2.382832 -2.446441
13 -4.498685 -5.931937 -2.307281 -2.199105 -6.153150 -5.373314 -3.501105 -6.755226 -3.875721 -1.706868 -3.365469 5.328026 47.486459 -7.146622
3 -0.835032 -5.155429 18.788997 -4.973155 -6.438742 -2.725115 -0.364246 -5.870141 -1.266164 7.782707 -8.038272 12.907021 0.400331 -4.212760
7 -1.916728 -5.727903 -3.280514 -1.475019 -3.318460 5.595639 6.330614 -0.579066 -0.778040 -3.370736 0.332966 5.811749 1.793028 0.582470
12 0.850117 1.059966 1.362057 -0.905628 -1.520170 -2.312106 -0.478709 -1.330257 -1.195980 0.905197 -0.457659 3.038010 2.803662 -1.818500
14 -7.012181 3.131203 -1.125890 -0.788289 1.083403 -0.493043 0.887076 -0.501154 0.740843 0.261279 0.065766 -0.372467 0.098891 4.024563
3 -5.444520 0.785631 25.604846 0.551782 -2.451024 -3.887921 -6.399133 -3.602165 -2.370421 0.783482 -2.113958 -1.037959 -2.882109 2.463469
13 -1.562841 -1.740892 -2.492431 1.299348 -2.129868 -1.611306 2.303070 5.127430 2.098675 0.422146 -3.431152 1.451653 6.522802 -6.256634
12 -2.969322 -0.928959 2.989902 2.155052 1.873309 3.314544 -2.842827 -4.249294 -2.644154 -1.132344 -0.546029 11.910319 -4.414301 -2.515897
12 -4.546960 -0.682814 1.830087 1.691442 2.598765 -1.753859 -0.686265 -2.852313 0.542375 -0.931351 -2.878330 6.160878 4.699377 -3.191032
3 0.676687 -0.167967 2.454959 -1.155498 -0.626868 -4.387477 -0.241994 1.675480 -0.020839 1.285686 -0.365466 1.268788 -1.051448 0.655956
7 1.797592 -1.660649 1.583966 -3.014405 2.022172 -1.176405 4.781129 -2.135103 -0.895586 0.309055 -4.808281 3.221164 0.681252 -0.705902
12 -6.363807 -3.381864 -0.024786 -6.164542 -2.694205 -3.949096 6.627528 3.685056 -1.839816 -7.881466 -1.921254 30.187547 -2.533756 -3.745539
12 -0.660778 -0.144126 -1.328086 -0.122118 0.294515 0.571422 -0.694231 -0.852079 -0.281316 0.226507 -0.638447 5.223104 -1.290997 -0.303368
12 -2.524182 5.187964 -3.310744 -0.075492 -4.653242 1.358962 -3.199545 1.570243 0.132528 -2.732738 -1.672585 12.806361 -1.418258 -1.469272
12 -2.029146 -2.358346 -3.659735 -2.981825 -2.835260 -2.559658 0.141980 -7.111281 -6.829850 1.530938 -5.337023 36.695207 -0.850753 -1.815249
5 -2.803335 -0.260395 -7.504807 -2.764379 28.482103 0.042604 -5.670061 -5.307506 1.229732 -1.922161 -4.415855 8.461692 -3.607952 -3.959681
11 -2.446911 -2.773707 6.377363 -1.579069 -2.016286 1.847293 -5.926716 2.758244 1.885972 -1.205071 6.758320 5.488987 -6.962386 -2.206033
10 1.820206 -7.989110 -2.343024 1.589109 1.608270 -6.982681 1.574620 1.865139 -1.117638 7.074996 -6.847782 6.766759 6.788334 -3.807199
12 -2.007601 3.045119 1.433779 -0.004300 -3.407025 -3.479614 -2.960904 0.277724 1.508792 3.103954 -4.010905 5.732183 -0.089058 0.857858
14 1.461010 -1.960429 0.318046 -1.693377 1.940916 -2.880089 -4.640909 1.638423 -1.406435 -0.853744 -0.481936 0.651641 -0.711041 8.617925
12 -5.023810 -0.454603 3.476873 1.042474 -0.225866 -3.708287 -0.892413 -1.412705 -2.262567 -1.605627 0.541287 12.181766 -0.592247 -1.064274
11 0.948862 -0.217920 2.227120 -1.331131 0.543399 1.922814 -4.564339 0.914731 -3.260878 -0.015858 3.753237 2.382816 -3.382678 0.079826
14 -4.593312 0.169678 -0.317828 -1.466922 -0.739692 1.293711 2.478282 -1.893186 -0.135248 0.125052 -3.353895 -0.701110 -6.697000 15.831471
14 4.975470 4.206289 -0.587074 -2.193475 -9.109802 -2.236886 -0.656856 -0.238790 3.068910 -2.684664 -4.193659 0.597415 2.264702 6.788419
14 -4.309392 -1.874683 -1.167601 -0.830973 -1.759272 -2.539898 -3.288999 0.195166 -6.191277 6.358018 1.876322 -0.820790 -4.595073 18.948452
14 -8.023790 -8.976379 -5.870476 -6.102005 1.249532 -8.156045 -7.124933 -8.003736 -2.849370 -0.962585 -4.269978 -6.508037 2.779976 62.817828
13 -4.973482 6.249611 -1.306548 4.013118 -5.799623 -2.796822 -2.897110 1.803227 -2.201634 -3.587154 2.206723 0.466338 7.426160 1.397195
14 -5.975980 2.715032 -6.676077 -0.555803 -5.572426 -4.524128 -2.512251 -2.469409 -3.331272 -1.369009 -0.704040 -4.596200 -0.507980 36.079544
6 -1.230802 1.179704 -1.818749 -0.726799 0.740096 4.756455 2.912237 -1.529463 -1.564961 0.702713 -0.232508 -3.347240 1.108833 -0.949518
12 1.105782 -2.475681 -1.318326 -1.758491 -0.254244 -1.847042 -0.140482 -2.132712 -1.110967 -0.662566 0.298160 4.628750 1.980891 3.686927
14 10.534311 0.111623 -7.663203 -10.815486 -16.916113 -13.426142 -8.824748 -6.422398 -1.402250 -3.073238 -7.209924 3.981769 10.250480 50.875322
14 -8.356626 -2.469809 -2.879706 -2.789300 -1.807733 -3.870273 -0.448213 0.202183 -4.124059 -2.835011 -0.353391 -3.435104 -2.135161 35.302205
7 -1.904207 -1.352283 -0.334504 -1.432835 -0.500780 0.001740 6.066867 0.442877 1.410922 -1.801642 -1.852286 -0.133319 0.216425 1.173025
7 -1.561918 0.542624 -2.604244 1.522437 1.013356 -1.740483 1.945636 -0.870200 -1.204307 0.012470 -1.229778 1.658520 1.858531 0.657358
14 -0.582791 -3.025450 -1.296891 0.353564 -1.081148 0.521319 -2.823700 -0.711257 0.437298 4.460321 -2.230848 0.750978 -0.297768 5.526372
14 -6.082022 -9.175621 -4.151905 -2.792031 -6.631193 -1.825300 -10.612148 -5.563676 1.655158 -6.114996 -5.975994 -4.390496 -4.021551 65.681776
5 -1.839369 -0.994385 2.542418 1.533077 11.405725 -1.108793 -0.366756 -3.673747 1.447884 -2.852486 -4.266051 -0.380722 -1.897186 0.450391
14 -3.200200 -1.284065 0.373860 0.129615 -0.223492 -2.169849 2.914220 -4.038294 -2.117987 -0.628406 3.062932 1.276539 -2.328255 8.233381
14 -3.730993 -7.939900 -5.480072 1.486098 -5.699770 -2.609730 -0.239000 0.415788 -3.265610 -7.227478 0.786423 -5.804194 -6.774458 46.082896
14 3.501145 -3.234501 -0.110300 -0.313920 2.939384 -1.969440 -1.013674 -0.320490 -1.586655 -0.878142 -2.772553 1.349477 0.560794 3.848877
14 -1.062160 -0.712840 0.451582 -2.074504 -3.306725 -3.123306 -5.286657 -5.976423 0.605184 -2.883062 -7.171323 -3.279298 -0.487699 34.307230
14 -3.635857 -1.401616 -2.420034 -0.844972 0.359495 0.126809 -4.436145 -2.742531 -4.196185 1.907755 1.037982 1.057804 1.510524 13.676971
14 0.060989 -4.878886 -5.638095 -4.035913 1.656128 -6.780231 -14.477971 -1.976287 -3.452432 -0.704642 -2.444078 0.096780 -1.874495 44.449132
8 -0.405756 -3.471354 -3.324088 0.210628 2.235740 0.484851 -0.118043 3.658612 -0.661046 -0.904291 -0.033855 -1.444080 0.826103 2.946578
5 -3.036037 3.411755 -2.510711 0.602352 10.590166 -3.007164 -5.989306 10.026438 7.764325 -2.868192 -2.384985 -1.558599 -7.833663 -3.206379
8 -0.871839 -1.241038 -5.330021 -2.523747 -1.024032 -0.455113 -3.991548 30.320171 -1.274574 -2.393606 -4.743265 -0.280207 -2.706253 -3.484928
5 1.234724 -1.253767 -2.994514 -3.331297 30.160617 -1.579077 -4.229043 0.043185 -2.495129 -2.472166 -3.453542 -2.626572 -3.601218 -3.402199
8 -3.253814 -3.348786 -3.481882 -1.595671 -3.040932 -2.248411 -1.283644 18.080211 -0.284253 -1.661703 -1.261748 0.791623 4.553337 -1.964328
8 0.778755 -3.355415 -8.346023 -3.057177 -2.303017 -6.994839 -2.578339 36.870926 -1.610500 -0.328741 -2.448524 6.117092 -9.887086 -2.857109
2 -18.455487 18.791453 -2.522614 -5.119841 -4.611153 3.727362 -3.020825 -2.433779 10.471866 -8.580080 3.355844 -1.292187 2.874019 6.815424
8 0.363383 -3.004885 0.889760 -4.522102 -2.205394 5.229047 8.162564 9.798838 -4.278438 -3.359977 -4.835885 -4.233992 4.624723 -2.627640
8 -4.850765 -5.543731 -3.381058 -4.066935 -4.446077 4.876553 2.038100 19.691213 -1.584332 -1.521882 -1.973550 1.793795 3.006337 -4.037668
8 -1.296117 1.630095 -2.125519 -2.016671 1.868154 -0.359022 -6.075983 18.946996 1.410012 -0.319362 -4.006368 3.314380 -8.458311 -2.512284
6 2.891496 5.936105 -5.591483 -3.105377 1.553112 8.760288 -2.695914 5.259858 -0.182734 -2.692923 -2.614424 -2.072757 -3.630692 -1.814554
8 -7.635772 0.515913 -2.632638 2.783352 -3.399619 -3.250562 -4.288651 13.592560 -3.310202 -2.084594 4.192815 5.589736 -4.105809 4.033472
8 -10.648346 -1.079329 -9.442200 -4.119257 3.424992 7.353136 -5.837486 60.813223 -9.923520 -7.171091 -8.602953 -3.835043 -5.540127 -5.391995
9 -5.598208 1.848622 -0.947097 1.114853 -2.364721 1.695170 -5.037557 4.291082 6.443018 -2.340539 -1.196427 4.868955 -0.826470 -1.950681
8 -4.580931 -0.853085 -3.203801 -6.623501 -4.047807 0.028837 11.046813 21.921560 -4.240988 -5.649495 1.638747 -2.425289 0.766402 -3.777460
8 -0.806539 20.998551 -4.837134 -4.871161 -6.654736 -2.335027 -5.454107 23.327334 -0.467138 -4.089406 -6.547843 -5.409361 0.870488 -3.723921
5 -2.102219 -0.093357 -1.872882 -0.487050 6.193672 0.332797 0.298252 0.395040 -1.320260 0.104733 -0.589029 0.047589 -0.475806 -0.431479
8 -6.893534 -0.264185 -11.985845 -11.683429 -10.125940 2.988733 15.042329 33.516585 -13.206261 -3.667546 1.892027 -3.276109 9.599811 -1.936633
8 -5.481220 -0.396179 -5.484173 -1.305704 -1.122867 -3.130067 2.716911 23.798758 -0.135093 -1.479838 -1.256635 -1.845777 -1.689751 -3.188362
6 -3.996362 -0.176912 -7.165534 -0.057718 4.960541 7.259655 -1.819861 6.094531 -4.125745 -0.072743 1.424432 -0.431659 -3.579879 1.687252
8 -8.320810 -3.355527 2.015667 -7.167460 -2.711677 2.484175 -0.274869 53.665643 -6.096637 -8.118647 -6.139311 1.865035 -10.437805 -7.407774
8 0.977599 4.789363 -6.012203 -2.092910 -5.074161 2.733582 0.602531 8.901361 -4.718444 2.038997 -0.404544 -0.795510 -1.195311 0.249650
8 -3.499253 1.582209 1.323822 0.000616 -7.797810 3.495863 0.927464 10.354140 -0.694433 -2.743402 -1.075095 -1.312745 1.351976 -1.913352
8 -4.675149 12.090555 -2.599375 1.736702 1.716432 -2.781584 -9.902300 13.228177 -5.774074 1.447613 4.034881 -2.806349 -8.275144 2.559614
10 0.028132 -4.008152 0.060586 1.986478 1.723920 -1.507842 -2.274026 -7.487867 4.838119 11.406593 -3.709597 1.449299 1.237349 -3.742992
12 -1.460699 0.332030 -2.137964 -0.816158 -1.115813 -0.165544 0.932916 -0.105871 3.787137 -2.059375 -1.498215 4.998994 -0.906029 0.214591
9 -1.866120 -0.966245 1.030688 0.544852 2.406597 -3.832329 2.910674 -1.398852 8.465458 -3.972202 -6.198355 3.121606 4.802773 -5.048544
10 0.080960 -2.330804 -1.137427 1.750936 0.393497 -2.198574 -2.394864 -2.223402 2.598855 5.224818 -3.972556 2.343314 3.698489 -1.833242
9 -2.798275 -1.497886 1.142437 3.480814 -1.109847 -0.404044 -0.595635 -2.087040 8.371536 -2.358007 0.989265 -1.321926 -3.220154 1.408762
13 -4.542812 -8.864528 -9.382517 -6.454508 -6.465401 -13.383091 -8.205042 -5.100681 3.779326 -4.314132 -9.185096 -6.332353 91.866506 -13.415670
9 -3.634207 -0.717265 8.580179 -2.849019 -4.550382 -3.315058 -2.627284 -1.595810 8.624286 -3.140862 -4.689597 4.432821 5.992144 -0.509947
6 -1.954695 -1.095445 -1.163495 2.564226 -2.830880 4.448419 -1.905025 -0.933179 3.791112 -2.982752 -0.714477 3.146318 0.889710 -1.259838
13 -4.976056 -1.795085 -6.474633 0.129537 5.089251 -1.493553 -0.592047 -4.710721 4.857719 2.564275 -1.201198 0.244436 7.360104 0.997972
13 -2.271056 -3.757611 -0.865907 0.656856 -3.142292 0.792698 -1.912927 0.073123 6.801725 -2.501094 -1.108398 -3.136552 11.784188 -1.412752
9 -2.276395 -0.944554 2.656375 2.530948 -0.348678 -2.652736 -3.393478 -1.819879 8.254325 -3.654742 -2.051543 0.530974 5.495818 -2.326436
10 -4.571006 -1.497649 -0.861258 0.454342 -3.029091 -0.650742 -1.984848 1.586655 5.561180 5.946951 -1.839357 -0.490081 -2.571185 3.946090
12 3.013306 -7.772643 3.483844 -5.961556 1.343938 -3.335789 0.397380 -1.354027 3.562903 3.547000 0.437692 12.557143 -7.172226 -2.746968
12 2.265567 -2.170709 0.764933 -0.277296 1.949463 -4.314499 0.543078 -1.736348 0.912985 0.557208 -0.004194 3.582680 1.362361 -3.435230
14 1.035092 -0.579544 2.247612 0.121455 -0.978607 -0.002899 -1.196029 -1.588697 2.057085 0.879906 -0.984976 -2.184214 -1.586450 2.760264
7 -0.664604 0.295157 -2.111689 -2.832579 -2.292992 -2.098239 9.550853 1.972392 -0.821122 2.877230 -0.628789 0.272833 -1.281111 -2.237340
14 -0.517824 0.078260 -1.395991 1.314206 -2.056312 -3.592680 2.326074 1.236151 -1.314013 -0.198197 2.039807 -2.194157 0.727910 3.546767
9 1.398983 -3.486900 -0.735660 3.108603 -2.561590 -3.865999 -1.655376 -2.284792 7.691101 5.830375 -4.946142 0.946059 2.400908 -1.839571
1 4.222656 0.001272 0.822489 -1.150010 1.676356 1.049068 -2.557285 -1.175087 1.956382 -2.646207 -2.036918 -1.456258 -0.837719 2.131261
