11 -14.571718 -44.265664 -19.277261 79.202484 -19.354902 -40.597075 75.420921 -31.782003 -30.615629 -58.018735 170.292783 -7.734399 -21.613752 -37.085042
8 -17.674141 0.786294 -13.420070 -18.375213 8.148734 12.921883 0.783448 38.380781 27.679079 -3.214804 -9.741161 -27.356708 7.463579 -6.381700
9 -16.966469 -4.915022 -19.017936 -5.771495 -4.338295 22.280646 -5.890588 -12.256601 97.736588 3.707233 -8.076056 -11.272164 -19.048408 -16.171436
1 138.069797 -9.028947 -18.031789 -12.378253 -14.052090 -18.331672 8.788053 -18.799131 11.173087 -29.024304 -6.828059 -1.927803 -22.814159 -6.814727
5 3.974180 2.421836 -0.001289 11.680561 21.489118 6.955814 -7.809532 -11.705991 -4.779316 -13.141356 -10.416471 7.866239 -17.886710 11.352917
1 12.285403 -2.850691 1.553975 -3.769345 1.377008 -1.967711 -3.161801 -4.848198 1.779045 -3.165830 -0.631685 9.612189 -3.420557 -2.791802
6 0.238052 -4.154792 1.177313 3.327948 5.806283 17.412492 -1.166865 1.284315 -8.780238 -8.935215 1.823616 -4.015891 -0.938521 -3.078497
5 1.074267 5.487555 -5.735666 10.186744 15.325118 3.380605 -6.673824 -7.423130 -4.257179 -5.758754 -2.286023 6.743943 -5.266496 -4.797162
5 -18.494146 9.950582 29.432797 3.915239 70.172310 21.141391 -11.621594 -38.625483 -26.246580 -4.180919 -2.592274 21.926574 -26.819266 -27.958628
5 -11.407219 -3.238092 8.221626 2.933444 67.926107 4.714206 -0.633183 -19.396980 -8.824955 -3.809502 -0.143517 -11.435538 -18.177377 -6.729018
12 1.268166 -7.873408 -8.789387 -2.834278 2.265453 -3.993500 0.848430 4.662682 -8.064353 4.651099 -2.376753 10.395730 4.633028 5.207087
3 -5.581833 -1.963371 38.790312 -0.623580 10.726388 -8.041195 -6.854774 -3.141230 2.345317 2.210896 -12.121011 -5.587861 3.221905 -13.379965
3 -3.133332 -16.791153 70.704484 -29.711271 6.559172 11.123848 4.799817 -10.370774 -12.222962 24.370269 -24.052901 -22.125445 3.423282 -2.573035
4 -3.340863 7.286641 -7.030384 16.819505 -2.340605 0.181902 13.426681 0.278931 -25.318331 4.723279 6.138806 -0.110456 -15.524826 4.809719
1 284.963461 -21.876338 -34.833273 -31.870141 -48.101589 -12.841687 -15.595798 -26.621469 -8.436699 -31.304329 -24.004698 3.748824 -37.333830 4.107570
11 -5.497439 -1.621633 22.162422 3.753236 -18.752421 6.727257 -12.110832 -9.048280 -23.067344 -13.931384 63.437052 1.718438 -2.020426 -11.748644
7 -6.949308 0.718729 -6.682453 11.079657 -8.701247 3.867908 11.685727 -4.728438 -6.207642 -5.323529 -4.073314 10.060791 1.296185 3.956936
12 -1.264807 -15.001350 -3.443124 2.187053 5.734227 -0.498173 -8.585988 -22.444894 30.389000 2.560295 -12.831486 38.153214 -9.237613 -5.716355
14 -6.530680 4.090521 12.811300 -8.048215 -4.291178 -4.220001 -13.688678 -6.721314 -9.764895 -2.553168 -6.992487 -7.496354 -9.560497 62.965647
11 -31.419531 -36.062046 -18.754053 -32.914926 29.940411 -8.506830 12.297721 -22.593918 -8.722189 -36.691051 189.126347 -29.757134 1.731225 -7.674016
3 -11.530631 -23.718796 196.323159 -10.195209 -31.355724 -0.339371 -14.135456 12.212916 -3.385048 -30.191916 -11.071095 -15.350795 -33.294528 -23.967506
12 11.350758 17.003398 14.681682 3.616614 8.258932 -27.243759 -25.555843 -16.867366 -11.250768 11.096276 -4.568527 35.947144 -7.603516 -8.865024
11 -6.806271 8.854666 -9.976347 -9.950576 1.829078 2.561174 -0.483156 -8.948367 7.778533 3.987095 20.085920 -6.702029 -9.310878 7.081158
9 -8.911207 4.789801 -4.125204 -5.746850 -14.302660 8.775049 -0.803351 -9.995303 25.155679 -4.076060 -1.887565 19.775176 -1.699165 -6.948340
2 -10.766939 66.221199 -3.990656 -4.084420 10.521310 -14.543544 -2.694890 -13.870589 -2.296775 -1.981902 -14.548651 -14.746417 10.308274 -3.525997
11 -10.405830 -7.783443 -15.787014 -3.022091 19.215000 -2.316074 1.515533 35.922827 -21.408021 -15.164888 40.669042 -8.828520 -15.945935 3.339416
14 -11.048148 8.385467 -4.312037 -1.212213 -16.036593 -1.883267 -0.829689 -16.016730 -13.768772 -5.792107 -6.784360 -10.368229 -3.378687 83.045366
2 9.081371 63.150984 -22.646867 6.709303 1.706793 -10.891788 -10.437125 -6.128733 -15.309004 1.618729 -4.820693 -6.619463 5.892814 -11.306322
1 103.769563 -17.600403 -15.997240 -18.180620 -1.571666 -1.454802 -14.558558 5.099847 7.573286 -11.845466 -2.011493 -20.873626 -4.447351 -7.901475
13 7.538306 -1.218101 -4.935595 1.135268 1.483637 -6.370554 0.015998 -4.473259 -4.243469 13.129236 -5.209052 -2.267967 13.534760 -8.119208
5 -21.140366 13.432677 -0.469035 2.430900 36.935803 -11.074755 -0.114784 -3.507423 -8.508483 -1.257991 0.717698 -3.643699 -2.374026 -1.426517
9 2.872608 -2.589676 0.910588 -3.572268 -0.447851 3.384938 -3.432652 -1.683394 8.828334 -2.511946 -2.893249 -7.158286 4.037478 4.255375
6 -2.336755 -12.081204 -0.245559 -13.819895 1.493610 28.973664 13.750312 5.910173 -4.836170 -13.751548 -11.285770 8.211973 -4.817494 4.834663
14 -23.283510 -2.171206 -23.682931 -20.781010 33.990620 -35.985956 -3.754869 -10.932296 -36.324140 -35.900740 -26.767137 59.983307 11.808665 113.801199
7 -12.604100 -1.697085 -3.593844 -8.483670 -2.583974 -14.261677 71.871474 -0.683544 -13.839374 -0.497605 -0.812344 3.753601 -18.144045 1.576189
14 -8.424953 -37.526713 -17.107384 -7.693869 -1.581936 -10.603052 1.850111 2.135576 -32.479377 1.969147 -13.099780 10.446083 -18.275307 130.391454
13 -11.187852 22.071310 -7.728464 -3.491163 4.760612 -4.658434 7.571003 -5.391828 6.063889 1.493928 -7.393172 -12.436509 25.437710 -15.111031
2 -20.314986 55.425879 -13.977924 6.155140 3.992560 -6.465544 7.664541 -14.866754 -21.480395 -3.338727 26.344324 -7.533891 -11.056236 -0.547987
2 -35.768738 108.730720 -12.899327 2.763856 -7.221989 3.556759 0.885810 -21.193162 -26.445980 1.213901 -5.610219 -7.480976 -0.935934 0.405279
14 23.034093 -7.346935 -7.808045 -10.978795 -8.921651 -6.660906 -9.742707 -4.223458 -21.402123 -6.472757 -3.421252 0.164621 -9.335028 73.114943
6 -18.678902 -6.340839 -18.720865 -11.069618 -17.178524 66.791073 17.509065 1.416880 -11.748898 13.574206 2.539005 -7.783630 -1.380851 -8.928104
10 -9.109056 -12.716453 28.513203 1.740414 -5.152865 -17.058043 -2.455849 -7.898169 -37.676908 34.904417 12.332029 -0.013715 -1.202882 15.793874
13 3.483067 -4.106544 -11.684852 -17.553924 -2.521468 -11.172854 -19.449095 23.299518 18.066002 -39.972931 -19.788046 -0.238338 93.378458 -11.738999
3 -13.125022 -3.675113 116.672603 -4.637943 -7.666691 -13.851959 -7.954542 -3.665756 -12.123531 -7.248249 -10.706803 -8.517977 -18.233834 -5.265185
6 -4.532846 -20.049124 -8.513478 9.423623 -12.901584 46.043913 -2.426294 -9.145203 -10.214162 -12.786737 -0.462594 13.399922 22.626414 -10.461848
12 -0.467108 11.499173 -10.339990 -3.927006 13.799835 -6.022577 -2.704930 -40.615812 13.408113 -9.900162 -18.045590 54.113962 -14.296981 13.499073
14 -6.137163 -11.188451 2.268910 4.976674 2.111248 2.322701 -5.248499 1.735318 -3.706791 5.265484 -1.554367 7.823143 -12.108974 13.440768
13 0.342607 -4.961518 2.817741 13.088079 3.517374 3.231769 -7.873104 -6.065686 -19.422712 1.431041 -15.979128 0.407511 22.942647 6.523379
2 -4.695803 45.886268 -3.256142 -1.874534 -10.537459 -6.620531 -11.531164 -3.405218 -8.975098 -10.554820 43.146098 -2.812017 -11.301123 -13.468453
13 23.340444 -17.416937 -5.738764 15.276469 3.981945 -35.603776 -8.715409 2.973305 16.098630 -5.674860 -17.543842 -19.018969 53.405691 -5.363923
14 -1.407106 -7.291319 -7.063901 -3.745216 13.402031 -3.984231 1.348851 -11.114870 -7.377484 0.062295 -3.389526 2.001312 -5.610860 34.170023
5 2.857100 1.045041 -1.542652 -1.248852 5.968584 1.249703 -2.253431 -3.703491 -1.325179 0.470312 -2.227847 0.229287 -4.698687 5.180112
14 -23.589655 -22.852101 -29.750894 -16.462300 -12.574124 0.729133 -32.138136 -31.218019 -38.268991 -24.402065 -22.225240 -9.397915 -2.316874 264.467188
11 -10.026389 -18.214475 -13.957736 2.416648 -9.024571 -1.170549 -6.164737 -25.113924 4.732021 0.186774 105.927254 1.794695 -11.570050 -19.814957
7 -2.302886 5.850708 4.145032 2.510604 -10.763594 4.793048 31.893749 -14.535561 -3.278604 -15.503345 -5.748441 3.615067 -17.208865 16.533090
6 -25.169973 -16.904494 -16.651268 -30.599943 -18.299368 186.118711 -30.876820 -24.648321 -41.699874 -10.620287 15.373220 9.005044 29.371566 -24.398194
4 -3.951285 -1.539938 1.943905 81.356513 -13.080174 -4.732840 -5.780474 0.163285 -19.678273 -5.976370 -2.394115 -9.653832 -10.295898 -6.380500
4 -6.376418 -7.621850 -4.354064 83.218919 -9.056243 -10.397148 -4.060764 -3.343650 -11.091256 -6.279884 -0.176592 -5.218468 -9.781835 -5.460744
14 -14.273516 0.939454 -6.845061 2.226949 2.025828 -5.686541 3.988616 9.850602 -6.710506 4.511320 5.886805 7.749182 -16.365297 12.702164
7 -33.738437 14.545033 -27.286467 -35.280801 -26.000221 -4.347190 219.548923 -29.024982 5.789328 -12.685680 -22.495533 -26.241485 -6.189571 -16.592916
7 -9.167232 -6.340483 -21.666319 -9.368059 -12.715943 -12.319802 101.437765 4.479194 -14.996222 -0.477120 -11.371025 -19.283216 7.941152 3.847312
7 34.626327 -7.988755 12.308920 7.110251 -3.892709 -15.841721 60.572271 -16.077787 -17.392996 -11.248671 -10.709706 -3.347863 -23.506075 -4.611485
7 -43.469622 -15.965181 -12.363447 -19.416652 -7.630056 -14.666815 135.354643 -6.905358 -24.640615 -13.409966 18.590911 -4.792268 -5.238752 14.553179
7 -8.110369 -23.256855 -15.197992 -14.210901 -2.156063 -18.539090 86.717559 3.828931 -2.664482 -17.457654 3.812882 -3.239430 -0.287751 10.761214
6 -121.437928 -2.463176 -25.075015 -50.522802 -19.927046 344.017751 5.832720 -44.212664 -35.301948 -41.330488 -3.231802 -9.112539 18.556173 -15.791243
3 0.310844 2.170706 91.656926 -8.566239 -20.437541 -14.876714 5.785434 -14.880322 41.632183 -17.566977 -23.159416 -24.823167 -0.136391 -17.109329
2 -9.367855 16.135283 -1.322193 2.617597 4.830594 9.046886 -0.073835 -13.150647 -14.154568 -3.966722 11.655831 9.249626 -9.983617 -1.516380
8 -26.350501 9.364569 -3.862926 -14.552708 5.165813 -16.525944 -5.122919 59.344417 16.737035 -20.994007 15.777996 7.049841 -12.865341 -13.165327
8 -8.469671 3.425767 -14.372367 15.310889 13.748600 -9.078603 -7.996065 18.641978 -2.698825 0.659665 -2.224866 -4.013964 0.298905 -3.231444
13 -2.882242 0.671596 -3.225264 4.056927 -14.367371 8.474824 -9.027350 -18.161762 10.166762 2.645871 -13.364464 -7.141326 22.139438 20.014361
4 -10.833740 -2.751056 -11.098964 89.372154 -10.844627 -7.311519 -1.837038 0.149640 -7.664755 -2.607888 -10.317125 -14.153017 10.277693 -20.379754
4 -7.497500 -17.578012 -3.333617 84.241771 -16.260750 -4.092535 -6.575823 -9.760355 -14.130998 -0.441834 1.422228 -6.693476 0.003542 0.697361
4 -11.418971 -12.942766 -6.012518 82.337151 -17.513324 -7.570158 -1.670525 -4.985882 5.693295 -0.118595 0.361554 -6.446593 -14.961892 -4.750773
11 -13.558926 -47.113257 -18.894417 -33.857465 46.057235 2.869637 -11.346813 -34.543520 -32.183963 -25.429964 226.750122 -20.598699 -16.654196 -21.495768
11 -14.861708 -23.956676 -32.387798 4.856398 -26.198293 9.782590 -3.390215 -12.545058 0.767866 -29.147811 161.306960 -7.745557 -5.989910 -20.490788
3 -5.025718 -6.098670 27.081567 -8.831836 5.515484 -3.054676 -7.656953 -5.818826 5.304919 3.256021 -2.859056 5.116498 0.931871 -7.860628
4 -4.919051 -2.039239 2.233450 88.449784 -8.451043 -14.650578 -8.519261 -4.784441 -18.152002 -8.648376 -2.305556 -7.103602 -6.862603 -4.247480
5 -11.159807 15.105000 -10.026248 7.963640 90.015409 -23.000886 -10.004737 -4.491394 -39.765882 4.187198 0.790657 2.584346 -17.560709 -4.636589
13 -14.001810 7.676923 -4.303258 -8.378047 9.417291 6.793263 -0.913586 1.164947 4.306610 -11.412819 -5.560379 -15.838514 15.551716 15.497664
13 -0.260992 -0.025906 -5.286921 -0.844154 -2.057978 1.172626 0.943608 -4.117196 -0.556299 2.299223 1.923155 5.340051 5.570786 -4.100003
11 -11.276767 -14.222463 -15.156933 -12.149122 -11.405131 4.500671 3.008531 -17.968869 -13.409858 -44.551847 168.925472 -6.429948 -1.411436 -28.452292
11 -10.704044 1.426436 -16.393398 -35.637338 -20.978208 1.615783 1.787251 -34.082007 -21.302708 -61.147260 271.508068 -43.289324 -10.814095 -21.989144
11 -7.260607 -15.060462 -9.854033 -4.133108 16.247218 11.286120 3.843094 -17.271583 -32.959952 -41.237220 120.191866 4.489779 -19.392557 -8.888549
6 4.685535 0.869571 2.149250 -1.978839 5.035206 7.802876 -4.867444 -7.238954 -3.142837 -3.297645 -1.249854 -7.674781 3.948305 4.959611
1 61.031390 -2.182805 -7.147961 -16.464455 -6.098238 -10.901946 -8.688462 3.656305 -6.949729 -5.532252 -12.177400 -5.251519 9.138065 7.569005
13 -7.573880 -31.570222 11.749290 -5.968709 9.569982 4.664969 -1.890559 -22.497802 -25.342332 -13.639264 7.857167 -16.452183 88.896788 2.196750
3 -10.499909 -7.579644 40.870434 19.798425 -2.625174 -14.039526 -0.520831 -20.284934 16.044557 -1.408620 -10.606089 -12.371567 -8.468753 11.691634
4 -7.927105 -7.608057 -7.364475 86.423527 4.971471 -22.501228 1.379992 -7.361708 -17.113022 -10.466662 -2.437232 -12.004935 -5.827807 7.837245
4 1.005878 5.798537 -0.885493 81.091153 -12.277329 -4.106138 0.655066 -12.802382 -12.719887 -7.566190 -0.332501 -0.050582 -24.895453 -12.914677
2 -11.468635 72.793270 -3.984971 1.692685 -7.575412 -8.024890 -10.458429 -12.276268 -32.520230 11.424673 1.535167 -5.828630 -6.455650 11.147319
10 -12.548855 -2.167600 8.958041 12.371487 -3.031591 -8.554466 -4.965944 -4.095078 -10.976987 31.151225 1.860726 8.381954 -10.457209 -5.925704
1 0.000000 0.000000 0.000000 0.000000 0.000000 0.000000 0.000000 0.000000 0.000000 0.000000 0.000000 0.000000 0.000000 0.000000
2 -11.223146 128.692804 -4.437748 -1.956672 -10.608582 -9.787246 -10.707513 -11.015880 -15.117844 -3.815380 -4.956045 -21.960249 -13.103482 -10.003015
5 4.502966 5.335845 1.664152 4.796195 15.420470 -2.752808 0.605742 1.681030 -29.517488 8.559469 -3.956624 -8.517761 4.384508 -2.205697
1 88.234038 -24.856326 -4.040790 15.988264 -9.362109 0.654384 2.288840 2.553744 -9.112611 -25.838970 -13.206828 9.755843 -16.219839 -16.837640
7 -19.911552 -14.662678 -9.164111 -11.741957 -2.895080 -15.056744 122.768291 -21.552271 -28.916025 -8.069220 10.174128 3.126457 -8.065896 3.966660
6 -9.271511 -26.334010 -3.371645 -26.688105 -12.130501 209.216381 -10.743319 -0.556686 -20.386502 -27.301508 -24.368270 -31.810629 13.808765 -30.062461
6 1.174060 -8.722145 1.502909 2.172522 -0.357350 4.548602 -1.450348 0.853856 -1.603357 2.813969 -0.897856 0.735335 -3.988082 3.217884
13 -28.454191 -17.434827 -14.888819 -8.275983 20.570483 7.792868 -5.582087 -7.937392 -6.591714 7.678591 3.796126 -12.651498 72.026858 -10.048415
1 126.660314 -19.208387 -14.532543 -14.875800 11.980032 4.881214 -20.295334 -33.271628 -7.649055 -19.456497 -8.267110 11.291679 -9.910289 -7.346596
5 -10.258976 4.614937 3.097393 -2.210216 9.764520 -11.037337 2.948272 0.244632 -4.812168 2.553311 6.043033 2.259184 -10.083607 6.877021
10 -0.688356 -5.397270 4.289941 -5.347613 -0.255802 -4.029607 -9.439618 -12.453704 -16.628276 27.230905 1.342966 6.457830 -11.624679 26.543284
2 3.481337 61.197911 -8.875894 -19.768902 12.180871 -6.253245 -3.624368 -1.269859 -33.175478 2.322790 15.394785 -15.267863 -20.496932 14.154846
8 -7.894524 5.504588 -5.304866 -8.861551 -2.760424 -18.773147 -1.460938 72.211815 -21.199563 -3.292974 4.211517 -16.105854 26.177006 -22.451086
7 -8.435116 -10.969521 1.649624 -9.589100 -0.543842 -7.154901 77.748367 -1.191671 -15.972016 -11.463530 -8.519804 -7.002642 10.251396 -8.807243
8 0.000000 3.045499 -1.439463 -0.748265 -0.097481 -0.936485 0.000000 3.994806 0.000000 0.000000 -0.511631 -1.368023 -0.363029 -1.575927
11 -12.164724 -49.882450 -23.747383 -37.225053 100.840918 24.394056 -5.722320 -28.595282 -51.156103 -5.184936 120.800680 -26.976242 -23.173290 17.792132
10 -4.861652 -6.842203 3.203299 -10.004862 1.609344 -10.106282 4.970969 -10.135370 -16.079112 64.899841 -12.817030 0.154615 -3.630006 -0.361551
14 -20.851065 21.891437 -17.706410 -38.842023 9.393221 -22.161318 10.517684 -2.364656 -60.263066 -13.571810 -3.269115 18.048331 48.074050 71.104740
13 -3.050065 -8.077529 5.811651 -1.921018 -2.378136 0.452993 -4.880013 -14.183159 -9.101724 -1.360640 -1.977922 -5.210856 45.875628 0.000787
2 137.917722 169.536727 -36.599231 -40.704004 -56.342155 19.229114 -8.389571 -37.441556 -24.545784 -27.307887 20.091195 -35.832707 -32.569639 -47.042216
6 -4.748700 -7.803077 12.102049 -9.190718 -13.753511 29.994997 -3.856328 1.933877 4.519618 -1.283620 0.982022 -12.005543 3.905841 -0.796907
2 -2.150827 51.992722 -1.657453 -13.466994 8.611374 -2.957068 -2.503309 -14.683385 0.231030 0.154980 -1.748094 -0.622123 -11.133542 -10.067314
2 -2.618382 5.104216 0.415804 3.411380 2.069195 -3.122614 -2.129901 -2.570413 -5.190557 3.244576 3.245712 3.538672 -8.167476 2.769787
4 -11.099029 -12.094007 -8.366289 81.318845 -13.890113 42.267508 -9.989651 -5.434513 -14.674096 -19.122889 -8.395536 -10.372423 -1.132151 -9.015652
1 514.000234 -47.922977 -75.911962 -61.707502 -39.857361 -39.740745 9.039706 -38.144677 -42.997359 -60.120711 -32.306294 -51.921286 21.104776 -53.513831
1 226.008243 -11.228487 -19.688890 -19.386380 -26.694746 -16.427692 -4.262675 -9.448422 -12.764022 -13.699924 -10.303664 -26.544831 -30.707877 -24.850627
1 191.668945 -21.091198 -23.223320 -15.835873 -55.098058 -20.726518 -6.632281 -12.843240 41.268043 -15.265796 -25.661989 0.644623 26.041824 -63.245162
10 -4.276859 19.626198 -16.641992 -22.060481 2.252385 -9.482397 5.406678 0.090898 -11.547862 21.981888 6.067676 -3.648874 9.304148 2.928589
4 -10.533436 -10.330314 -6.019574 108.667281 -25.039804 -6.331418 -7.370780 5.405195 -24.335632 -2.379926 1.806730 -7.386813 -19.648896 3.497389
7 -7.906648 -5.973382 -3.078635 3.913603 -4.490236 10.021277 13.402247 5.883120 0.133770 -1.175813 -6.023221 -9.154701 10.917818 -6.469197
2 -33.747794 160.562866 -9.065851 -26.697513 -26.493360 0.154666 -4.045030 -18.039099 -4.260265 24.496734 -14.197742 -25.059636 1.426221 -25.034196
5 6.685873 -3.871286 -2.209362 3.277851 6.903094 3.566421 -0.689826 -0.104992 -5.826833 -2.303956 -1.398627 3.285942 -5.278886 -2.035417
7 -0.740483 -13.377066 -7.524206 -18.274441 5.381411 9.782567 26.442754 -6.046410 12.607728 -5.442727 -10.586331 5.832562 5.618589 -3.673946
13 5.338384 -0.379861 -1.818629 5.210886 -13.931936 8.086208 -9.458100 -9.990166 15.422804 -3.826081 -8.798530 -8.797896 43.110919 -20.168000
9 -16.151131 -12.684032 -6.137127 -10.994863 0.404488 32.395252 3.571349 -8.030360 88.818250 -2.793702 -18.118345 -17.525021 -11.999076 -20.755683
9 -6.877131 -8.084866 3.516051 -2.878945 -2.555247 2.018823 -6.572027 -3.203901 14.224963 -10.031470 12.077865 0.972821 13.939629 -6.546566
5 -6.583506 -1.143428 -3.923905 -24.890394 133.130506 -17.998672 -2.920047 -9.294960 6.614276 -30.925950 -12.261177 -12.823272 -23.067798 6.088326
4 1.363265 -11.168073 -5.554776 81.125709 -16.127814 -10.902769 -0.850608 -1.820023 -7.476379 -12.362800 -5.176891 3.563599 -13.635211 -0.977226
4 -9.677363 21.946749 -16.467849 88.452120 16.959361 -17.558926 -12.339639 2.263487 -17.898555 -9.401499 -8.538762 -2.339611 -21.592706 -13.806803
4 -6.431876 2.490636 11.109396 86.047914 -8.668705 -10.102350 -10.244745 -9.055038 -21.150854 13.318755 -6.137128 -9.674252 -20.482067 -11.019684
11 -0.581876 3.295510 0.471159 6.043845 2.229583 -4.659177 -0.564305 -3.621979 -13.460404 5.033526 7.324638 4.506612 -6.765777 0.748646
4 -8.221103 -9.738021 -7.083809 23.164332 -3.666762 7.753310 -1.972631 11.009011 2.880359 -17.582022 -9.571836 4.140832 9.184841 -0.296503
1 56.633385 -8.525352 1.771865 -9.411419 -6.699314 -5.069300 -6.676457 10.416829 -12.034146 -12.592425 -10.048705 5.061661 3.621118 -6.447742
7 -29.791019 0.669364 -35.697340 -27.164475 -12.661272 6.484541 78.968130 29.995315 -56.474871 15.952178 17.201890 -4.530505 -18.230522 35.278583
8 -2.699138 -0.339428 -14.033934 -8.260095 8.487288 -10.206703 -8.732074 77.822973 -20.580660 -11.545586 -6.396728 -9.442882 6.041105 -0.114136
1 96.520921 -12.831928 -2.319405 -3.474897 -9.469635 -13.335334 -14.903912 -8.478284 -2.146117 -13.264438 -0.902620 -15.022545 9.721738 -10.093545
1 111.893881 -26.796375 0.453927 10.549231 -18.021209 -0.170382 1.897911 -16.899004 -25.574629 -22.488731 -12.371811 8.838453 -12.661412 1.350146
3 -1.165737 -16.380735 54.049467 20.988623 -8.770047 -20.149281 -3.918958 -27.065774 -0.665990 -14.556360 -8.682500 22.479187 1.439911 2.398192
3 -8.665151 -7.336421 152.571744 -27.463327 -2.928514 -4.249581 -10.618084 -14.682691 -0.126723 -10.022386 -29.151688 -27.345975 1.802754 -11.783957
1 71.848264 -12.214829 -14.513852 6.727057 -13.580414 8.785648 5.581778 10.619925 -4.339873 -5.739394 -13.184980 -7.741934 -15.235877 -17.011519
3 -20.250099 -4.609309 147.823160 -15.881036 -9.125970 -17.622244 2.787938 0.454780 -6.303797 -15.761273 -6.691911 -11.649547 -27.888645 -15.282050
14 -13.987093 -21.427735 -39.137305 -21.978412 3.682273 -6.178244 7.050999 18.114496 -26.193252 -11.070689 10.509073 25.322608 1.751913 73.541365
14 -6.644163 -20.808335 -6.989677 10.379613 -1.647583 8.903107 -1.297156 -1.902678 -35.056311 -9.239355 2.536731 -6.318114 -12.574979 80.658900
8 -20.359483 5.645954 -16.986754 -17.758762 -18.957124 -10.062548 5.442950 150.145272 -24.454986 24.324323 -16.474402 -19.588779 -16.097068 -24.818596
3 -0.131401 -3.415834 54.668953 0.517740 -11.925928 -11.628396 -5.051690 -5.679345 -9.057419 -13.358382 -2.399211 8.814099 -3.600271 2.247083
6 -3.105993 -22.781067 -3.522780 0.604025 -23.342343 106.968968 -3.135693 -2.675159 -18.496671 -20.599486 -5.150874 -10.619080 26.250416 -20.394265
13 -9.667103 -2.592911 -19.528925 -15.003163 -4.467257 -6.099687 -7.887871 -19.414443 -5.349941 5.413942 -16.962023 26.524942 80.057159 -5.022723
3 -16.182793 -9.469375 100.803516 -10.219482 -4.863648 -6.797123 -7.650554 -0.279892 -10.542698 14.049006 -8.338506 -6.287772 -29.211376 -5.009308
12 -1.048385 -0.034507 2.695352 -0.387670 -0.686446 -1.278947 -0.374392 0.000000 0.000000 -1.593011 0.684344 3.546520 -0.839099 -0.683760
11 -6.864584 -9.032722 -19.477316 -5.122058 -8.962446 1.525220 25.238732 2.514341 -6.436673 -4.032686 40.740658 -13.630872 -8.396076 11.936480
11 -0.575866 -35.697248 -3.701201 -2.168693 -9.476741 -2.167405 -17.799433 3.478273 -2.088736 -10.312157 95.445749 3.581097 -11.182469 -7.335169
11 -40.471077 8.705404 -4.715726 -5.792526 -10.080840 -18.294949 12.011165 -7.395144 -16.456998 -7.455225 111.600689 -25.386845 0.493837 3.238238
11 4.398505 -47.740513 1.668673 -23.294460 -32.360254 -36.929931 -24.235929 -19.366905 -54.129216 -53.304105 414.407845 -14.805548 -49.386838 -64.921314
1 104.533557 -7.296450 29.486736 -13.919320 7.263140 -17.720543 -6.805489 -12.481454 -22.255280 -19.877262 -22.506708 15.044434 -13.691701 -19.773661
5 6.498352 2.954325 -9.825376 -5.026555 165.262758 -29.295040 -13.361035 -30.471170 -17.916630 -10.978688 -3.966633 -24.821093 -3.952366 -25.100845
4 -12.372160 -9.488848 -15.988619 121.705006 -1.379255 -1.297345 7.834740 -4.387011 -18.523524 -7.974943 -15.871698 -6.656279 -17.084449 -18.515614
7 -50.215226 8.939498 -41.862779 -24.796783 62.874839 -58.861192 218.519275 14.785897 -22.889664 -12.461889 -27.238381 -61.650181 -2.868754 -2.274662
10 -15.441912 -3.353293 -10.164812 -21.540386 -16.582850 -4.680839 5.035007 5.058393 1.873047 71.836021 38.242449 -13.354023 -14.267037 -22.659765
5 -11.864894 -6.224516 -6.935928 -4.204884 170.371760 -3.074196 -25.205057 -13.979362 -0.640019 -27.840859 -9.150264 -18.633994 -23.397790 -19.219995
4 -2.991487 2.303207 -9.774635 92.148265 -7.508367 -7.542121 -0.602805 -4.402251 -11.555750 3.675857 -14.836196 -1.879180 -16.567889 -20.466644
6 -11.073021 -23.057925 -26.012566 -39.707463 -25.360701 244.242584 -24.474106 -2.632594 25.106389 -28.708603 -27.621717 -37.678540 -1.616867 -21.404867
8 -8.390228 -1.416129 5.937340 2.881674 -7.320710 13.894206 -3.689799 40.535956 -14.789135 -7.518142 -9.233009 18.045246 -9.579949 -19.357321
6 -1.784222 -24.204488 -26.194932 -31.826012 -23.006682 225.306210 -25.476799 2.789161 -1.801307 -29.192389 -17.664445 -27.150625 -6.905200 -12.888268
6 10.130705 -5.627217 6.018307 -19.083015 -3.677840 79.121706 -2.432480 0.911994 7.053916 -19.172330 -2.718503 -27.676202 -13.033968 -9.815074
9 -6.054098 -0.098551 -6.483245 4.258222 -0.524332 4.573793 0.414316 9.618723 9.751078 -2.421821 -6.824616 -1.346715 -1.781848 -3.080907
13 -9.330705 -4.463131 10.441168 -2.968059 -39.184790 1.373740 -15.320652 -8.252364 19.629043 -37.345960 -22.874737 -6.738390 159.256895 -44.222061
13 -0.788516 -2.813681 -6.646510 -0.154201 -0.852464 -2.891537 -4.412710 -1.430885 -5.297200 -3.529960 -3.584106 -7.057461 40.273090 -0.813861
5 -10.617768 -11.673820 -4.838314 -14.090766 35.969832 23.629235 12.394721 7.466576 -9.121594 -29.387222 0.189743 -5.474026 7.974372 -2.420967
9 -10.148262 -2.684778 -3.385375 0.345847 7.022190 -1.327816 -9.193024 -6.380883 28.628557 2.863646 -30.804365 10.530369 12.046217 2.487677
12 1.847357 -22.645687 -1.473541 9.024112 -15.465801 -21.061415 -9.617630 -21.531453 21.287492 -18.981479 19.368105 44.032390 -15.583782 30.801337
4 -5.766356 -11.350690 -10.361939 93.645137 -9.377610 -14.594401 -2.721644 2.635489 -9.690615 -13.312566 -7.267542 -2.523832 -14.941225 5.627798
14 -2.441596 -4.827528 -3.757227 -4.096491 3.851513 5.897739 2.651946 2.963212 -11.822244 -3.229229 0.120053 -0.065619 -0.487064 15.242532
3 2.656368 -2.378689 13.690859 13.368627 -4.775353 -20.538233 -6.780603 -5.885923 -7.168676 0.598611 3.777134 5.194074 10.096807 -1.855002
4 -12.320962 -0.137029 -13.940830 87.874864 -10.602232 -13.478160 5.915106 23.647947 -20.085687 -13.358486 -0.572196 -3.748724 -21.325161 -7.868447
3 -13.982545 -4.133624 114.317677 -4.209157 -17.194009 -3.441340 -3.318712 5.751728 -0.182061 -0.583841 -17.501184 1.889145 -32.501865 -24.910212
3 13.700040 3.298023 17.026087 6.318928 -6.853616 1.445500 -10.101602 -5.557227 -16.723669 11.900784 2.772077 -16.121245 0.368541 -1.472624
12 -3.636809 8.856659 -3.632710 -19.951674 -20.338287 -15.257930 -26.225556 10.747355 13.549940 -3.212966 -8.715123 42.437198 25.383963 -0.004058
10 -15.566208 -3.640836 4.708927 -13.874754 -6.990920 1.797797 -17.256627 9.946362 -2.950454 31.980232 7.163622 16.220147 -19.683603 8.146311
14 1.032314 2.427593 3.317198 -2.299245 3.213172 -0.753370 -0.722329 -1.877379 -3.733596 4.391635 -4.413041 -4.327714 -3.854388 7.599150
2 13.418028 25.124850 -7.325855 -15.618062 -7.427209 8.289134 19.873607 0.122653 -22.983167 -18.676208 -5.533822 -7.425261 1.991004 16.170306
14 -11.522820 -7.288345 -4.133414 -12.492138 6.985349 0.106294 1.035889 6.502826 4.043154 -2.434032 -3.271559 13.488523 -15.083237 24.063511
4 6.889047 -2.079667 -3.725042 11.918340 -3.415988 -0.500693 -0.842325 -0.979634 1.059019 -2.635212 -0.497770 -1.969298 -2.239866 -0.980912
10 -1.326860 -8.832942 -1.660377 -7.213820 -0.885677 -5.044725 -9.303732 10.627698 1.339896 37.320955 -12.933982 -15.504517 5.986552 7.431530
4 1.295783 -10.172874 0.177624 76.089132 -15.980265 -14.342061 3.501438 9.569261 -1.102019 -21.823164 -2.809823 -13.294969 -5.147928 -5.960131
4 -2.855015 -9.899794 -2.436473 84.503926 -14.251557 -10.047723 -2.261324 6.709926 -12.759742 -10.635122 -3.434252 -7.386717 -2.923156 -12.322972
1 17.930044 -0.177253 -0.262709 -1.559578 -1.374753 -5.282006 -4.146850 10.424734 -3.275913 -2.973533 -7.465338 -0.258541 -4.441806 2.863503
12 10.916102 -1.965960 -6.891565 -6.687959 -15.815598 -10.779879 1.743838 -0.177363 -3.824378 -11.079499 -1.068372 62.726334 -11.019091 -6.076607
1 60.148481 9.640268 -2.378862 -15.757642 -17.801190 10.395345 -14.196143 19.616935 -3.279686 -9.190071 -14.016359 -7.206350 -7.030408 -8.944320
14 -1.556908 16.355965 -0.001105 -10.028705 -10.782494 -16.091381 0.013937 -1.001280 -4.604551 0.580922 -9.025947 -10.025258 18.345587 27.821218
5 15.712629 17.966489 33.108610 -13.459804 37.135387 -27.259524 3.608626 -52.363894 2.981627 -15.136769 -19.989523 26.802357 -29.541386 20.435172
9 -6.461659 -16.782624 2.605577 11.049797 6.053154 -11.288014 11.389384 -8.473146 22.692685 2.011212 -0.593078 6.563287 -20.618089 1.851515
5 -8.469782 -0.732042 -7.633644 10.033533 57.985746 -4.050329 -3.731087 -10.203010 -2.112184 -11.738877 -5.942590 -1.951944 -4.854559 -6.599229
4 -14.195577 -0.475783 -8.849313 83.174710 -12.482028 -15.742880 -5.084922 -1.013492 -26.385605 23.478042 -3.473584 6.544440 -21.144754 -4.349252
14 1.535633 -9.565248 -7.504867 -3.572195 -5.812278 5.317065 -2.441498 -5.933734 -4.222550 -7.217442 -6.532283 -8.183110 1.503402 52.629107
12 -3.000406 -4.030365 -0.443806 0.810392 3.446332 3.701214 -0.751098 -3.436691 2.661515 2.128098 -3.470468 3.994683 0.995140 -2.604541
9 -3.105695 -2.449549 0.383775 -6.684999 -1.054250 -1.028926 2.977177 1.742698 9.667894 3.613396 1.453528 -4.883114 0.637634 -1.269568
4 -3.928265 -8.562998 -9.880313 85.778815 -17.362038 8.199073 3.666854 -1.102353 -10.033304 -7.552797 -5.477885 -4.598288 -13.597607 -15.548890
10 8.438926 -30.622792 -0.512726 -7.923840 0.513884 2.767155 -5.005619 9.922020 -19.004208 25.512832 -0.883126 25.208947 -17.703173 9.291723
14 -16.691973 -24.702090 -32.929417 -31.884586 -23.761483 2.581559 -19.693425 -12.106677 14.661863 12.427838 -9.262702 -26.427408 -1.005219 168.793725
6 0.924922 -26.906545 -13.321170 -13.914057 -10.990564 130.575652 -8.147960 -20.612276 0.535684 -22.396124 -16.601490 0.597130 17.834637 -17.577836
6 2.036722 5.150345 -5.932926 -9.059962 6.378358 24.948110 -10.331479 -13.472499 -3.022768 1.778475 -10.909995 8.263263 11.531979 -7.357624
12 -1.035781 1.279735 -0.257486 0.698739 0.362121 -2.449805 1.685025 -4.807656 -8.513869 -0.184251 7.106274 9.317410 -9.110480 5.910026
4 -4.741592 -12.333952 -6.637411 101.603545 -14.251188 -12.965674 -3.847602 -7.984664 -9.435718 -8.089675 0.754659 -3.405203 -13.241208 -5.424315
10 1.540817 -18.340726 -12.607474 -13.399324 -3.153459 -18.451754 -17.354695 1.653100 9.063212 48.128183 -3.771185 12.710913 14.733027 -0.750635
8 -16.015950 16.509193 -22.069972 -13.139072 -19.200538 -29.321139 -28.607671 179.744053 -25.973162 19.492618 -13.577464 -32.343442 -11.166806 -4.330652
8 2.779806 -2.322170 2.083586 -10.962247 -20.404046 -1.988872 -1.640784 56.850727 2.940720 -2.163038 -7.292046 -7.449337 -3.769104 -6.663196
1 85.402804 4.213169 -16.793703 -2.215104 -3.061853 -5.532235 -0.423588 -9.943230 -9.246998 -10.268874 -6.560232 -15.960440 -11.575854 1.966137
13 -11.238907 4.644261 -2.806648 6.247069 -4.794691 -8.752717 -11.422602 0.194778 -1.792713 10.053592 -1.303924 5.049289 14.882596 1.040619
5 -3.835099 6.258352 1.503617 -12.966206 37.082308 -24.424454 -8.335760 19.337610 6.280859 -9.050096 -7.682429 -6.059929 8.558613 -6.667384
11 -3.599950 -2.822914 -16.336969 -7.481911 -15.635244 -8.453775 1.392653 -14.373792 -9.321026 -10.327287 125.660677 -9.549172 -14.098223 -15.053060
14 6.457230 4.012874 8.814304 -8.623910 12.188386 -17.977831 -9.004099 4.351878 1.684780 -5.559777 1.690259 -18.991091 -5.920863 26.877858
4 2.299245 -20.837423 -8.558918 20.876593 -16.420156 0.395960 -6.737227 10.555867 18.945686 14.506750 -22.031362 14.804442 -9.659567 1.860109
8 -15.890269 -1.390440 -36.745612 -5.354350 8.891062 2.301225 -35.641738 158.090705 -2.755701 -27.972114 -15.316143 -1.412644 -1.758508 -25.045477
1 19.591272 -3.344356 -2.046497 4.006453 2.452977 -5.625311 2.266620 13.291026 -4.744577 -14.323022 -9.326034 4.237590 1.997021 -8.433164
4 3.469343 -23.491220 -2.803739 27.848637 13.859476 11.677773 -10.848234 9.209654 18.200689 -4.155174 -14.898525 -3.237926 -12.804291 -12.026463
10 10.109897 9.918394 -0.340451 3.981318 -5.215324 -10.166647 2.452292 -13.123106 -0.376989 25.538838 -15.431514 -5.644238 4.290134 -5.992605
4 -14.683721 -11.951158 -7.078675 100.157166 -14.471107 -8.245915 -3.631227 -1.502125 -9.043171 -10.215934 -2.171223 -3.398891 -11.846674 -1.917342
4 -2.541344 1.719347 -0.707382 10.117228 -0.591229 6.382495 4.247953 -4.514223 -6.419941 0.769500 1.350728 3.953648 -12.902021 -0.864760
13 -3.540071 9.584233 2.375841 0.462561 -0.202082 -1.241871 2.334649 5.756736 -0.734776 0.874925 -5.185673 -15.294343 12.335986 -7.526114
1 69.201775 -15.545794 -16.903798 -7.808554 -12.327914 -8.764657 -0.166030 -7.457479 -7.628000 4.145396 -6.485372 23.077687 -13.329729 -0.007529
6 -3.673761 22.746373 -17.558700 -26.001877 -29.360721 173.366442 -17.623965 7.315653 -9.055021 -18.616953 -21.212985 -12.911305 -24.086057 -23.327121
3 -5.031422 1.296680 40.516549 -5.313604 -3.364353 -12.442374 -7.459059 -12.755058 -1.819382 15.694760 -1.580035 -4.091040 1.727163 -5.378827
5 14.848617 26.858779 -15.176370 1.000776 39.469683 -6.383186 -8.448678 16.081864 -11.874903 -13.744291 -26.105296 -7.213825 0.289832 -9.603001
8 -14.811095 -9.062512 -11.296010 13.848840 -11.980070 -1.049783 -21.682493 85.873372 -12.044687 -5.792512 -9.186408 -2.104050 -10.155023 9.442430
14 -1.565093 -2.340510 -1.094529 -5.592989 6.020613 -4.597225 3.740011 0.355932 -3.967945 5.962726 2.203205 -0.981294 -4.590206 6.447303
2 1.074367 7.907557 -7.496664 4.376099 -4.325003 0.862487 3.150620 3.442081 3.997015 1.574524 -6.777183 -4.757682 5.013281 -8.041501
6 -22.889527 -55.068859 20.388897 -23.258286 -27.936960 142.566798 -20.255850 -23.212271 6.912299 -71.661742 72.780694 -3.383812 26.173987 -21.155368
12 -22.698452 4.278723 5.985256 21.487359 -8.700931 -18.063573 -11.954078 -18.519950 31.362618 -18.540157 -23.020590 69.741988 19.195628 -30.553840
3 -20.680952 -10.605086 115.952971 -15.192985 2.870318 -8.590948 2.669994 -26.491644 -32.140852 -0.777849 -11.548452 2.408910 -3.688756 5.815328
9 -1.277049 0.000000 -2.557029 -0.693890 -0.465226 -2.039850 1.524133 -1.581511 9.574950 -0.929795 -0.627633 2.473799 -1.208124 -2.192774
14 -4.725047 0.022770 -9.436823 1.361198 -20.805221 -6.521262 -9.099873 4.515682 0.845714 5.970277 -10.847849 4.171258 22.090486 22.458691
12 -2.527485 6.786579 -1.364714 -7.420037 -9.143715 -3.602930 -7.007826 -4.457544 -5.825798 0.585051 1.292641 32.353761 -0.444071 0.776089
11 -3.231761 -2.353223 -0.737980 -6.457362 -20.061949 -4.283592 -7.939627 -28.590378 14.302591 -5.003413 77.242450 -5.326886 -10.835830 3.276959
8 0.273045 0.423435 10.739928 -15.485401 -1.828679 12.819385 2.972625 18.448365 0.982536 -4.044631 14.502709 -26.550551 2.004208 -15.256974
2 -23.105468 54.266056 1.367212 -10.850513 3.378695 -21.498023 1.037028 -11.385238 15.926474 -2.096937 -3.282461 -8.135960 -0.016426 4.395561
1 537.101404 -56.910335 -68.256062 -57.604532 -56.641474 -45.716174 -12.749973 -23.447854 -49.183996 -70.117186 -22.398145 -44.633056 22.076816 -51.519423
7 -13.549663 -11.716232 -4.428742 -6.649712 -8.853544 -6.443122 70.999805 -9.026518 -6.355125 -4.950595 -4.101871 18.127386 -7.504361 -5.547707
10 -7.375305 -10.012662 -2.060639 11.888942 -2.883559 -7.456393 -4.441603 13.372210 -19.036207 24.365725 4.229742 7.961951 3.345694 -11.897895
3 -14.184567 -2.898692 77.845511 -23.681866 10.053766 -6.154328 15.061835 -13.276593 -6.970033 -19.172796 -16.008332 17.349610 -10.086629 -7.876888
1 78.552699 -26.387939 8.339644 1.247785 -14.237687 -17.280570 -36.128469 11.097538 25.005709 -8.468619 -21.935420 -1.049351 21.380833 -20.136156
1 77.959032 -6.139957 -6.925595 -2.933087 -9.791216 -6.475598 -13.339560 -5.790323 -1.182667 14.150085 -6.474288 -10.118644 -17.217937 -5.720243
2 -4.053968 52.107978 1.213142 -2.208666 -4.654308 -6.479582 -7.267730 -8.183221 -4.283777 13.567725 -14.193172 0.361871 -9.889109 -6.037182
6 -5.732081 3.675446 -2.495249 -14.430796 -3.092554 79.572540 1.822643 -10.876107 -3.163074 -15.482323 -10.055983 -23.673919 24.392615 -20.461159
5 -16.928439 -6.245554 -9.524666 -7.921502 79.287284 -25.732221 4.781902 13.644725 -24.013540 -1.127534 2.552171 -19.235146 -0.063245 10.525764
6 13.451674 -6.247945 -14.266702 -11.709412 -17.027837 70.287061 -23.504046 -10.583862 -30.525808 14.455231 -7.437182 -11.112390 11.916404 22.304815
10 -11.621168 9.659477 6.070342 -7.138259 -11.881258 -8.333908 -8.900529 1.733347 -2.769817 19.666226 -5.210960 13.840749 5.236402 -0.350646
2 3.142113 32.151912 -6.632367 -9.532581 -18.694335 4.674952 -4.849474 5.318707 1.935210 4.722912 -4.877206 -6.072694 -4.338701 3.051550
3 -16.182793 -8.899249 101.071588 -10.219482 -1.014693 -9.612753 -7.549863 -0.786993 -10.866465 13.853585 -7.770780 -6.287772 -30.725026 -5.009308
6 1.693868 -1.956147 1.745829 -8.193125 -24.576171 13.587100 -5.936545 11.400562 -3.683047 2.315722 7.949975 2.796133 4.706464 -1.850617
6 -0.274179 -2.431181 -0.237652 2.869322 -4.992226 8.916185 -1.601087 -2.680280 1.649762 -2.310553 -2.413069 0.638242 3.988322 -1.121605
3 -5.912021 0.854251 79.974473 -2.436026 -0.416621 -5.714968 -11.905301 3.679314 -11.022120 -16.996908 1.555942 -18.489924 -12.024501 -1.145589
10 -19.964786 -10.582304 -24.381828 -6.884531 -6.528904 -10.775299 4.846132 -8.466551 -6.918171 156.007452 -5.117045 3.635967 -56.890117 -7.980013
10 -9.154052 -6.799306 -7.111550 1.743311 -2.586078 -18.329170 1.999566 -20.431910 -22.159043 60.352108 5.073770 15.530835 -8.032073 9.903592
7 -63.777062 -78.641028 -60.524545 -103.575766 -24.217331 -81.384316 816.833348 -57.601720 -59.779059 -40.545731 -98.200671 -54.186882 -52.764874 -41.634346
8 -4.148167 -4.457415 9.625928 5.646113 -9.448714 1.754078 1.121873 12.984733 10.261708 -15.993707 6.899317 0.667044 -13.660991 -1.251800
12 -4.833740 3.812888 4.413485 4.714540 -14.085488 -0.974620 7.023110 -9.350045 -29.640690 -12.629644 8.266621 70.059892 -18.986846 -7.789462
14 -2.340575 1.816854 0.578711 3.782020 2.257344 -3.087917 -1.060887 -0.638112 -9.185363 3.306163 4.352020 3.538672 -7.686126 4.367197
11 -9.554223 -23.545217 -19.913726 -23.839556 2.972091 16.897360 -0.323608 -15.601481 5.996785 -47.787605 130.024588 20.000456 -19.316396 -16.009460
11 -33.366677 -79.186333 -59.873080 -66.440278 -1.552269 -20.523454 2.405798 -81.201350 -70.896343 -127.613337 713.588287 -86.332967 -21.116370 -67.891596
10 -2.738528 8.286143 -11.994057 -8.957283 -8.376984 -3.937886 0.499990 3.764749 -6.629100 15.956326 9.158237 1.774472 0.463131 2.730791
3 -16.182793 -9.241035 100.826448 -10.219482 -4.141393 -6.897624 -5.134153 -0.970615 -11.018641 14.571445 -9.135998 -6.287772 -30.956348 -5.212042
7 -1.985268 2.341859 2.128510 -3.745785 -2.463570 -7.289505 10.973436 -5.731764 2.574174 8.888168 4.209325 -9.123704 -0.354075 -0.421801
14 -14.286774 -15.386411 3.418097 -18.156665 28.016133 1.416010 13.421602 -19.069883 1.361990 -25.050987 -24.022227 7.480498 7.135934 53.722685
11 -5.227477 -2.019295 -12.341919 -2.177846 0.253233 -0.348496 -8.633647 5.399445 -6.655262 6.909639 39.631280 -3.954060 -6.350986 -4.484609
7 -6.118309 -1.532585 -5.056746 -0.069159 -3.138287 -0.194803 11.604973 7.833440 -0.057839 -2.558556 6.051512 -5.302476 -2.259851 0.798685
2 2.475833 9.616069 -6.950274 9.299690 2.986602 0.788209 4.425354 -0.582276 -14.291632 2.743022 2.873358 0.201889 -13.260719 -0.325125
11 -28.975340 -16.563874 -1.857193 -33.083344 39.151022 -34.550642 -12.488895 18.763183 20.769433 40.744130 48.090600 -2.197048 -1.831244 -35.970788
11 -14.494582 16.877194 -30.690414 7.525192 -13.714470 -10.303813 30.896453 8.297789 -24.942968 -24.129932 105.720903 -28.630895 -17.579093 -4.831357
10 -2.791276 -9.151588 -6.859851 -7.730074 -10.437561 -8.299777 -6.481594 -16.609674 -0.143235 90.761001 -6.887823 -5.996634 2.017260 -11.389173
11 -7.199877 -21.646059 -16.864120 -7.359378 20.896125 -6.428742 5.896364 -9.671912 -21.748926 -20.749201 123.981774 -9.322530 -16.958661 -12.824852
11 -4.035303 -8.028748 -4.076567 -7.445252 -7.327627 -13.226385 -3.826406 -2.974175 -11.786585 -3.634028 93.271520 -11.109101 -12.264622 -3.536723
6 -5.895616 -1.759978 -19.030195 22.569081 2.270346 58.194201 1.934374 -16.786932 0.380856 -11.064826 -16.639617 -2.807747 7.150760 -18.514706
13 -0.402037 -4.137576 -15.738848 -3.710732 7.405184 -20.951015 -4.740757 -7.409983 -2.952929 1.974507 -9.438241 4.255912 60.119385 -4.272871
2 4.632288 40.960861 -7.903839 -1.370725 39.049889 -1.498793 -9.519716 9.054937 -12.597919 -10.559059 -8.185416 -22.762902 -8.935118 -10.364486
14 -11.037380 15.268523 -13.397990 -15.577549 -2.552541 7.145908 13.214760 1.953209 0.391448 -10.845475 2.044234 -11.580583 -14.031846 39.005281
2 -71.247329 40.916521 4.244045 -15.339663 16.443691 -31.800533 23.263111 0.148472 -13.636367 7.845638 20.605715 1.581271 -13.171154 30.146581
14 -7.435365 -5.920939 -6.812936 3.241149 -0.661871 -15.003101 -1.746336 -0.277469 -19.059061 -3.241161 17.756664 5.796497 -11.538972 44.902902
3 -13.957796 8.726568 11.027177 -2.285208 -1.324952 -7.947617 10.169390 10.615162 -8.940571 -11.108384 8.329346 -4.539670 -3.429660 4.666216
2 -45.231532 104.574433 -8.986652 -16.802172 -4.119765 -12.168820 -4.731354 32.292672 -22.170982 17.719718 -5.104431 -18.579421 -9.002080 -7.689615
5 -1.788903 4.818814 6.355702 -11.721792 68.664626 -15.842862 -10.029402 -7.597006 9.468506 1.025798 -4.068190 -12.460286 -17.072882 -9.752124
9 -6.333398 3.752982 -9.978172 -10.419375 -9.776113 6.054070 -7.001160 2.317071 82.959591 -23.103136 -2.017270 -0.465402 -11.275312 -14.714376
10 -11.522320 7.474915 -8.609771 0.101611 -5.275939 -1.831814 -4.030138 -13.988431 -9.617543 19.526018 -4.630812 11.724511 16.344419 4.335294
5 -10.986686 -1.176686 -10.183268 -2.330180 69.794598 -23.523376 8.015894 -14.109583 -35.326170 -15.140112 19.150248 -2.436624 23.736193 -5.484245
2 -69.842663 109.017341 -1.961131 -14.072707 5.735333 -19.555923 6.397140 -15.206263 -16.233356 -1.433841 4.452371 -3.693216 7.670670 8.726244
13 -4.626821 -6.671130 -2.239824 0.905414 -12.294524 -9.469622 -4.530537 -0.681934 -11.682952 14.742780 -3.213030 3.268644 42.617583 -6.124045
14 -21.467059 -28.591385 -16.118398 3.949047 -25.025222 13.343338 2.053209 -17.678095 -11.059413 -23.961993 -30.283119 -27.064135 -3.399572 185.302798
9 -3.064605 -10.426867 -2.499877 5.945805 -8.641277 2.395992 -6.801394 11.427659 13.293192 -9.743902 3.443022 2.442259 2.376590 -0.146596
3 -23.037053 -15.232963 140.501247 4.338497 -29.856443 -21.654751 -5.188644 -11.427010 -17.520113 26.954363 -0.831608 7.452064 -37.197368 -17.300219
4 -8.124065 4.968732 3.573903 25.873581 -2.243070 3.050644 -1.155206 -1.575151 -2.392762 -22.233098 -12.766987 10.742418 13.258517 -10.977454
6 -10.884445 -9.420682 9.612967 -6.698356 -25.844769 75.593872 5.720696 -3.983433 -18.546497 -28.004138 -3.716832 25.055234 -3.632832 -5.250786
13 -11.034979 -9.497410 -18.027538 7.352824 4.538587 1.681765 -4.328462 -0.865145 -9.139834 16.518841 -19.525864 7.411639 28.237580 6.677997
3 -7.187901 -15.298577 66.213720 -9.095152 -6.711140 7.816106 -19.624326 11.380603 -7.378195 -20.274548 -5.138869 15.751887 -8.787019 -1.666592
1 47.926332 -1.763682 -5.098204 -7.396285 -17.077349 -9.012307 0.576420 6.368350 12.951138 -14.734516 -10.692049 7.347015 -7.757525 -1.637339
2 -2.868104 27.512520 -4.647183 0.438367 0.616868 -2.091045 -1.750223 -2.377715 -3.100386 -2.435708 -4.993387 -0.668460 -3.925202 0.289657
6 10.798807 8.624083 -15.303168 -9.887094 -0.753265 13.108602 6.020473 -5.444831 -2.068231 -4.617141 -10.023816 3.178297 -2.002907 8.370190
5 -1.801123 -7.052229 -15.355701 -17.646856 85.091046 8.733107 -8.594839 5.447156 -27.378869 -14.328127 -8.919354 -7.949680 5.659756 4.095715
6 -9.884950 -19.207554 -14.135849 -1.571250 1.537575 112.398155 -3.243984 -9.848244 -4.601367 -13.173050 -10.058336 -6.813015 -12.517610 -8.880523
3 2.902511 -16.858866 109.662258 -18.617049 -20.861307 -3.543798 -11.887381 -20.821028 -14.852477 -26.626851 -32.657807 97.483146 -55.395247 12.073902
12 -3.277685 -18.891043 -6.260464 11.494583 -19.680334 38.440345 -24.582986 -13.810581 -32.842211 34.058217 -26.962566 72.700444 -1.174847 -9.210874
1 54.089441 8.037256 -12.873129 -1.007449 7.877860 3.352991 17.258953 -31.921330 8.876674 -8.888484 -18.125238 6.276320 -27.807200 -5.146669
14 -2.221224 4.148312 -3.355987 2.324414 10.109889 -5.827264 -4.815968 -17.959962 -15.805233 -6.039249 -2.845728 4.165784 7.784496 30.337720
14 -2.670587 0.153027 -2.033282 4.337769 -3.550849 -6.001224 -3.033661 1.495533 -8.996349 -1.816559 5.191545 3.140911 5.788320 7.995407
11 -7.985669 0.444685 -3.599039 8.083324 -0.839236 1.196791 -4.332642 -5.878538 -5.804255 9.893935 12.597753 0.871459 -11.748265 7.099696
12 8.016001 -11.799189 -7.771120 0.398827 -18.710450 5.041353 1.102909 -14.382953 -15.866621 -2.162612 -16.678494 88.946434 -4.849747 -11.284339
1 61.252227 -12.468089 -15.031377 2.287237 -10.593070 -15.681276 4.417289 -0.186497 0.188455 -9.456673 1.638622 -8.863284 -19.799018 22.295457
13 -8.095554 -14.793915 -5.279768 0.543625 -11.153560 5.637103 -6.379651 -8.534057 -6.161526 -2.097789 -5.373789 12.717135 50.146681 -1.174938
13 -9.490148 4.572556 -14.687319 -9.643201 -17.087792 1.800285 8.234383 -15.847495 12.455798 -0.073466 5.514091 0.193438 39.321713 -5.262842
10 -2.767766 6.558874 -12.043098 -5.435426 3.001836 -6.426174 -4.684280 -5.654620 -28.488672 22.277612 14.198512 13.281309 -10.544051 16.725946
9 2.134365 -2.560882 -0.684053 3.777817 -11.088289 -12.308569 2.748351 -1.625606 11.492572 5.007129 -2.790119 5.843690 0.343656 -0.290063
3 -13.220289 -1.155472 97.763363 -11.673118 -7.148903 -16.972829 0.280259 -2.187624 -4.404373 -6.218973 -7.670998 -11.677387 -11.312412 -4.401243
7 10.097942 -43.652111 9.768383 -34.392075 -10.505603 -43.926180 183.702232 -64.613726 -28.549317 -1.197362 -16.868037 -36.012381 37.646876 38.501365
11 -12.562008 -13.137641 -4.005870 1.135990 8.629229 -3.708081 6.762492 2.370297 -29.105129 -12.941415 63.517399 -2.442339 -11.182948 6.670028
8 1.877239 -7.722472 11.490610 -24.014850 -16.975625 -1.680291 -17.333985 69.003119 0.181845 12.193568 -16.166003 -19.673187 11.474207 -2.654172
13 -4.745892 -15.473593 -9.453803 3.009918 -22.790967 -10.741962 4.516311 -9.018401 30.661044 -6.009300 -4.023004 5.856800 32.793986 5.418863
12 -5.650863 11.808627 7.173978 5.539354 -22.019708 6.642778 0.874603 -24.611592 8.400373 8.908403 5.822231 14.280287 -18.466918 1.298449
6 -1.999370 -6.782978 -2.984876 -0.971953 -20.029255 67.898925 -4.084765 -3.861655 -9.858969 -11.082118 -5.928791 -3.181317 13.860359 -10.993238
1 91.888446 3.479364 10.247651 -6.247624 -15.900259 6.730636 4.765567 -8.339015 -21.245200 -35.254197 -21.797060 34.186386 -21.551336 -20.963357
1 28.434056 1.892627 -2.457996 -7.483713 6.999472 -7.243230 -4.628250 -4.548251 2.499038 -2.911480 1.815262 -6.639417 -4.052573 -1.675543
9 2.937104 4.090072 -3.126529 -17.959325 -8.713213 14.561677 -9.879690 -9.315106 57.435069 -2.842158 -4.751407 -1.190906 -15.400564 -5.845026
5 -12.519170 3.511109 -15.702986 9.079751 70.930617 1.854647 -6.164114 -20.629476 -12.962406 -6.027576 0.972772 -4.422847 -7.114023 -0.806300
13 5.912749 5.228269 -14.740236 -12.910646 9.673523 -1.890716 0.441552 -8.229627 -8.371768 -5.794159 -8.725596 2.909799 27.944986 8.551869
11 -4.119800 -2.709786 -8.313670 9.158114 0.397296 -12.553037 2.831718 6.940538 -13.232527 3.905477 13.379020 10.969932 -7.087616 0.434342
1 121.378820 -0.019377 11.928723 -31.572804 19.989887 -28.276156 -4.798267 -3.561939 1.260448 -2.694890 -36.779506 -18.675705 10.102691 -38.281923
1 32.481362 8.784481 -5.130631 -20.387265 -7.464013 5.556572 6.332715 -12.997286 16.615195 -4.438932 -25.204700 -18.059652 -2.369017 26.281173
12 2.996232 -5.954052 -3.097839 3.852338 -6.099036 8.310413 -9.200513 -8.208938 -18.458926 -10.118304 -4.835706 59.735694 -3.068156 -5.853206
1 45.042856 12.123105 -17.534777 2.663803 1.146458 20.665346 0.479885 -21.121779 -9.663694 -16.107353 -13.498681 -7.146015 -5.610159 8.561007
1 136.456486 -16.401753 -9.712526 -6.191932 -17.688604 -5.948196 -7.711089 -8.331659 -4.588616 -2.662330 -6.401241 -15.214737 -20.084262 -15.519543
1 328.231991 -18.880494 -18.230696 -1.075586 -59.780613 -23.653263 -34.755721 -49.544403 18.711143 -51.271587 -28.216950 -31.777101 -13.048790 -16.707918
1 104.057126 -9.766763 -8.012646 -4.282399 -6.265535 -4.524158 1.051692 -12.112339 -7.621832 -10.520434 -9.942277 -5.400310 -10.532131 -16.127992
1 318.949340 -16.400521 -43.689786 -50.968980 -47.742016 -13.320067 -22.473760 -26.115522 -13.770801 -59.901728 -38.092633 -25.615342 49.480026 -10.338207
1 117.064200 -12.002692 -3.375513 -4.258076 -2.049749 -1.981456 -15.164577 -27.536018 -0.951643 -14.346357 -9.761244 -8.641791 -0.804461 -16.190623
1 66.584306 -30.379835 -4.203460 0.518534 -23.383906 -16.708961 -13.305455 -7.786942 15.833971 23.841576 -15.213037 4.517528 16.762764 -17.077083
1 72.090902 -8.963989 -8.429306 -0.801730 -9.154502 -8.453521 0.352007 -3.013216 6.878782 -12.844025 -14.929651 -9.019316 -4.423786 0.711349
1 75.551595 12.178522 -26.178150 -1.520335 19.525297 -14.036755 -5.756622 -9.313529 3.455935 -3.567473 -7.721161 -34.661204 5.212782 -13.168905
1 92.910293 -15.992531 -7.472986 -24.467729 -9.370528 -12.877625 -6.467805 -9.391418 0.322685 -4.927677 -9.989017 -4.945951 4.591435 8.078850
1 125.002740 -7.100971 -8.172428 -16.141446 -23.398920 -13.194097 -3.855463 -5.690208 -5.078255 -12.723411 -1.316548 -6.928217 1.602347 -23.005123
1 77.423287 -13.825262 -9.596559 -7.072133 -14.782621 1.168196 -5.666672 1.091473 0.537507 -6.417522 -7.234168 6.221559 -11.278567 -10.568518
2 4.828430 11.507475 0.089012 -0.447909 3.462384 -5.120724 -1.793360 -6.667595 -13.996967 1.939149 8.509828 -0.351098 -5.524781 3.566156
1 62.143082 -20.722771 -24.534974 8.489119 8.536871 -2.229839 1.512834 -6.002310 5.021978 -8.624336 -13.375740 -19.726476 15.427947 -5.915388
1 23.452719 4.695621 9.213117 -4.597383 1.388290 -0.066824 -4.001712 -3.730537 -17.466629 -11.899279 -1.123309 -2.759634 -0.479580 7.375140
1 82.433554 -20.598988 -13.184909 -11.878418 2.036551 -12.777962 -4.541667 -2.906382 8.106880 24.806325 -9.921032 -10.648875 -15.503303 -15.421778
1 75.903985 -15.125098 -7.428625 -12.429275 -13.578517 -0.560284 -3.230579 -3.074340 7.875958 -8.100072 -7.979940 17.489935 -16.172687 -13.590460
1 61.221482 -3.280576 -8.735523 6.806712 10.756127 -29.034561 -3.952400 -4.970088 3.146120 -7.143921 -0.421863 1.884812 -15.633716 -10.642603
1 92.864148 9.056551 -24.203752 -9.277293 -7.435409 0.437716 -9.149213 -16.863158 -13.494263 -4.302671 -11.753026 6.294560 -9.828638 -2.345555
1 18.113666 2.605126 -8.786709 -8.231994 0.358448 0.962801 -11.125047 -3.968338 -16.884327 6.788982 5.449766 10.765457 4.048107 -0.095938
5 -5.410160 -11.929897 2.135030 -9.039983 52.416498 12.260163 21.050636 -16.253876 -2.490283 9.237495 -31.172185 -2.706730 -2.497997 -15.598710
10 -18.539785 12.978417 -3.085190 -2.751961 -8.807630 1.333452 11.393410 -9.851279 -19.491619 75.668489 3.232181 -6.480703 -35.133319 -0.464465
13 1.550075 0.126604 7.996621 -8.873575 -6.055948 -15.201258 -3.754180 -6.537198 -5.373785 8.295326 5.020722 9.676199 13.190631 -0.060235
5 -17.634338 -25.161599 -12.188175 -49.560944 54.753566 9.562284 19.236704 46.652629 2.799517 53.147192 -30.609770 -11.177930 -33.958568 -5.860565
10 -12.326884 -20.195401 0.915084 -24.082668 -9.633375 -4.913162 -1.149013 24.527883 -33.878581 84.482647 -20.641581 -1.250420 12.951403 5.194074
10 -19.707881 -1.504608 -22.099134 -14.079709 -12.890935 -14.446433 -9.506398 -8.058308 -18.549833 159.733495 -11.294965 -5.990220 4.943147 -26.548217
10 -5.644460 -1.667961 -3.991706 3.671847 -4.681179 -5.347172 6.571174 -4.910423 0.409833 29.451414 -3.121455 -4.221954 4.132963 -10.650921
10 -4.114155 -7.092163 -3.365686 -27.500970 -13.787551 -26.824830 -10.892018 -1.718111 2.898545 101.076798 -7.505971 -8.726944 -0.921732 8.474787
11 16.560951 17.888885 -11.682448 -5.616519 -13.012943 -4.430897 8.246307 -24.673919 7.711402 4.257785 24.969512 -28.327119 -3.776391 11.885393
10 -10.300267 -22.791885 8.863592 5.909990 2.814366 -5.775374 2.377969 -13.617247 -6.062578 35.514599 -5.109103 -10.082636 10.892900 7.365676
10 -7.009432 -14.824369 -26.473342 3.724364 -10.732548 -17.152612 -3.698375 -2.969173 -30.747124 159.532112 -15.192178 4.160488 -22.727340 -15.890468
8 8.251172 -34.258576 -11.223744 -12.680276 12.849089 -2.795166 4.441407 47.476863 -24.318588 -6.936613 10.700210 1.555877 20.308939 -13.370591
13 -10.243933 4.327596 9.085004 -9.954632 12.806507 -19.779027 4.667905 -5.922779 -22.748697 25.275655 -4.698365 -5.286694 33.791907 -11.320445
10 -2.495393 6.539517 6.548145 -1.901744 -6.999307 -19.866173 -8.712736 -0.187569 -17.165675 60.510675 -9.779903 -1.088052 8.450710 -13.852492
9 -6.201776 3.449227 -12.131950 -2.996901 -3.995211 10.158387 8.308904 5.770351 24.131054 -10.473233 -9.043849 -12.327244 3.415908 1.936330
10 0.043402 -17.616607 -0.922472 -12.671264 -3.703446 -2.498377 -10.253543 10.233334 -12.682485 64.172513 1.098323 -12.106068 1.853738 -4.947050
10 3.526397 -12.378100 -2.309308 6.639141 7.240576 -12.021419 -10.918097 -8.626089 -13.326169 41.493838 1.734475 9.929525 -11.852562 0.867793
10 -13.973502 -2.304333 4.961420 10.482867 19.451748 -16.906452 -6.856573 -7.123622 -35.687209 69.029252 8.282595 1.405108 -33.521701 2.760406
9 -11.732125 3.788892 0.076761 6.794801 -0.995870 -6.791987 1.540081 3.205048 19.408197 9.803612 -11.605505 -1.320796 5.606585 -17.777694
2 -8.264277 28.199302 -8.133768 -5.044974 7.021730 3.454269 5.650371 -10.385863 -16.021833 7.949156 10.645228 6.662562 -24.157847 2.425945
2 -28.058510 64.915711 -2.234337 -7.190660 -2.913131 -6.132878 3.046134 -11.269747 -7.353385 0.125748 -4.644940 11.304927 -4.232558 -5.362372
2 -2.226134 75.377441 -5.304343 -1.086466 9.589990 -4.076381 -13.382501 -1.510207 -8.175235 -8.384521 -9.160561 -9.756406 -10.543472 -11.361202
2 -5.506941 89.787397 10.417324 -12.402663 -31.138575 -4.887259 3.976001 -16.119426 3.546075 -7.675296 2.773920 10.862206 -22.331147 -21.301617
2 1.480241 64.619443 -0.239704 -2.633182 -8.298979 -6.710219 2.001885 -7.906433 -4.906819 -6.367222 -11.141873 -7.991026 -12.786472 0.880361
2 -27.805288 76.278229 29.216686 3.180414 -0.162149 -0.407135 -0.765413 -28.223066 -14.277819 -1.100357 -1.875679 -9.389549 -17.921244 -6.747632
2 -19.195370 201.705886 2.255527 -6.821999 94.032202 -38.316183 -53.525760 -23.583049 -48.651824 -18.962487 -6.258148 -20.562945 -18.827773 -43.288069
2 -10.407030 25.558271 -33.694405 6.550930 9.022392 11.944306 -0.655986 16.154734 -24.197863 3.005579 5.484363 -22.358368 4.604554 8.988520
2 -69.556820 84.587592 11.390412 -0.677448 -4.138652 -21.957266 8.272443 -6.319142 -20.400708 17.411944 1.643334 -12.719866 -4.708891 17.173066
2 -6.920930 50.788492 -7.358651 -6.953859 19.720665 2.657963 -4.088801 -3.408728 -1.574208 -0.949246 -5.911299 -18.386053 -11.765038 -5.850305
2 -0.513267 47.814302 -2.540420 -6.941062 -1.159603 10.697900 2.059312 -6.673572 -6.105543 -5.781429 -10.329858 -9.913628 -17.860238 7.247106
2 0.883607 78.066763 -11.507167 -2.634540 8.459509 3.482188 -16.957428 -2.375990 -8.518944 -4.718635 -12.686967 -3.856046 -7.743051 -19.893299
14 -5.871603 4.293316 -13.193003 5.002900 -6.437743 3.465009 -1.437094 -0.127822 -6.275477 -13.178070 1.282658 6.998733 -1.411169 26.889363
2 8.365025 39.748512 -15.254297 2.674910 29.575526 -8.185483 -13.668545 -0.437949 -11.857604 -3.327613 -13.320755 -2.270630 4.887264 -16.928359
2 -11.412807 184.848507 -22.753001 -13.082559 -56.147476 7.210407 21.520953 -24.223949 -18.720153 -11.682232 -0.318138 -12.254695 -13.431101 -29.553759
2 0.799526 84.156616 -12.278389 4.503346 -18.859419 4.275604 -7.215596 -4.082220 9.185008 -5.520876 -11.658309 -13.240707 -11.525508 -18.539075
5 3.924293 -0.769271 -10.882190 -5.697393 30.698904 7.100868 -17.149631 7.506214 -2.082877 -4.537367 -5.285766 6.494754 1.130081 -10.450622
2 0.102880 28.260115 -2.793381 -4.510766 26.866087 -6.214176 -5.219430 -14.387013 -18.143306 -1.930420 17.245472 -10.193363 -5.795813 -3.286884
6 -17.581196 -63.442559 -38.548759 -17.336134 100.743252 190.305943 12.065088 14.495025 -13.430804 -43.567762 -25.975376 -63.465588 12.451578 -46.712707
5 -11.176698 -21.113987 -14.475251 -11.591769 62.608259 2.704922 18.995532 7.626223 -13.436329 -30.529045 14.699062 6.602037 -2.821928 -8.091031
6 4.108991 -10.133001 -2.038372 -6.801829 2.388330 19.634024 12.072487 7.175756 -19.984713 -15.425217 2.708119 0.356434 -5.129975 11.068967
5 -15.081217 -13.806335 -8.753479 -23.430984 201.493027 -10.583794 -17.408747 -17.732424 -28.887050 -35.341548 29.600674 -21.373489 -26.109597 -12.585035
5 -8.006707 -0.599701 -2.118134 11.124654 70.617174 -1.094478 -13.604976 -18.575092 -15.523904 -3.780254 5.514023 -8.181053 -15.393958 -0.377593
10 -9.055500 -4.135826 -4.408027 -1.848914 7.963217 -4.824906 2.163713 -3.486394 -13.421674 23.788525 -4.410336 -12.350997 6.256937 17.770182
5 -3.287043 -7.713692 -9.780440 -9.033916 72.654065 -14.530838 7.301191 -2.689470 -14.491100 -11.084915 -0.416475 12.674750 -4.649871 -14.952247
4 -3.559668 -9.402815 17.905229 21.201148 10.030309 -20.698482 -7.661004 0.738279 -3.659668 -8.349862 -5.502375 20.567261 -18.222014 6.613665
5 11.321356 -20.022647 0.358333 13.870469 39.541647 -6.567319 -2.810424 -2.901685 -17.440005 -5.249729 -25.889473 36.014514 -12.207823 -8.017213
5 -5.520110 -21.478930 -13.726610 -0.704234 36.061053 10.727410 -11.012922 2.603936 -24.737787 0.013165 13.055300 7.506520 -9.794928 17.008135
14 1.029809 3.809883 -5.688750 13.387740 0.361914 -4.241838 -1.687070 3.371131 15.958537 -9.278656 -19.797422 -23.029189 -4.067239 29.871145
6 4.708165 -5.431460 5.341208 -4.670246 9.539669 10.916892 -14.165940 1.869865 7.608876 -1.309928 -1.024836 3.005795 -2.562180 -13.825880
5 -26.817470 25.185506 -29.118502 -20.882770 103.748995 21.448690 -13.989394 -55.261344 -14.098132 -11.003689 28.889367 -15.710284 24.041719 -16.432691
5 -9.990660 -4.683560 -25.197450 -5.015416 188.581409 -41.059848 -10.903167 -8.498986 -6.853543 -46.894160 2.324072 -10.305262 5.347714 -26.851137
5 -7.421344 -7.408027 -2.163249 11.726000 58.656105 -8.294635 3.651071 -6.751758 -7.716254 -8.641352 -11.144257 -13.958294 4.870369 -5.404376
5 1.425558 17.506536 -25.823216 -5.134614 98.390023 -2.325671 10.574412 -9.173691 -1.291714 -31.337154 -11.119588 -21.698687 0.134067 -20.126258
5 -6.272822 -15.564920 -11.175687 -0.622068 65.852101 -19.804282 -2.063420 -7.193354 4.608468 10.857214 -3.670509 -4.921404 0.372145 -10.401463
5 4.077881 0.936653 -32.694087 1.755829 103.449029 -12.877867 6.217389 -6.699557 21.759717 -22.665621 -13.163538 -38.539341 7.073531 -18.630018
5 -6.861635 4.414243 -2.100509 4.617300 29.300732 -3.904579 -10.898240 -9.329675 -14.391172 -1.208398 7.743691 -3.701589 -14.503220 20.823052
5 15.962333 -25.087465 -50.002790 -0.653266 207.254807 -34.256788 -14.255549 -39.931763 2.690056 -56.095111 -7.127028 -17.889343 43.003869 -23.611963
5 -9.257463 -1.351286 -5.168159 -1.004503 36.112275 29.305239 -3.473298 -3.720505 -11.204333 6.721985 -3.575430 -14.060521 -9.889428 -9.434574
11 -4.336176 -18.356151 -7.490875 4.386340 -14.212006 -6.413994 -9.411296 -7.855580 -1.732915 -9.517413 77.776509 -3.524359 7.436635 -6.748719
11 5.336072 -13.305135 -18.644669 -11.648343 2.753756 0.900583 -2.867424 -6.575056 -21.503670 -21.253069 124.931364 -5.071094 -14.544557 -18.508750
5 3.958272 -29.034085 -6.375446 -8.122667 40.886982 -12.149826 15.528170 3.460294 -22.296867 -19.871758 13.167494 0.031619 15.199733 5.618085
11 -4.130993 -10.399083 -11.274017 -10.505879 -12.548914 7.069585 -0.699344 -12.531874 -7.933384 -29.800663 127.286381 -10.901986 -1.612013 -22.017808
11 -41.781337 30.391448 -18.974492 -8.693949 -66.826516 -3.913879 -10.611109 -28.069062 -43.019743 -83.791471 378.508092 -71.985046 19.752234 -50.985151
5 -11.364633 0.212985 0.107841 -1.853888 19.102377 -20.425650 -0.680271 -19.300188 12.183361 0.107930 5.876967 12.519075 0.540019 2.974076
11 -18.014665 9.704382 -8.076864 -3.828492 0.552692 -9.661306 4.342708 -0.671452 -15.317061 8.035179 39.785464 -13.107064 -4.036072 10.292549
1 10.207264 2.241469 1.129843 -1.084470 -6.136541 -7.117661 -3.700306 8.281511 -9.121918 5.267037 5.316161 5.739817 -1.471341 -9.550868
11 11.311945 2.740369 -18.914908 -14.343510 -3.595941 13.957561 7.886144 -5.211300 -23.156880 -21.660785 46.935902 8.949946 -5.926177 1.027637
11 -18.587239 -26.614787 2.879094 -15.547545 -19.922983 5.039008 -7.133030 -32.691528 -12.152381 -42.876697 230.762032 -21.356460 -24.748471 -17.049001
11 -66.107643 26.493275 -6.648064 -15.987567 14.729782 -18.764767 21.255391 -21.735953 -9.358486 -14.887097 86.571330 5.634470 0.163682 -1.358355
11 -3.969294 -6.261122 -3.339926 -3.521579 3.035179 0.259217 -5.420433 -8.918773 -2.920169 -6.473365 46.750009 0.139079 -6.128827 -3.229998
11 -4.588025 -9.367970 -4.636628 -0.936086 -5.768128 -1.117288 -5.109099 -2.517563 1.341465 -5.224715 38.530853 6.820368 -1.805455 -5.621727
11 9.081263 -40.226279 -24.737111 -0.826813 66.472877 -18.960258 -15.230383 -20.778034 -40.263957 27.202881 78.382074 15.213124 -17.702310 -17.627073
11 -13.165344 -44.119393 -0.904853 -28.458926 63.441462 1.479845 -15.164488 -31.996972 -23.207260 -6.920446 149.385182 -22.971555 -13.305828 -14.091425
11 -6.915200 -35.639879 -17.807389 -7.241448 -33.067834 -10.967041 -33.871057 -37.339488 -10.550442 -39.726162 252.609263 0.062249 -6.418808 -13.126756
11 -17.160510 -2.026742 -3.898665 -4.439446 -37.436571 -22.551445 -4.436463 -50.418170 -17.093284 -37.424818 216.895211 -4.680045 -13.582746 -1.746302
11 -38.156596 -59.884062 -40.304867 -38.081653 1.120172 -7.168715 28.295932 -4.517329 -35.127748 -22.130840 299.731391 -47.333183 -9.011472 -27.431014
11 -18.474415 -25.011231 -6.359709 -2.076192 13.352297 -21.401865 -5.373147 -12.218664 -12.444574 -16.131927 121.528100 -23.932671 7.385338 1.158660
11 -5.392185 -16.140494 13.456441 -7.811257 7.631309 -11.055469 -9.150081 -8.694992 16.613634 -18.395775 45.834391 0.248436 5.470871 -12.614830
11 -14.853481 -23.279087 23.614299 -31.493588 -30.165873 -3.924891 -11.634324 9.739122 21.950762 -43.890003 152.051622 -17.768514 -25.031799 -5.314244
5 6.933968 3.030294 4.243178 26.419090 36.134535 -20.010116 -21.754857 -11.473389 33.091855 -4.536097 -25.563259 3.349251 -3.167993 -26.696462
4 0.623992 -1.245946 -1.043495 29.646653 -9.028053 -8.863862 20.441884 -23.485391 -11.778536 -24.550217 14.089660 5.576325 -15.017911 24.634897
7 -7.297626 5.175091 -8.537675 -9.967564 -15.561744 -10.345409 155.050866 -11.337471 -7.173097 7.662810 -23.634378 -26.544459 -21.304882 -26.184460
12 -7.543685 -5.342658 -20.607223 17.926551 5.748456 -10.830877 10.410655 -11.070546 12.222820 -17.690834 8.771610 23.312915 -13.543264 8.236078
4 -4.273452 -5.512308 -11.960753 44.212399 -2.986841 -14.341957 12.982525 14.246542 -13.806498 -2.769288 -0.280561 6.977644 -5.843273 -16.644177
4 -46.231654 -33.189962 -16.015272 187.306805 9.482428 -50.543375 178.316712 -22.860521 -37.962035 -40.118660 -25.458768 -35.889880 -29.905246 -36.930566
12 17.581931 -4.844151 -10.852961 4.463944 -16.213494 -3.416718 -19.056067 -0.574968 26.336251 -26.970117 -14.497830 28.442459 4.236665 15.365054
4 -5.079469 -1.447918 7.284372 23.485838 -13.280322 -4.653304 0.091549 -2.001452 11.490443 -11.392023 -3.059155 -3.019064 -4.578000 6.158504
5 -7.814464 -10.348963 -9.125560 7.038078 70.475420 -5.650007 -3.036451 -14.837312 17.568421 -13.596076 -10.613623 6.480978 -12.554624 -13.985818
8 -8.846365 6.557352 -3.987263 2.876581 -16.332457 11.898391 -6.723286 16.733905 1.147380 -6.093583 -2.270430 1.863317 1.152094 2.024365
4 -6.735080 -0.523358 -5.498817 34.585881 -8.323462 4.683256 3.774357 -5.345014 -8.511154 2.929230 -2.941757 -3.597743 6.326924 -10.823264
8 -0.254274 -26.311105 -5.208421 -9.053247 -8.802152 -5.249613 -16.791339 32.992396 26.125540 15.836761 -16.635889 -7.562004 9.363347 11.549999
4 -4.445298 -3.972635 -4.791468 44.398355 -6.822044 4.998481 -10.298737 -13.497321 -6.976826 -8.009843 10.479839 -2.034596 -3.874732 4.846823
4 -2.024448 -6.207638 -10.829512 25.586039 3.108788 -1.006546 -4.278468 2.424589 -12.500631 2.392754 -4.055897 9.005133 6.725891 -8.340055
5 -5.848381 3.483577 7.010920 -2.109116 11.436759 -5.479860 -3.328279 4.161381 -8.591660 -0.299916 0.718264 -1.763906 -7.561444 8.171661
4 -5.644678 -8.671851 -17.201100 24.517331 8.946751 -1.205326 13.095259 -4.852907 11.904114 -9.800343 -10.107651 -18.555655 19.817371 -2.241315
7 -22.066755 -25.853972 -5.698040 -14.981618 -11.722102 -25.242265 141.103361 -21.721097 39.641319 -10.213061 -19.708354 12.705248 -21.100267 -15.142397
4 -8.053307 -6.183021 -4.627590 37.763536 16.324737 -0.472294 -7.876347 -11.018626 3.738549 -7.248206 -22.215863 -1.271515 14.086102 -2.946157
8 2.009025 0.467892 -1.916075 1.986010 -2.366893 1.341032 7.890320 8.140184 -6.018843 7.667624 -4.694446 -3.696461 -1.571949 -9.237419
1 27.946660 7.939295 1.439134 4.778744 -1.194592 -3.661354 0.022773 -15.816748 0.827148 -15.595172 -11.198734 17.208924 -22.928850 10.232773
10 6.315623 -7.032565 -15.149062 14.576589 -3.620033 -1.695455 -0.509556 -10.900504 -10.677374 25.332222 -3.909504 -2.833832 9.748029 0.355420
9 -1.907408 -3.510119 2.158194 8.007842 1.546834 1.152002 0.610177 0.148356 10.501910 -3.857702 2.404750 -10.401644 -3.242495 -3.610696
9 2.991938 -6.890722 10.095446 -5.254974 -3.780206 0.252242 -12.765301 2.140587 21.028045 -5.896296 -9.087083 20.332661 -3.941545 -9.224790
3 -22.141364 -15.292033 91.657674 -11.519540 -18.377167 -15.414449 1.685484 17.232820 -1.291547 -19.218792 -1.859875 14.217270 -4.013195 -15.665285
3 -11.760842 -1.917071 44.837606 10.371331 -4.688564 -16.759906 -2.841186 -17.675583 -16.413199 10.268741 5.273665 8.024424 -14.866308 8.146892
11 -7.696526 -1.502218 -13.821444 -6.820223 0.640878 -3.708246 9.686393 9.253752 -4.801060 -0.378584 10.092569 7.590245 -6.401279 7.865741
3 -19.167921 4.018560 55.716166 -7.155772 -2.194957 5.515990 -4.337252 -12.363289 -0.577991 -6.483878 2.297010 -12.323796 -11.806949 8.864078
3 -9.125020 -6.755504 47.324102 -4.597229 -4.105094 -2.464202 0.675005 -1.191956 -3.074442 0.895718 -0.264285 -5.561121 -0.522171 -11.233800
9 -0.692385 0.000000 0.000000 -0.215527 0.000000 0.000000 0.000000 0.000000 3.994806 0.000000 0.000000 -1.938151 -0.902424 -0.246319
8 17.279573 -12.296477 21.209544 -15.456969 -13.327401 -14.920835 -5.216146 38.901346 4.414068 18.293379 7.984887 -11.747807 -37.323909 2.206748
12 -0.882717 -12.775567 41.435390 -6.990146 -4.124395 4.499333 -10.762856 -4.924054 -26.700126 -22.200390 -11.209149 55.333885 -4.276068 3.576860
3 -14.699504 -27.647254 192.217692 -25.854769 -25.139810 -21.710596 -33.833534 -16.246819 9.171217 3.728123 4.372647 -2.565559 -38.630046 -3.161790
3 0.138325 11.949159 33.242864 -10.863253 -4.523299 -2.653398 11.161260 2.641759 -1.485650 -3.339511 -11.179080 7.409064 -28.169134 -4.329107
3 -32.066365 -32.800518 202.243853 25.126924 -19.955756 -13.898942 -20.249576 -24.033910 -50.851183 -22.111881 15.127073 -13.690909 -41.212541 28.373730
14 -4.577712 4.556385 -6.493826 -3.348315 5.659030 15.833774 -0.036449 4.178467 -14.268524 5.119895 -12.759104 -3.094493 -15.705405 24.936275
3 0.038572 -10.166593 47.188070 -7.828514 -8.325786 -8.092545 0.701034 -5.104706 5.106565 -8.436535 -5.795872 13.074563 -4.060281 -8.297972
3 -13.602891 5.310731 65.882778 -5.386301 -13.523621 -10.262366 -13.874028 9.236974 14.833416 -4.786763 2.369321 -13.102550 -16.483241 -6.611461
6 -1.327646 -23.788458 -1.222617 9.120172 -14.825097 55.936300 2.856813 -19.439487 -17.600335 -19.958798 5.903091 30.596949 1.187969 -7.438858
6 -26.851628 -31.230750 -41.435353 -23.862517 -30.365353 211.918194 -28.521581 -15.137328 -12.791964 -17.013571 -13.577250 -0.948431 37.417622 -7.600088
6 13.375013 -14.386351 -14.307449 -5.162672 11.339565 16.539728 1.255568 10.885010 -14.220254 2.911214 5.348172 0.266166 -8.975356 -4.868357
6 -7.667446 -55.193485 -6.445330 -9.458719 -12.036925 224.901269 -21.042215 -40.733162 6.999726 -12.970357 -10.150468 -34.356110 4.582137 -26.428915
6 -24.209889 -15.302958 -20.494656 -11.300525 -19.122143 182.092575 -2.940653 -14.811303 -10.818151 -26.646450 -4.942393 -13.430119 -0.935353 -17.137980
6 -16.399687 -27.234548 -4.811435 -16.858370 -27.113686 257.322866 -23.679570 -9.582676 -2.677964 -49.512328 -15.982742 -42.883400 8.934538 -29.520995
6 -47.181252 -30.556346 -29.762427 -9.747997 -38.530825 351.599003 -36.883225 -32.058586 25.954444 -91.862099 -23.252952 -64.126633 82.699353 -56.290457
6 -8.174515 -27.798114 -7.149761 -15.208199 1.878185 179.930230 -14.244729 -5.361056 -11.616988 -20.776643 -4.505007 -27.964763 -6.934534 -32.074105
6 -7.667446 -55.193485 -6.445330 -9.458719 -12.036925 224.901269 -21.042215 -40.733162 6.999726 -12.970357 -10.150468 -34.356110 4.582137 -26.428915
6 -19.455537 -4.696842 -18.479936 3.849919 0.556035 77.803591 6.772455 -7.816353 -8.248121 -2.052087 1.439567 -4.095849 -11.530666 -14.046177
6 -17.460296 -24.780933 5.235168 -9.787014 -11.723415 72.027835 -7.651759 12.396535 7.427686 -33.129602 1.452436 -9.458886 22.194281 -6.742036
6 -6.458711 -14.501522 -11.272702 -10.989778 -7.468393 77.458562 18.599282 3.849602 -12.836245 -8.666852 -8.908394 -6.095684 3.858677 -16.567841
6 27.759601 -39.899976 -30.499102 -17.573887 -13.953839 119.495462 -15.982024 -25.483322 7.304064 -31.170748 -8.125522 26.798385 -2.340359 3.671266
6 -7.920018 -26.889243 -6.234316 -12.205847 -5.213542 205.345127 -30.213203 -10.837808 -6.596013 -31.041471 -4.818748 -28.414127 15.345971 -50.306764
6 -6.326284 1.303869 -7.222385 5.412567 -2.661473 19.888232 -12.896507 2.770607 -15.035100 -2.818485 6.375135 -0.309752 3.324446 8.195130
6 -16.972698 -60.630076 -39.366953 -48.253771 48.977050 186.827792 1.168449 -5.182890 -11.372079 -13.468003 -3.276106 -44.215915 21.593610 -15.828410
6 -9.749778 12.437809 -9.062534 -13.334766 -0.584737 44.987177 -6.718150 -9.677295 0.884885 -10.621893 5.060131 10.368007 -3.379158 -10.609697
6 -20.269084 -1.223325 -20.147398 -13.432714 -10.949588 71.448097 -15.463312 -3.666600 -12.768484 2.615298 -1.350991 11.357396 -5.169219 19.019924
6 -7.667446 -55.193485 -6.445330 -9.458719 -12.036925 224.901269 -21.042215 -40.733162 6.999726 -12.970357 -10.150468 -34.356110 4.582137 -26.428915
11 -5.388582 2.567168 -4.503876 0.273579 -5.033032 4.794933 0.484920 4.633345 -3.609164 -3.447013 8.254564 2.989515 -8.091216 6.074858
6 -30.845649 -15.114089 -9.037627 -11.723808 20.423910 57.601602 -8.145554 16.947536 -12.399882 -9.926580 4.276890 -15.493158 3.046154 10.390255
6 -7.667446 -55.193485 -6.445330 -9.458719 -12.036925 224.901269 -21.042215 -40.733162 6.999726 -12.970357 -10.150468 -34.356110 4.582137 -26.428915
6 -8.111990 -9.684422 -6.064334 -11.010163 1.245625 91.080459 -4.338892 4.884322 -5.452728 -18.519974 -3.029071 -21.588098 1.527296 -10.938030
6 -47.696332 -45.446466 -0.823517 -21.677760 -60.576214 345.336438 -27.282088 -32.392512 42.513488 -91.585984 -21.640293 -40.142271 53.189848 -51.776331
6 -9.569416 -9.085273 32.927181 -6.531124 -11.055892 57.966065 -9.053024 -14.168467 5.102986 0.389928 -1.170305 -7.778717 -15.929310 -12.044631
13 3.026593 -10.965867 -15.837189 -0.068206 -5.924888 -17.284444 -16.709849 -7.788079 -4.137749 -6.811461 -13.435121 -8.134529 103.719802 0.350985
13 0.535993 -8.808459 -11.094650 -7.195863 2.231939 -12.590119 1.737722 20.213359 22.872285 -2.152465 -13.054409 -12.126535 26.227975 -6.796773
8 10.332919 -10.450251 -5.916658 -15.576757 -2.783816 -6.289542 9.246213 15.705591 4.693859 5.109687 9.462533 11.391847 -12.486815 -12.438810
9 -4.249488 0.337635 -22.814715 -2.229751 7.928628 7.952718 9.104964 -1.346746 12.731388 -7.894522 4.809554 -19.263691 11.742472 3.191551
13 -9.068125 -16.022198 -13.365582 21.667861 1.933458 -13.314289 -1.831756 -14.477513 27.113365 -7.692931 -24.015358 13.371559 35.468408 0.233102
13 -20.654789 -32.046666 0.940418 -8.827725 -7.173696 9.967163 -11.091105 -33.814809 5.264027 -34.831950 -28.292464 -39.633209 222.068760 -21.873957
13 -11.681602 -19.707103 -3.805632 18.323016 -7.654915 0.906710 0.599265 -2.401121 22.529734 -2.489712 -17.546037 5.958986 29.561728 -12.593317
13 -2.467974 3.317566 -5.849664 1.279318 14.113027 -1.860403 1.403509 -5.602190 12.647212 -3.050546 -9.445249 -30.926453 31.194151 -4.752306
13 3.707654 -3.292116 -4.255765 -1.565305 13.314695 -14.720616 -11.168480 -6.361623 2.951593 3.400729 -4.385969 -4.394842 28.618632 -1.848585
13 -6.989901 -3.887866 -15.747197 0.972394 8.767739 -13.833285 -17.372748 3.594200 -14.562535 -3.917023 -12.177254 -6.295124 94.251698 -12.803095
13 6.225327 -14.524943 8.629064 -5.439356 -23.251660 4.098636 -1.366312 -9.327911 7.520926 -11.713002 -0.346682 -10.443152 66.180514 -16.241452
13 -18.511492 -15.980763 -16.602052 -2.784530 10.591230 4.324801 6.815806 -8.504550 11.832561 -9.383914 -12.006851 3.710893 43.588762 2.910099
13 -8.863077 -44.030473 1.766057 -12.653314 -24.705057 -7.086660 -20.679354 4.484820 46.309126 -5.738796 -43.366705 -14.650972 163.848280 -34.633879
13 7.504879 -2.403693 2.154883 -7.719222 -10.134769 6.197547 -2.527372 8.741254 5.652610 -8.202693 -10.198701 -6.683501 13.649412 3.969366
13 18.948707 -11.518505 -3.766731 -10.508221 -13.146705 -6.857355 16.476369 16.956639 -4.620362 -7.997329 -7.663751 0.839406 21.415935 -8.558095
13 -15.282861 -7.965491 -9.039415 53.946002 -6.937174 -8.594753 9.340736 -10.874998 -12.934401 -25.366473 -12.439028 3.623410 70.564049 -28.039604
13 -2.049018 -1.211112 7.117213 0.916902 7.362443 -3.064541 -8.478621 2.883220 6.248796 -10.390041 5.233377 -22.327572 31.006482 -13.247530
8 -9.988432 5.258864 -16.140805 -3.600597 -4.902685 -2.890178 -2.862185 38.478000 -18.205030 8.939496 -1.297324 -11.205693 13.571400 4.845170
13 -1.734869 -0.152599 -1.303934 -4.793679 -7.829103 5.372906 -1.317572 10.856034 3.704009 6.600039 -13.276403 -10.771119 14.329703 0.316588
9 -9.372734 -15.707880 -10.731441 -15.722679 6.124998 9.896781 -7.422399 -16.541074 46.912705 -11.439345 -6.003205 7.798519 32.209730 -10.001978
13 12.960413 -34.092594 11.444617 0.226386 -6.050982 -18.062998 30.229058 12.708942 -13.581976 -12.809270 -24.346936 -3.655363 40.659097 4.371605
14 1.664191 0.078495 -3.058982 -1.691442 -3.155687 0.717859 1.508610 2.019960 0.437404 -3.435376 -6.908029 2.408309 4.065577 5.349112
13 -0.838085 0.890087 -4.116667 -1.864507 -8.775256 -3.688398 10.714060 10.027798 -5.299348 -10.079970 -6.578058 -8.808648 33.011867 -4.594873
1 19.070653 -1.457146 18.237228 -12.973454 -9.110466 -15.370942 8.396287 9.704224 0.800744 -9.974465 -2.268578 -9.975365 18.207702 -13.286421
13 -7.041337 -1.171469 2.653637 9.666465 -16.600226 -6.337709 -14.996436 -18.186535 2.488782 -31.175701 -17.678632 4.000603 109.599957 -15.221399
13 -0.592172 -7.708286 -11.834307 -8.146817 8.088998 -6.243072 2.348744 -0.934369 -3.018483 -11.132142 -3.593439 5.796799 46.009838 -9.041293
7 10.178384 -11.384448 -18.848721 -26.967108 -15.468022 -16.049904 203.839029 -19.757169 -23.183864 -37.204156 -24.134023 -8.673245 -38.223453 25.876705
7 -19.081764 -15.747082 -20.173931 -37.487832 -15.058749 -22.585953 215.184977 -10.254563 -22.307802 -8.724431 -6.904317 -11.787001 -5.283807 -19.787744
7 -40.498341 -34.658618 -40.908766 -29.899643 -12.627148 -19.463292 204.008195 11.629091 35.637167 1.606505 -31.996988 -25.109514 0.571681 -18.290326
5 -2.889064 -0.647908 10.472453 -12.259766 21.518476 0.028573 1.255772 12.405508 -11.318842 3.926827 -22.802747 -0.452332 -0.216947 0.979995
7 3.612426 -7.665944 -39.525548 -46.056170 11.622537 -73.206935 161.378259 49.693546 -2.469683 -40.057644 -16.781345 -6.414896 -1.640000 7.511394
7 -1.524940 5.063590 1.730938 -0.862259 7.982191 4.843947 9.467994 0.475454 -14.766445 4.315189 -5.656696 -7.627771 -8.531998 5.090807
7 -37.619930 -32.916476 -38.921712 -32.863305 -36.424595 -42.964317 370.042128 11.519361 -8.044487 -28.653463 -30.549212 -76.098559 -5.200316 -11.305111
5 10.098751 -6.111208 -3.670809 4.358159 30.212040 7.099869 5.399052 1.445650 -23.377009 -4.154060 -6.090590 -16.405740 -10.755108 11.951005
7 -14.704212 -59.354363 -20.821348 -61.018967 -15.571038 -38.341153 333.115393 -9.446844 38.378780 -22.389561 -63.997001 -53.240033 -0.679097 -11.930548
14 0.109783 10.427788 -4.986687 -13.690217 9.374361 -18.396579 15.729668 -14.108974 -2.717068 -13.264051 -9.104126 9.473560 7.325849 23.826693
7 -28.650941 -36.097680 -17.337516 -25.177487 -0.377579 -7.920478 181.588415 -11.043257 -5.452569 -16.710972 -18.294872 -7.128056 21.116156 -28.513162
7 -1.132308 -6.909871 -7.686510 -1.312523 6.365145 -6.961480 72.477252 -8.756308 -12.659033 -3.394557 -9.438369 -7.322692 -11.747094 -1.521650
7 -4.720061 -9.212866 -24.924505 -9.608006 -25.886118 -6.216685 155.032706 8.613714 6.255835 -13.441935 -27.447612 -12.059001 -2.792181 -33.593284
7 -28.545751 -36.726650 -13.481448 -30.710095 21.871289 -4.252513 253.270670 -38.237615 5.410883 -14.978598 -29.835164 -58.555781 -2.874058 -22.355164
12 -2.319506 -17.471588 -3.237578 -11.902502 8.953816 3.976527 -15.602297 -15.281654 18.294086 -16.296621 -2.861044 47.915717 -1.907615 7.740258
7 -10.019633 -9.657173 -5.235719 -5.414037 3.899179 -0.084947 84.128360 -12.374055 -4.102226 -5.600255 -7.673686 -15.320731 -11.819788 -0.725288
7 -13.909288 -14.914187 2.907982 -2.947496 -23.377215 -10.154318 148.892074 8.838103 -15.337557 -32.350126 -18.164766 -12.116823 5.285771 -22.652151
7 -10.960742 -0.158017 -18.138474 -18.546414 0.093688 -0.749902 76.797480 -5.666213 -22.685029 5.295435 -3.555367 1.816419 -11.973881 8.431020
7 -31.762785 -16.587598 -25.298816 -44.016819 2.681967 -31.045573 240.146914 9.080208 -27.095393 -11.661681 -25.643920 1.570981 -3.742865 -36.624615
11 19.834444 -9.960741 42.191940 -35.820348 -32.752616 -66.092596 28.745593 37.864374 -22.148720 -61.852977 133.172101 -27.427353 -4.979545 -0.773553
7 -16.752695 -4.748775 -23.364280 -4.413781 -19.385865 -6.507758 242.281229 -32.611895 -50.046140 -38.535210 -2.404041 -14.943206 -32.545251 3.977674
7 -5.795202 -10.796962 -19.355112 -2.421174 -17.950914 -19.391266 161.706891 -15.304488 -5.798464 -26.756789 -28.400750 3.566643 -24.316553 11.014144
7 -0.169459 -25.352872 -13.357083 -35.117059 0.144356 -10.856525 106.661885 9.259916 -4.675882 -16.193144 -5.868735 -15.295455 10.070218 0.749841
7 -9.500403 -26.509550 -34.316959 -43.509746 -21.134008 -15.362741 280.388119 55.441480 -32.281038 -20.561495 -29.059327 -44.027501 -20.519995 -39.046827
7 -32.196483 -46.144777 -29.267600 -32.606222 -38.530728 -66.253979 478.394959 -39.553501 -54.380267 3.069544 -40.538335 -76.520047 -21.608464 -3.864091
12 -7.152809 1.180175 -6.578873 -1.073530 -18.803014 -17.021819 -2.805782 9.322703 -6.261906 4.557091 2.207394 46.265721 8.626625 -12.461978
13 -3.555717 -12.121996 -6.987863 0.644009 -16.484132 -11.735064 0.868807 -18.159782 -1.397026 -10.399601 -5.236918 27.810755 73.812928 -17.058404
12 1.881394 -12.453660 49.290493 -24.652665 -26.925265 3.040932 -18.278840 -11.120346 -14.817335 34.510151 -24.245555 71.446096 -13.476814 -14.198589
12 -11.119400 -32.503824 -12.594677 -6.455103 -6.971816 6.650429 4.342420 7.297408 -5.622426 -9.429170 3.286060 45.482418 6.064379 11.573298
12 10.947062 5.548419 -0.165772 -4.233903 -6.418531 -7.636562 -6.641817 -3.333094 -4.209108 4.612013 -6.514220 18.372266 7.571876 -7.898629
14 -20.687594 6.176185 -3.321908 -6.403205 4.460802 -2.348859 2.338769 -6.086323 6.156509 6.894086 -0.693777 -2.946144 1.927938 14.533518
3 -9.759293 13.645367 70.053515 0.459732 -14.233670 -10.797449 -19.757701 -16.797103 -18.440258 9.918582 -4.137032 0.077886 -7.274855 7.042278
8 -2.927188 -11.862634 -12.520993 0.451690 -17.064595 -2.806408 9.457751 33.160446 14.305080 -1.770333 -13.039706 5.024286 28.595676 -29.003072
12 -1.127160 -2.189372 10.321336 18.500664 5.294282 2.465841 -4.070205 -19.883900 -12.717229 -11.025192 3.015534 53.291910 -27.497028 -14.379480
12 -1.981141 -2.985923 -1.705191 0.714591 8.177769 -7.895734 0.746176 -12.864308 5.195100 -3.825046 -10.108614 27.207987 10.905968 -11.581635
10 10.984921 -0.957860 3.710883 -5.684713 0.154965 -13.510029 -0.698196 3.509823 -2.016665 11.932631 -7.282730 5.514874 -4.252791 -1.405116
7 -2.879557 -7.340749 9.679821 -14.548301 7.885410 -5.138119 25.101304 -1.395070 -5.680138 0.355085 -19.605689 12.030942 5.716752 -4.181692
12 -18.123156 -14.366935 3.627656 -20.375910 -4.288349 -12.464427 5.122971 11.782738 3.645906 -29.598753 -1.796438 88.285164 -6.687234 -4.763229
12 -4.662341 -0.934771 -2.936171 -0.693747 2.919063 1.442606 -2.385702 -4.475129 1.489442 0.981030 -1.201111 16.104449 -4.142460 -1.505159
12 -10.306024 16.599938 -2.574695 -2.323048 -3.542158 11.362525 -5.258210 -7.030129 -1.062132 -12.788304 -2.335942 39.531887 -13.161290 -7.112418
12 -15.574921 -10.521024 -6.155673 -6.104275 -12.067366 -10.337391 -3.042818 -32.313187 -23.550170 16.448601 -16.939555 132.984595 -13.603998 0.777182
5 1.385130 3.681833 -18.772499 -3.600034 43.918358 6.332677 -11.446616 -13.136509 5.343111 -10.887787 -2.599260 37.121821 -18.300270 -19.039952
3 -4.363899 -8.255944 37.367153 -15.267894 -10.959047 2.693167 -11.127163 4.939992 9.752484 -15.363364 17.172873 20.076137 -23.777683 -2.886813
10 -4.064466 -24.798585 -4.372880 7.128593 6.083389 -33.847049 6.613834 11.219345 -5.118740 31.431268 -24.642237 22.919295 22.032251 -10.584020
12 5.697803 6.306336 7.345700 1.479901 -10.915662 -12.169465 -5.947070 -4.935484 4.676535 12.229730 -14.818195 22.912362 -10.323569 -1.538922
14 5.555573 -11.626756 -1.691670 -4.531281 5.642050 -10.800871 -4.141224 4.068853 -6.878518 -0.950937 -5.237979 2.874777 0.158261 27.559723
12 -9.016145 1.729228 17.619305 -2.823919 -5.065143 -11.107738 2.147142 -0.850904 -16.459319 -8.089189 -3.797386 57.189075 -9.058184 -12.416825
12 1.463359 -3.176973 9.271473 -5.756856 -8.300326 5.332093 -3.888149 5.319882 -17.481651 5.926736 6.742475 15.743949 -11.446001 0.249987
14 -7.847814 -2.401327 -0.348697 -5.670072 4.240700 2.292013 2.518058 -7.045793 -7.349089 1.774679 -7.490840 -1.751827 -27.578652 56.658663
14 13.083664 12.832628 2.517669 -8.339559 -17.434874 -3.238311 -2.686210 -12.072903 13.598079 -9.905736 -6.300309 -0.626709 -2.127438 20.700008
14 -11.518405 -8.500498 -1.067482 -8.452962 -2.227963 -7.570286 -1.193791 -1.869867 -33.700692 10.021437 9.860168 -9.152497 -8.675580 74.048418
14 -12.934616 -24.264073 -28.729076 -27.111167 5.292711 -27.644316 -8.545335 -26.373219 -14.648298 -2.759972 -4.439368 -14.770630 12.932104 173.995257
13 -14.945728 25.952133 -8.523415 24.630488 -17.948116 -13.020957 -18.384617 -0.597799 -0.434297 -14.570213 4.340957 -0.555761 27.451969 6.605352
14 -19.495686 5.894111 -24.745315 5.013348 -13.778430 -22.001041 -4.691384 5.331068 -6.678758 -2.344132 0.820969 -11.949235 12.071524 76.552961
6 3.300432 8.895787 -3.731745 -1.251357 10.777048 14.879598 0.407096 -7.123348 -15.370283 -0.671002 4.406194 -15.429087 2.844855 -1.934190
14 -2.197199 -8.428198 -4.754388 0.066893 -2.798504 -8.413526 -4.734802 -6.287551 -9.916302 -2.530954 1.275718 16.558193 8.719850 23.440768
14 28.395974 -4.758252 0.116190 -46.994105 -20.835122 -35.703723 -16.148795 -26.320979 -7.543492 -19.571043 -17.062180 22.853305 27.220855 116.351371
14 -14.500467 -6.557502 -8.066986 -15.289216 -2.046882 -12.956380 6.416052 14.793119 -14.280769 -1.244008 -3.104907 -14.654991 -5.091856 76.584793
7 -5.306951 -2.434161 -2.729120 -8.859969 0.804067 2.671422 23.313904 3.747608 2.861448 -11.582399 -10.528375 -1.195577 -1.902787 11.140888
13 -12.569042 4.267999 -4.618187 6.352668 4.869154 -7.548912 2.728124 -4.596963 -11.188967 4.691389 -2.873643 5.922438 12.017784 2.546158
14 -2.610994 -15.685549 -1.702235 1.113685 -1.130342 5.520434 -9.252678 0.459275 -0.209636 8.676458 -9.013146 -0.751074 0.279907 24.305892
14 -19.708133 -21.725536 -13.530635 -9.031420 -16.107134 1.887617 -25.253873 -15.516428 29.116256 -20.619908 -6.523303 -4.761833 6.901636 114.872698
5 -5.657996 2.450887 9.772030 0.465924 23.978132 3.955818 -9.761276 -22.370754 11.534184 1.575081 -10.303582 -2.173371 -6.140771 2.675696
14 -9.246422 -7.318094 5.485097 -1.264697 1.861070 -9.153571 -2.506974 -1.628422 -11.700838 -3.956838 10.666772 0.579747 -6.425090 34.608261
14 -17.532019 -20.286735 -3.887205 11.264064 -10.105290 -1.521167 -1.504408 -18.425972 -7.498707 -25.141016 20.410545 -22.089456 -9.537804 105.855174
5 9.916565 -8.008545 -1.648735 -2.742828 10.010127 -5.104925 -2.375142 0.498585 -10.415272 -1.016224 -11.375714 8.853583 3.834410 9.574115
14 -1.070469 4.600119 3.039127 -2.487324 -9.150804 -10.316778 -10.126135 -18.262559 6.239496 -8.753850 -20.190873 -8.685386 8.583434 66.582006
14 -10.503370 -8.468320 -7.489541 -7.825702 3.754470 -2.139985 -10.887520 -13.875529 -26.685992 10.577120 -0.222051 6.265948 15.705075 51.795397
14 5.541489 -28.672577 -23.196225 -23.122409 4.529679 -29.123832 -33.189669 -8.296554 -8.043495 10.111088 -0.713488 8.009975 -1.940602 128.106626
14 -1.956162 -9.937712 -11.708981 3.679256 5.735986 2.387271 -1.708148 13.018015 -6.941356 -3.972516 -1.137307 -4.464629 1.411432 15.594852
9 -14.007844 20.705331 -11.425654 -1.502538 28.852629 -21.248536 -15.611743 11.669520 55.049848 -10.534803 -11.810930 -7.926534 -13.180149 -9.028598
8 -8.779738 -3.409225 -4.170081 -9.828619 -5.435073 -3.508700 -7.288169 87.831894 -0.884669 -9.989486 -20.280540 -0.135417 -5.817509 -8.304668
5 6.773160 1.550855 -3.941696 -8.556101 55.553135 -3.734939 -7.361033 -0.292171 -7.488625 0.827229 -9.294456 -6.961875 -10.540461 -6.533021
8 -5.221971 -10.169814 -14.748158 -5.833204 -12.185317 -4.398114 -2.930014 69.736619 -4.962969 -3.842157 -7.139198 6.042931 7.082167 -11.430803
8 -1.763532 -13.970493 -16.701272 -7.601379 -18.074543 -37.174398 -18.997180 126.938133 5.147697 -1.021927 -14.220430 35.344805 -30.958899 -6.946585
2 -73.458355 60.135847 -5.202876 -28.417361 -5.921341 -14.101067 22.616838 -31.349988 59.223589 -38.915232 18.513129 -1.319613 20.639616 17.556809
8 6.183368 -12.729917 6.543241 -11.260147 -12.468243 3.520432 13.849650 55.905237 -16.677829 -10.818333 -14.191700 -14.002440 17.940797 -11.794114
8 -12.431951 -19.641260 -12.105687 -10.149530 -4.527654 0.749561 5.170987 59.610569 -4.821402 -5.314372 -1.153245 14.366404 11.975827 -21.728248
8 1.458700 5.850860 -6.714331 -12.360983 -1.308442 -14.441671 -19.256123 70.807858 7.995349 3.833391 -9.806086 9.935904 -30.254620 -5.739804
8 9.228680 18.552048 -7.064975 -16.715344 -1.289709 5.939338 -12.148660 30.029384 0.169671 -2.082443 -6.129176 -8.751813 -8.989940 -0.747060
8 -20.778347 1.778708 -4.818541 10.785317 -14.214171 -14.112530 -10.102607 32.379014 -20.622480 -7.301254 20.052713 23.700455 -20.075817 23.329539
8 -40.501544 1.924619 -38.935407 -13.184287 9.623922 31.572718 -0.585628 169.740650 -41.673995 -30.993025 -20.650680 -9.285732 -10.653482 -6.398132
12 -17.917156 13.698045 -11.985225 6.196434 -2.531166 -4.274907 -11.622008 0.217936 24.177519 -11.050742 -5.616082 31.199472 1.576180 -12.068300
8 -1.648609 -7.087591 -8.903135 -21.605447 1.719882 -11.355286 42.607714 54.336366 -6.236467 -17.260256 -4.865692 -10.115849 5.913105 -15.498732
8 -10.430733 54.544174 -12.759741 -16.065472 -21.052316 0.999920 -31.216967 91.962994 5.123709 -18.940321 -15.672032 -20.611586 3.668362 -9.549988
5 -2.934942 -0.371787 -7.129197 1.950114 14.429018 3.692279 -0.070300 1.758215 -8.186083 0.238104 -2.351165 2.080760 -2.294229 -0.810791
8 -8.688364 5.948216 -25.936386 -37.713255 -29.072919 0.752130 45.005091 104.294974 -57.276246 -2.159736 2.971952 -10.909414 27.904956 -15.121004
8 -16.026230 4.745869 -15.876038 -4.106494 -5.351155 -4.589653 2.055664 60.982122 0.640730 -4.238124 2.783963 -6.321416 -4.333039 -10.366199
8 -15.367680 8.837965 -25.348582 1.797802 18.290854 11.822284 -4.146756 19.552704 -24.651005 -1.982610 10.593968 3.740255 -17.378920 14.239717
8 -26.088651 2.231894 0.509901 -26.844402 -12.211790 7.549758 1.240701 162.754300 -34.090802 -25.797919 -12.312634 12.552814 -31.941142 -17.552031
8 4.019802 24.563614 -19.057423 -6.099073 -10.767244 10.252882 -2.514481 32.140805 -22.293795 7.211222 -4.742412 -4.988782 -11.655427 3.930309
8 -10.082035 2.223131 0.443901 1.239601 -19.566321 12.617148 4.165421 46.203694 -10.596525 -9.287787 -6.287718 -9.977718 5.743146 -6.837935
5 -14.026953 23.781434 -25.365201 15.387013 24.836679 -10.747206 -17.625288 17.698340 -19.102823 7.895488 12.357285 -2.219285 -23.983040 11.113554
10 -10.838734 -18.325656 1.397466 17.329424 -6.569793 2.787861 -5.300004 -20.517977 28.972491 33.458761 -15.687740 9.684618 -1.501044 -14.889673
9 -5.422429 -2.023373 2.281746 -2.788329 2.392125 -0.401530 4.129471 -2.920920 19.322501 -9.243051 -7.027163 14.472115 -5.664342 -7.106819
9 -16.766481 -11.592140 16.191111 5.835349 -2.536794 -9.524842 11.095289 -12.478782 46.665100 -20.507444 -9.667322 7.582385 14.211893 -18.507320
10 2.420437 -9.633983 -1.461340 9.732470 -9.415609 -8.638107 -7.939116 -10.156592 14.559100 26.357362 -12.165984 10.600272 4.084982 -8.343894
9 -14.273595 -17.572737 11.349899 14.087019 -0.378174 -5.398089 4.248829 -14.450786 60.624414 -16.756393 -0.448916 -7.086736 -17.417497 3.472762
13 -7.978670 -16.744932 -29.312865 -18.328897 -16.126870 -30.490703 -5.810240 -8.913684 50.407872 -6.927073 -31.677669 -15.127900 184.316809 -47.285180
9 -14.239488 -12.928362 32.407334 -10.777891 -17.127053 -10.084278 -6.234261 -15.166936 48.848804 -20.543080 -18.017940 23.679968 21.835406 -1.652224
12 -9.910455 -6.000070 -6.505264 16.427239 -18.041312 15.941265 -4.954319 -5.705081 20.081198 -14.692419 -2.672567 20.874243 -5.733339 0.890879
13 -6.013073 -12.124714 -20.585213 -1.978980 7.100143 -3.687791 6.542486 -17.568011 14.884104 7.031107 0.912447 -0.575565 20.982141 5.080917
9 -11.372866 -30.027500 0.747833 7.747160 -10.193952 -2.590291 -5.222983 -8.970830 52.907542 -9.846575 -1.490092 -15.455192 46.567547 -12.799801
9 -4.487048 -9.699666 19.007425 9.399954 -8.490992 -10.896162 -9.412713 -9.194355 40.827510 -16.936768 -8.194430 -1.870877 20.694821 -10.746698
9 -14.377464 -4.864537 -7.958319 5.065675 -19.311764 6.554120 -1.989955 13.666626 29.570162 16.250441 -13.725346 1.527710 -10.369492 -0.037858
12 7.187845 -32.167319 10.234185 -21.107831 20.398338 -22.500235 -3.377832 5.388998 34.796163 -0.985024 -12.062184 45.311338 -25.756374 -5.360071
9 0.508204 -7.326088 3.617369 -0.747468 -1.932331 -8.666294 -0.888006 -1.799273 13.734415 6.228050 -3.329576 3.430145 10.054064 -12.883212
14 6.384204 -2.327154 2.735006 3.012431 -7.769024 4.725478 -1.645928 -6.024232 7.605870 8.604701 -7.298205 -9.865040 -7.361422 9.223316
10 -6.568417 -9.340180 -0.909205 -10.235183 -8.770361 -8.049260 15.045826 11.766166 8.011569 21.207240 -13.739649 7.451579 -0.850519 -5.019607
13 4.714177 -0.014907 -5.114699 1.476154 -2.627138 -14.511040 7.363036 -0.688742 -4.846965 4.721985 10.615772 -11.637649 10.670457 -0.120439
9 1.091958 -17.119701 -3.052273 19.299764 -11.892037 -16.093029 -1.442301 -13.002255 43.114667 9.029400 -14.812761 3.513021 7.894284 -6.528735
14 10.669274 -3.098611 3.971309 -3.423994 6.727032 -0.684611 -4.260650 -5.772621 11.247354 -9.242429 -5.097948 -12.302446 -0.900837 12.169177
