11 -9.193808 -12.327993 -10.484478 15.869471 -14.117806 -13.298006 32.451015 -11.721018 -8.176886 -11.904604 72.252559 -9.651238 -9.164345 -10.532863
8 -2.620790 0.496571 -2.019174 -1.697336 1.314619 3.595567 -0.305778 4.555162 1.902703 -2.128895 -2.001057 -2.667253 1.490846 0.084815
9 -2.647554 -0.774239 -1.983014 -0.646324 -1.119548 2.695118 -0.097447 -1.891968 11.947331 -1.056957 0.486790 -0.918617 -2.379033 -1.614539
1 54.508970 -3.536046 -4.190334 -3.467070 -2.424730 -4.989010 -6.655951 -4.326337 -2.088829 -5.062919 -4.891095 -2.625833 -6.979817 -3.270999
5 0.844615 1.385984 -0.394658 1.998427 3.693996 3.200954 -3.335969 -1.894524 -0.260787 -2.205587 -2.979204 1.431670 -3.823741 2.338824
1 9.681436 -0.687465 -0.424217 -0.991724 0.310235 -0.949956 -0.924146 -1.469496 -0.769274 -0.702966 -0.708502 0.128705 -1.569903 -0.922726
6 -0.967325 -0.948057 0.341695 0.095094 1.127613 3.940757 -1.459067 -0.159980 -0.978789 -0.052362 -0.274747 -0.609543 0.735398 -0.790686
4 -0.496443 0.302501 0.100416 2.346386 0.701972 2.332525 -1.628043 -1.299835 -0.644694 -0.770434 -0.575432 1.174624 -1.021203 -0.522340
5 -6.474908 -1.209900 3.904974 -2.213088 26.954115 3.647357 -4.827711 -6.134135 -4.480719 -2.073562 -1.108469 2.886792 -5.155944 -3.714800
5 -1.357251 -3.232862 0.427481 -0.450247 19.630549 -0.568905 -3.013588 -2.764706 -1.290008 -1.011039 -0.044322 -2.165327 -3.838548 -0.321227
14 0.353330 -1.360752 -1.089090 -0.553010 0.548188 -0.566943 0.331840 0.911681 -1.329186 0.298804 -0.130681 1.226015 -0.055855 1.415660
3 -0.944255 -0.274541 12.326777 -1.210379 2.737513 -2.328653 -2.632291 -1.487335 -0.434140 -1.296391 -2.733192 -1.306867 1.815781 -2.232030
3 -2.006536 -5.431455 25.187921 -5.470327 1.259125 1.603695 0.528141 -3.992420 -3.184567 2.250256 -4.429004 -4.734434 -0.226468 -1.353928
7 -1.580904 0.410136 -1.246762 2.521951 -0.478871 0.155412 3.070493 0.384594 -2.838505 0.652430 1.377946 -0.248532 -2.649486 0.470097
1 118.419914 -8.782848 -10.092818 -11.162328 -10.187851 -6.328965 -15.551621 -9.632337 -7.758822 -9.251879 -10.471567 -3.036304 -11.449184 -4.713390
11 -1.727333 -0.946127 2.004190 -0.652537 -3.809549 -1.166143 -3.456088 -2.112917 -3.416300 -2.229892 23.946859 -1.224306 -2.044717 -3.165141
4 -0.295889 -0.035355 -1.582700 2.989189 -1.704902 -0.293005 2.802771 -1.646100 -0.666567 -0.560990 0.112596 0.999809 -0.185464 0.066606
12 1.813292 -0.760591 -1.313289 0.336695 -0.619110 -1.335175 -4.169696 -3.370910 1.966791 1.075587 -1.196642 5.890666 -0.573858 2.256241
14 -2.443335 -0.825039 0.128640 -2.320778 -2.229146 -2.762589 -3.261902 -3.074578 -2.208624 -1.012228 -3.488586 -2.067762 -2.336428 27.902358
11 -11.203358 -9.094979 -9.346693 -8.340409 -2.673367 -7.524759 -6.190278 -5.284674 -5.846749 -7.942414 92.627332 -6.345896 -5.320834 -7.512925
3 -4.067896 -6.132428 47.162951 -2.484605 -3.865991 -0.101138 -4.568529 0.347241 -2.017187 -6.416218 -1.988708 -4.037334 -6.791629 -5.038530
12 0.763277 2.102588 3.362768 1.021253 -1.077019 -4.407996 -4.695436 -1.862649 -1.448316 1.534202 0.977142 3.468317 1.004819 -0.742947
11 -1.354025 0.929809 -0.573821 -1.366855 0.257741 0.335224 0.249333 -1.324230 1.032828 -0.194431 1.964484 -0.233801 -0.200677 0.478421
9 -1.883094 0.701914 -1.310389 -1.189701 -0.676940 0.757333 -1.789216 -1.641366 3.496597 0.568316 -0.120705 3.124218 -0.726018 0.689051
2 -2.327104 19.277311 -1.328348 -1.799260 -0.578150 -3.216312 -1.778268 -1.339374 -0.638842 -0.921508 -2.679986 -2.497228 -0.257391 0.084462
11 -5.549566 -2.705991 -4.634357 -0.740692 -0.276236 -3.398144 -2.512589 10.940214 -3.819646 -3.066266 20.423856 -1.791306 -4.677403 1.808123
14 -3.433990 0.446814 -2.410117 -0.937995 -4.147761 -1.474018 -2.422171 -2.271124 -3.221960 -2.439050 -3.520090 -3.637772 -2.697151 32.166387
2 1.374915 12.820228 -4.346363 0.289652 -0.849908 0.816819 -3.980438 -0.419426 -1.825030 -1.421742 -0.544907 -1.587233 1.333942 -1.660508
1 38.377933 -4.374697 -3.897951 -3.182076 -0.509935 -2.581975 -4.764082 -1.094321 -1.077468 -3.428316 -1.682468 -4.112690 -4.558173 -3.113782
10 0.349571 -0.929048 -1.015821 -0.390702 0.092557 -0.243669 -0.204338 -0.683011 -0.621088 1.849502 0.007269 0.120308 1.269866 0.398603
5 -5.269932 2.063623 -1.011491 -0.478411 15.771597 -2.347777 -1.595270 -0.392540 -1.596588 -1.383377 -0.420981 -1.185818 -1.465649 -0.687384
13 0.876921 -0.775737 -0.031723 -0.743680 -0.071666 0.279982 -1.000083 -0.253215 1.037374 -0.305248 -0.210100 -0.742380 1.140135 0.799420
6 -3.333118 -3.390866 -0.378945 -2.080787 -0.077641 9.238868 2.125432 0.063314 -1.299975 0.238969 -2.379449 0.004621 0.595527 0.674052
14 -6.530171 -1.928525 -4.692210 -4.544505 4.701537 -7.585466 1.857206 -6.507220 -5.813884 -6.923737 -3.462852 3.749648 -0.782950 38.463130
7 -4.138300 -2.972310 -2.481508 -2.419820 -1.969056 -6.551801 41.674921 -1.658282 -3.754628 -2.030168 -2.467751 -2.014136 -6.343206 -2.873955
14 -1.083209 -4.395881 -3.825826 0.228329 -0.957733 -2.955509 -2.327988 -0.338624 -2.455402 1.371902 -2.071261 2.794263 -4.172958 20.189897
2 -0.609491 6.027331 -0.920968 -1.730589 0.748574 -1.250801 -0.131041 -1.246789 -0.157831 0.454659 -1.505967 -2.709293 5.785006 -2.752799
2 -5.770431 16.776455 -3.594123 0.563833 -1.967908 -2.197522 1.281564 -2.064966 -3.765996 -1.071851 8.518239 -1.493150 -2.743097 -2.471048
2 -5.021502 31.980938 -3.383021 0.146328 -2.975598 -1.096056 -1.285837 -2.525679 -3.317172 -2.036717 -2.852058 -2.587362 -2.360918 -2.685347
14 0.785008 -3.259718 -1.479842 -1.971550 -3.073280 -2.745179 -3.926789 -3.458927 -5.263320 -2.253557 -2.660235 -1.541170 -2.903278 33.751839
6 -5.366616 -2.916831 -5.253319 -2.580145 -4.280635 37.233664 1.405125 -2.121852 -4.091142 -0.924699 -1.525261 -3.647388 -3.810167 -2.120736
3 -0.574453 -3.667043 10.239612 -0.276391 -0.422639 -2.068501 -1.592884 -1.134603 -4.549690 3.272461 1.812182 0.785113 -2.376379 0.553213
13 -3.673910 -4.106701 -4.168788 -4.898078 -2.253770 -8.913718 -9.284872 0.640220 -2.937880 -6.662475 -2.948725 -2.828077 57.085079 -5.048302
3 -3.544724 -2.917755 42.671428 -2.734004 -4.885185 -3.416717 -3.158366 -3.294832 -3.151100 -3.206915 -3.494055 -3.156993 -3.042815 -2.667970
6 -4.274182 -4.543350 -3.291233 0.064468 -4.692152 34.574534 -2.681423 -3.451630 -2.739217 -3.811965 -2.289648 0.117081 -0.070932 -2.910350
12 1.728863 0.677180 -2.235968 -0.275766 2.687787 -1.768129 -0.215588 -5.556179 1.768803 -0.977968 -4.569092 7.091793 -2.950476 4.594741
14 -1.267209 -2.282951 0.201822 0.927418 0.893068 0.032047 -2.042420 -0.333086 -0.095910 1.342839 0.175287 1.083340 -1.343645 2.709401
13 -0.399279 -0.555171 0.575324 2.004751 0.456703 -0.312021 -1.122413 -1.503664 -1.884376 -0.018631 -2.215890 -0.490804 4.881788 0.583682
11 -2.463787 15.793654 -1.754281 -0.883995 -3.879652 -3.356001 -4.969353 -2.494441 -1.966565 -2.337562 16.996648 -1.894220 -3.564450 -3.225992
13 5.387165 -3.096481 -1.883089 0.178167 -1.093750 -5.553818 0.585979 -0.290723 1.845365 -0.198764 -2.225607 -1.915358 8.962953 -0.702037
14 -1.407723 -0.705385 -0.591037 -0.755089 1.682184 -1.143841 -1.507804 -1.585919 -1.252018 -0.045791 -0.248826 1.185912 -1.068700 7.444038
11 0.786846 0.086480 -0.464695 -0.442994 0.204328 0.042111 -0.607517 -0.826140 -0.557629 -0.208050 1.866906 0.358864 -0.343292 0.104783
14 -9.840161 -9.124392 -7.886211 -4.925715 -7.029048 -4.940282 -15.210703 -11.606087 -9.854186 -8.464987 -10.914825 -8.385244 -8.311410 116.493257
11 -3.815711 -3.402495 -3.471637 -1.881763 -4.554795 -3.590900 -4.503701 -4.816146 -1.796790 -1.964632 43.573133 -1.988977 -3.419035 -4.366550
7 3.005004 0.922370 0.597843 0.633191 -3.378166 -0.815275 7.284299 -2.461721 -1.339983 -2.132676 0.103873 -1.145259 -3.735892 2.462391
6 -12.603671 -6.551312 -6.476046 -6.737748 -5.978777 83.424704 -12.629824 -5.879947 -6.165601 -4.066326 -2.781522 -5.120001 -0.955635 -7.478290
4 -1.514000 -0.385102 -0.455072 19.235488 -2.495822 -1.872606 -2.934014 -0.980023 -2.397006 -0.647186 -0.619529 -2.472520 -1.393871 -1.068735
4 -1.980994 -1.623989 -0.909805 19.779911 -1.786779 -2.158869 -1.662433 -1.458430 -1.533848 -1.162505 -0.775141 -1.374859 -1.751109 -1.601147
14 -3.501662 -0.092040 -1.262990 0.611118 1.261659 -1.330803 1.572986 1.101216 -1.409948 0.991982 0.841269 0.517048 -1.635771 2.335937
7 -12.360116 -0.765078 -9.049119 -7.843601 -8.874801 -9.095750 98.296442 -8.493974 -2.899558 -6.256745 -10.165278 -6.715687 -8.261827 -7.514909
7 -2.412053 -3.467264 -6.156840 -4.482957 -4.815080 -6.230449 50.567351 -3.806961 -4.569405 -2.172022 -3.930583 -5.061915 -0.902486 -2.559337
7 4.260379 -2.656067 -1.710538 1.342629 -0.985281 -4.432211 18.875747 -1.196932 -3.086643 -3.662819 -1.076717 -1.385435 -5.228510 0.942397
7 -9.608385 -6.607570 -5.332531 -4.725604 -3.678988 -6.517986 65.862896 -2.756308 -5.530394 -4.736536 -2.405758 -5.082617 -4.545245 -4.334973
7 -4.518213 -5.445946 -4.929613 -4.535478 -3.593592 -4.612181 44.745018 -2.567766 -3.188731 -3.980976 -1.822092 -2.891132 -1.040830 -1.618467
6 -35.905803 -6.179884 -13.318181 -14.962285 -13.561066 181.778613 -12.247683 -12.970866 -16.300758 -14.793117 -11.216728 -8.634482 -9.994115 -11.693639
3 -2.811708 -1.456415 29.391017 -2.392874 -2.769688 -6.488450 9.545059 -5.184208 3.152660 -5.310643 -5.542145 -4.354734 -1.699857 -4.078012
2 -0.692528 3.507133 -0.669101 0.710505 0.187419 2.674849 0.044306 -1.673701 -1.533233 -1.165541 0.531698 1.130231 -2.183376 -0.868662
8 -5.078390 -0.758372 -0.207910 -2.777319 0.795996 -2.401307 -2.914038 15.373251 1.573957 -2.577312 2.074668 0.671191 -2.475106 -1.299307
8 -1.965578 0.270399 -1.657585 3.224394 2.843651 -1.953956 -1.520579 3.318108 0.030125 -1.209576 -0.289849 -0.334411 -0.851032 0.095887
13 -0.344496 -0.441879 -0.922088 0.300475 -1.758669 1.755757 -2.280218 -2.497518 1.379714 0.414648 -2.591819 -0.680350 3.859297 3.807144
4 -3.068676 0.120083 -2.072029 21.566482 -2.001874 -2.714134 -1.503919 -0.761366 -1.262545 -0.517692 -2.737872 -2.361266 0.223408 -2.908598
4 -2.283420 -2.845800 -0.734298 20.108806 -2.479517 -1.511414 -2.243783 -1.878179 -1.977779 -0.474686 -1.252403 -1.587983 0.304764 -1.144306
4 -2.975555 -2.087294 -1.306816 19.789356 -2.872040 -1.589032 -1.182946 -1.211786 0.127266 -0.493349 -1.181541 -1.776914 -2.470060 -0.769286
11 -6.498161 -11.787213 -7.566603 -8.206605 -0.332034 -4.376745 -9.311362 -6.322280 -8.375185 -8.034558 90.440392 -5.679797 -6.908592 -7.041258
11 -5.230441 -7.364137 -7.791877 -2.609604 -8.460666 -3.795914 -4.906355 -3.105435 -2.698061 -6.303102 65.201446 -3.605338 -3.556078 -5.774435
3 -0.663723 -1.937447 10.322964 -1.385370 0.027220 -1.457622 -1.070431 -1.500812 0.679624 0.119416 -0.886298 0.012151 0.190705 -2.450376
4 -1.283611 -1.411495 -0.942298 20.385926 -1.609132 -1.785985 -3.090939 -1.527392 -2.423061 -1.832776 0.150451 -1.013864 -2.418841 -1.196981
5 -3.528445 0.047749 -1.976078 -0.981597 32.122402 -6.466212 -4.150901 -1.612733 -4.795027 -1.706651 0.445218 -0.853042 -5.140795 -1.403888
14 -4.130622 2.168604 -0.392743 -0.726734 0.564813 1.700098 -0.767403 0.384180 0.417994 -1.695481 -0.892996 -1.269382 1.809727 2.829945
13 -0.741722 -0.049394 -0.993152 0.114816 -0.148310 -0.013065 -0.335609 -0.520675 0.223277 0.287122 0.122361 0.517587 1.954808 -0.418043
11 -5.698945 -7.035284 -6.895456 -6.169166 -5.627350 -4.649806 -4.360750 -4.782869 -5.121617 -8.568067 77.057929 -4.062955 -5.698745 -8.386922
11 -9.969405 -8.312849 -9.906239 -11.018114 -9.956668 -6.298802 -8.094943 -10.197802 -10.091903 -11.223339 128.288388 -10.247412 -11.130442 -11.840472
11 -4.094021 -5.232714 -7.329605 -2.990596 -2.216487 -2.461365 -6.067423 -4.786545 -6.249921 -9.037960 65.766547 -1.457946 -8.434351 -5.407616
6 1.371433 -0.170897 0.733072 -0.656733 0.563040 2.048138 -2.076466 -0.899986 0.288387 -0.743987 -0.071454 -1.012039 0.286767 0.340724
1 26.343568 0.023084 -2.661711 -2.992057 -1.802264 -3.682939 -2.707547 -2.557311 -3.205206 -2.512363 -1.857859 -2.536532 0.654449 -0.505314
13 -1.955619 -4.326050 1.669656 -2.282669 3.856620 -0.177229 -1.497626 -3.837732 -3.291399 -1.587358 0.616867 -2.730991 15.801635 -0.258105
3 -0.376113 -1.942731 12.414964 1.074040 -1.239436 -2.825547 -1.917876 -3.187368 1.727524 0.912370 -3.707556 -2.213790 -0.581267 1.862785
4 -2.780308 -0.713782 -1.440326 20.305451 -1.196435 -3.446272 -0.580595 -2.017417 -1.964161 -1.596475 -1.900091 -2.357242 -1.780980 1.468633
4 0.495452 -0.140436 -0.958022 19.090374 -2.013770 -0.207986 -0.461812 -1.967675 -1.385468 -1.143583 -1.902544 -0.957552 -4.503609 -3.943368
2 -4.578244 23.803083 -1.366297 0.594622 -3.774426 -1.862512 -3.061173 -1.745732 -4.777940 0.482984 -0.536381 -1.130785 -3.520191 1.472992
10 -2.453036 0.227079 1.535668 3.001450 -0.921147 -1.100245 -0.247450 -1.052328 -1.500652 3.225213 0.248269 1.037292 -1.850535 -0.149579
1 0.000000 0.000000 0.000000 0.000000 0.000000 0.000000 0.000000 0.000000 0.000000 0.000000 0.000000 0.000000 0.000000 0.000000
2 -2.543348 25.467601 -0.428948 -0.755711 -1.828639 -1.863775 -3.311819 -2.716751 -1.980405 -0.610995 -1.047154 -3.428390 -3.098455 -1.853210
5 0.611931 0.521877 -0.492620 0.581273 4.996562 -1.470454 -1.263920 -0.385819 -3.348057 1.051962 -1.156418 -1.419730 2.823445 -1.050031
1 38.317916 -4.236328 -3.239021 0.585516 -6.297970 -2.046770 1.129810 -0.106884 -5.503809 -5.221812 -5.504497 -1.300249 -2.690348 -3.885553
7 -4.927307 -5.971166 -3.821823 -4.377020 -3.677006 -6.573146 63.033380 -6.109862 -5.861303 -3.691741 -3.281669 -3.731119 -5.910533 -5.099682
6 -10.697541 -8.803617 -5.026972 -7.721880 -6.297553 105.819594 -12.843029 -5.767470 -6.741639 -6.362152 -10.731930 -9.880146 -5.586828 -9.358835
1 0.954444 -1.287292 -0.237862 0.530000 -0.038713 0.472904 -0.399352 -0.114959 -0.212199 0.396908 -0.015319 0.099110 -0.660924 0.513255
13 -4.731791 -0.301620 -1.960940 -0.943321 1.272236 4.255152 -4.036684 -0.899173 -0.685149 -0.156874 0.332471 -1.417617 10.275264 -1.001953
1 46.344333 -5.883512 -2.322538 -4.178203 0.158899 -3.987300 -7.953746 -5.718450 -3.847343 -4.178414 -2.859622 -0.615518 -3.913802 -1.044785
14 -2.299069 0.834398 0.440592 0.566980 0.627082 -0.619694 -0.465108 -0.317796 -0.561627 0.837041 0.922945 0.374936 -1.395555 1.054876
10 1.225101 -2.559231 -2.148244 -2.463258 -1.221651 -0.051670 0.881882 -2.551402 -0.625350 6.641642 0.264208 -0.452401 -1.924532 4.984908
2 -0.929836 22.624820 -3.499606 -3.224931 0.820559 -1.049828 -2.688605 -1.305482 -4.465370 -1.656612 1.133863 -2.065702 -4.171878 0.478607
8 -1.846923 -1.226674 -2.016229 -2.217892 1.579146 -3.726268 -3.054240 21.142310 -4.068338 -0.978462 3.882642 -3.310704 -1.170098 -2.988270
7 -4.380080 -3.040297 -1.790569 -2.686684 -2.213146 -5.360500 42.440244 -3.630436 -4.405611 -3.214600 -5.272129 -2.865447 1.203617 -4.784361
2 0.000000 0.399521 -0.066404 -0.033436 -0.018258 -0.204238 0.000000 0.399521 0.000000 0.000000 -0.161045 -0.125810 0.000000 -0.189850
11 -3.067988 -14.056680 -7.860379 -7.337178 6.663891 2.736696 0.109386 -4.470813 -7.895948 -3.450840 51.980136 -5.136098 -7.041652 -1.172533
10 -0.449241 -0.228113 -1.254672 -0.916591 0.966116 -1.757857 0.673995 -1.106831 -1.621977 8.295647 -2.287175 0.648013 -1.573571 0.612257
14 -4.657519 6.265098 -4.988644 -6.221855 -1.312048 -5.247948 -1.216002 -0.722019 -7.317940 -4.648680 -5.366625 -0.417473 5.302030 30.549627
13 -0.624918 -1.331287 1.012222 -0.420587 -0.027960 0.446500 -0.754824 -2.015059 -0.957990 0.074063 -0.500510 -0.885089 6.195671 -0.210230
1 70.786507 56.856240 -10.260155 -11.972013 -16.102318 -5.718061 -14.627984 -10.798748 -12.359657 -8.994926 2.869284 -12.060379 -13.454444 -14.163345
6 -0.112251 -1.194490 0.969613 -0.918420 -3.228458 8.280642 -0.766743 0.194072 0.054088 0.399533 0.783089 -1.981734 -1.655756 -0.823188
2 -1.194811 12.476822 -0.240687 -1.692498 1.228722 -1.628500 -1.525702 -2.120707 -0.545480 0.172276 0.133043 -0.369397 -2.495020 -2.198063
4 -0.947070 0.820042 0.376556 1.103947 0.343037 -0.434832 -0.278168 -0.639831 -0.720566 0.379480 0.317053 0.422137 -1.348032 0.606247
6 -5.914059 -1.022430 -3.877722 17.159920 -4.922151 31.732666 -5.446035 -3.333752 -5.867934 -5.140852 -3.823945 -4.598152 -1.546422 -3.399129
1 222.530800 -19.418625 -20.667530 -21.182860 -18.936680 -19.435315 -16.352305 -17.495661 -17.548871 -19.385577 -23.323640 -21.438764 17.187221 -24.532188
1 94.030969 -5.772137 -5.873982 -7.632946 -7.027564 -6.085930 -11.068970 -6.286194 -6.508125 -5.152928 -7.067261 -8.708190 -9.377071 -7.469671
1 62.639339 -4.967607 -4.381100 -4.692885 -11.032375 -3.090194 -4.951757 -4.606300 0.356817 -4.673961 -8.680987 -2.226169 3.114163 -12.806982
11 -2.249259 2.123407 -3.093698 -2.528219 0.911844 -0.005057 0.615569 0.990235 -1.064042 2.516191 3.189388 -1.114523 0.009868 -0.301704
4 -3.264221 -1.669314 0.291646 23.379200 -3.851392 -1.668633 -2.699872 -0.947779 -2.935919 -1.149473 -1.164044 -0.715408 -3.210156 -0.394633
13 -2.337211 -1.118609 -0.447958 0.247503 -0.368222 1.201962 1.689324 0.823649 -0.399071 -0.401604 -0.646212 -0.624525 2.847197 -0.466223
2 -7.540128 52.048895 -3.795311 -5.243616 -5.090088 -4.662762 -5.101239 -3.034345 -0.946289 1.968350 -5.346920 -4.506197 -3.769804 -4.980544
1 3.943987 -1.280612 -0.294193 0.408073 0.285547 -0.155511 -0.219525 -0.349257 -0.715098 -0.167863 -0.134789 0.534336 -1.051079 -0.804015
7 3.260894 -2.346081 -0.854176 -2.724498 -0.345687 3.396436 5.267494 -0.882780 0.398543 -1.137306 -2.905150 0.044743 0.647567 -1.819999
13 4.025068 1.019300 -1.500589 1.680546 -4.967259 -1.833231 -2.122326 -0.751305 3.881840 -0.748079 -2.643954 -0.540594 6.001324 -1.500740
9 -1.443957 -3.056573 0.550403 -1.861080 0.319556 3.917094 0.738493 0.064351 10.308518 -1.690965 -2.597889 -1.485029 -0.980297 -2.782624
11 -0.431236 -0.889477 -0.281578 -0.509271 -0.854380 0.665255 1.636562 -1.545275 1.129649 -1.045202 1.996375 0.610859 1.237509 -1.719792
5 -4.804954 -2.486471 -2.377549 -5.301631 48.629391 -3.552327 -3.678467 -4.091773 -2.073707 -5.612000 -5.207708 -3.603756 -4.234104 -1.604944
4 1.143813 -1.892200 -1.149198 19.361818 -2.890611 -1.977409 -2.294649 -1.466121 -1.550564 -2.256163 -1.561286 -0.640201 -2.205663 -0.621563
4 -3.084629 2.300841 -3.169894 19.859204 12.123074 -3.920788 -4.718865 -0.979313 -2.752589 -2.752199 -3.135020 -1.998755 -4.710994 -3.060071
4 -2.175032 0.049046 0.754326 20.074834 -1.808800 -2.502091 -2.977138 -2.381020 -2.671668 1.612831 -1.655760 -1.238573 -3.172107 -1.908847
4 -0.932550 1.023903 0.314463 1.649080 0.343037 -0.885263 0.179536 -0.740328 -1.495169 0.432589 0.647248 0.333915 -1.155941 0.285480
4 -1.789164 -1.556534 -1.273055 3.372105 0.380736 1.016605 1.683510 2.144200 0.384668 -3.102345 -2.779444 0.311197 0.607009 0.600511
1 24.607453 -2.400675 -0.976774 -2.331508 -2.379237 -1.950667 -2.128431 -0.381423 -2.737465 -1.917873 -1.984715 -0.591535 -2.495478 -2.331673
7 -7.306628 -2.359132 -8.199609 -4.353390 -1.623025 1.025875 24.069516 4.165437 -7.384517 -0.349450 2.858240 -1.781084 -3.285715 4.523481
8 0.311652 -0.770291 -2.211774 -1.825071 0.368189 -1.426489 -1.285097 14.560449 -2.177637 -1.549889 -2.616494 -1.358469 -0.376178 0.357099
1 29.488597 -3.271336 -1.355822 -1.548284 -1.634279 -4.338856 -3.799654 -3.066600 -2.053548 -2.627585 -1.127850 -3.489506 1.741433 -2.916711
1 39.256200 -6.587914 -1.894964 -0.156289 -5.037331 -0.724997 -1.808602 -3.398845 -5.115954 -3.389021 -3.926959 -1.270434 -3.383355 -2.561536
3 2.451654 -4.872055 22.565846 3.693422 -3.904639 -7.979140 -0.372626 -5.026567 -1.877540 -2.291448 -1.669501 0.735611 -1.569070 0.116054
3 -1.255507 -2.665885 35.363197 -4.803191 -2.007763 -1.830709 -2.071148 -2.669995 -1.520956 -2.449874 -6.144706 -5.044868 -0.029268 -2.869327
1 34.629142 -2.997735 -3.891087 -1.071378 -2.969332 -1.911074 -1.232336 0.136546 -2.035275 -3.705740 -3.921598 -2.240060 -3.105381 -5.684692
3 -4.376974 -3.680324 54.245231 -4.295864 -4.766762 -4.388089 -3.460830 -4.085192 -4.333668 -4.250638 -4.188519 -4.201763 -4.397822 -3.818789
14 -3.978261 -5.998232 -7.894310 -3.820190 0.963962 -1.224224 2.628136 3.646208 -6.369565 -5.092912 -0.860559 1.509692 -2.506726 28.996982
14 -2.118543 -4.509851 -1.173158 1.740794 -1.360062 2.922705 1.211516 -1.098097 -4.081795 -1.885354 -0.556580 -0.786324 -2.981915 14.676666
8 -4.546474 -2.379308 -2.838084 -2.431924 -6.071245 -2.513022 -2.053109 39.910787 -3.481769 -1.405753 -3.365709 -2.855625 -3.210368 -2.758396
3 0.188196 -2.139737 16.241401 -1.273283 -3.400875 -1.502098 -0.223590 -1.398495 -2.070812 -2.978332 -0.368991 0.621429 -1.786174 0.091359
6 -6.494591 -3.575200 -2.010246 -0.869251 -5.691940 40.161793 -5.355045 -3.165844 -2.750396 -1.065209 -3.979281 -4.610815 3.741068 -4.335041
13 -3.888831 -2.937713 -4.187807 -3.443606 -2.033216 -5.007710 -4.357811 -2.942589 -2.995887 -0.013646 -4.047206 0.478774 38.213655 -2.836404
3 -4.046964 -3.153702 40.974080 -3.348827 -2.716860 -2.640698 -4.011548 -2.376435 -2.561542 -1.111126 -4.079175 -3.647140 -5.000810 -2.279256
11 -0.182201 0.000000 0.431830 -0.069444 -0.212802 -0.036516 0.000000 -0.063466 -0.263662 -0.182175 0.615953 0.304639 -0.230010 -0.112145
11 -2.203641 -2.705863 -4.584454 -1.742271 -0.899495 0.067143 5.558165 0.076725 -1.213275 -0.657068 10.818560 -2.019441 -1.018338 0.523253
11 0.221874 -7.042443 -1.940072 -0.109667 -4.987495 -0.197376 -5.508508 0.995225 0.029425 -1.165352 25.435410 -1.104634 -2.836195 -1.790192
11 -12.229374 2.140568 -4.334800 -2.311799 -4.368599 -5.298081 -2.067280 -2.279831 -4.595835 -4.077277 48.518887 -5.093905 -2.966108 -1.036565
11 -4.074877 -18.306862 -3.924494 -6.023762 -11.015598 -12.969846 -15.688129 -6.466984 -9.119631 -11.907042 132.778260 -8.207642 -11.299522 -13.773870
1 42.779416 -3.842344 1.623851 -4.048978 0.605457 -6.200897 -3.196284 -2.370238 -5.367974 -4.195282 -8.750840 -0.200620 -3.579993 -3.255273
5 -4.536072 -4.179648 -4.117196 -3.237175 58.668914 -5.688203 -5.917455 -6.315152 -4.278109 -2.396779 -3.766963 -6.335315 -3.466706 -4.434138
4 -4.200179 -1.475957 -2.558207 24.660358 1.260091 -1.654257 3.479581 -2.144763 -2.648251 -1.731612 -4.033617 -2.381060 -2.759518 -3.812606
7 -19.463792 -4.691218 -13.440692 -6.875004 16.925418 -19.655132 110.055337 -5.122761 -8.658642 -8.330397 -16.294439 -12.035112 -6.770658 -5.642909
11 -5.446784 -0.204915 -3.815514 -4.549377 -3.552821 -2.836803 -2.483993 -0.191741 -1.455432 16.121683 19.227517 -2.564201 -4.933243 -3.314377
5 -7.464997 -3.963904 -2.373244 -2.653676 58.726676 -2.798121 -6.519965 -7.530462 -3.138561 -6.582570 -4.574732 -3.705133 -3.714945 -3.706366
4 0.187619 1.440050 -2.623545 21.046189 -1.675272 -1.556962 -2.108625 -1.794511 -1.954938 -0.512174 -2.312745 -1.121341 -3.351877 -3.661865
6 -6.136745 -10.869865 -11.498690 -11.839754 -11.414451 140.780360 -16.659369 -7.080072 -6.030649 -10.635647 -11.368276 -13.366735 -11.365968 -12.514135
8 -1.528329 -1.551490 0.283245 -0.402687 0.052261 -1.034552 -2.228002 13.127172 -2.173131 -1.418084 -2.009031 2.760366 -1.256565 -2.621174
6 -6.020323 -9.123686 -10.043424 -9.675417 -9.958740 115.517790 -13.121389 -4.840661 -6.892284 -9.084494 -8.699849 -10.446938 -9.234493 -8.376089
6 -2.444170 -4.104835 -1.640722 -3.959298 -0.079265 40.822301 -5.594654 -2.316286 -0.727083 -4.458904 -1.717565 -4.185063 -5.858898 -3.735556
8 -1.089976 0.187332 -1.003560 0.421728 -0.391053 -0.030376 -0.303190 2.479955 1.645001 -0.551503 -0.062395 0.021515 -0.587015 -0.736464
13 -3.879377 -3.403331 -3.652227 -3.147678 -8.701679 -7.563364 -8.192240 -5.161604 -4.434002 -4.747137 -4.399597 -5.166896 70.732380 -8.283245
13 -0.579098 -0.496646 -0.881903 -0.045767 -0.010469 -0.705881 -0.833565 -0.893256 -0.762259 -0.481256 -0.597089 -1.056894 7.534734 -0.190650
5 -3.474893 -3.846378 -0.489249 -2.130917 7.860892 3.308220 3.441660 0.666592 -2.321339 -3.605186 -2.088591 -0.424351 2.617383 0.486157
9 -1.275169 -0.178993 -0.135796 0.092404 1.328086 0.576367 -0.624058 -1.252980 3.139210 -0.003824 -4.878968 2.120149 1.440923 -0.347349
12 4.099311 -2.478240 -1.332050 0.669366 -1.906558 -2.603776 -1.766465 -3.149175 2.433156 -1.966564 1.319009 5.544439 -3.610593 4.748141
4 -1.778905 -2.043433 -1.390366 20.844521 -2.316785 -2.439273 -1.515547 -0.564479 -0.808541 -1.677917 -1.861493 -1.023205 -3.358685 -0.065890
14 -1.037610 -0.211739 -0.710051 -0.614240 0.779672 0.463845 0.294638 0.240034 -0.887500 -0.307070 -0.665061 -0.248464 0.606693 2.296854
3 -0.442396 -0.577360 2.238135 1.903254 -0.340183 -3.283643 -1.789998 -0.444028 -0.876825 0.746308 1.113570 0.463686 1.569560 -0.280081
4 -3.452020 -1.245390 -2.341066 22.039557 -2.466568 -3.584023 2.156196 1.323255 -3.185748 -2.641241 0.447857 -2.317127 -3.206156 -1.527525
3 -3.977572 -2.632057 37.894118 -2.384957 -2.550185 -3.901279 -3.188023 -2.724839 -0.986439 -1.348119 -4.211062 -2.001286 -3.337411 -4.650888
1 3.908268 -0.256641 1.944847 1.475816 -0.912523 -0.981096 -2.264625 -1.291595 -2.225672 0.428585 0.076304 -2.207249 2.221159 0.084423
12 -1.394871 1.480867 -0.412951 -1.632180 -1.299856 -2.448367 -4.934927 2.156580 1.878703 -2.228700 -0.585411 5.999702 3.826088 -0.404676
10 -5.013993 0.657960 0.020738 -1.542806 -1.572024 -0.370733 -3.140757 1.308507 -0.317824 4.730944 1.547073 3.225880 -2.588241 3.055275
3 -0.144629 0.260830 0.861381 -0.021015 0.041392 -0.421389 0.070925 0.205097 -0.202414 0.474237 -0.912779 -0.439808 -0.410215 0.638386
14 0.073639 1.832073 -0.505806 -2.947230 -0.001750 2.012190 3.317560 -0.388677 -2.587254 -1.938435 -3.334073 -0.870267 0.086257 5.251774
14 -3.563893 -1.563865 0.023550 -0.181575 1.319089 -0.907132 -0.686500 0.254890 1.214789 0.118215 0.517947 1.356903 -1.117002 3.214585
1 1.781462 0.547706 -0.601353 1.502023 -0.570006 -0.303656 0.116925 -0.414619 0.024017 -0.473993 -0.262957 -0.513366 -0.679729 -0.152454
10 -0.041772 -1.703707 0.791517 -0.693084 -0.710933 -1.603945 -1.972515 0.427618 0.299996 4.689658 -0.330437 -1.911707 1.507170 1.252141
4 -0.944019 -1.551076 -1.999227 19.143049 -1.892611 -0.737443 -1.615754 0.481770 0.118761 -3.324599 -1.093882 -2.719872 -2.094020 -1.771076
4 -2.043980 -1.264461 -0.781093 20.043963 -2.658182 -1.756600 -2.229411 0.036618 -1.994206 -1.429380 -0.883104 -1.795611 -1.107716 -2.136837
1 5.087900 -0.296518 -0.985369 -0.395074 0.844507 -0.247703 -1.551657 1.085420 -0.448434 -0.673653 -1.448803 -0.167885 -0.916986 0.114255
12 3.955410 0.288889 -3.133402 -0.960350 -1.084239 -2.402870 -2.227098 1.073478 -0.791644 -2.078237 -1.644483 12.543280 -3.217626 -0.321108
1 37.417501 -0.693597 -0.975044 -4.186522 -7.046620 -1.030737 -4.742635 0.679195 -3.164195 -1.932889 -4.290811 -4.788360 -1.904931 -3.340353
14 1.385223 4.296024 -1.569911 -1.441379 -4.345442 -2.790291 -2.104410 1.520856 -0.154290 -1.348487 -1.079826 -1.411892 4.261151 4.782673
14 0.822801 3.969386 2.736744 -2.194443 1.869204 -0.953001 4.101322 -6.878653 -1.526850 -2.608039 -3.176155 4.257283 -6.342473 5.922874
4 -1.939634 -2.254570 0.157769 3.818893 -0.166117 -0.623624 2.145213 -1.215657 2.889521 1.221266 -0.987882 0.602958 -3.308452 -0.339685
5 -2.167425 -1.658475 -2.511885 0.459333 19.585081 1.597525 -3.968970 -2.207029 -0.613756 -2.366253 -1.715551 -1.262167 -1.124047 -2.046382
4 -3.843702 0.055892 -2.387696 20.053144 -1.005005 -2.988169 -2.652331 -0.373548 -3.295172 3.485801 -1.412819 -0.275494 -4.563905 -0.796994
14 -2.258938 -3.407765 -2.494367 -1.634730 -1.817235 -1.588523 -1.899545 -2.923939 -2.005257 -2.289476 -2.288358 -1.802902 -0.361078 26.772114
5 -0.515799 -0.432802 -0.149530 0.253943 0.730158 0.279063 -0.398117 -0.303836 0.163842 0.164840 -0.076294 0.273017 -0.168355 0.179870
9 -0.573918 -0.313834 -0.101930 -0.631570 -0.176230 -0.072809 0.679858 0.426324 0.896051 0.104665 -0.158845 -0.753798 0.329650 0.346387
4 -0.564325 -1.939495 -2.684087 20.153609 -3.147854 -0.304124 0.956287 -0.956165 -1.178421 -1.607579 -2.254293 -1.045011 -2.586664 -2.841875
10 2.126684 -7.201816 -2.240463 -2.157512 0.549989 -0.250927 -0.080048 0.398780 -2.446885 7.817098 -1.373813 6.934077 -2.659994 0.584831
14 -4.428314 -5.941421 -4.450557 -5.931001 -5.832024 -3.243017 -8.946125 -9.278162 -3.780277 -2.166426 -2.147004 -5.343044 -3.236026 64.723400
6 -4.006967 -7.212084 -5.891579 -5.663932 -7.130307 73.039571 -7.225511 -6.386479 -4.122908 -6.776597 -6.111109 -4.466599 -1.456361 -6.589135
6 0.182233 0.355646 -0.877629 -1.460473 1.473191 3.060992 -0.346982 -1.699580 0.761891 -0.138025 -1.864790 1.722777 0.821512 -1.990764
11 -0.566730 0.153339 0.172735 0.918641 -0.589523 0.518849 0.047196 -0.584841 -1.004368 0.184367 1.121005 0.832016 -2.004767 0.802080
4 -1.796367 -1.744441 -1.135541 22.245923 -2.465555 -2.657824 -2.370035 -1.769588 -0.956806 -1.160228 -0.882129 -0.749996 -2.844778 -1.712634
10 -0.610913 -3.357797 -2.370217 -1.691695 0.364366 -4.485819 -6.494057 -0.598242 1.215504 19.301826 -3.282623 1.836667 2.122494 -1.949494
8 -0.461691 3.486278 -4.417857 -3.527819 -4.839935 -0.751143 -6.192528 32.289324 -3.819123 1.884846 -3.741509 -6.094175 -2.723796 -1.090873
8 0.053887 2.179391 0.035257 -1.343126 -5.373280 1.481497 -2.180578 7.644536 0.980320 -0.066880 -1.818054 -1.253076 0.454260 -0.794154
1 30.190837 -0.320803 -3.595828 -1.236953 -1.818484 -3.047581 -1.897956 -3.323453 -2.381555 -3.028764 -1.062140 -3.366195 -4.248083 -0.863043
13 -2.324014 0.349376 0.451559 1.470124 -1.340564 0.487615 -0.703569 -1.398342 -0.312673 1.311786 -0.152223 -0.380247 2.407358 0.133815
5 -1.711642 -1.146033 -0.955436 -2.446046 15.114606 -4.277372 -3.725787 1.276834 1.485993 -1.285897 -1.793846 -1.392336 2.837931 -1.980968
11 -4.276795 -4.452742 -5.383285 -3.079441 -5.224116 -3.144858 -1.630522 -5.431679 -3.945416 -3.969891 55.130309 -3.578373 -5.708944 -5.304247
14 -0.355754 1.291945 1.885631 -0.638681 2.455349 -2.309870 -2.216258 0.326255 -1.234239 -1.035204 2.664571 -1.828235 -1.724184 2.718674
9 2.599481 -4.460058 -1.037836 1.361887 -0.693019 -1.051358 -2.591498 2.057110 4.055700 1.253595 -4.570827 2.450422 -1.335971 1.962373
8 -2.556511 -1.432592 -5.950565 -1.933146 3.420545 -1.828816 -9.602336 34.946484 -0.484009 -3.896664 -3.701065 -0.777901 -2.900228 -3.303196
5 1.596398 -0.566815 0.058103 -0.316602 2.929041 -0.931400 -1.710095 2.192186 -0.531885 -1.673213 -1.302843 0.388676 1.109901 -1.241451
5 -0.280149 -4.791781 -1.334596 3.052495 6.307107 3.270541 -1.372426 0.692005 1.319861 -1.419131 -2.763458 0.335598 -1.222037 -1.794030
1 7.042867 2.450590 0.278754 0.874722 0.556314 -3.189225 -0.932335 -1.203881 -1.581715 3.175309 -3.097274 -1.648340 -0.009687 -2.716099
4 -2.921456 -2.553283 -1.259307 21.471674 -2.364923 -1.559094 -1.671906 -1.356993 -1.283982 -1.658519 0.484783 -1.313257 -2.508696 -1.505040
4 -1.037063 0.541333 -0.110687 2.035392 -0.423706 0.624932 1.238942 -0.881917 -0.755429 0.170997 -0.027219 0.657755 -2.027569 -0.005762
13 -0.559749 1.131791 0.372505 0.207204 -0.096679 -0.678518 -0.033956 0.901421 0.001232 -0.124395 -1.267807 -2.119462 3.460855 -1.194441
1 29.934748 -4.290473 -3.719781 -2.765691 -1.990068 -3.033179 -4.061724 -2.149164 -1.280084 -0.736918 -3.233704 2.061827 -2.902393 -1.833396
6 -5.117217 9.258961 -6.817460 -7.785816 -9.112029 77.852240 -10.275704 -3.562985 -5.831827 -7.116221 -7.759512 -6.545774 -10.248294 -6.938357
3 -1.236079 -1.341170 13.557270 -0.955593 -1.598702 -2.033027 -1.579614 -2.336075 -0.849479 0.880472 0.382280 -1.314015 -0.772663 -0.803605
5 2.093112 5.208871 -3.900936 0.227895 15.126570 -1.889122 -5.502712 1.682637 -1.968077 -3.030529 -5.110876 -0.393437 -0.529753 -2.013642
8 -2.615318 -1.985319 -1.320831 2.105434 -1.683878 0.693242 -4.293003 15.274282 -0.940360 -1.726282 -2.237391 0.606046 -3.238657 1.362035
3 -0.560621 0.275392 0.958179 -0.885274 0.854413 -1.107422 0.808548 -0.564129 -0.518937 0.164206 0.235769 -0.130116 -0.399670 0.869660
1 2.974261 1.416245 -1.169496 0.347107 -0.464931 -0.874791 0.248728 0.325971 0.008934 0.271995 -0.479540 -1.114138 -0.322672 -1.167672
6 -9.317484 -12.404760 -0.520510 -8.442225 -9.062157 65.739116 -17.298238 -9.096638 -5.065997 -12.444277 37.855732 -6.485610 -5.249975 -8.206977
12 -4.540475 0.032328 0.903066 2.494402 0.205061 -1.820464 -3.730530 -0.735801 4.412927 -2.318418 -3.979186 10.201931 3.949436 -5.074276
3 -3.125731 -4.672249 33.341348 -3.570802 -3.629021 -2.260038 -1.291181 -4.991257 -4.235733 -1.019532 0.825422 -1.011508 -2.656803 -1.702917
9 -0.082284 -0.066001 -0.052710 -0.171606 -0.245891 -0.314729 0.579182 -0.399521 0.965896 -0.170096 -0.083883 0.494803 -0.196467 -0.256693
13 -2.266492 1.364103 0.122227 0.345515 -2.296779 -1.560976 -3.698874 0.581366 0.124512 1.731998 0.063589 0.096916 3.551754 1.841140
12 -1.897058 0.215735 -0.121116 -0.113241 -1.093156 0.863427 -0.710717 -1.287123 -0.259531 -0.086227 -0.169552 4.538778 0.032171 0.087609
11 -1.485730 0.675462 -3.249147 -2.133418 -9.887177 -3.676694 -4.223477 -3.238657 0.250666 -2.803027 36.047911 -2.918785 -2.271480 -1.086445
6 -1.072065 2.107185 0.881816 -2.611377 0.202815 4.567487 -0.370111 0.800244 -0.345030 1.205390 -0.427966 -4.572269 1.673694 -2.039814
2 -5.970309 19.125824 -1.169745 -2.081028 0.816312 -3.284267 0.376135 -0.645169 0.749654 -1.998742 -1.828894 -1.130623 -2.677884 -0.281263
1 221.979721 -21.983132 -19.197273 -19.329311 -19.944610 -20.172295 -27.941335 -15.830452 -19.397040 -19.319467 -18.518707 -19.451945 18.542559 -19.436705
7 -4.934694 -3.504431 -2.448625 -2.509582 -3.558631 -3.297218 38.999434 -3.176687 -2.693884 -2.461917 -3.535748 0.293266 -3.225592 -3.945690
10 -0.508580 -1.520329 0.360219 1.272471 -0.510121 -1.908524 -1.667591 1.328640 -2.271946 4.704813 0.304238 1.780048 0.257221 -1.620561
3 -3.562806 -2.389818 19.227570 -3.927876 0.913254 -1.960621 4.784591 -3.124229 -1.252433 -2.602633 -3.485877 0.692493 -0.573604 -2.738011
1 28.285224 -3.323698 -0.261168 -1.038450 -3.554591 -6.560062 -5.487553 -1.830119 0.901453 -2.492086 -2.975854 0.633755 3.299822 -5.596674
1 31.384194 -2.412663 -3.047064 -2.204219 -1.841129 0.937939 -6.025993 -2.187319 -1.827967 -0.828414 -1.575182 -2.196720 -4.423038 -3.752424
2 -1.054323 17.493135 0.317774 -0.216788 -2.299775 -2.617656 -2.147504 -2.685935 -1.078340 1.910746 -2.334634 -0.609647 -2.569706 -2.107346
6 -3.259072 -0.861044 -2.975206 -4.004607 -2.136178 39.707705 -2.492783 -3.962135 -2.891739 -3.911597 -4.698633 -4.552039 0.961515 -4.924184
5 -6.740173 -1.649213 -1.681113 -0.688357 25.492185 -6.145477 -0.135897 -1.370380 -3.793017 -0.934818 0.326841 -3.062565 -0.925580 1.307564
6 1.769688 -2.371061 -2.562848 -2.150962 0.306142 23.697475 -13.152250 -2.896711 -4.795612 2.958378 -2.452218 -2.102574 -2.490725 6.243279
3 -1.440989 1.332644 2.715052 -1.107780 -1.536270 -1.257853 -2.577558 -0.055739 -0.008860 2.180882 -0.060770 1.503897 0.466738 -0.153393
2 1.621247 5.122670 -0.924911 -0.928318 0.978021 0.085788 -3.505537 0.895687 -0.298320 -0.222592 -1.835618 0.702697 -1.955092 0.264277
3 -4.130149 -3.181222 40.811455 -3.316543 -2.439237 -2.877594 -4.037908 -2.544072 -2.516659 -1.020246 -3.928015 -3.306765 -5.233787 -2.279256
6 1.190699 0.395680 -1.463699 -0.417912 -5.293928 6.903041 -1.817903 1.474879 -1.186753 0.427991 -0.068893 -0.428380 -0.086353 0.371531
6 0.103604 -0.654952 -0.100161 0.543685 -0.668140 2.515887 -0.210165 -0.465200 0.036858 -0.394322 -0.213130 -0.053214 -0.089059 -0.351690
3 -2.334545 -0.345826 20.399017 -0.240499 -1.269660 -0.371961 -3.007815 -0.813029 -2.016687 -2.493533 -0.218348 -3.516107 -3.128923 -0.642084
10 -4.220429 1.769984 -5.610081 -1.418971 -1.838067 -2.021851 -1.499244 -1.347569 -0.723972 30.051028 -2.345250 0.170279 -8.653537 -2.312320
10 -4.136062 0.053959 0.915163 0.379058 -0.384520 -3.717434 -1.344126 -2.835869 -1.224544 9.045139 -0.974107 2.194966 -1.590338 3.618714
7 -32.058811 -30.249378 -31.026616 -30.300466 -33.467523 -46.015592 429.857395 -30.307520 -28.794877 -25.717350 -42.193210 -30.530897 -34.743925 -34.451224
3 -0.733117 -1.279876 2.315351 0.004304 -1.233065 0.281447 1.380494 1.471995 0.618552 -2.222132 0.754897 -0.013711 -2.096325 0.751184
12 -1.722364 0.140494 0.655640 1.440792 -1.581606 -1.090008 2.640592 -0.949893 -3.069750 -1.748635 -0.234402 10.427544 -3.215503 -1.692902
4 -0.947070 0.420521 0.376556 1.152888 0.343037 -0.434832 -0.218038 -0.387488 -1.120086 0.417586 0.552404 0.422137 -1.301215 0.723601
11 -4.052288 -6.433867 -7.018608 -6.521831 -3.882389 -4.334118 -3.442213 -6.279855 -2.464818 -9.085045 67.075066 -0.424896 -6.352827 -6.782315
11 -19.486927 -33.634541 -25.143702 -22.033962 -20.095217 -23.788838 -19.365163 -25.376150 -22.018021 -27.409420 310.913292 -23.687539 -22.456123 -26.417695
10 -1.583921 0.749679 -2.089749 -0.816310 -0.187904 -0.188664 -0.654279 1.293623 -0.185619 1.793863 1.516316 0.496190 -0.488938 0.345711
3 -4.097070 -3.025734 39.992050 -3.316543 -2.134350 -2.640698 -3.873896 -2.444111 -2.475607 -0.943768 -4.195720 -3.348600 -5.149818 -2.346133
11 0.174379 0.476507 1.256203 -1.128236 -1.411347 -1.968158 0.273572 -1.414596 -0.051873 0.218924 3.987122 -1.514464 0.548132 0.553837
14 -4.191260 -0.181113 0.843467 -1.740446 1.990534 -2.037074 3.472233 -2.592027 1.312688 -1.818352 -8.080106 3.706201 1.641550 7.673705
11 -1.518758 -0.535774 -1.530516 0.025614 1.497916 -1.010846 -1.318174 0.051223 0.294470 0.485374 5.164344 -0.620227 -0.662255 -0.322393
7 -1.399638 -1.112439 -1.148300 -0.333940 -0.082452 -0.584730 2.660769 1.021161 -0.244318 -0.528755 1.645922 -0.646488 0.377484 0.375725
4 -0.887123 1.311916 -0.882680 1.815600 0.925568 0.080560 0.306195 -0.331170 -1.631369 0.476346 0.606944 0.014642 -1.770129 -0.035299
10 -5.748624 0.554818 -1.629555 -5.946623 6.358047 -5.528492 -5.039956 3.102663 -0.301628 15.706466 5.051867 1.864807 -2.032819 -6.410972
11 -6.033634 3.967672 -8.116661 -2.132813 -4.746673 -5.891875 3.382297 -1.742111 -6.450817 -4.959626 44.892205 -5.869514 -4.453753 -1.844699
10 -1.260702 -1.321703 -0.721244 -1.260883 -0.612857 -1.825948 -0.566177 -2.791941 0.466946 12.844180 -1.142709 -0.594886 0.763374 -1.975449
11 -6.411561 -6.238137 -6.095970 -3.167505 -0.924243 -4.681929 -3.216567 -3.192354 -5.456888 -5.133270 57.198860 -3.125902 -5.126836 -4.427699
11 -1.773975 -1.091532 -0.469423 -0.696459 -1.132182 -2.564140 -1.205405 -0.717103 -2.207667 0.022547 16.899756 -0.956094 -2.777072 -1.331251
6 -2.067759 -2.090560 -5.085848 3.395324 -1.950458 34.874372 -3.237260 -4.257459 -1.904244 -4.144817 -5.007511 -2.514541 -1.637355 -4.371883
13 -1.447146 -1.565306 -3.123741 -1.533804 -0.765704 -2.722333 -1.634074 -1.559723 -1.432202 -1.027346 -1.541387 -1.008391 21.309872 -1.948713
5 -0.031636 6.505440 -2.363577 0.569798 14.922723 -1.299055 -4.702346 0.601101 -2.230413 -2.521140 -2.847315 -3.557885 -1.295687 -1.750008
14 -1.430892 0.467494 -2.549318 -2.292964 -0.338112 1.210623 0.780035 -0.206634 -0.000552 -1.632919 2.157303 -2.052141 -2.024816 7.912893
2 -17.399490 13.558691 -0.423565 -0.663526 2.968324 -4.222719 2.357830 1.596626 -1.528442 -0.788471 2.548687 0.749782 -2.866895 4.113167
14 1.040391 -0.129181 -0.386723 0.646354 -1.842463 -3.017801 0.038062 -0.947931 -2.738256 -0.774780 3.441160 -0.247308 -2.591851 7.510329
7 -2.855820 1.114557 1.828684 -1.003458 -0.365371 -1.333166 3.079971 1.458886 -1.072333 -1.784534 1.414357 -0.954168 -0.285804 0.758200
2 -9.934991 26.854306 -2.966464 -0.790096 -2.973146 -3.650848 -4.146083 4.849301 -3.010205 1.189454 -0.125648 -2.350780 -1.911204 -1.033596
5 -3.386378 0.287138 1.803519 -2.390477 23.655157 -3.403913 -2.845545 -1.433190 0.588037 -0.552302 -2.620462 -3.227376 -3.465800 -3.008407
9 -0.436709 -0.194426 -0.763569 -1.016912 -1.414582 -0.069504 0.337783 -0.098902 9.978099 -2.943554 -0.797666 0.515874 -0.936763 -2.159170
12 -2.028572 1.721408 -1.144626 0.954917 -0.508740 -0.333991 -1.803449 -1.562091 -1.078104 1.849961 -1.159205 2.287646 2.262706 0.542140
5 -4.403692 -2.420833 -5.142800 -2.224117 30.022959 -7.414477 -1.499824 -2.082492 -4.704452 -3.036039 3.711461 -2.844035 0.422476 1.615864
2 -16.395833 35.982163 -1.518291 -1.177101 -0.820754 -3.692356 -1.465524 -1.468577 -2.491210 -2.684962 -1.320012 -1.370807 -1.537725 -0.039010
13 0.693854 -1.183604 -0.628386 -0.462017 -1.521982 -1.052211 -0.879425 -1.045975 -0.869646 1.353367 -0.134222 0.461871 6.576572 -1.308196
14 -5.999130 -6.747618 -2.582183 -1.150444 -6.216214 -1.984582 -2.318739 -5.012414 -2.955282 -5.027006 -4.565520 -5.706091 -1.825922 52.091147
9 0.465757 -0.892585 -1.041392 0.699845 -1.394499 0.836619 -0.645976 1.048741 1.602877 -1.530634 0.082104 1.241718 -0.088964 -0.383611
3 -6.037190 -1.020930 42.083425 -1.218080 -7.120825 -3.540913 -2.224988 -4.353057 -3.259851 0.810384 -1.488912 -0.799436 -6.872342 -4.957286
4 -2.217808 0.688862 0.941415 2.739641 0.875766 -0.042882 -2.136343 -0.449258 0.152740 -2.350968 -1.041780 1.836850 1.737574 -0.733809
6 -1.064587 -3.497216 -1.060441 -2.476669 -6.845425 38.817362 -1.196168 -3.259037 -5.819683 -5.322597 -1.584461 0.701614 -4.664805 -2.727887
13 0.324748 -0.535475 -0.085720 -1.130804 2.161554 -1.438164 -2.310412 -0.351557 -0.735998 1.269848 -2.812337 1.570989 2.942387 1.130942
3 -2.422902 -2.771047 17.163270 -1.300878 -1.973069 0.639982 -6.005699 1.160050 -1.347008 -2.242877 -0.504682 1.885024 -1.137091 -1.143075
1 25.598520 -1.596560 -0.730363 -2.831410 -2.098594 -2.945671 -4.534756 -0.247488 -0.295458 -3.172428 -2.458987 0.130019 -2.627555 -2.189269
2 -0.799633 4.748452 -0.554658 0.210170 -0.007418 0.016161 -0.687913 -0.346782 -0.312878 -0.585585 -0.627375 -0.276001 -0.659591 -0.116950
1 3.888631 1.140766 -2.346309 -1.934100 -0.926801 1.218714 1.283004 -0.539789 -0.861623 -0.455474 -1.846162 1.118241 -0.640922 0.901823
5 -2.264128 -3.613641 -2.524057 -3.182264 23.676380 4.478151 -3.397081 -2.534819 -4.347573 -0.992926 -0.665312 -2.560688 -0.661360 -1.410683
6 -1.845230 -4.955908 -3.991623 -2.871202 -3.206653 43.037830 -3.409453 -2.791772 -2.233275 -3.317263 -3.687501 -1.898961 -5.247966 -3.581023
3 0.031621 -0.907909 21.998078 -2.858283 -2.197889 -3.482382 -3.613925 -4.784003 -3.992250 -6.014688 -2.727673 13.575807 -8.579346 3.552842
12 0.397150 -3.987282 -0.575966 0.653688 -2.065254 9.929210 -6.653103 -3.097705 -4.100625 3.225879 -5.584998 13.888362 -2.262185 0.232831
1 23.863504 0.875265 -2.829529 -1.108253 -0.369951 -0.607175 0.041733 -4.670980 -0.299047 -2.813858 -4.913414 -0.774005 -6.261880 -0.132413
14 -0.994913 -0.311831 -0.184892 1.352695 2.203092 -0.903643 -0.421924 -2.489489 -1.569705 -0.892476 -1.251773 0.324214 -0.265118 5.405765
13 -1.040221 0.192396 0.142225 1.191744 -0.450685 -0.930165 -0.489016 -0.161160 -1.578025 -0.841187 1.167246 0.511993 1.260190 1.024666
10 -1.551279 -0.343010 -0.459010 1.487950 -0.216709 -0.148215 0.053817 -0.982899 -0.974969 2.264314 1.623392 0.125983 -1.974002 1.094636
12 1.341505 -1.653905 -1.060332 -0.496082 -2.056610 0.201271 -0.414575 -1.581376 -1.206712 -1.125717 -2.559115 12.051159 -0.819641 -0.619870
1 30.559206 -4.444658 -3.998916 -1.516323 -1.083944 -4.904826 -0.236276 -1.591330 -1.877604 -2.335828 -3.343225 -2.442353 -4.407065 1.623144
13 -1.873373 -2.506060 -0.906350 0.045471 -0.196168 1.201627 -1.987203 -1.413241 -1.435275 0.082478 -0.691001 0.688294 9.114846 -0.124046
13 -3.559619 -2.240399 -3.008955 -2.117194 -3.493769 -1.610338 2.259117 -2.800133 0.188673 -0.752964 -0.391243 -1.151033 18.634421 0.043436
14 -1.724823 0.243755 -0.537433 0.466665 1.200208 -0.986061 0.006935 -1.565802 -3.166319 2.448048 2.527617 0.705043 -2.534847 2.917015
12 0.240069 -0.490388 -0.411882 0.257620 -1.457966 -0.608923 0.510584 0.012825 1.332165 0.697817 -1.219505 2.039042 -0.775467 -0.125991
3 -2.452968 -2.347394 36.755913 -3.206562 -3.875758 -4.342701 -2.456125 -2.654357 -2.567787 -2.639582 -2.427104 -3.170610 -2.226708 -2.388257
7 -2.508682 -9.110400 -6.932729 -7.829330 -7.258737 -11.138172 84.061446 -11.683346 -8.519481 -2.866567 -10.548595 -6.151713 -1.113917 1.600224
11 -4.318188 -3.153287 -2.471033 -0.583771 -0.897961 -1.374054 2.779430 -2.614734 -5.517474 -2.540208 25.321706 -0.895372 -2.871907 -0.863148
8 -0.297777 0.687468 1.670114 -3.209970 -5.312914 0.718463 -3.452312 11.990838 -0.133130 1.817048 -2.795947 -2.137664 1.831395 -1.375614
9 1.174698 -1.798527 -1.961350 0.537818 -3.119877 -0.686886 -0.861379 -0.527520 4.623833 -0.250093 -1.564493 1.487278 3.159699 -0.213201
6 -1.843407 1.646904 0.237230 0.352701 -2.258177 2.078454 1.226719 -3.713326 1.346766 0.350071 -0.026487 2.016397 -0.841879 -0.571965
6 -1.713871 -1.144039 -1.595433 -1.309804 -5.510278 38.098096 -9.921359 -2.453272 -2.276773 -1.202935 -4.722224 -3.774092 -0.246855 -2.227160
1 51.695502 -2.203425 -1.293105 -4.336324 -3.644595 -4.283518 -4.221331 -4.105466 -4.491292 -6.025888 -5.109146 3.511023 -7.973805 -7.518631
1 7.075308 0.310340 0.182537 -0.867562 0.545793 -1.650052 -1.724224 -0.975041 0.459730 -0.921439 -0.364931 -1.304817 -0.411702 -0.353943
9 1.267898 0.480276 1.638772 -2.639336 -1.753535 3.821311 -3.146119 -2.507404 6.972401 -0.159268 0.184067 -0.564281 -2.950169 -0.644614
5 -4.378683 -0.254603 -3.648125 -0.008834 22.509268 -0.562357 -2.347517 -4.186509 -2.321885 -1.225257 0.202625 -1.078372 -0.872782 -1.826969
5 0.001680 -0.003443 -3.032075 -1.068977 4.097074 3.102429 -0.685584 0.628304 -1.059430 -1.991112 -1.230718 -0.866745 1.757107 0.351488
11 -1.545374 -0.443650 -0.634552 1.801408 0.317317 -0.266366 -1.066929 0.539093 -1.473010 0.160696 2.302372 0.977382 -1.849641 1.181255
1 39.529902 -1.340271 1.736869 -6.275824 1.600960 -4.713780 -2.691118 -4.303364 -2.129619 -2.280619 -7.126534 -3.823194 -0.670649 -7.512757
1 14.473438 1.341261 -2.996303 -2.860617 -3.389580 1.231934 0.993882 -2.713281 1.992141 -0.676289 -5.516691 -2.671891 -0.065546 0.857543
12 0.611314 -1.350288 -0.264049 -0.061541 -1.467232 1.914767 -0.636702 -1.979874 -1.706521 -1.830088 -0.896038 6.157670 0.376944 1.131639
1 13.467529 0.583409 -3.783741 0.289957 -3.698945 2.941542 -0.095021 -1.624659 -0.866401 -2.557858 -4.154944 -0.876004 -0.730600 1.105735
1 53.735475 -4.532838 -3.310139 -3.420826 -4.203726 -4.441237 -4.893210 -3.818294 -3.029601 -2.824573 -3.050428 -4.945705 -6.281385 -4.983514
1 157.268625 -10.660610 -9.083985 -10.127966 -13.603526 -14.530834 -24.563351 -13.927834 -6.609260 -11.500670 -13.047914 -12.344766 -6.695588 -10.572319
1 42.116874 -3.216447 -2.617922 -2.697913 -2.048943 -2.848738 -4.753691 -3.286493 -2.765082 -3.011769 -3.356854 -2.808730 -4.252238 -4.452055
1 139.033399 -12.926367 -13.945637 -18.171276 -12.591676 -8.749497 -25.219874 -9.367932 -12.915289 -15.522680 -12.901713 -10.376703 27.209319 -13.554066
1 56.058278 -4.533017 -2.720835 -2.972879 -3.382661 -3.875059 -6.256275 -6.610085 -3.730207 -4.430959 -3.899724 -5.052421 -3.651605 -4.942551
1 28.181088 -5.876252 -2.696723 -1.821992 -5.002420 -5.712048 -3.540714 -2.012577 1.410160 3.427861 -3.030854 -0.906287 1.976986 -4.396229
1 28.796437 -2.325793 -1.473680 -1.658410 -3.247636 -2.468321 -1.248498 -2.380191 -0.953910 -3.689993 -3.722182 -2.484669 -2.171926 -0.971229
1 29.307640 0.905356 -3.860750 -2.253849 -1.233244 -5.521063 -3.003378 -2.876943 -0.518892 -0.850473 0.023934 -5.303031 -1.578073 -3.237235
1 33.141435 -4.922490 -1.840342 -3.585338 -2.652213 -4.403588 -4.026585 -4.017454 -1.594517 -1.082106 -2.013833 -2.526546 0.264733 -0.741155
1 38.774426 -1.628194 -2.579752 -3.679608 -4.644951 -3.894065 -3.276805 -2.392232 -2.720407 -3.100720 -2.294444 -3.132305 -0.659727 -4.771216
1 29.560970 -3.324575 -2.853871 -2.639675 -2.630820 -1.186963 -3.694340 -0.834143 -1.007565 -2.340614 -3.167318 0.389099 -2.855007 -3.415177
2 -1.017241 2.166302 0.331228 0.590060 0.702578 0.027003 -0.570868 -0.943217 -1.711457 -0.078110 1.184476 0.165275 -1.440312 0.594283
1 29.569800 -3.340836 -4.975891 -0.995652 1.950259 -2.833326 -3.462878 -2.477605 -0.302942 -2.117863 -4.270209 -3.803873 0.451550 -3.390535
1 2.567067 0.575797 0.954107 -0.354458 1.258919 -0.919023 -0.468655 0.025882 -1.772995 -1.203899 -0.712924 -0.363900 -0.289738 0.703820
1 28.729241 -3.889293 -3.060745 -2.928882 -1.033821 -3.982007 -2.592011 -1.924822 0.134263 3.256498 -2.924760 -2.394508 -4.288883 -3.100270
1 37.244803 -3.805312 -3.086689 -3.808948 -2.232935 -2.064960 -3.920181 -2.165247 -1.272005 -2.982470 -3.831580 0.773620 -4.643047 -4.205048
1 23.298996 0.025319 -1.043088 -0.001203 2.571644 -4.930661 -3.752138 -2.017376 -1.533901 -2.196591 -1.753233 -1.836989 -4.278453 -2.552325
1 48.711064 -1.107260 -5.756819 -3.886235 -4.692815 -2.680273 -7.050076 -5.792252 -4.168021 -2.809733 -3.543857 -1.128306 -4.676510 -1.418909
1 4.633012 0.509428 -2.110193 -1.451977 0.620675 3.768077 -5.630231 -0.744496 -1.797564 1.938438 0.434634 0.178713 -0.673619 0.325102
5 -1.579003 -2.520752 0.112379 -0.905392 6.795681 2.848225 2.946910 -3.386805 -0.834603 2.583391 -3.668326 -0.554468 -0.493533 -1.343707
10 -4.520506 1.645340 -1.642181 0.162153 -2.128513 0.766094 1.846761 -0.885722 -2.527026 13.216406 1.546205 -0.960796 -6.151588 -0.366627
12 0.923205 -0.589778 -0.158824 -0.490484 -1.014969 -2.540197 -0.662162 -0.808035 -0.028195 1.984462 0.097432 2.377577 1.795635 -0.885667
5 -1.283863 -2.752585 -1.243155 -4.649215 7.398592 0.821995 7.118786 0.781152 -3.103610 5.331044 -3.080186 0.213598 -3.811056 -1.741497
10 -4.251669 -3.357402 -0.162039 -4.188022 -0.673439 -3.156311 -0.215101 2.143046 -3.955211 16.626801 -1.443991 0.056868 0.854087 1.722384
10 -3.768175 -0.691602 -2.721531 -2.608221 -2.101883 -3.590978 -0.922711 -2.056002 -3.584816 30.554364 -2.063673 -2.004308 -1.009674 -3.430789
10 -0.680108 -0.655071 -0.657005 0.025940 -0.334589 -1.204094 0.209675 -0.926099 0.539046 6.669419 -0.976980 -0.852431 0.321997 -1.479703
10 -3.027155 -0.971961 -2.676230 -3.264130 -2.886515 -4.913197 -4.981481 -2.124708 -2.092939 38.050989 -3.581848 -3.350207 -3.133265 -1.047353
14 5.581807 2.255358 -3.698468 -3.189781 -6.020359 -3.285789 -0.286830 -3.492302 -1.393852 1.989165 4.751659 -5.443060 1.326879 10.905573
10 -4.197956 -3.129360 0.629816 0.369491 3.164304 -1.152820 2.029147 -2.199056 -0.138520 4.288481 -3.286560 0.265384 1.177817 2.179832
10 -4.303161 -2.829209 -2.473186 -0.474671 -1.973540 -4.802734 -2.443998 -0.707578 -3.208347 31.203575 -2.782852 0.295155 -4.446096 -1.053357
8 0.427776 -7.297285 -1.173896 -1.487543 2.968930 -1.498038 0.752657 6.502763 -2.936947 -0.496808 1.433485 1.451764 4.105183 -2.752041
10 -2.502891 -0.090867 2.110625 -1.951940 3.204886 -3.440748 -0.943690 -1.914316 -2.406083 7.031797 -0.300226 -1.832103 5.208875 -2.173317
10 -1.651727 -0.049588 2.498368 -0.196777 -0.849156 -3.546917 -4.404416 -0.972432 -1.776110 13.739196 -1.425834 -0.969906 0.842513 -1.237213
7 -1.695417 -0.504812 -2.559013 -1.203957 -0.524641 1.710868 4.605297 0.098684 1.957716 -1.561323 -0.245054 -1.597709 1.476763 0.042598
10 -2.476875 -3.061634 -0.716299 -1.842559 0.426911 -1.172174 -3.145560 0.960958 -2.351433 21.605257 -1.672566 -2.314004 -1.367019 -2.873002
10 0.273575 -0.705932 -0.805876 2.324487 1.259813 -0.900181 -2.833307 -1.970539 -1.067801 4.311386 -0.286809 1.518879 -1.887922 0.770227
10 -4.569809 -0.672920 1.924345 4.101389 3.520477 -3.395731 -1.787321 -1.883286 -3.479399 9.730716 0.189609 0.114078 -5.040011 1.247865
9 -1.547465 0.944477 -0.895375 0.989269 -0.094897 -0.909127 0.034785 1.019669 2.003222 0.543311 -1.460415 0.505741 1.644796 -2.777991
2 -2.587161 9.669120 -1.291427 -0.802925 0.790834 -0.276053 1.614367 -2.698247 -2.347790 0.318774 2.233332 0.317426 -4.518964 -0.421285
2 -6.646484 20.999349 -1.931679 -1.325024 -1.003430 -1.860718 -1.030994 -1.194406 -0.824409 -1.660510 -1.111851 0.655696 -1.641855 -1.423684
2 -3.684336 25.920542 -2.778394 -1.461078 4.245775 -1.167758 -5.627226 -0.463949 -2.008811 -2.244945 -3.963316 -2.415335 -2.075527 -2.275641
2 -2.580510 25.655288 -0.459260 -2.201180 -8.210460 -4.285943 -0.654209 -3.374235 0.107892 -0.801121 0.348253 0.841903 -3.270148 -1.116270
2 -0.220215 20.380922 -1.083260 -1.303372 -2.267606 -1.646868 -0.756624 -2.067199 -0.306924 -2.047379 -3.523994 -1.669292 -3.214551 -0.273637
2 -4.318567 19.249321 2.581697 -1.602225 -2.190578 -0.738243 1.003566 -1.482831 -2.260337 -1.180461 -1.773029 -1.987183 -3.311973 -1.989157
2 -11.279729 71.386618 -6.262289 -6.138220 35.609360 -8.826948 -20.061077 -5.737723 -11.111520 -8.704086 -6.373197 -7.459748 -6.307641 -8.733798
2 -1.566429 3.160322 -5.730504 -0.601869 2.660329 2.881518 -0.728325 2.397934 -1.905419 -0.454641 2.792854 -2.174563 -1.590278 0.859073
2 -16.624501 25.983073 1.116384 -0.246126 -0.427173 -4.034632 0.617372 -0.466687 -2.731547 0.113791 -0.327630 -2.252331 -2.585696 1.865705
2 -0.866773 14.568191 -1.490514 -1.600902 1.203197 0.018255 -2.638137 -0.766191 -0.918700 -1.091212 -1.167373 -2.586447 -1.060266 -1.603126
2 -0.635920 11.681701 -1.804935 -2.132186 -0.396536 0.624607 1.691226 -1.272451 -2.051509 -1.104592 -1.275628 -0.882536 -2.434388 -0.006853
2 -0.662416 25.990942 -2.997427 -1.917779 3.598147 -0.299474 -4.978345 -0.769314 -2.276052 -2.433725 -5.549176 -1.891276 -2.730404 -3.083698
14 -0.013809 0.360658 -1.545165 0.815318 -0.979428 0.200546 -0.715252 0.444055 -0.778899 -1.644582 0.403421 1.311432 -0.118371 2.260075
5 0.325007 4.040507 -4.099809 -0.382786 19.533249 -2.319784 -4.635849 -1.521134 -2.363566 -1.757736 -2.108692 -2.052051 -0.015053 -2.642303
2 -2.303014 53.451668 -4.785863 -3.137698 -13.686185 -3.412586 2.905107 -6.636440 -3.135653 -3.550133 -4.311414 -2.719541 -5.471652 -3.206597
2 -0.597544 28.126914 -2.605141 -0.973530 -4.574119 -1.687406 -3.053370 -2.285368 -0.036102 -0.542116 -1.901536 -2.461262 -4.191618 -3.217800
5 1.655340 0.487563 -2.477738 -0.483275 8.592923 1.910181 -2.760792 -0.200754 -0.323907 -1.751208 -2.678079 0.307741 -0.733190 -1.544804
2 0.182130 8.408271 -1.446155 -0.991506 1.800954 -1.391076 -3.199107 -1.165353 -3.226458 -1.089296 7.155816 -1.745836 -1.824782 -1.467602
6 -13.658859 -18.076983 -13.352007 -8.873039 32.490318 105.650072 -5.505470 -9.340509 -12.074015 -12.502720 -9.568519 -17.513749 -6.671715 -11.002799
5 -0.609368 -4.447970 -2.731002 -2.782001 6.513450 -2.207668 4.654640 1.064845 -2.745604 -4.557312 4.687810 4.375479 2.473271 -3.688570
7 0.260232 -2.343003 -1.104048 -2.029228 -1.920483 4.063284 5.978551 1.065899 -1.843639 -1.826843 0.127675 -0.047901 -1.625150 1.244654
5 -7.279123 -5.063445 -3.946927 -5.531437 58.991372 -5.420082 -5.911206 -7.224532 -5.650813 -7.486644 9.020965 -5.132972 -4.981546 -4.383610
5 -4.160632 -1.092052 -1.062327 0.170859 24.421464 -0.268520 -4.059453 -4.562370 -2.825428 -0.598314 0.168280 -1.934755 -2.741955 -1.454797
10 -1.437894 -0.970915 1.669717 -0.573320 1.738031 -1.762074 -0.068816 -1.275155 -1.845542 4.594113 -1.083576 -1.531028 0.062777 2.483682
5 -0.317827 -2.563521 -2.444890 -1.895752 23.162877 -0.740001 -0.270137 -3.068571 -3.532525 -2.199970 -2.101372 0.689233 -2.648797 -2.068747
12 0.564363 -0.228479 1.475137 2.924818 1.138460 -1.884135 -5.158800 1.177095 -0.369331 -0.623968 -1.724109 3.288216 -3.587872 3.008604
5 4.204139 -2.600575 1.815944 2.030282 6.607720 -1.861423 -3.616432 -1.705190 -1.864332 -0.073464 -5.969121 4.958928 -2.195502 0.269026
11 -1.560379 -4.304989 -3.203010 -0.324671 4.577754 1.479737 -3.672726 0.128379 -3.157927 -0.215481 9.899441 0.982738 -2.595571 1.966705
14 -0.875056 2.254976 -1.101387 2.156026 0.315994 0.089042 -3.178114 0.169968 1.136679 -1.701512 -1.703891 -2.659813 0.210783 4.886305
1 2.083960 -0.678434 -0.147625 -0.777943 1.930742 1.062288 -4.264616 0.269269 1.065337 0.151230 -0.675270 1.153657 -0.080431 -1.092165
11 -4.403583 10.197170 -5.477387 -6.957418 13.380363 6.880514 -8.937002 -5.871133 -4.821463 -5.271628 21.399340 -4.369796 -0.306906 -5.441071
5 -4.848749 -3.889390 -6.775357 -4.675415 78.420913 -12.274263 -8.684649 -3.268226 -6.043486 -8.754989 -3.633244 -4.199046 -2.473493 -8.900603
5 -3.675445 -2.388260 -0.806664 0.437823 21.900951 -3.075011 -0.114301 -2.812112 -1.674230 -1.722471 -2.992896 -2.447220 1.050256 -1.680420
5 -2.891491 0.805908 -6.399842 -2.932000 44.542118 -4.391325 -1.463112 -2.797215 -1.888600 -4.611496 -5.945643 -4.629987 -2.502463 -4.894851
5 -3.585215 -3.810953 -2.343041 -0.607158 23.017087 -2.932181 -1.291095 -2.360015 -0.001954 1.140466 -2.251859 -0.808259 -1.468028 -2.697794
5 -2.120420 -1.872387 -7.178938 -1.806380 43.688541 -4.741818 -1.337334 -2.246797 0.844521 -3.564814 -6.008785 -6.652522 -2.394588 -4.608279
5 -2.069513 -0.410032 -0.940403 0.508061 14.478267 -0.627109 -3.533566 -1.719478 -2.308168 -0.482204 1.112972 -1.679027 -3.689879 1.360081
5 -4.378787 -7.238611 -8.514736 -2.116809 68.526267 -8.670754 -8.118448 -12.992571 -4.645055 -9.601801 -2.539350 -5.310674 10.615361 -5.014033
6 -3.679057 -1.445365 -2.397269 0.401914 6.254578 12.160457 -2.742835 -1.374353 -1.259471 0.398532 -0.378049 -0.992087 -2.686663 -2.260333
11 -2.662847 -3.795568 -2.825954 -1.841162 -4.467943 -4.195850 -4.802626 -2.244792 -1.782698 -2.446815 37.205969 -3.109901 0.319773 -3.349584
11 -2.751988 -5.312861 -6.427202 -4.144778 -2.297026 -3.942525 -5.846709 -4.233871 -5.782343 -5.849044 61.171695 -2.943480 -5.892911 -5.746959
7 2.456565 -6.004753 -1.690261 -2.199364 5.423348 -1.485266 7.505316 -2.180100 -3.437969 -3.203934 2.942638 -0.348953 1.241178 0.981556
11 -3.658796 -4.899366 -5.003586 -4.402091 -5.105839 -2.986595 -5.656786 -4.730555 -3.799569 -5.877013 60.460109 -3.998498 -4.063368 -6.278049
11 -13.449590 -12.414363 -15.629202 -9.698585 -20.195606 -11.256706 -10.111861 -11.791659 -14.125712 -17.310066 173.189660 -15.057709 -8.236756 -13.911851
14 -1.215737 0.718327 0.748959 -0.236711 0.571839 -3.311035 -2.273149 -0.851476 0.918910 -0.163243 2.407900 1.081484 -1.377439 2.981370
11 -3.064154 2.916091 -1.295709 -1.264452 -0.050980 -1.153781 -0.527352 0.711232 -1.855019 0.718972 6.657075 -1.883252 -1.402635 1.493963
1 3.080155 -0.296267 0.147725 -0.593602 -1.100376 -1.495354 0.152218 0.602093 -1.112087 0.495284 1.152155 1.166765 -0.778580 -1.420130
11 0.587603 -0.613575 -4.556379 -3.792331 -1.302657 0.999362 -0.817759 -1.192886 -3.567784 -3.182666 21.794239 -0.094293 -2.900323 -1.360550
11 -8.965187 -8.868822 -4.649832 -5.519928 -10.767544 -4.242288 -9.846559 -8.364364 -5.872583 -7.915767 102.743302 -8.832279 -9.581586 -9.316563
11 -16.769673 6.474577 -5.384751 -3.652068 0.645843 -4.658676 0.886934 -2.790736 -3.446655 -5.997239 40.642275 -0.998273 -4.291703 -0.659857
11 -1.419733 -2.478360 -1.512144 -1.085498 -2.351893 -0.541791 -2.906273 -1.943937 -1.360140 -1.723196 22.972466 -1.446347 -2.051624 -2.151529
11 -1.549697 -1.898784 -1.697712 -0.989651 -2.400216 -1.616378 -1.903680 -0.810605 -0.577562 -1.434654 18.399404 -0.589766 -1.153863 -1.776835
11 -1.147507 -9.635802 -4.605127 -0.094183 5.786531 -4.672025 -6.586801 -2.487101 -5.526947 2.364390 33.950210 2.135720 -4.603107 -4.878251
11 -4.072286 -8.605751 -3.334066 -5.293037 -1.215769 -2.196592 -7.642158 -4.336517 -4.830084 -3.741498 57.040444 -3.747252 -3.854814 -4.170619
11 -5.837345 -10.823360 -9.560832 -6.850508 -13.658990 -9.794312 -13.778901 -7.707749 -6.050063 -8.876666 114.201853 -8.048485 -6.594894 -6.619746
11 -6.250716 -9.082638 -5.317148 -4.934776 -11.099840 -9.636197 -1.155377 -9.087804 -5.177700 -6.634454 86.306450 -5.121321 -8.194057 -4.614420
11 -9.815519 -17.502687 -14.207629 -11.726041 -6.970361 -6.714498 1.421173 -7.122091 -11.863805 -8.881460 126.765536 -12.710559 -9.839248 -10.832816
11 -4.286834 -2.059448 -2.689915 -1.630038 -6.859261 -4.637177 -3.988758 -0.337419 -2.523084 -3.815546 34.462338 -3.554817 -0.850938 2.770898
11 -1.951212 -1.681004 0.472204 -2.062701 0.433526 -3.151087 -3.651422 -1.973937 -0.292929 -3.284196 19.803036 -0.934192 0.589512 -2.315597
11 -6.061610 -3.651131 -0.768314 -6.826751 -9.502799 -1.457955 -6.470330 -1.376193 -0.641473 -5.322531 58.468563 -5.432238 -6.547949 -4.409289
4 1.580017 0.951949 0.186810 6.581219 6.261045 -3.047107 -6.979226 -1.624512 2.453114 3.303607 -3.066546 -0.732336 -2.378309 -3.489725
7 -1.223836 0.719164 -0.951928 2.134310 0.141251 -2.108792 5.719670 -2.655869 -1.609782 -2.277922 2.790541 1.181119 -3.631761 1.773836
7 -3.562945 -2.876703 -6.912339 -2.804174 -5.947516 -11.136000 82.989743 -5.911110 -4.344819 -2.314685 -9.619363 -6.517773 -9.427395 -11.614920
4 -1.509223 1.806154 -4.042859 5.422443 -0.230329 -2.760769 -1.986724 -0.764846 1.689709 -2.808905 1.531557 4.989097 -1.960980 0.625674
4 -1.595586 -2.322776 -2.422849 8.171865 -0.270213 -3.857478 2.527986 2.099997 -1.196477 -0.584966 -0.777642 0.968393 0.281300 -1.021554
7 -16.031720 -4.370789 -8.121917 39.007281 -0.964517 -17.757921 77.431316 -6.531458 -10.353820 -10.470182 -11.051487 -10.455369 -8.810446 -11.518969
14 5.391297 -1.238346 -2.183054 0.096105 -4.021797 -0.451124 -4.668153 0.263100 3.002105 -4.090654 -3.608364 3.422295 2.382458 5.704133
4 -0.847455 0.124123 1.154390 5.287238 -2.523909 -1.201199 -1.006857 -0.207204 1.352391 -1.442438 -0.555999 -0.296451 -0.104302 0.267674
5 -1.768500 -2.490144 -2.470713 0.014212 23.828016 -0.726221 -2.222259 -3.313750 0.834271 -2.175891 -3.436102 -0.060865 -2.094515 -3.917539
6 -3.255606 2.112642 -0.115322 1.702810 -4.123226 4.072109 -2.765241 2.640607 -0.535977 -1.067835 -0.736853 -0.313887 0.824133 1.561648
4 -1.808573 0.016374 -1.225576 7.044188 0.429812 0.800216 -1.954634 -1.562145 -1.079431 0.310395 -0.581054 -0.675560 1.123463 -0.837473
8 1.239415 -3.017595 -2.359187 -0.274624 -1.120315 -0.306923 -3.547411 4.348069 2.469784 0.843714 -2.639415 0.448462 1.109697 2.806329
4 -1.205937 -1.150745 -0.458270 7.084803 -0.199349 -0.006997 -1.877188 -1.575569 -1.073074 -0.470210 1.641722 -0.820183 -0.908430 1.019426
4 -0.047515 -0.590008 -2.332809 5.566760 -0.002533 -1.154316 -1.684753 -0.438600 -1.216871 0.647737 0.797872 1.336758 0.081076 -0.962797
5 -1.799732 2.020206 0.256479 0.471454 2.429770 0.159862 -1.651752 0.397634 -1.290350 -0.517514 0.377567 -0.247376 -1.840509 1.234261
13 -1.360649 -0.551087 -3.384331 2.547092 3.474721 -1.176405 1.850800 -2.320145 2.005557 -1.003780 -2.506848 -2.182484 5.913476 -1.305916
7 -6.946647 -8.115717 -4.368129 -6.229765 -7.392998 -9.651556 76.942419 -7.265018 2.487086 -4.572884 -7.088453 -3.068420 -7.534852 -7.195066
4 -2.028467 -0.562768 -0.860843 5.259545 3.876152 -0.474184 -2.322437 -1.220323 0.755204 -1.025095 -3.693299 0.128636 3.019184 -0.851305
7 1.941964 1.764548 -0.552157 0.677134 -0.671081 -1.132496 2.683637 0.504171 -0.728271 -0.097076 -1.498639 -0.531230 -0.517868 -1.842637
1 4.042289 1.350797 0.366169 1.178860 -0.493937 -0.786880 0.422633 -2.016367 0.090789 -2.047605 -1.681235 2.078595 -4.543747 2.039639
10 0.974370 -0.975457 -1.240453 1.384957 -1.890405 -0.837213 -0.357374 -0.409782 -0.592871 3.130254 -0.042674 -0.833120 2.031281 -0.341513
9 0.181095 -0.596156 0.097178 0.912732 -0.323584 -0.059177 0.550162 0.093778 1.283979 -0.486355 0.072543 -1.273152 -0.111713 -0.341331
12 0.431435 -1.227084 2.621814 -0.995577 -0.188561 0.011128 -1.835217 -0.369148 2.311151 -0.728421 -2.152712 2.952965 -0.492965 -0.338808
3 -4.311725 -1.726565 17.509879 -2.425637 -4.732025 -2.814661 2.200379 0.565800 -1.327470 -3.539811 0.552450 1.894401 0.136800 -1.981814
3 -4.915773 0.299494 7.504323 2.863313 -1.242488 -3.088877 -0.322908 -2.553009 -1.845124 2.086055 0.678080 2.226914 -2.770803 1.080805
2 -0.967125 2.841912 -3.305052 -1.617156 -0.227782 -0.043865 0.721808 1.436976 -0.878482 0.142180 1.263855 2.099375 -1.538267 0.071623
3 -3.000408 -0.179940 14.227845 -1.080718 -1.847712 0.149320 0.932943 -2.034628 -1.392424 -1.537775 0.792842 -2.070073 -2.838324 -0.120949
3 -2.051204 -2.002647 14.561336 -1.001405 -1.604481 -1.021737 -0.221174 -0.488801 -0.903624 -1.103522 -0.392425 -1.023561 -0.844827 -1.901927
14 -0.054325 0.000000 0.000000 -0.088802 0.000000 0.000000 -0.013883 -0.799041 0.399521 0.000000 0.000000 -0.113232 0.000000 0.669761
8 0.995005 -1.941977 2.139809 -1.769602 -2.624164 -2.917661 -1.821038 6.962123 0.396456 4.932450 0.998176 0.025664 -5.804243 0.429004
3 -0.395903 -2.545673 13.959442 -1.962598 -1.059496 0.416845 -2.764925 -0.658259 -4.025741 -4.223827 -1.612253 6.895732 -1.555813 -0.467532
3 -4.965577 -7.303476 57.621312 -4.221783 -4.026635 -9.824473 -9.468530 -6.407581 -1.149937 3.041146 -0.805713 -3.583951 -6.108492 -2.796311
3 -0.984643 2.150975 7.864229 -0.904660 0.370649 -1.293796 0.148323 -0.101462 -0.382290 0.314115 -0.371024 0.256995 -5.297773 -1.769640
3 -6.540376 -7.496960 57.385772 3.203899 -5.218358 -4.228700 -6.494508 -5.610898 -9.545411 -5.376964 -0.517258 -1.695585 -7.574016 -0.290638
14 -0.933726 0.372672 -1.574520 -0.786454 0.509897 2.093800 -0.330768 0.376560 -1.084583 0.496867 -0.574259 -0.612483 -3.554667 5.601663
3 -0.715771 -2.495262 15.204736 -1.386845 -1.727647 -2.224333 -0.529580 -1.166856 0.329638 -1.740785 -1.713460 1.693784 -1.456505 -2.071114
3 -3.900486 0.159571 16.190620 -2.099081 -2.851443 -1.360072 -2.417191 0.235785 1.678155 -1.805352 2.821939 -0.878081 -2.459013 -3.315352
6 -1.979627 -4.828487 -1.250758 1.318196 -3.406903 26.802315 -4.977860 -4.375132 -2.799243 -2.044427 -1.653555 2.489539 -2.164484 -1.129572
6 -9.065288 -10.137334 -12.786249 -8.807638 -12.503752 111.504813 -10.316729 -6.962392 -8.729892 -8.097283 -7.963604 -6.466769 -3.501076 -6.166803
1 2.581190 -3.253894 -1.942639 -0.367083 1.902061 1.915325 1.229489 1.413641 -1.897604 0.499284 0.000662 -0.292262 -1.819965 0.031796
6 -9.848891 -13.555058 -5.962173 -8.618977 -8.062025 113.024143 -10.464588 -10.603396 -4.234177 -3.995068 -12.338712 -11.756206 -3.683449 -9.901422
6 -11.253988 -5.497940 -6.979559 -5.190366 -8.450110 83.523542 -5.155005 -6.308447 -7.496286 -7.712139 -5.221182 -5.730965 -2.581542 -5.946012
6 -11.215544 -8.664743 -8.613291 -7.577232 -13.527015 130.641888 -14.970812 -7.227193 -6.922545 -10.221444 -10.505213 -12.987902 -8.028280 -10.180671
6 -16.585096 -12.964925 -15.518174 -13.733579 -16.562705 179.477424 -16.260306 -11.767287 -7.707691 -19.164873 -9.650087 -19.383997 -1.613738 -18.564960
6 -8.662813 -8.765875 -5.642995 -6.133791 -3.785788 90.240908 -10.677884 -5.213044 -5.409577 -5.321754 -6.039364 -8.354635 -7.527234 -8.706153
6 -9.848891 -13.555058 -5.962173 -8.618977 -8.062025 113.024143 -10.464588 -10.603396 -4.234177 -3.995068 -12.338712 -11.756206 -3.683449 -9.901422
6 -5.483749 -0.755195 -4.924135 -2.375184 -2.671512 39.248913 -2.870802 -2.736545 -3.277543 -2.482566 -3.098225 -3.503305 -3.261312 -1.808837
6 -5.358297 -3.886347 -2.235914 -4.389548 -7.442137 39.904614 -2.852863 -0.260383 -1.829087 -5.195884 -1.147112 -3.159825 0.800964 -2.948180
6 -4.075137 -6.757313 -3.700383 -3.210602 -1.932818 37.199621 3.100337 -0.649529 -4.119616 -2.694572 -4.552204 -2.937353 -0.965363 -4.705069
6 10.118583 -7.533847 -8.558576 -5.404535 -4.730566 55.580353 -9.584374 -5.797371 -2.731924 -5.898885 -6.498776 -0.385802 -5.684006 -2.890271
6 -2.627468 -8.704492 -5.241997 -3.846079 -5.549613 87.056120 -17.791339 -7.273093 -3.513185 -5.300134 -5.557638 -7.426384 -4.172204 -10.052492
6 1.495510 2.439280 -1.508830 1.016866 -1.940033 3.539561 -4.158676 0.682569 -2.402409 -1.213776 0.537669 -0.309429 0.348674 1.473026
6 -7.212523 -16.032662 -9.625449 -12.970974 2.081941 107.551778 -4.549860 -5.386990 -10.344584 -8.412362 -7.945311 -12.677590 -6.369360 -8.106051
6 -0.556330 6.403028 -3.948049 -3.065467 -2.415673 12.774162 -6.052887 1.403042 -0.466103 -1.048281 -1.098870 1.213099 -0.811854 -2.329817
6 -5.308112 -1.217166 -4.769973 -3.696556 -6.693444 39.823837 -4.311198 -1.424078 -4.095115 -0.569168 -4.148350 -1.540659 -4.431412 2.381393
6 -9.848891 -13.555058 -5.962173 -8.618977 -8.062025 113.024143 -10.464588 -10.603396 -4.234177 -3.995068 -12.338712 -11.756206 -3.683449 -9.901422
13 -1.741668 -0.137467 -1.294954 0.023856 -0.786031 0.799773 -0.294647 0.622099 -0.875163 -0.316108 0.895964 0.033921 2.068302 1.002122
6 -5.093349 -0.587431 -4.882491 -2.562765 1.621236 19.722784 -6.319504 5.554533 -1.777349 -2.879625 -1.733079 -0.800315 -1.385117 1.122471
6 -9.848891 -13.555058 -5.962173 -8.618977 -8.062025 113.024143 -10.464588 -10.603396 -4.234177 -3.995068 -12.338712 -11.756206 -3.683449 -9.901422
6 -3.158008 -3.541953 -3.494158 -3.667469 -1.582884 46.110331 -5.353792 -1.894648 -2.872059 -3.754055 -3.596671 -5.487178 -3.646473 -4.060983
6 -14.789180 -16.589931 -10.893102 -13.212249 -22.397174 180.029999 -15.026850 -13.118806 -6.857667 -17.312951 -13.052135 -15.912041 -4.914732 -15.953178
6 -3.794695 -3.672277 10.149755 -3.246142 -4.496567 33.678837 -3.314788 -4.632909 -2.782995 -1.069227 -3.332599 -4.041792 -5.443576 -4.001024
13 -0.312492 -2.813643 -3.832187 -1.762258 -1.817899 -4.203365 -4.466188 -2.028710 -2.071205 -1.350462 -3.539869 -2.046197 31.248749 -1.004272
7 2.932632 -2.014925 -1.874179 -1.738962 0.587306 -4.156302 4.995948 2.623372 3.497932 -1.255436 -2.516648 -1.894128 2.973542 -2.160151
8 -0.447153 -3.386260 -0.512542 -2.017672 2.590700 -1.148496 2.358019 2.860741 0.020193 0.988226 -0.116041 2.213338 -1.932123 -1.470929
5 -1.687248 1.119375 -4.065092 -0.516488 5.125273 -0.101442 -0.190730 -0.501765 1.854004 -0.856303 -0.085976 -2.533940 2.526718 -0.086386
13 0.721348 -0.991296 -1.210793 0.105420 1.872396 -1.533100 -1.302601 -1.126673 2.822708 -1.212220 -4.620802 0.540886 7.041408 -1.106680
13 -6.165192 -10.106949 -4.361689 -4.116731 -6.826663 -5.929965 -5.882318 -7.714455 -6.999715 -7.288836 -4.335569 -8.837244 82.669224 -4.103894
13 -1.633189 -3.018959 -1.050883 1.872736 -0.115640 -0.236862 -1.464242 0.247487 3.650189 0.397404 -3.338990 1.204693 4.609147 -1.122892
13 -0.815379 -0.213444 -2.542820 0.334496 4.595026 -0.639978 -0.612962 -1.995515 2.037584 -0.393438 -0.887531 -3.890605 6.434273 -1.409708
13 -0.662546 -0.957941 -0.972534 0.024791 1.551781 -1.988021 -2.979734 -0.640015 0.508819 0.142581 -1.300595 -0.690904 8.026865 -0.062547
13 -0.791062 -0.803327 -1.737652 1.622939 1.392937 -1.752943 -4.161126 -0.449386 -1.283803 -0.896280 -2.669195 -0.617473 15.199510 -3.053138
13 0.368440 -0.433214 1.719299 1.914348 -3.887530 -0.962656 -0.355157 -1.475792 1.284963 -0.806856 -1.364802 -2.080688 8.896836 -2.817191
13 -3.312954 -2.364883 -2.401743 -1.210943 3.346964 -0.979906 0.528196 -1.510231 0.798015 -1.669332 -2.525297 1.042590 9.640653 0.618870
13 -1.381956 -8.047766 -6.075957 -2.864778 -6.955905 -6.265652 -10.908091 -2.349619 -0.143396 -2.219371 -8.821414 -4.562155 69.161137 -8.565074
13 1.195524 -0.245400 0.558764 -0.657605 -1.360082 0.587360 -1.079924 1.451267 0.475555 -0.856081 -1.641834 -1.471038 2.298805 0.744689
7 5.100804 -3.427487 -1.410630 -3.435562 -2.593533 0.907937 7.840874 2.455057 -1.837047 -2.632250 -1.847070 0.132673 2.868460 -2.122227
13 -4.575910 -1.930199 -0.867027 12.942473 -3.577935 -4.297905 1.764805 -3.134060 -4.372339 -3.960357 -5.098510 -2.817745 24.944760 -5.020049
13 2.811480 0.794211 0.262284 -0.641785 -0.380027 -0.678392 -2.384504 0.314709 0.146653 -1.858636 -0.125136 -2.923081 6.418130 -1.755904
8 -2.111220 1.537932 -2.748211 -0.349380 -3.850959 2.992177 -0.081010 6.683118 -1.952275 1.366608 -0.772791 -1.590081 0.795745 0.080349
8 -0.790186 0.944540 -2.233252 0.585858 -1.212159 0.072138 2.854512 3.333423 0.194907 -0.159087 -2.366277 -2.138498 2.607094 -1.693011
13 -3.876771 -2.425505 -3.143883 -3.222651 -0.879682 -1.384685 -2.162672 -3.257375 3.927874 -2.833251 1.021173 -0.057558 20.646542 -2.351555
13 -0.713378 -4.481343 0.522820 -2.141705 -1.619261 -4.019280 9.402249 1.914148 -2.180033 -2.960446 -4.193619 -0.609798 10.252911 0.826734
6 -0.257052 -0.123217 -0.359986 -0.301314 -0.727368 0.953643 0.121784 0.315405 -0.184271 0.030689 -0.798188 -0.163562 0.932906 0.560530
13 -0.546654 0.285125 -0.023561 0.659370 -1.727517 -2.109722 -0.100162 1.256644 -0.750560 -1.577740 -1.380555 -1.094898 7.595598 -0.485368
13 0.763722 0.083486 2.393450 -1.999866 -1.550761 -2.610416 -0.976054 1.419528 -0.067618 -0.702655 -0.225099 -1.086715 5.483266 -0.924268
13 -1.336274 0.493984 0.320660 1.837781 -1.858872 -1.616586 -1.622041 -2.363043 0.068730 -4.420634 -3.498524 -0.066090 16.445130 -2.384221
13 -1.791347 -3.628272 -2.502050 -1.869283 0.185187 -2.672032 0.489237 -0.663965 -1.989793 -2.087454 -1.575202 0.216093 20.001763 -2.112880
7 -1.274148 -7.553424 -10.089562 -8.289427 -9.560321 -9.837525 99.299771 -9.056688 -6.654785 -10.311220 -11.949882 -5.060196 -11.810200 2.147608
7 -9.334178 -6.691309 -7.299312 -8.708906 -8.362243 -11.098286 103.279452 -7.366252 -8.083455 -6.875361 -7.015650 -6.793988 -7.446650 -8.203860
7 -8.407679 -10.621446 -14.338364 -8.733771 -8.689744 -9.817621 103.887407 -5.080289 -0.202537 -7.386454 -11.022781 -7.556655 -3.389503 -8.640563
5 -0.664588 0.631781 1.385578 -1.534016 3.237024 0.615877 1.404852 0.887688 -1.725256 -0.026811 -4.356650 0.030217 -0.224449 0.338752
7 -2.847503 -4.122132 -11.936083 -9.697575 -3.576618 -17.938564 84.675052 -0.612592 -5.793237 -8.480152 -4.813506 -7.474175 -5.058442 -2.324478
7 -1.892227 0.559072 -0.077363 -0.450372 0.211467 1.973823 5.130236 -0.252826 -1.445857 0.470145 -3.458035 -1.225677 0.183796 0.273818
7 -19.687016 -14.912546 -16.075024 -12.615090 -17.293494 -26.906881 210.769377 -11.020997 -10.609354 -15.046704 -20.783350 -18.150890 -12.747568 -14.920461
6 1.318909 0.549807 -0.062334 1.621869 3.648417 3.841081 1.690612 -1.573999 -3.002920 -0.682550 -4.142549 -2.723076 -1.583111 1.099845
7 -12.441087 -16.739292 -12.746333 -14.540313 -14.143999 -19.590871 174.949046 -11.684193 -4.241736 -11.328911 -20.923382 -14.283018 -10.722500 -11.563409
7 1.466696 1.211357 -1.601502 -1.732284 -0.880781 -2.967307 11.168301 -2.415037 -1.353026 -1.411427 -2.247071 -0.388940 -0.299244 1.450266
7 -13.032336 -8.925942 -7.120113 -8.381005 -4.671426 -7.778334 92.306730 -7.850995 -7.427559 -8.617205 -8.139543 -4.330992 2.618697 -8.649976
7 -3.645420 -1.786802 -3.310330 -3.073924 -0.233817 -5.277178 40.503306 -3.566411 -3.399202 -2.666153 -3.357846 -2.768649 -4.570476 -2.847097
7 -5.603245 -5.367544 -8.115954 -7.018395 -8.878368 -4.826563 83.137898 -4.192086 -3.963675 -5.867130 -9.478496 -4.634978 -6.944864 -8.246602
7 -9.486739 -11.053905 -10.170778 -10.446065 -3.035070 -12.516451 133.172490 -12.954703 -8.005559 -10.137853 -12.350877 -13.976154 -7.952325 -11.086012
12 0.747542 -0.465736 -0.666983 -2.122322 1.870055 -0.841012 -5.436700 -1.841231 0.041797 -1.956773 -1.316335 7.212671 1.644037 3.130991
7 -4.173531 -3.388808 -3.057126 -3.098436 -0.285171 -3.783426 43.120272 -3.553393 -2.659312 -2.564349 -5.018214 -3.858739 -4.437387 -3.242378
7 -7.395275 -7.141930 -6.382012 -5.870547 -10.187884 -7.845810 93.857719 -4.798020 -6.654238 -7.999690 -9.007560 -4.808399 -8.718305 -7.048050
7 -4.879625 -2.844802 -4.552003 -4.797533 -3.078209 -2.596541 43.511215 -2.604974 -4.313343 -1.645062 -3.352497 -2.182392 -4.701689 -1.962543
7 -11.895703 -8.894209 -11.441273 -10.649126 -7.029662 -14.528829 126.028228 -5.841283 -9.388444 -7.248541 -10.643737 -5.902308 -8.751161 -13.813949
11 1.275153 -1.074363 0.777975 -7.339369 -9.543032 -16.832082 7.567577 1.779669 -7.682694 -13.861443 58.201720 -8.111865 -2.430913 -2.726330
7 -8.427861 -10.002333 -10.465344 -5.807881 -10.059224 -10.986558 124.952077 -12.233293 -12.057224 -10.921629 -7.878690 -8.444684 -12.520815 -5.146543
7 -5.140551 -6.421175 -7.692586 -3.449927 -7.320690 -10.260434 86.866435 -7.083206 -4.366753 -6.573548 -11.506056 -5.202425 -10.825917 -1.023167
7 -4.301517 -5.399368 -5.839326 -9.263331 -5.278661 -5.445934 67.467173 -3.088279 -6.046751 -6.022674 -4.197091 -5.048715 -2.688030 -4.847495
7 -3.247590 -8.627151 -11.699843 -8.708589 -14.512546 -16.112251 142.443529 -4.429181 -12.096254 -10.869379 -14.032135 -11.959059 -12.895033 -13.254516
7 -17.233139 -19.781604 -9.524789 -10.981249 -15.241470 -28.657966 218.549120 -14.604185 -15.430642 -9.380837 -21.922142 -18.889533 -22.186185 -14.715377
12 -1.005325 -0.089547 -0.689289 -1.549436 -2.067132 -2.881155 -2.407072 0.811663 -0.205264 0.625183 1.547703 7.547550 1.102009 -0.739888
13 -3.262365 -5.238039 -1.806246 -1.564516 -4.318473 -4.121400 -3.073673 -4.771067 -2.786571 -1.465970 -2.891471 3.322768 37.283315 -5.306288
3 -0.612928 -3.514520 12.683378 -3.302925 -4.471808 -2.385943 0.021921 -3.967913 -0.821967 5.097008 -4.963636 8.493759 0.460984 -2.715411
7 -1.128454 -3.361676 -2.436173 -1.076276 -2.215893 4.564994 4.926076 -0.904695 -0.560398 -2.471262 -0.211829 3.849678 0.780860 0.245048
12 0.460291 0.812377 0.840758 -0.598484 -1.217111 -1.457261 -0.107219 -0.973414 -1.018354 0.620319 0.135284 1.912005 1.743598 -1.152790
14 -5.349038 2.358317 -0.747547 -0.548117 0.746899 -0.304966 0.540836 -0.283291 0.513457 0.271374 -0.015409 -0.111953 0.142583 2.786854
3 -3.987662 0.474081 17.094196 0.497559 -1.754543 -3.051978 -4.656139 -2.319000 -1.408631 0.667884 -1.630214 -0.521996 -2.004893 2.601336
13 -1.284369 -1.177056 -1.624187 1.017538 -1.454258 -0.811712 1.333518 3.495669 1.456709 0.352686 -2.363500 1.061985 4.038715 -4.041738
12 -1.937778 -0.658897 2.044614 1.511324 1.210260 1.969077 -1.990775 -2.741614 -1.823602 -0.796909 -0.297345 8.173040 -2.788750 -1.872646
12 -3.264370 -0.370148 1.047361 1.280587 1.704228 -0.500104 -0.896566 -1.837733 0.347528 -0.600531 -2.180432 3.946235 3.276739 -1.952792
3 0.370445 -0.211557 2.430659 -0.703830 -0.529719 -3.404228 -0.232309 1.218194 0.073959 0.750401 -0.287478 0.934275 -0.780248 0.371435
7 1.355059 -1.271114 1.204591 -1.929727 1.029671 -0.987079 3.209601 -1.470142 -0.926246 0.417950 -2.547226 2.038405 0.284326 -0.408069
12 -5.105533 -2.184781 -0.305937 -4.607374 -1.836781 -1.694102 6.094224 2.625500 -1.206603 -5.295440 -1.928071 20.175356 -1.932410 -2.798049
12 -0.422671 -0.136929 -0.861373 -0.169535 0.129695 0.413889 -0.453809 -0.576771 -0.203452 0.119528 -0.258836 3.510806 -0.916094 -0.174448
12 -1.863088 3.846596 -2.133638 0.002052 -3.398699 1.010453 -2.838940 1.474373 0.270212 -1.852478 -1.502021 8.813376 -1.065101 -0.763098
12 -1.097115 -1.366122 -2.464707 -1.793157 -1.988302 -1.430659 -0.428533 -4.550874 -4.316349 0.765452 -4.117913 24.362163 -0.698611 -0.875274
5 -2.168142 -0.574738 -4.978329 -1.983873 20.420035 0.268785 -4.267118 -3.339795 0.749554 -1.298141 -3.341168 5.763927 -2.574983 -2.676014
11 -1.925286 -1.574766 3.889834 -1.022190 -1.395724 2.965996 -4.711568 1.896542 1.029490 -0.821529 4.273492 3.595190 -4.646262 -1.553219
10 1.454593 -5.773145 -1.952028 0.694618 1.542537 -5.228117 2.664822 1.484776 -0.570631 4.853352 -5.195438 4.659995 3.437677 -2.073010
12 -1.267086 1.959345 1.066818 0.027875 -2.665752 -1.857451 -2.231873 0.255341 0.976725 2.081548 -3.145295 4.002256 -0.140788 0.938337
14 0.727775 -1.346953 0.193442 -0.984237 1.226651 -2.098477 -3.195799 1.365097 -0.827703 -0.438749 -0.430656 0.452516 -0.557119 5.914212
12 -3.340836 -0.298089 2.283828 0.671564 -0.199031 -2.558742 -0.946683 -0.782300 -1.470397 -1.108590 0.111157 8.318641 -0.575326 -0.105198
6 0.370022 0.131938 1.290160 -0.942788 0.504472 2.392864 -3.145410 0.489690 -2.147074 -0.146887 2.153171 1.566013 -2.455359 -0.060811
14 -2.633422 -0.170094 -0.132611 -0.969120 -0.709487 0.754726 1.600915 -1.386440 -0.044197 -0.029580 -2.544553 -0.524954 -3.994741 10.783559
14 3.765304 3.103463 -0.297709 -1.478713 -6.827904 -1.510974 -0.679001 -0.247498 2.114695 -1.807915 -3.213118 0.527044 1.560227 4.992101
14 -3.203996 -0.911952 -0.763506 -0.450559 -1.184745 -1.708532 -2.813109 0.089328 -3.884190 4.302447 0.691617 -0.215824 -3.436899 13.489922
14 -5.854766 -6.671435 -4.421986 -4.356013 0.454145 -6.352138 -5.717720 -5.682013 -2.531393 -1.002233 -3.282291 -4.880616 0.903027 49.395433
13 -2.999205 4.794009 -0.910756 2.401551 -4.220377 -1.453880 -1.832132 0.939410 -1.895470 -2.419837 1.628269 0.178711 4.906527 0.883179
14 -4.824336 1.517217 -5.154490 -0.661941 -4.332942 -3.496137 -1.675720 -2.372233 -2.732914 -1.477663 -0.929705 -3.705516 -1.126087 30.972468
6 -0.562840 0.830866 -1.226609 -0.617841 0.000315 3.577100 1.982448 -1.164064 -1.119283 0.386407 0.546646 -2.352160 0.556332 -0.837317
12 0.931402 -1.696719 -0.910336 -1.225557 -0.138370 -1.204409 0.052446 -1.389085 -0.786845 -0.433790 0.121722 3.030142 1.327435 2.321962
14 7.936619 -0.113025 -5.556519 -7.504710 -13.337572 -9.873062 -5.699031 -5.220930 -1.562556 -2.559914 -5.592967 2.322835 6.440850 40.319983
14 -6.094806 -2.011124 -2.242680 -2.404859 -1.630125 -3.120509 -0.773550 -0.466360 -3.223498 -2.530400 -1.014005 -2.624840 -1.814788 29.951546
7 -1.429467 -0.886493 -0.229071 -0.944525 -0.350789 -0.029254 4.067247 0.265952 1.025979 -1.139800 -1.321541 -0.047811 0.141922 0.877651
13 -0.632772 0.253844 -1.735867 0.991779 0.615955 -1.319093 1.221584 -0.612140 -0.682161 0.058243 -1.043797 1.116045 1.394870 0.373509
14 -0.536636 -2.295399 -0.865841 0.181908 -0.302335 0.285587 -2.188819 -0.252275 0.473117 3.182031 -1.711319 0.531890 -0.233293 3.731383
14 -4.930933 -6.717553 -3.381576 -3.200064 -5.346684 -2.129900 -8.335378 -4.688449 0.018555 -5.515833 -4.756026 -4.256268 -4.112208 57.352321
5 -1.463747 -0.685888 1.509059 1.080857 7.507699 -0.648262 -0.416581 -2.301829 1.044065 -1.910586 -2.507706 -0.389733 -1.133453 0.316106
14 -2.362288 -0.528868 -0.105360 -0.092905 -0.225109 -1.373491 2.625428 -3.093760 -1.648986 -0.262167 2.032581 0.746102 -1.505128 5.793951
14 -3.076312 -5.737386 -4.006988 0.240431 -4.249096 -2.531605 0.198132 -0.424772 -2.456878 -5.180484 -0.645741 -4.198374 -5.027255 37.096330
14 2.247253 -2.315263 -0.081053 -0.341473 2.204889 -1.206707 -0.777378 -0.475333 -1.045210 -0.608641 -2.268071 0.785251 0.222434 3.659303
14 -1.278684 -0.982682 -0.014096 -1.886219 -2.702667 -2.456983 -3.879474 -4.584242 -0.268552 -2.447047 -5.242845 -2.685675 -0.880158 29.309324
14 -3.054104 -0.180918 -1.576010 -0.386786 0.505487 -0.044753 -3.505373 -1.451938 -2.706181 1.168444 0.359290 0.939166 0.554264 9.379412
14 0.724875 -3.644900 -4.467187 -3.236066 1.365856 -4.068839 -10.857257 -2.605094 -2.861047 -1.127064 -2.113082 -0.794208 -2.120916 35.804930
8 0.007967 -2.442842 -2.439366 0.142878 1.206634 0.256457 0.283091 2.410736 -0.224645 -0.720762 0.044679 -0.941028 0.520924 1.895276
5 -1.996445 2.037869 -1.786821 0.520021 7.023217 -1.737036 -4.113802 6.787872 5.066141 -2.300564 -1.209807 -1.019477 -5.357291 -1.913877
8 -0.360643 -0.264195 -3.761649 -1.659812 -0.535438 -0.383806 -2.609936 20.078002 -0.649620 -1.867076 -3.384444 -0.185873 -2.336277 -2.079233
5 1.136167 -0.871091 -2.034560 -2.228066 21.380874 -1.193181 -3.631781 0.045372 -1.618688 -1.687313 -2.278602 -1.859130 -2.876031 -2.283970
8 -2.164306 -2.030549 -2.327586 -1.029549 -1.916471 -1.772430 -1.190810 12.282905 -0.139542 -1.243504 -1.078013 0.545528 3.270498 -1.206170
8 1.321531 -0.927970 -5.747363 -2.073602 -1.933537 -4.653661 -1.311250 23.317749 -1.164363 -0.681239 -2.207881 3.915658 -6.348339 -1.505733
2 -14.539083 13.370583 -1.510166 -3.820776 -3.271995 4.264299 -1.452208 -1.516257 5.998133 -5.075852 2.337161 -1.265992 1.780278 4.701875
8 -0.717870 -2.187558 0.511321 -3.411330 -1.334824 4.723527 6.486209 6.716928 -2.942702 -2.278577 -3.913723 -2.958629 3.425860 -2.118632
8 -3.557292 -3.881723 -1.772515 -2.630955 -3.035670 3.902736 1.324446 12.825757 -1.030312 -1.066908 -1.227147 1.087423 2.142327 -3.080165
8 -1.284758 1.316026 -1.601676 -1.189217 1.310011 -0.023739 -3.847922 12.957457 0.988167 -0.318043 -2.945115 2.195198 -5.856868 -1.699521
6 1.699783 4.354980 -3.797413 -1.921997 1.319135 5.941723 -1.975166 3.853513 -0.114076 -1.957279 -1.813168 -1.659493 -2.951656 -0.978886
8 -5.557537 0.372363 -1.657313 1.745252 -1.991868 -2.289448 -3.269516 9.234475 -2.268920 -1.079695 3.077258 3.776435 -3.161264 3.069778
8 -6.594630 -0.627303 -6.311650 -3.010926 2.424568 5.294151 -3.997762 40.610987 -6.664023 -5.285187 -6.186611 -2.462925 -4.011595 -3.177093
9 -3.774027 1.257795 -0.773496 0.951734 -1.174503 1.409871 -3.926254 2.974482 4.330634 -1.472455 -0.516454 3.352301 -0.912995 -1.726634
8 -4.052154 -0.637906 -2.699139 -4.722830 -3.078042 3.060447 9.783915 14.293036 -3.942565 -4.000468 0.989412 -2.036467 0.139637 -3.096876
8 -0.515077 15.338943 -3.714761 -3.635575 -4.885910 -2.246044 -2.813059 15.850747 -0.184697 -3.150258 -4.747613 -3.943255 1.231768 -2.585209
5 -1.393140 0.330310 -1.266560 -0.395522 4.179514 0.248391 0.115297 0.265542 -0.793069 -0.113887 -0.566862 0.094123 -0.384461 -0.319675
8 -5.478445 1.153112 -8.610394 -8.212630 -7.236324 2.607185 13.090586 21.268838 -9.017949 -3.609510 1.714801 -2.999769 6.495622 -1.165121
8 -3.397084 -0.462326 -3.669791 -0.783781 -0.924465 -2.409582 1.602118 15.754754 -0.107813 -0.953975 -0.639888 -1.184090 -0.893702 -1.930376
6 -2.187334 -0.104145 -5.580577 -0.219770 2.954569 8.321660 -1.212669 4.085262 -2.970169 -0.193205 -0.301399 -0.921764 -2.524124 0.853666
8 -5.954523 -1.883992 1.574182 -4.571153 -1.619044 0.969459 -0.340764 35.248277 -3.872139 -5.536470 -4.667527 1.503420 -6.644037 -4.205689
8 1.307450 3.479437 -4.194469 -1.651822 -3.745404 1.660384 1.079161 5.764939 -2.811800 0.863578 -0.734198 -0.627606 -0.830510 0.440860
8 -2.666800 1.414651 0.922029 -0.021000 -5.389259 3.060711 0.459969 6.824774 -0.470934 -1.785890 -0.450746 -0.825018 0.489322 -1.561809
2 -2.936181 7.940357 -2.076383 1.258657 0.880094 -2.162220 -6.357555 7.757779 -3.908397 0.898282 3.911342 -2.334061 -5.046313 2.174602
10 -0.078415 -2.847362 0.234427 1.709575 1.170336 -0.971895 -2.089645 -4.985301 3.312199 7.730483 -2.458907 0.976611 0.873295 -2.575400
12 -0.856553 0.267380 -1.460978 -0.536128 -0.804813 -0.148782 0.112384 0.157148 2.691001 -1.358493 -0.987501 3.421467 -0.625067 0.128936
9 -1.070895 -0.187478 0.735629 0.220494 1.132406 -1.661085 2.374501 -1.325266 5.304970 -2.852596 -4.567598 2.036396 3.269300 -3.408778
10 0.170081 -1.069368 -0.913102 1.175969 0.178613 -1.442216 -1.923806 -1.454847 1.666589 3.504622 -2.647188 1.570953 2.589119 -1.405420
9 -2.051128 -0.684551 0.657267 2.127535 -0.922126 0.193847 -0.467618 -1.635517 5.321947 -1.725420 0.918501 -0.912734 -1.875518 1.055515
13 -4.206952 -6.967831 -6.849243 -4.497408 -4.608635 -9.926498 -6.924752 -3.587180 2.358219 -3.266340 -6.813809 -4.575731 69.501858 -9.635694
9 -2.143102 -0.373969 5.793312 -1.808579 -2.969016 -1.997131 -2.299234 -1.053361 5.797954 -1.890418 -3.551567 2.772711 4.022623 -0.300223
6 -1.272175 -0.614187 -0.731761 1.712267 -1.899594 3.181636 -1.482221 -0.542545 2.550249 -1.957248 -0.518997 2.101160 0.416014 -0.942598
13 -3.183988 -1.182993 -4.356296 0.118974 3.652941 -0.875442 -0.801066 -3.259119 3.424249 1.618839 -1.053496 0.104168 5.390918 0.402311
13 -1.879387 -2.103003 -0.549164 0.258227 -2.125572 1.363104 -1.415267 -0.107898 4.407171 -1.895012 -0.759736 -2.423219 7.742607 -0.512852
9 -1.742698 -0.445748 1.811527 1.789712 -0.082329 -1.836389 -2.568291 -1.267898 5.810440 -2.340211 -1.536031 0.329574 3.605469 -1.527128
10 -3.308864 -1.082064 -0.486912 0.401694 -2.048193 -0.566927 -1.598897 1.087910 3.782585 3.973684 -1.452758 -0.172908 -2.090940 3.562590
12 2.439639 -5.155528 2.158751 -4.032056 0.853153 -1.513952 0.695708 -1.364160 2.369558 2.354849 -0.282813 8.519574 -4.955756 -2.086966
12 1.508573 -1.579282 0.243113 -0.299544 1.256310 -1.532113 0.660612 -1.297598 0.431596 0.343820 -0.334739 2.325083 0.944482 -2.670313
14 0.449581 -0.451139 1.471651 0.002850 -0.555037 -0.070277 -0.973189 -1.104698 1.256655 0.679606 -0.518886 -1.413906 -1.036367 2.263157
7 -1.074302 0.135945 -1.442135 -2.143372 -1.426689 -0.730761 8.263543 1.197727 -0.696221 1.721505 -0.703043 -0.237378 -1.299260 -1.565559
14 -0.504163 0.320345 -1.032710 1.009361 -1.233334 -2.746315 1.646145 0.903398 -0.739335 -0.214631 0.674350 -1.570291 1.030679 2.456503
9 0.961478 -2.173325 -0.074210 2.102331 -2.039088 -2.560735 -1.122960 -1.564902 5.197998 3.659293 -3.738230 0.683371 1.739434 -1.070454
1 2.845485 -0.185892 0.598810 -0.736133 1.252543 0.893476 -2.215556 -0.782155 1.297518 -1.715430 -1.586457 -0.934163 -0.443621 1.711575
