11 -14.796837 -32.096520 -21.609336 64.033263 -24.104822 -30.618081 60.887302 -24.615891 -19.291081 -33.235688 133.982507 -16.030644 -15.514872 -26.989294
8 -8.164237 2.407587 -7.100191 -7.601694 4.647322 8.535145 2.361164 16.962012 10.834491 -5.010490 -6.392116 -13.030124 4.757773 -3.206643
9 -9.459229 -3.209444 -10.607212 -1.551433 -2.020894 11.519406 -3.054782 -6.672671 52.547853 -1.980976 -1.149679 -5.906414 -10.557655 -7.896870
1 101.687160 -4.798771 -11.897701 -6.248076 -7.512693 -12.604315 -1.303410 -10.484045 0.570145 -14.390319 -7.707684 -2.128084 -17.590649 -5.591553
5 2.580024 1.824473 -1.925647 7.875795 13.933000 6.395848 -4.821855 -7.450182 -1.558194 -8.101495 -7.136816 4.279879 -11.903648 6.008816
1 11.103730 -2.046180 0.079732 -2.357902 1.776725 -0.985772 -2.204511 -3.899504 -0.680897 -1.234159 -0.479314 3.299078 -0.222861 -2.148165
6 -0.269435 -3.138527 0.484809 1.060698 3.544468 11.849104 -2.086305 -0.618959 -4.585365 -1.950059 1.127679 -2.795915 -0.453460 -2.168733
4 -0.150219 2.257076 -1.928318 8.321392 5.720076 3.887198 -2.882430 -3.573205 -2.707747 -2.436375 -1.023872 4.447892 -6.772641 -3.158825
5 -15.366264 0.548797 16.082527 -3.396755 63.884897 12.938807 -8.195480 -22.488046 -16.833292 -4.696965 -2.843031 13.687165 -20.167245 -13.155114
5 -8.277552 -5.983114 4.702813 0.269268 53.179827 0.457888 -3.281316 -9.894812 -5.374515 -3.293024 1.114017 -6.806211 -13.512005 -3.301266
12 1.475979 -4.879986 -5.936884 -1.629264 0.713305 -2.075329 1.143199 2.482742 -4.452902 2.108458 -0.080388 4.377064 2.494472 4.259535
3 -3.826840 -3.376742 30.351997 -2.443456 9.073278 -6.970199 -5.302758 -2.733873 0.136866 -1.645195 -7.054197 -3.696446 4.971438 -7.483874
3 -1.334132 -13.177438 58.618288 -18.881683 6.868390 6.332132 3.068199 -9.567844 -10.704340 12.356398 -15.915689 -15.729693 1.159138 -3.091723
4 -3.828605 1.475249 -4.235368 12.137718 -2.960727 -0.525972 7.201526 1.949621 -12.985176 3.287801 5.403355 -1.229375 -8.256421 2.566375
1 227.641935 -14.737393 -23.396610 -25.787671 -28.262295 -10.599623 -17.166798 -20.580141 -12.821642 -19.400788 -21.233958 0.701018 -28.781077 -5.574950
11 -3.167653 -1.711234 10.355270 0.213027 -10.928720 0.436820 -7.257610 -4.754905 -12.403983 -6.734027 49.802782 -1.972346 -4.003962 -7.873458
4 -3.491650 0.640504 -5.713446 10.099729 -7.086222 2.111748 7.452592 -4.130843 -2.452857 -2.822739 -2.013357 5.468815 0.255602 1.682123
12 1.496915 -8.267729 -1.439022 1.835416 1.785091 -3.150563 -7.009286 -12.668973 13.839891 2.328065 -6.564615 23.673798 -5.848254 -0.010735
14 -5.681833 1.029745 5.669042 -5.732877 -2.856075 -4.081823 -8.842332 -4.835567 -6.141743 -0.964401 -6.681604 -5.644002 -6.085099 50.848567
11 -23.448941 -23.101040 -14.820692 -22.759165 12.094578 -12.349288 -3.106286 -13.171328 -6.980225 -19.064689 161.705072 -18.840461 -6.057531 -10.099999
3 -7.249335 -17.025677 139.125726 -9.515598 -16.765869 -1.703204 -8.009094 3.666516 -3.163539 -20.905572 -7.919468 -11.320425 -20.967934 -18.246522
12 5.611820 7.024879 13.019237 2.994142 1.343069 -15.260875 -14.135867 -11.133320 -3.963510 8.027562 0.977079 13.651822 -3.425225 -4.730813
11 -5.382706 5.901991 -4.169174 -5.282460 1.489059 0.363126 1.036262 -4.758243 4.481552 1.883461 9.420156 -1.759305 -5.444323 2.220604
9 -5.139983 3.850603 -4.266964 -4.900754 -4.956142 5.885879 -1.149834 -7.254666 14.791835 -2.049509 -2.092618 12.136215 -1.240597 -3.613464
2 -7.048432 53.536974 -5.160040 -4.873374 1.769108 -9.813813 0.972867 -7.065536 -1.788468 -1.453761 -10.865496 -9.562415 3.718417 -2.366031
11 -11.317943 -7.923736 -11.058513 -1.180587 5.123306 -4.186779 -4.194124 33.715985 -14.196824 -8.474468 37.423068 -5.437527 -11.620697 3.328842
14 -7.216686 5.779827 -5.033208 0.652017 -11.632918 -2.569109 -2.308624 -6.050335 -9.115205 -4.560852 -5.356023 -9.355733 -5.217285 61.984134
2 7.745205 37.188612 -13.735897 1.526361 -3.739515 -2.554527 -8.151779 -2.507163 -8.501579 -2.121790 -0.795675 -4.973650 5.977863 -5.356465
1 82.645014 -11.026095 -9.819869 -9.243234 0.579956 -2.372311 -11.121546 0.383220 1.028367 -8.953343 -3.501726 -13.974446 -7.346580 -7.277407
10 2.724889 -2.373129 -3.471502 -0.081383 1.462090 -3.312241 -0.378125 -3.014521 -4.497659 8.106556 0.021264 0.988769 7.806189 -3.981197
5 -13.004061 6.653483 -1.310606 0.123096 33.617880 -8.279415 -1.117223 0.111978 -5.397729 -3.542827 -1.319629 -2.497750 -2.940238 -1.096961
9 2.134205 -1.280711 0.663105 -2.819013 -0.122312 1.510607 -2.377458 -0.727888 4.331679 -1.219946 -1.503719 -3.628661 2.452434 2.587678
6 -1.684126 -8.903296 -2.391139 -8.854329 2.348792 22.864951 7.252709 1.845880 -4.260652 -3.653431 -7.005604 3.097987 -3.184516 2.526773
14 -21.737924 -2.042525 -15.911554 -13.427726 21.831149 -25.886046 5.741168 -12.994999 -19.342984 -18.448339 -13.570689 29.286163 6.762227 79.742080
7 -8.765124 -5.534159 -3.898145 -5.500297 -2.776128 -11.753117 70.141049 -1.474564 -10.208674 -1.187667 -1.400722 -1.525768 -12.911753 -3.204932
14 -1.403243 -20.600462 -13.103206 -2.846657 -3.729809 -6.046198 0.532195 -5.849224 -12.988377 4.497749 -7.885903 5.757895 -11.352422 75.017661
2 -7.613171 25.055727 -4.118082 -3.821193 1.015360 -3.430112 3.324396 -4.492914 0.124221 2.511194 -5.469000 -9.260071 14.573163 -8.399518
2 -11.390215 43.649884 -10.532516 2.244294 -5.165692 -5.111660 4.260420 -5.155427 -12.050699 -3.340413 12.944220 -3.871753 -4.380655 -2.099790
2 -19.087740 90.641390 -9.839214 1.972108 -8.835307 -2.926312 -1.903196 -9.838675 -15.160683 -2.917141 -6.448881 -5.402229 -5.726424 -4.527697
14 9.376831 -6.237877 -3.025229 -6.104309 -6.353595 -2.764805 -6.094575 -5.040907 -15.773165 -4.471174 -4.541925 -1.849386 -5.478915 58.359033
6 -11.898424 -3.974816 -11.763925 -5.906782 -10.873171 52.874180 9.156827 -0.045788 -7.814257 4.158655 0.855330 -6.670724 -4.337374 -3.759734
3 -4.147563 -8.981378 22.725368 -2.104701 -2.935158 -8.569721 -2.626736 -3.312811 -21.994595 16.666719 7.920099 1.354026 -0.440707 6.447162
13 -2.154967 -6.040443 -4.537156 -9.058942 -7.464138 -15.448676 -12.703350 12.619621 2.177161 -22.898406 -9.807563 3.249191 83.002474 -10.934805
3 -7.775318 -4.447743 98.767282 -6.180115 -8.186813 -11.185618 -6.996143 -4.685730 -9.139796 -8.340730 -9.263599 -7.868606 -9.795776 -4.901295
6 -3.355904 -11.066111 -4.689260 3.697207 -10.824295 42.570798 -3.021759 -6.429708 -6.069196 -9.683178 -1.078206 6.650580 8.927651 -5.628623
12 2.162639 3.643887 -10.052533 -1.174863 9.862355 -6.712477 -1.348110 -20.922256 7.878128 -5.534321 -11.305536 28.939213 -6.742272 11.306144
14 -2.289630 -7.274310 1.771930 2.597440 2.060135 0.015235 -2.543400 -0.787932 -1.618931 3.815834 -0.667395 3.867200 -7.270559 8.324384
13 2.195159 -2.353610 2.132917 7.485139 2.032143 0.007494 -4.458597 -3.352196 -10.907863 0.773295 -9.846513 -0.208576 13.027686 3.473523
2 -4.084666 41.482240 -3.214976 -2.547807 -7.801964 -6.116483 -8.754676 -5.691474 -6.000572 -6.455921 31.621392 -3.029395 -9.852105 -9.553589
13 16.208034 -10.082345 -2.946243 2.435698 -1.568900 -18.636739 -4.108967 -1.570841 8.563443 2.791959 -8.808771 -10.944508 35.746970 -7.078788
14 -1.489693 -4.609455 -2.514180 -2.522289 7.519728 -2.393586 -0.275729 -8.441742 -3.694589 0.365562 -2.294644 2.482739 -2.195037 20.062913
11 1.868709 0.361575 -0.620069 -1.249098 2.609082 -0.312012 -0.740782 -2.844554 -1.002380 -0.453635 2.752892 0.628184 -2.290566 1.292654
14 -20.640721 -17.420707 -18.711043 -6.245639 -10.444356 -3.929950 -28.224580 -21.941418 -26.201263 -15.419183 -19.611624 -14.846179 -9.006839 212.643502
11 -7.837803 -11.390398 -7.512409 -1.465586 -7.844690 -2.401286 -6.982080 -13.794496 -0.205653 0.850045 77.327415 -1.482013 -5.701987 -11.559057
7 1.502063 2.940791 1.707083 4.273836 -7.142484 1.533312 21.576681 -8.893323 -2.601709 -8.129797 -3.321663 0.604494 -12.010900 7.961616
6 -17.199920 -12.663335 -13.568161 -19.807091 -11.151412 145.185300 -21.767637 -14.940693 -17.505932 -10.484147 11.074638 -4.458197 3.111006 -15.824419
4 -5.027534 -2.681868 -1.245332 75.490597 -10.196154 -5.883778 -7.478517 -3.384713 -11.230522 -4.493520 -3.835460 -8.789797 -6.261133 -4.982267
4 -6.068697 -6.952830 -4.018928 76.493214 -7.727984 -7.543543 -4.732723 -5.842228 -7.207499 -5.146909 -2.268072 -5.787767 -6.885691 -6.310344
14 -7.468450 0.174525 -4.227267 0.889163 2.046075 -4.414905 3.669258 3.962165 -4.573951 2.707205 3.763981 2.185214 -7.051691 8.338679
7 -24.341936 3.752019 -20.967995 -23.423714 -16.718354 -10.439059 183.662864 -16.882600 -0.056192 -12.049366 -19.974323 -16.669173 -12.336536 -13.555636
7 -3.710868 -4.854772 -12.944463 -10.056854 -11.781760 -10.443673 85.821356 -3.685694 -10.856263 -0.047707 -7.973305 -14.281284 3.566260 1.249026
7 22.592741 -10.823085 2.486772 7.574792 -1.738623 -11.557782 45.389915 -6.643617 -11.457385 -8.365075 -5.995779 -3.619539 -14.140170 -3.703169
7 -25.106565 -13.380307 -12.984576 -13.031330 -3.658066 -14.580018 114.214315 -2.842421 -14.998163 -9.650820 3.390407 -7.702551 -4.322956 4.653052
7 -6.174808 -16.195154 -10.516907 -11.642261 -3.710526 -13.019299 77.834039 -1.691612 -5.321921 -9.497457 1.858199 -3.041991 -1.941322 3.061018
6 -71.062882 -5.050534 -23.252950 -35.249485 -19.200655 270.561117 -4.826972 -29.826799 -29.055293 -31.799175 -9.879854 1.221450 -1.531816 -11.046162
3 -0.831873 -1.313978 75.523217 -8.231566 -7.519795 -13.406694 9.740534 -13.535637 18.980452 -17.501843 -13.199584 -15.958616 -2.151274 -10.593339
2 -5.039208 10.266645 -1.611184 2.055972 1.778218 6.532092 1.999673 -6.862676 -6.765344 -3.817210 5.623552 4.534171 -7.198706 -1.495995
8 -17.538380 3.057508 -1.240069 -10.186064 2.943515 -9.189914 -6.728621 47.339613 6.546620 -13.365221 8.478191 4.529969 -6.344062 -8.303082
4 -4.719638 1.249938 -7.221772 11.486805 6.709505 -6.363413 -1.524235 8.567270 -0.846888 -1.967050 -2.600793 -1.999059 -0.518831 -0.251840
13 -1.022838 0.713210 -1.606675 1.390342 -6.761631 3.631684 -6.609907 -9.648620 6.064530 0.849022 -7.290293 -4.136874 12.741336 11.686712
4 -10.468334 -1.747416 -8.552302 82.653409 -6.935009 -7.820503 -4.799814 -3.018664 -6.321481 -3.072777 -10.604437 -9.570713 2.028616 -11.770574
4 -7.012417 -11.682474 -3.903273 78.189197 -11.087327 -5.223551 -7.054152 -8.132916 -9.211075 -2.358734 -1.656260 -6.113975 -0.980027 -3.773016
4 -8.881315 -9.531021 -5.330478 76.892594 -11.519408 -5.852575 -2.486998 -6.533679 0.969036 -1.487771 -2.857887 -6.260592 -11.704752 -5.415155
11 -13.145362 -33.307497 -9.448968 -19.913259 19.106767 -3.734689 -14.969403 -15.716772 -19.778752 -15.974968 171.973379 -17.830158 -14.449496 -12.810819
11 -7.777069 -15.614880 -20.646841 -0.398599 -17.949806 2.390362 -7.658430 -8.256504 -0.827829 -17.250559 110.966028 -1.659548 -1.796646 -13.519677
3 -3.845394 -4.642387 22.660580 -4.557060 3.145848 -3.093132 -4.701462 -2.720582 3.236014 0.799758 -2.592245 0.765625 1.070706 -5.526269
4 -4.636646 -5.013476 -2.718081 80.473080 -7.305580 -9.283116 -8.313070 -5.702446 -10.498890 -6.934853 -3.191097 -5.866421 -7.792110 -3.217291
5 -8.104377 4.135343 -4.804116 -0.159190 77.597565 -15.938356 -7.857504 -2.942414 -21.123822 -2.123665 -3.169454 -3.519952 -11.243271 -0.746789
14 -7.265579 6.298890 -2.623867 -3.948077 3.072526 3.332638 -0.023769 1.048612 1.456879 -6.425637 -3.655854 -7.205745 7.930499 8.008483
13 -1.432286 0.019495 -3.793847 -0.046047 -0.907995 0.983262 -0.503725 -2.004192 0.091056 0.967144 0.967814 2.534703 5.059161 -1.934541
11 -11.112499 -14.058067 -12.212927 -12.296104 -9.822574 -4.368792 -6.635591 -11.513740 -9.696236 -24.347889 147.334459 -5.838164 -5.614557 -19.817314
11 -12.614348 -5.097339 -13.357375 -28.365668 -16.779208 -7.798362 -8.165554 -22.093237 -16.404607 -33.140577 230.782561 -25.113561 -19.700285 -22.152430
11 -8.977255 -9.607206 -13.042276 -3.352601 4.260240 -0.372824 -6.693859 -10.265404 -19.243184 -25.053339 114.391035 2.088827 -16.107381 -8.024769
6 2.919831 -0.094198 1.815426 -2.392228 2.959214 6.129824 -3.225867 -4.029727 0.275332 -1.848521 0.424709 -4.644054 0.200251 1.510007
1 59.882967 -0.544910 -6.179648 -9.823389 -4.379226 -8.185992 -6.429918 -3.464955 -8.067382 -5.049530 -7.785303 -6.770476 4.416036 2.381725
13 -4.587722 -16.375214 6.386880 -7.142621 8.139173 0.761166 -0.317870 -17.187434 -14.451880 -7.624849 2.298502 -9.862389 62.522498 -2.558241
3 -4.714228 -5.260061 32.122077 7.315465 0.752019 -9.246268 -2.213101 -10.950166 9.546439 1.518644 -10.917642 -7.291735 -4.257492 3.596048
4 -6.414411 -6.753381 -6.665090 78.192858 -1.451537 -14.079237 -1.409774 -6.854589 -10.355016 -6.980764 -5.197844 -10.279337 -4.658663 2.906786
4 1.555685 -0.728991 -3.042226 74.895491 -9.645508 -4.544330 0.002185 -9.538429 -7.356265 -4.646102 -3.874527 -3.110217 -18.209227 -11.757537
2 -7.149255 53.867728 -3.423590 1.988824 -6.990096 -5.043672 -7.030802 -4.661935 -18.408959 3.894612 -0.363765 -4.685221 -7.204926 5.211056
10 -7.006421 -0.232836 4.772966 10.435035 -2.858284 -4.072523 -2.183630 -3.181306 -7.668694 15.513717 0.909046 3.148942 -6.405766 -1.170246
1 0.000000 0.000000 0.000000 0.000000 0.000000 0.000000 0.000000 0.000000 0.000000 0.000000 0.000000 0.000000 0.000000 0.000000
2 -6.607797 81.293037 -2.400723 -3.009705 -6.103405 -6.288087 -7.285961 -8.475709 -8.291026 -1.473819 -3.266886 -12.523706 -9.080204 -6.486010
5 0.180620 0.139381 1.247589 3.149194 12.377314 -3.738097 0.307541 -0.889406 -15.918564 6.364190 -3.146809 -5.566125 6.948676 -1.455505
1 77.745879 -15.969361 -3.634485 10.224559 -12.523951 -0.048744 3.917876 0.825270 -12.009405 -17.121746 -11.064461 0.378850 -10.669652 -10.050633
7 -12.898542 -11.759468 -8.243952 -9.488278 -1.151676 -14.005542 104.752947 -13.928926 -17.131776 -5.543460 -1.306582 -3.624794 -5.421276 -0.248675
6 -11.029615 -17.921036 -4.027523 -18.737750 -6.705296 171.798083 -13.896220 -8.059129 -13.271365 -16.203863 -18.757495 -21.710363 -0.932205 -20.546227
1 2.140452 -5.005342 0.138497 2.115310 -1.010395 1.952817 -0.487086 0.124566 -1.008611 1.490521 -0.496962 0.534272 -2.421694 1.933655
13 -16.798093 -7.145204 -8.965385 -3.753283 8.550860 8.137438 -5.145368 -6.124209 -4.633984 2.378874 2.296991 -5.665229 41.545857 -4.679264
1 94.630135 -13.265228 -6.005055 -10.434050 4.039582 -0.328363 -13.846831 -20.969801 -5.396182 -9.267863 -8.321054 1.708743 -7.460125 -5.083910
5 -6.640038 2.593334 1.148423 0.414209 4.556099 -5.378755 1.326797 -0.643454 -3.720488 2.394345 4.423954 1.711348 -5.349476 3.163703
10 -0.956584 -5.665164 -3.701158 -5.738286 -1.249972 -2.535868 -3.877281 -8.005951 -3.057306 22.198287 -2.145152 2.954739 -6.772780 18.552475
2 -1.706677 48.830821 -8.503778 -10.610503 7.377912 -7.100856 -4.152789 0.833012 -19.465957 -3.948004 10.861862 -7.231553 -10.928036 5.744544
8 -4.892848 1.293343 -3.959599 -7.106279 1.780440 -9.695891 -2.039518 58.549692 -13.596388 -3.186847 2.963906 -11.685311 6.684951 -15.109648
7 -8.952054 -9.322162 -0.423959 -7.465919 0.077220 -9.782571 74.885053 -3.746050 -12.436888 -5.298899 -8.579239 -6.951438 6.763969 -8.767063
8 0.000000 1.711401 -0.620784 -0.261525 0.000000 -0.362095 0.000000 1.797843 -0.018047 0.000000 -0.693233 -0.591986 -0.144063 -0.817511
11 -8.682344 -36.883209 -13.933868 -20.454446 44.475985 12.680109 -8.690179 -11.093817 -24.052436 -2.151280 87.601698 -19.789165 -13.887490 14.860441
10 -0.548985 -4.321908 -2.200108 -4.780442 2.088636 -6.272924 3.995051 -5.746087 -7.864736 34.736011 -6.712122 1.580203 -5.079878 1.127289
14 -11.017151 12.636265 -13.120162 -20.446437 2.915495 -15.574928 4.764971 1.358361 -26.879565 -12.037863 -1.762221 2.989922 20.919545 55.253767
13 -1.378221 -4.595496 4.410363 -1.076827 -0.124581 1.080723 -2.174555 -8.694666 -4.134690 -0.350750 -1.641085 -3.244738 22.958395 -1.033871
2 119.540368 120.626853 -17.837461 -27.802245 -37.118937 3.080677 -12.023622 -22.070285 -19.716315 -23.107195 5.672975 -26.401179 -27.682928 -35.160701
6 -3.080504 -3.900702 6.553865 -4.310472 -10.351560 19.273926 -0.277660 1.158471 2.763393 -0.243252 1.273469 -6.853595 -2.339695 0.334317
2 -1.416147 34.615117 -0.443860 -7.126256 5.352369 -1.856178 -3.370232 -7.067585 -0.946133 0.440427 -4.805602 -1.205124 -6.242896 -5.927902
4 -1.926418 2.679115 1.000141 3.026779 1.439891 -1.841225 -0.593602 -1.983435 -3.322234 1.552942 1.522075 1.686140 -5.064086 1.823916
4 -11.730768 -7.546923 -6.677843 73.944043 -10.643674 39.117479 -11.222094 -8.281637 -12.852144 -14.662570 -8.348302 -10.178507 -3.308618 -7.608444
1 398.222386 -37.608420 -47.677593 -45.045264 -36.972691 -37.750842 1.319377 -24.566316 -33.429251 -39.631844 -34.785100 -42.207074 25.661048 -45.528399
1 173.475581 -9.579716 -11.760664 -14.656852 -17.117096 -14.134406 -6.258936 -7.997473 -11.683654 -6.362648 -11.930188 -20.164513 -23.025129 -18.804298
1 152.520726 -20.514299 -13.320453 -12.738112 -32.914279 -12.985172 -6.331288 -11.840320 16.142889 -11.259144 -20.440329 -3.256263 13.839506 -36.903464
10 -4.577950 8.575296 -11.570854 -11.252069 2.125292 -5.613262 3.352950 3.563380 -5.326084 10.794089 8.246748 -3.592175 3.818307 1.456334
4 -9.676297 -6.886460 -2.420346 91.194532 -16.551071 -6.217934 -5.706367 -2.956701 -14.117105 -3.583525 -3.032435 -4.795757 -14.536671 -0.713862
13 -4.121102 -2.924422 -1.088361 1.046401 -2.902770 5.198079 6.272165 2.380243 -1.714577 -1.980133 -2.634865 -3.245378 8.865663 -3.150944
2 -21.032221 131.498843 -9.261904 -19.259595 -15.623263 -7.391001 -8.441396 -11.488778 -3.867867 12.196518 -14.695412 -13.357571 -4.616988 -14.659363
1 6.187677 -2.553168 -1.694704 2.616617 2.430044 1.119955 -0.422982 -1.343240 -3.247344 -0.547150 0.318115 2.891796 -3.528526 -2.227091
7 3.751773 -7.163777 -6.120335 -8.838368 2.960398 6.250111 15.884794 -2.094211 6.068882 -4.361695 -7.502342 2.710299 1.548178 -3.093708
13 9.042691 0.426716 -2.905160 6.309518 -9.805786 -1.831335 -5.403542 -5.021740 12.440500 -2.877460 -6.638923 -2.968557 19.431800 -10.198721
9 -8.187681 -9.433794 -2.759611 -6.434227 1.285649 18.818156 2.235050 -4.341694 46.411183 -3.461429 -8.816379 -7.813687 -5.573595 -11.927941
11 -2.040578 -5.823940 2.497513 -1.617497 -2.178271 0.603841 -2.303142 -3.447469 7.085126 -4.239260 7.985322 2.381089 5.008786 -3.911522
5 -7.051682 -2.709824 -4.194016 -15.686037 105.652111 -9.923886 -1.821274 -7.025680 0.178721 -18.530962 -11.708733 -11.063544 -13.462641 -2.652552
4 -0.187127 -8.617957 -4.579951 75.784267 -11.414065 -8.232160 -4.145717 -4.893206 -7.069208 -8.683618 -4.281734 -1.635828 -8.717642 -3.326055
4 -9.081028 7.548178 -10.484620 78.790840 19.697509 -13.035119 -9.900898 -1.556264 -11.173779 -9.174483 -9.951826 -6.062316 -15.230512 -10.385680
4 -7.041390 -0.669449 3.342012 78.133404 -6.469497 -8.260328 -9.267756 -8.890053 -12.081875 6.491058 -6.426859 -6.260239 -14.353138 -8.245890
4 -1.382904 1.935785 0.977991 5.790513 1.439891 -2.906571 0.467537 -2.646078 -7.054157 2.185491 3.524622 1.815176 -5.001865 0.854567
4 -4.661887 -5.001613 -6.497106 13.727222 -0.707649 3.100541 1.013302 6.948844 2.577297 -10.925306 -6.739092 1.355048 4.663749 1.146651
1 56.205715 -6.262174 -0.948049 -6.696379 -6.015320 -4.833585 -6.061386 2.237272 -7.730310 -5.598707 -6.198454 0.201228 -2.934647 -5.365206
7 -15.839972 -1.739145 -26.849289 -16.294614 -10.162954 2.876332 54.246329 17.809974 -33.194971 4.502715 13.286270 -2.548970 -6.152705 20.060999
8 0.097397 -1.883427 -8.743473 -6.832676 4.539317 -6.213992 -5.414294 52.193292 -11.242165 -6.260878 -6.461120 -5.041715 0.512064 0.751673
1 77.086610 -9.154525 -2.734276 -3.599502 -6.544749 -9.925027 -9.992443 -7.554953 -4.410241 -8.149987 -2.552352 -11.205239 6.728048 -7.991366
1 99.807507 -16.835272 -4.694210 2.095627 -12.582795 -1.352980 -1.806043 -11.223492 -17.361883 -11.679673 -9.269131 -0.250828 -10.112393 -4.734435
3 0.915899 -13.029176 49.712340 15.735804 -8.794958 -17.445382 -2.720819 -15.845799 -3.347505 -8.053314 -3.753425 6.241918 -0.574823 0.959237
3 -4.662727 -7.741417 110.281282 -18.536457 -4.677837 -3.363966 -6.732291 -10.927500 -3.578682 -8.511974 -17.672444 -16.279353 3.195647 -10.792280
1 59.812032 -7.651244 -10.815330 0.999819 -10.692787 1.051377 3.122805 6.389193 -2.906785 -6.162042 -8.428904 -4.333353 -6.926861 -13.457917
3 -11.932342 -5.808478 120.661186 -11.542419 -8.406140 -11.653101 -3.320714 -6.028305 -9.228138 -11.447830 -6.036151 -10.409925 -16.819371 -8.028273
14 -8.052606 -9.928448 -27.889066 -12.641958 5.006905 -2.318636 7.145497 17.006029 -18.091740 -12.791054 0.154323 14.857318 -3.161276 50.704714
14 -3.082922 -15.196960 -4.247251 6.645993 -3.504022 6.985574 1.398561 -3.026480 -18.457947 -8.324897 2.849883 -2.928910 -8.855655 49.745033
8 -12.808974 1.602263 -10.321278 -7.687751 -13.856450 -3.724956 -2.215123 100.954027 -13.347579 7.329857 -12.173031 -11.467281 -9.232084 -13.051639
3 0.664898 -3.797852 43.134792 -1.142656 -9.360641 -6.753986 -2.322489 -3.696546 -5.812132 -9.905543 -2.366813 3.303461 -2.317292 0.372802
6 -7.103343 -14.821278 -4.207119 -1.871355 -12.439444 81.964619 -4.940206 -6.057904 -10.137130 -5.299350 -5.861237 -9.664514 12.659649 -12.221385
13 -7.457681 -2.928948 -14.382765 -9.227490 -8.823697 -7.411667 -6.648733 -9.501048 -5.563565 4.225333 -11.342468 10.958015 73.049564 -4.944848
3 -10.374770 -6.858214 89.162018 -8.160542 -5.455810 -7.502973 -7.752002 -2.011716 -7.874032 2.255121 -7.499212 -7.585861 -15.935141 -4.406869
3 -0.594099 0.000000 2.223523 -0.361647 -0.498826 0.000000 -0.297657 -0.056921 -0.116173 -0.912020 0.131921 1.433596 -0.592996 -0.358701
11 -3.819057 -6.088050 -14.275685 -3.733067 -6.312668 -0.132480 13.827980 0.423530 -4.307369 -1.014070 32.081803 -8.265227 -1.888620 3.502982
11 0.067886 -22.260194 -3.183947 -1.682541 -13.416868 -1.701440 -8.442974 4.316820 0.854164 -7.182378 67.635573 -3.894559 -7.912737 -3.196805
11 -25.284353 7.799708 -7.355137 -4.420564 -7.272008 -15.273241 2.887954 -4.917558 -10.503998 -8.805328 86.781475 -12.883888 -0.252972 -0.500086
11 -3.072560 -39.040578 -0.995610 -18.185264 -22.775090 -28.783452 -23.669066 -15.838402 -24.812412 -41.306248 304.229990 -17.721906 -29.721015 -38.308371
1 95.084620 -8.126573 13.655577 -10.022714 5.309636 -12.676594 -6.206466 -7.699901 -17.049606 -12.596672 -18.469798 0.410857 -9.556424 -12.055944
5 -1.761408 -7.024877 -4.737114 -7.213967 132.916645 -19.785671 -9.130668 -18.789317 -11.895181 -7.503293 -6.691234 -17.473373 -4.872346 -16.038194
4 -11.794911 -6.168052 -10.579819 96.933467 1.113295 -4.583925 5.344888 -5.901110 -11.121767 -6.296780 -12.889087 -9.454452 -10.808846 -13.792902
7 -32.261010 -0.373540 -36.640879 -18.196719 46.181105 -47.336334 196.746829 0.669565 -15.084824 -13.872994 -27.390732 -37.052526 -9.703799 -5.684144
10 -12.980956 -1.549006 -8.149465 -15.187451 -11.406956 -6.685844 -0.594385 2.802703 -1.205386 53.726691 33.219036 -7.846304 -11.269610 -12.873066
5 -15.673329 -5.533731 -9.755831 -5.732442 148.473717 -6.633006 -14.923874 -15.606653 -5.442720 -19.096837 -9.977950 -10.985388 -15.112011 -13.999943
4 -2.938750 1.743606 -9.489814 81.491047 -7.542299 -6.070640 -4.104636 -6.354549 -7.646218 -0.123867 -9.728541 -3.635958 -12.688159 -12.911223
6 -5.052670 -16.738573 -18.224843 -27.535927 -21.334219 206.810751 -22.638763 -9.580257 7.614307 -21.810310 -18.441568 -25.673038 -8.983214 -18.411680
8 -4.633736 -3.365803 1.747889 -0.621441 -2.485052 4.163951 -6.234109 38.662281 -9.874884 -5.510956 -5.953397 10.470620 -6.076808 -10.288552
6 -3.803799 -17.965072 -18.499089 -23.089077 -18.106633 179.482301 -18.334112 -4.008130 -6.337639 -19.562277 -11.441550 -20.428819 -6.802310 -11.103800
6 3.204598 -5.033298 1.279267 -12.395319 0.456900 66.249896 -6.162224 -1.642048 1.991962 -11.902655 -2.713158 -13.523228 -13.577414 -6.233282
8 -2.633927 0.120116 -3.038137 1.263268 -1.644577 1.343905 1.938170 6.858736 5.941328 -1.877816 -4.628989 -0.895088 -0.414990 -2.331998
13 -10.980945 -3.847316 -0.501224 -2.223055 -25.790634 -8.508217 -11.028598 -7.368742 -0.049614 -17.147249 -12.570707 -1.561009 127.141766 -25.564454
13 -0.813583 -2.125660 -3.501230 -0.292087 -0.450622 -1.564636 -2.747195 -1.705353 -3.198075 -1.539767 -2.336558 -4.039354 25.611127 -1.297006
5 -6.093261 -9.263892 -5.173313 -8.722966 27.718741 11.194010 7.399429 1.258626 -8.243811 -17.924500 -2.061084 -1.648863 7.330258 4.230627
9 -4.152097 -0.863579 -1.744163 -0.427161 6.975996 -1.355201 -3.735129 -3.627807 14.440454 0.656152 -21.050376 7.020999 7.030610 0.831305
12 6.424879 -11.701230 -2.884685 3.500888 -6.507957 -12.120299 -6.581219 -12.882814 10.371692 -7.895430 8.457091 25.040891 -9.520394 16.298586
4 -5.513794 -7.348680 -6.600937 81.439028 -8.518439 -10.217772 -4.260434 -2.813191 -4.505844 -7.903702 -6.843777 -4.161428 -12.661835 -0.089196
14 -3.191174 -3.591316 -0.926091 -1.196859 1.801677 2.954558 1.622560 0.412819 -5.937566 -1.206947 -0.086584 -0.649114 0.207834 9.786205
3 1.654615 -2.538996 9.570922 7.075833 -2.767345 -12.362085 -3.424946 -2.796371 -4.190208 0.946335 3.261389 1.333986 5.890854 -1.653983
4 -9.131230 -1.981805 -9.506519 78.458200 -11.540299 -11.586628 3.617470 7.624518 -12.466996 -9.567670 3.062355 -6.652845 -12.614209 -7.714340
3 -10.106356 -5.443223 91.343990 -6.562022 -8.813175 -4.481528 -2.917966 0.358824 -0.926055 -3.124489 -11.558089 -3.914128 -19.614930 -14.240853
3 10.191058 0.671026 11.162126 5.565948 -6.156364 0.092344 -6.493965 -5.144889 -9.408704 3.571155 1.882235 -8.400719 0.921768 1.546981
12 -5.143152 4.052158 -2.316043 -8.446617 -10.361846 -9.791552 -14.497589 9.488792 7.488768 -6.470241 -3.985459 24.818470 15.027182 0.137130
10 -9.373341 -0.270243 1.163279 -7.132320 -3.513633 -0.825756 -9.831281 3.293429 -2.850026 19.383351 4.199097 10.523033 -10.185071 5.419481
14 -0.111774 1.101555 1.569599 -0.419040 1.302266 -0.249492 0.047473 0.787214 -1.724708 1.695193 -2.155564 -2.166887 -3.267421 3.591584
14 2.834534 10.015752 -4.256820 -9.447432 -1.062390 5.650678 8.319501 -1.055581 -12.696523 -9.949937 -3.343286 -4.088945 3.070382 16.010067
14 -8.787653 -4.476532 0.381271 -4.756147 4.707192 -1.220048 0.640051 0.814409 3.202136 -0.122194 0.499631 6.791143 -7.595177 9.921920
4 6.062245 -1.325394 -2.298812 6.905872 -1.819905 -0.358725 -0.570816 -0.735666 0.003450 -1.709203 -0.540004 -0.999021 -1.856520 -0.757499
10 -1.338332 -5.063655 0.202030 -3.848275 -0.978567 -3.724019 -5.460310 4.592465 0.522370 19.941874 -5.341794 -7.816656 4.436657 3.876209
4 -2.492752 -7.914867 -4.179947 73.306835 -9.250937 -8.915493 -1.334536 1.275377 -0.790410 -14.370438 -2.496509 -11.603186 -3.879388 -7.353748
4 -4.577686 -8.330140 -2.967936 77.721655 -9.384662 -7.569211 -5.456367 0.550605 -9.360902 -6.973790 -4.225305 -7.092271 -3.821943 -8.512046
1 12.948210 -0.835833 -1.239271 -0.956125 0.245360 -2.432696 -2.797646 4.588603 -1.975768 -2.457582 -3.974573 -0.276722 -1.760681 0.924723
12 9.853254 0.737075 -8.241355 -3.567035 -8.057358 -8.920917 -0.711017 0.362959 -3.514527 -7.272420 -1.286322 41.098139 -8.910818 -1.569656
1 49.261131 1.548421 1.112786 -9.307071 -12.592984 3.136607 -8.111285 9.027892 -5.055647 -1.883113 -9.228451 -9.272881 -3.279499 -5.355903
14 2.842710 11.983833 -2.905628 -5.472682 -8.628348 -11.097832 -2.752991 1.904148 -0.654650 -2.497434 -4.960137 -5.064028 13.188645 14.114394
12 3.399183 10.096255 13.245743 -7.801312 14.922004 -12.505057 9.441038 -26.149086 -2.682514 -11.017667 -7.190933 18.541242 -16.680708 14.381810
4 -4.452756 -10.597902 1.222226 10.562104 0.698133 -4.502515 7.255609 -5.013974 10.244323 2.779478 0.031487 2.233189 -10.723239 0.263837
5 -5.916078 -3.679404 -5.806136 4.105584 44.188137 1.214367 -4.532946 -5.204903 -1.831348 -7.900718 -4.477479 -3.639416 -1.588001 -4.931659
4 -12.938994 -2.551223 -8.864019 78.007402 -8.895104 -11.352416 -6.543340 -3.218432 -14.812379 14.165549 -4.855043 0.178519 -13.596501 -4.724019
14 -1.727459 -8.037160 -4.837584 -2.753555 -2.546801 0.514570 -1.430215 -5.888501 -5.032009 -4.826735 -4.814271 -5.519285 2.166897 44.732107
5 -1.378334 -2.074805 -0.373048 0.891170 3.361029 1.561751 -0.912551 -1.598504 0.858606 0.632072 -2.050584 1.423363 -0.428564 0.088398
9 -1.687695 -1.445827 -0.117735 -2.658034 -0.379959 -0.032777 2.979064 0.210482 4.689821 1.155240 0.312990 -2.061469 -0.132740 -0.831362
4 -5.590585 -6.982948 -8.865917 78.774451 -11.938148 1.166780 0.382871 -2.984821 -6.128578 -6.778087 -6.273605 -4.143785 -10.025679 -10.611949
12 3.967405 -21.100433 -4.585375 -7.089128 1.801182 2.000475 -1.570518 2.518019 -11.357717 21.682416 -3.055425 21.803125 -9.740064 4.726038
14 -7.488542 -16.708401 -13.202958 -16.713317 -12.088527 -1.136825 -13.058123 -14.652076 -0.591944 3.398708 -12.262979 -14.279529 -4.415167 123.199680
6 -1.027209 -16.093447 -9.152838 -11.280366 -9.868236 111.274799 -8.175023 -16.736868 -1.754257 -15.400350 -12.153277 -3.499928 6.204957 -12.337962
6 1.099005 2.749543 -4.086917 -5.559193 3.622902 10.480741 -4.029365 -7.179826 -0.025284 1.979300 -5.916223 5.944761 5.979815 -5.059258
12 -0.065418 0.714715 0.701312 1.592615 0.361347 -0.355201 0.719962 -2.758566 -4.823414 0.385802 3.024012 3.833392 -6.049618 2.719060
4 -5.614340 -7.193683 -5.546793 87.361822 -10.558837 -9.318176 -6.560272 -7.778012 -5.100969 -6.019031 -2.776361 -3.797842 -11.183037 -5.914469
10 0.341689 -12.271208 -8.979117 -7.027201 1.841195 -12.579846 -13.782132 0.281203 5.038695 44.438268 -7.748221 5.818419 7.399661 -2.771408
8 -8.321945 10.039458 -13.538068 -13.677404 -11.139522 -13.633773 -23.730274 114.584589 -15.135559 11.803387 -5.178131 -21.203365 -4.425440 -6.443950
8 0.191623 1.767371 1.036084 -5.629604 -13.609664 1.297595 -2.223559 28.080119 3.668294 0.780951 -6.061210 -5.331015 -0.324944 -3.642039
1 72.400372 1.148792 -11.209598 -2.790143 -4.554947 -5.621382 -2.255214 -9.289352 -7.944391 -8.784508 -4.253410 -10.013187 -6.531979 -0.301053
13 -5.174306 1.461890 0.849283 3.715117 -2.563359 -2.874699 -4.568763 -2.737134 -1.587271 5.399193 -0.634100 -0.698755 9.210696 0.202208
5 -5.074079 -0.183880 -0.264450 -8.530652 33.971743 -14.900416 -6.127572 8.516430 6.316437 -5.267618 -4.281890 -5.088664 5.653321 -4.738710
11 -5.291821 -3.551498 -11.515571 -6.841989 -10.116992 -7.650483 -0.754169 -12.307319 -5.600489 -6.510568 103.529689 -7.339483 -11.638492 -14.410812
14 2.784786 0.599021 8.420890 -3.729933 9.153431 -10.537424 -2.676205 1.060142 -1.568162 -4.168128 2.103357 -7.177436 -5.971690 11.707351
9 6.435613 -13.434248 -5.463905 5.807444 -5.241063 -2.967178 -3.859648 6.380901 16.075032 4.854062 -14.457815 9.811745 -3.697036 -0.243905
8 -9.930757 -2.858875 -20.694826 -7.309383 6.856416 1.593064 -25.645906 110.366986 -3.697608 -15.043677 -11.443625 -3.700141 -5.021487 -13.470178
1 6.742820 -2.556839 -0.262596 0.465906 5.183472 -3.557969 1.260764 6.284046 -2.751712 -6.705014 -5.636851 1.408010 3.436923 -3.310961
5 0.563885 -15.851514 -2.793802 12.784729 15.813241 7.269932 -5.081395 3.458744 6.934100 -3.121707 -10.253504 -0.126900 -3.606848 -5.988961
10 8.424512 7.102257 -2.013096 4.491569 1.730596 -10.876723 0.363639 -4.465070 -0.649890 15.436879 -9.367113 -3.990991 0.384374 -6.570943
4 -10.375318 -9.143115 -5.115376 85.777327 -10.496045 -6.659955 -3.970445 -4.827064 -6.245666 -7.636814 -3.691646 -4.459030 -8.110385 -5.046469
4 -2.448116 1.407060 0.043995 6.567018 -0.636907 3.243473 2.463209 -2.693992 -3.447390 -0.043547 0.505982 3.129600 -8.186300 0.095915
13 -2.372257 2.972454 1.876742 1.218377 0.296118 -1.835969 0.875733 2.869009 -0.143443 -0.218535 -2.398186 -8.461055 10.235250 -4.914237
1 52.878442 -9.743709 -10.393218 -7.213204 -6.684465 -6.607912 -1.705387 -4.237014 -3.548215 1.502471 -5.885979 11.955203 -8.842055 -1.474957
6 -5.628826 27.516799 -11.460337 -18.679798 -21.035008 131.959041 -14.344502 -1.718616 -7.695616 -15.228750 -12.799028 -10.969401 -22.672427 -17.243535
3 -3.259123 -1.488053 31.542113 -3.207323 -3.579860 -8.030898 -4.388997 -7.086106 -2.241512 6.931944 0.018182 -3.245332 -0.225539 -1.739495
5 7.586882 16.975509 -10.885574 3.050402 31.849076 -4.301884 -9.045332 6.673948 -8.280498 -10.688797 -15.580145 -2.003784 0.961251 -6.311055
8 -8.047273 -6.084671 -5.778272 7.582187 -6.953065 0.711336 -13.042857 53.639351 -6.442821 -4.977078 -5.796885 -0.807020 -9.201163 5.198232
7 -1.524204 0.890034 0.025580 -3.164158 2.943608 -2.400731 3.459330 -0.419574 -2.989059 2.643820 0.825752 -0.939839 -2.774595 3.424035
2 3.552428 5.852287 -4.083740 1.806183 -2.615796 -0.876033 2.410771 0.933864 1.345215 1.616783 -2.554454 -3.300861 1.080653 -5.167300
6 -19.451817 -34.862862 11.460810 -19.495862 -20.776363 111.716355 -22.291364 -16.995256 0.027166 -38.523875 69.587069 -7.421915 4.301918 -17.274004
12 -15.296840 1.800162 2.188316 9.684862 -3.159696 -11.338917 -6.752346 -7.039467 16.925382 -9.946181 -17.137029 42.550990 14.933113 -17.412348
3 -10.824401 -8.515941 89.031914 -12.459450 -1.019258 -4.827686 -0.370454 -15.269744 -17.731247 -3.130388 -9.984896 -2.067714 -2.326632 -0.504104
9 -0.465620 -0.180427 -0.851288 -0.447597 -0.425621 -1.175109 1.517183 -1.316407 4.253150 -0.545536 -0.318656 1.807971 -0.564411 -1.287632
13 -5.696379 -1.188076 -1.530656 -0.462296 -10.640506 -2.719185 -6.635923 2.109536 -1.634897 5.935783 -3.966823 2.344344 13.622270 10.462808
12 -2.530003 3.523080 -0.450209 -3.142534 -5.076128 -0.396661 -3.177762 -3.976921 -2.715963 -0.357339 0.502581 19.137281 -0.914282 -0.425141
11 1.063008 1.701350 -4.910038 -2.074999 -16.279317 -3.993445 -8.150888 -13.829881 7.738602 -5.043157 52.547929 -3.462877 -6.271153 0.964867
6 -1.522096 0.198991 3.998101 -8.844651 -0.189091 11.135469 1.027126 7.580991 -0.354862 1.422001 5.720540 -15.305772 2.896459 -7.763207
2 -14.358688 48.858163 -1.793009 -7.185949 1.820741 -13.201000 -0.719357 -4.541369 6.437476 -2.994876 -4.484706 -4.554070 -4.144994 0.861638
1 409.883649 -40.882405 -44.102064 -41.338951 -44.637801 -38.672787 -18.019333 -17.150375 -39.769584 -44.288435 -29.000182 -38.086738 31.427604 -45.362580
7 -10.230497 -7.798903 -4.320970 -5.771547 -7.230650 -5.454099 66.645772 -6.123146 -5.878651 -3.595716 -4.780568 8.889259 -6.741958 -7.608325
10 -4.132638 -5.937480 -1.585130 4.364505 -1.023803 -5.525260 -1.448511 5.881701 -10.794387 16.671134 1.598821 6.849988 0.837024 -5.755965
3 -9.651768 -5.649549 59.495914 -15.651187 3.586302 -2.440628 9.506594 -10.763563 -3.889402 -11.190955 -7.755404 3.934284 -3.785963 -5.744677
1 67.363611 -12.939046 2.900463 -2.031473 -8.900308 -13.358583 -19.427752 1.288543 6.487522 -8.713657 -13.984236 6.120220 9.957019 -14.762326
1 60.090880 -4.075177 -5.413839 -3.615352 -6.680235 -1.894033 -9.412563 -3.223459 -2.336486 3.991478 -3.730697 -5.320900 -13.555087 -4.824526
2 -3.363853 45.814145 -0.222147 -1.470823 -4.407555 -6.315340 -4.827247 -7.909921 -4.004130 8.722722 -6.843495 -0.092331 -8.798515 -6.281511
6 -4.167269 3.194419 -2.059057 -10.177577 -4.543242 64.538352 -0.614888 -10.325765 -5.022779 -9.773044 -7.484600 -13.775533 14.054055 -13.843077
5 -13.194299 -4.742408 -6.525472 -4.005190 62.166302 -17.043053 2.686674 4.149949 -14.578279 -2.035602 -0.227650 -11.057901 -0.779449 5.186377
6 15.121267 -3.066060 -8.127450 -8.410688 -6.258544 56.633515 -19.245028 -17.373909 -19.797345 10.013775 -5.672855 -5.943472 -1.511958 13.638753
10 -3.788809 5.811144 5.191458 -4.338050 -5.891542 -7.370235 -5.750775 0.767871 -1.138162 10.172978 -1.383411 6.686944 1.094641 -0.064052
2 3.126095 18.878203 -2.977265 -5.079504 -4.252552 1.065401 -4.888372 2.737563 -0.539236 -0.308967 -6.451577 0.772081 -4.701056 2.619187
3 -10.488992 -6.221111 87.013474 -8.160542 -3.669579 -8.865049 -7.201308 -1.897734 -7.942569 2.669356 -6.868593 -7.135387 -16.825097 -4.406869
6 1.639439 -1.496456 -2.028529 -2.353263 -15.008163 11.470095 -1.500227 5.745735 -3.480353 1.578405 3.368488 -0.150382 2.915675 -0.700465
6 -0.104012 -1.719728 0.735836 2.310746 -2.438922 4.806317 -0.923917 -1.643978 0.662140 -1.289404 -1.174782 -0.451283 1.062885 0.168103
3 -3.099477 -1.090224 61.380523 -1.015732 -3.523305 -2.213739 -6.907856 0.091003 -7.967870 -8.639966 -1.294711 -12.575544 -10.332943 -2.810158
10 -11.784938 -4.135360 -18.688893 -10.038680 -3.660408 -7.070867 1.049559 -4.635127 -3.674581 107.951282 -7.430916 -1.459518 -29.431139 -6.990415
10 -7.722257 -2.511407 -4.998235 -0.000740 -0.416188 -11.798298 1.590918 -13.827132 -7.955296 34.534303 1.053672 11.441478 -6.807435 7.416618
7 -54.184463 -64.871524 -55.819240 -72.215331 -50.604087 -76.085905 758.673807 -48.782414 -52.174519 -29.011912 -79.170131 -59.031700 -62.183303 -54.539290
8 -1.116952 -3.334466 6.882468 0.925253 -5.772378 0.421461 2.404489 7.236752 5.233823 -9.183628 3.668311 0.070054 -6.515666 -0.919521
12 -4.577544 2.216806 2.011848 4.302207 -7.562014 -0.987299 5.097122 -4.252083 -15.589820 -7.652376 3.045943 41.628377 -12.648088 -5.033077
4 -1.863261 1.049781 1.076738 3.168610 1.439891 -1.828153 -0.267664 -0.949579 -5.120077 1.733017 2.329395 1.686140 -4.952834 2.497994
11 -9.632677 -15.934344 -14.983311 -17.956838 -3.043612 1.335708 -3.977512 -12.822293 2.129519 -27.700857 120.763741 8.494718 -13.293650 -13.378586
11 -36.582107 -60.161177 -43.665054 -51.519443 -19.127891 -33.668940 -25.277859 -52.920070 -42.604925 -72.870676 565.811766 -55.685655 -27.959954 -43.767989
10 -2.158559 4.114727 -7.447669 -4.318796 -3.595444 -1.870661 0.458515 4.021401 -2.154953 7.192916 2.887103 1.923680 0.794446 0.153294
3 -10.535160 -6.228906 86.562679 -8.160542 -3.683136 -7.842092 -6.101570 -1.935325 -7.968551 2.635125 -7.710939 -7.388904 -16.855087 -4.787592
11 0.040900 1.347878 3.996972 -3.271699 -3.117807 -5.441754 4.994883 -4.124163 1.163859 3.207944 5.409107 -6.061784 0.917772 0.937893
14 -7.692755 -8.131032 2.050034 -8.376707 12.529842 -5.325467 12.394690 -13.623864 2.134335 -9.247544 -16.466923 6.374250 3.736397 29.644744
11 -4.230363 -2.205056 -6.844785 -0.787358 2.767230 -0.842197 -4.108376 -0.291761 -1.683455 1.006451 24.376056 -3.148208 -2.499330 -1.508848
7 -3.319447 -1.564752 -3.785088 -1.328143 -1.477057 -0.841257 7.669314 3.556796 -0.130864 -2.642264 6.232017 -2.757363 0.581337 -0.193230
4 -0.691403 4.594873 -3.724817 6.859196 3.112175 -0.011474 1.919865 -0.504107 -7.957055 1.710499 2.400988 -0.386582 -6.762559 -0.559598
10 -24.904602 -1.714671 -2.630420 -20.111923 24.219093 -18.166866 -9.165914 16.033961 7.576070 35.759764 18.143870 2.660652 -4.295668 -23.403345
11 -9.160343 12.507112 -21.132362 -3.736865 -9.766726 -10.531651 12.723884 3.256714 -17.244609 -15.084657 89.127755 -17.186634 -7.564440 -6.207174
10 -2.410012 -6.227352 -3.145343 -6.213546 -5.646854 -6.757876 -3.828477 -10.609829 1.975948 54.883799 -4.206975 -3.125125 1.768437 -6.456795
11 -9.062502 -13.492800 -12.492797 -6.531860 8.301585 -8.037162 -2.199397 -6.489791 -13.932235 -12.696657 104.655375 -6.992847 -11.789486 -9.239422
11 -3.274465 -4.155931 -1.490184 -3.639127 -3.372289 -7.912561 -2.838423 -1.756183 -7.542616 -1.008154 52.707886 -4.179922 -9.337666 -2.200366
6 -4.368107 -3.207245 -12.766418 17.521297 -1.244070 48.909457 -2.534114 -9.918432 -0.681918 -9.514353 -10.670284 -3.101847 2.013045 -10.437011
13 -1.211321 -2.093177 -9.264085 -2.151095 0.586903 -11.624002 -3.017908 -5.647562 -2.569732 -0.536003 -5.487962 1.512295 46.712867 -5.209218
5 2.773442 21.538019 -4.989947 4.119939 31.435425 -2.766986 -8.760606 3.974021 -8.368204 -8.900685 -6.542730 -13.306720 -3.714599 -6.490370
14 -4.794320 6.359712 -9.415888 -9.243820 -1.900972 5.794950 6.754371 -0.357550 0.423780 -6.230872 4.092366 -6.747822 -6.433385 21.699449
2 -37.936862 27.860452 -0.378969 -7.305939 12.477377 -22.577283 11.465716 3.387108 -6.895998 0.438762 7.440938 4.078236 -9.237482 17.183944
14 -2.473706 -4.113653 -2.693650 1.248241 -2.388060 -9.627594 0.274952 -0.100253 -11.196919 -1.631521 10.769505 -0.277376 -5.135989 27.346023
3 -8.739924 4.391394 8.612817 -1.946098 -0.823276 -3.456216 5.916218 5.626402 -4.667775 -6.570970 4.415199 -3.103864 -1.611891 1.957983
2 -25.762386 77.536240 -9.042708 -5.479951 -7.862569 -11.460548 -6.945399 16.648470 -13.303093 9.001347 -4.348865 -8.477811 -5.591236 -4.911489
5 -3.010295 1.435599 6.235913 -8.836501 53.685614 -9.683583 -6.755912 -2.719925 4.935888 -0.485333 -6.362841 -9.418527 -11.509540 -7.510558
9 -4.239389 -0.484902 -5.021056 -4.425597 -3.906151 2.345585 -2.882079 1.810328 42.815008 -12.806557 -1.270782 0.433591 -4.094210 -8.273791
10 -8.328938 5.580723 -4.011652 3.130680 -2.575109 -1.217999 -2.779032 -7.088258 -6.098328 9.053431 -2.558882 7.898430 6.806109 2.188825
5 -11.236768 -4.393105 -12.529636 -3.627946 63.381456 -19.985221 2.806204 -4.327875 -20.407778 -11.539917 13.251442 -6.304277 9.963905 4.949517
2 -39.989440 94.161292 -4.648183 -6.837103 0.314970 -15.985147 -1.432667 -5.858340 -10.339508 -5.403915 -4.271385 -0.858379 0.414309 0.733496
13 -0.818780 -4.187777 -0.647818 0.235149 -6.884458 -3.831960 -2.311004 -1.985976 -5.249416 6.729234 0.376721 1.914542 21.070836 -4.409295
14 -12.569720 -20.010317 -6.379525 1.491849 -16.245847 3.276540 0.744728 -16.284662 -5.836415 -15.806678 -14.186422 -17.257047 -1.866208 120.929723
9 -1.288301 -4.826184 -2.267316 3.399580 -5.187001 1.764438 -4.736786 5.883069 7.736071 -4.494747 0.957184 2.540378 1.174811 -0.655197
3 -13.918955 -4.226084 110.979516 -1.930998 -19.637943 -12.736216 -3.772147 -11.484119 -10.663681 8.984268 -6.053655 -0.018757 -20.870476 -14.650748
4 -5.146372 1.334602 2.816514 11.592396 1.186082 2.165666 -1.741135 -2.057639 -1.247095 -11.005478 -7.520654 6.934324 5.839902 -3.151112
6 -3.913788 -8.297910 2.730488 -3.371470 -16.659171 57.003856 4.448780 -6.390510 -13.396135 -15.793680 -0.935899 13.279406 -5.394294 -3.309677
13 -4.426626 -2.589279 -6.327230 -0.409711 4.749773 -2.316786 -4.781952 -1.550836 -4.598587 11.597663 -12.633810 5.426559 11.937586 5.923235
3 -3.525403 -10.024494 45.661424 -4.791521 -5.529236 1.829979 -11.920252 3.234176 -4.140425 -8.888520 -4.202083 8.263699 -4.041602 -1.925739
1 40.774254 -3.220967 -0.285107 -6.485627 -9.558260 -7.858106 -1.225877 2.054494 4.291601 -8.221157 -7.049300 6.912722 -6.092185 -4.036482
2 -1.566478 15.091476 -2.100347 0.288908 0.227152 -0.808387 -0.831148 -1.139950 -1.435910 -2.009936 -3.219732 -0.515830 -2.192929 0.213112
1 8.434982 3.562735 -8.588687 -5.239312 -1.196844 6.298892 4.049162 -4.262773 -2.937165 -2.695073 -5.273184 3.676893 -0.268218 4.438592
5 -0.859878 -7.324900 -9.662120 -11.960653 60.825935 6.560432 -3.202832 -0.871487 -15.626402 -4.646700 -5.012673 -6.873636 0.526558 -1.871643
6 -4.220102 -12.167969 -8.801115 -4.241337 -2.164422 78.573684 -5.092908 -6.853966 -2.762776 -9.548664 -5.112115 -1.886990 -9.845869 -5.875454
3 3.659661 -9.775967 76.786792 -11.846007 -7.744453 -6.757238 -8.064864 -12.003844 -11.420804 -19.405065 -17.368319 57.857349 -38.160006 4.242766
12 -1.458692 -9.958123 -2.404721 4.553870 -12.956872 23.078296 -16.203791 -10.730497 -19.795257 17.198606 -15.467300 50.105856 -3.640790 -2.320585
1 53.385525 4.313928 -10.115622 -0.807705 3.675493 -0.326072 6.377093 -16.834559 2.796425 -8.054590 -12.800477 1.095581 -20.139807 -2.565215
14 -1.460372 0.314614 -1.739595 3.467426 7.715415 -3.096263 -1.519494 -8.633714 -8.704759 -3.219245 -3.529549 1.685260 0.676909 18.043365
4 -0.914243 0.271224 -0.548517 3.931100 -3.182942 -4.202285 -1.449523 0.322436 -5.512611 -2.862491 3.807798 2.865715 3.685352 3.788988
10 -4.430954 -0.466048 -1.455768 4.645537 -1.120284 -0.703634 -2.190347 -3.324469 -3.658716 9.033580 6.110597 0.027291 -7.074575 4.607790
12 3.043966 -6.460579 -5.832627 -1.337565 -8.865841 2.234940 0.517828 -6.945215 -6.309271 -2.883400 -9.141238 51.580423 -3.387605 -6.213812
1 53.694212 -8.599735 -8.476469 -0.814830 -7.152626 -10.674935 3.025960 -0.291456 -2.911360 -5.520799 -1.005673 -5.590534 -13.986348 8.304594
13 -4.077443 -8.063004 -3.261425 0.640840 -1.307117 3.732778 -3.861778 -6.259996 -3.608496 -1.328849 -3.207485 5.005261 26.748734 -1.152022
13 -6.182794 -0.941590 -10.251822 -4.920300 -11.052066 -1.310849 6.888517 -9.796245 3.929957 -1.022301 0.749120 -0.328656 35.626915 -1.387888
10 -2.443032 1.983250 -5.860718 -2.335598 6.629391 -4.287930 -1.821878 -4.224821 -15.479269 11.438569 9.498500 5.417834 -9.031979 10.517680
9 1.006968 -2.102304 -0.998258 1.180506 -5.284723 -5.804066 1.516190 0.967353 6.330489 2.909659 -2.594338 4.756831 -1.685026 -0.199281
3 -7.119981 -4.464701 88.904782 -9.654925 -7.182949 -11.768680 -4.697286 -4.901809 -6.272729 -6.687943 -5.864892 -9.597898 -6.702018 -3.988972
7 4.612942 -21.461784 -11.625503 -26.608917 -12.128619 -27.152221 153.703749 -33.870964 -24.279401 -1.048922 -15.104056 -18.767694 21.103234 12.628152
11 -7.842628 -9.037836 -2.310427 -0.058851 2.830637 -4.915463 4.384203 -3.485630 -17.797294 -7.414570 53.547946 0.305776 -9.455682 1.249821
8 0.996229 -3.877872 8.296231 -14.826573 -10.926758 -2.816253 -8.742463 42.131887 -0.999965 7.721413 -10.666365 -9.625314 6.996475 -3.660673
9 0.529734 -8.075454 -5.686086 1.365818 -11.851244 -5.039584 1.488170 -3.989014 19.249976 -3.261904 -4.124699 3.640471 14.064376 1.689442
12 -4.549478 5.314602 4.001537 2.698469 -9.473077 4.364869 1.789123 -13.911508 4.567706 3.548555 1.846642 6.447483 -7.834831 1.189909
6 -3.135872 -3.326873 -2.323224 -2.266066 -12.696542 60.659539 -6.558454 -5.445555 -5.459368 -4.213535 -6.773883 -6.869594 6.282519 -7.873093
1 82.255233 1.423575 1.592086 -7.828987 -11.121674 -2.710995 1.813947 -6.063855 -11.132668 -17.725066 -11.782372 23.019434 -22.285551 -19.453101
1 20.256363 1.635467 0.232477 -3.113010 3.779348 -4.188975 -2.972399 -3.644675 1.733887 -3.092428 -1.922681 -5.706508 -0.454673 -2.542193
9 2.253953 4.385542 0.113245 -10.903812 -5.156241 8.681102 -6.451747 -6.827599 30.954445 -0.590624 -1.511036 -2.368377 -9.485841 -3.093009
5 -10.122439 2.729524 -12.217265 2.747844 51.456251 1.457328 -3.307152 -9.638306 -8.785250 -3.888430 -1.183624 -2.447359 -3.834579 -2.966543
13 3.314235 2.994445 -8.828556 -4.658908 8.955478 4.205352 -0.727404 -4.070228 -4.844654 -4.389034 -3.776171 -1.599646 11.310302 2.114788
11 -3.063786 -2.180136 -2.197258 5.124440 0.814500 -5.681419 0.583378 3.310487 -6.926627 1.350394 7.788742 6.148675 -6.645317 1.573925
1 91.425503 1.334083 6.249523 -19.189014 12.776028 -19.989975 -5.895445 -9.974245 1.397307 -2.283734 -23.653687 -10.641938 2.585022 -24.139426
1 29.120529 7.103703 -5.834874 -11.854107 -8.657938 4.799088 6.342116 -11.150619 9.613114 -1.768284 -16.449296 -7.357173 0.046486 6.047255
12 1.624500 -3.536204 -0.294060 1.336533 -5.079020 5.671868 -4.329667 -6.501934 -8.742348 -6.003975 -3.016879 29.629179 0.675902 -1.433895
1 34.623625 2.627357 -12.078735 3.090294 -2.142661 10.023635 2.155563 -11.173172 -4.944200 -9.750576 -11.535908 -2.656310 -1.868220 3.629307
1 111.727035 -10.580767 -6.680638 -5.906694 -12.185382 -7.385466 -6.400408 -7.031755 -4.615971 -3.734841 -6.655573 -12.023057 -15.799375 -12.727108
1 255.797896 -15.068748 -13.265705 -9.356360 -34.890622 -30.034107 -30.047781 -30.831560 1.574267 -18.840011 -28.200540 -22.005579 -7.587627 -17.243513
1 84.249893 -6.322078 -5.221776 -4.478312 -3.223594 -4.760927 -3.313965 -6.859895 -6.785176 -7.470459 -8.620932 -5.777028 -9.952340 -11.463409
1 231.020606 -14.191808 -28.220284 -35.739517 -30.679995 -15.625249 -26.607027 -17.717932 -18.180804 -31.162907 -28.183047 -15.255241 50.445987 -19.902773
1 104.745993 -10.000039 -2.199390 -4.879079 -5.694310 -5.351828 -13.075415 -19.720667 -5.530842 -10.188240 -6.593706 -7.999155 -1.750388 -11.762934
1 59.459895 -18.621208 -6.258596 -3.838689 -17.528962 -11.821420 -9.196790 -5.041680 9.219309 15.476156 -10.051380 0.303731 10.182835 -12.283203
1 66.012660 -6.469254 -6.179392 -3.097940 -8.583802 -6.861253 0.704982 -3.635356 3.204924 -9.382655 -10.382059 -6.947297 -5.244187 -3.139372
1 71.500318 6.072822 -18.239371 -7.839053 2.431194 -11.870504 -7.013062 -7.298436 1.589740 -0.796682 -1.568625 -21.513646 2.172447 -7.627141
1 75.431287 -11.538076 -5.308624 -14.664567 -6.962199 -11.016896 -7.738618 -8.693425 -1.258740 -2.385372 -4.685147 -6.588062 3.607633 1.800807
1 90.598384 -3.594877 -5.399877 -9.792014 -14.179345 -10.702089 -2.934724 -5.121712 -4.268028 -8.129510 -4.153793 -6.859048 -0.503708 -14.959659
1 55.666997 -8.047688 -6.898349 -5.238275 -8.141314 -0.644147 -4.286453 0.113729 -0.686171 -4.014024 -6.323973 3.958524 -6.992285 -8.466568
2 1.684963 6.472331 0.785643 0.548798 2.595770 -2.511952 -0.847300 -3.695700 -7.629544 0.373314 4.577743 0.189345 -4.750303 2.206893
1 50.158034 -13.151708 -15.620427 1.713629 6.028952 -2.944840 0.033150 -5.096477 2.553187 -6.182751 -7.635342 -9.478993 5.261456 -5.637867
1 10.183937 2.876056 4.213411 -0.959417 4.985735 -1.647363 -1.968513 -1.073674 -9.198762 -5.359721 -1.228297 -0.846957 -3.580699 3.604264
1 67.857650 -12.813607 -8.569362 -9.322500 -0.544847 -9.427011 -4.492213 -4.355252 2.899906 15.175743 -5.847694 -8.550570 -12.074425 -9.935818
1 58.857085 -9.089744 -6.322039 -8.684810 -6.515935 -1.610515 -3.878691 -3.076042 1.258304 -4.707190 -6.718341 8.502968 -8.044080 -9.970967
1 44.735823 -1.562702 -0.846882 2.926277 5.690491 -16.240628 -2.548540 -3.905730 -1.612624 -4.699096 -3.067137 -1.720928 -12.053103 -5.095220
1 86.452239 3.864067 -16.041505 -10.361083 -9.078844 -2.817249 -9.932943 -10.994926 -8.368047 -4.034834 -5.717923 0.466427 -9.772144 -3.663236
1 14.053113 2.782900 -5.130957 -5.423670 -1.115431 3.325534 -7.798750 -2.154928 -10.581910 4.810275 3.322764 3.454939 -0.078303 0.534425
5 -3.399595 -4.889330 -1.695295 -5.236197 30.581105 7.793252 9.424226 -10.783406 -3.628779 7.377309 -15.060814 -1.250819 -2.162312 -7.069343
10 -13.221169 6.319699 -3.330587 -2.448319 -6.181891 1.835139 7.584474 -6.073931 -11.664488 49.307997 3.948584 -2.625869 -22.614914 -0.834726
12 0.268374 -0.074045 2.088769 -4.630745 -3.191087 -8.760221 -2.483466 -1.954900 -1.962449 4.707236 2.195895 7.438878 6.176884 0.180876
5 -10.955241 -10.264001 -5.769704 -24.990304 36.665778 1.979667 11.817043 16.002442 -4.862299 26.917255 -16.186626 -2.382940 -14.018681 -3.952390
10 -6.389310 -11.583143 -1.712672 -13.626891 -6.364854 -0.680961 -5.570498 5.547406 -16.996875 60.389574 -11.591697 -2.585921 7.943343 3.222500
10 -10.826696 -1.830687 -12.045314 -9.438250 -7.754695 -9.990083 -6.495911 -6.742594 -12.676396 110.282353 -8.525869 -7.333846 -1.831794 -14.790220
10 -3.130574 -2.143620 -2.818830 1.218858 -1.750296 -3.878713 1.516346 -3.703802 3.141741 22.968020 -3.248298 -3.062120 1.594205 -6.702917
10 -7.752635 -4.662686 -5.813850 -15.860984 -7.044190 -13.720060 -9.834572 -4.970453 -2.851069 95.352133 -8.949516 -8.359255 -6.602583 1.069721
1 18.680918 3.799774 -6.501352 -6.286358 -10.421187 -3.809798 1.720595 -9.928342 0.410760 5.242020 14.119349 -20.233129 -3.671055 16.877803
10 -8.906993 -12.864329 2.214861 1.718174 4.665033 -3.878526 3.976263 -7.323626 -0.798869 19.557152 -4.391250 -4.230479 5.760737 4.501852
10 -7.397538 -10.126466 -13.713995 -1.407046 -8.338664 -11.884708 -2.976805 -4.624308 -14.422883 108.223227 -9.920373 1.554835 -16.271146 -8.694132
8 3.409807 -22.843491 -8.227943 -5.959116 8.727748 -3.308002 1.470900 28.389476 -12.991724 -3.920675 6.689252 3.328171 12.396374 -7.160779
10 -10.355269 -0.853369 5.762069 -5.136441 11.852766 -12.787366 0.838279 -6.243139 -12.422016 23.664944 -1.593964 -4.653164 18.931173 -7.004503
10 -5.124606 1.495580 4.494403 -0.495021 -3.893751 -11.664481 -9.686025 -3.711137 -8.435804 49.725271 -5.014789 -3.947080 2.354683 -6.097243
9 -2.077199 0.552308 -9.045951 -4.795161 -0.786615 5.914477 8.231159 2.464002 12.166806 -6.690119 -2.900442 -7.507146 4.120483 0.353399
10 -5.311169 -10.812751 -0.999288 -7.390527 0.421249 -0.595237 -7.951714 5.456248 -7.987891 53.698590 -2.841737 -7.325186 -2.696211 -5.664377
10 2.618128 -5.618514 -0.747043 6.535771 5.082247 -7.435672 -7.840056 -5.218712 -5.160383 19.418558 0.018285 6.410212 -8.899460 0.836642
10 -10.816121 -2.346119 3.541350 9.434632 14.018180 -9.306527 -1.826816 -7.193203 -18.831478 39.119360 2.376601 -0.621010 -20.910766 3.361916
9 -7.478930 1.303373 -1.624664 5.195942 0.953924 -4.659403 -0.492465 3.184202 9.546603 5.286710 -7.470996 2.100255 4.754906 -10.599457
2 -4.262205 21.900247 -4.091983 -2.885209 2.858143 1.140740 4.492442 -8.661542 -9.320891 2.056233 7.499276 2.450698 -12.666363 -0.509586
2 -17.303764 55.043782 -4.024978 -4.716240 -2.981607 -5.597973 -2.200515 -5.729388 -3.441965 -2.703444 -3.625542 6.023909 -4.029687 -4.712585
2 -4.230083 54.492461 -4.342116 -2.201822 13.281124 -3.463525 -9.445102 0.488163 -6.062523 -7.487959 -9.101733 -8.228259 -5.845973 -7.852654
2 -6.624379 62.107111 2.879460 -7.121022 -20.650263 -6.925255 0.631133 -9.194589 1.550156 -4.895526 0.049912 6.639137 -12.809743 -5.636133
2 2.102950 52.024903 -2.903479 -3.307491 -5.560906 -6.340367 0.969056 -6.258129 -0.844189 -5.277446 -8.330474 -4.803970 -9.666122 -1.804335
2 -13.152421 54.753364 14.844363 -2.049211 -3.375684 -2.919231 -0.662471 -9.299561 -7.120994 -6.059338 -5.133962 -4.085895 -10.931254 -4.807706
2 -20.387298 147.095758 -1.059347 -8.009314 90.789323 -26.766868 -38.270296 -8.117533 -33.451290 -23.301227 -13.475852 -18.730859 -15.763535 -30.551664
2 -6.039829 12.221339 -21.985017 1.028652 2.340989 5.967935 4.645248 9.260440 -11.538128 0.678381 4.234552 -10.759054 4.098473 5.846020
2 -40.250112 67.507580 5.863634 -2.085212 -2.129212 -16.538260 3.162014 -3.136942 -11.188193 4.686019 -2.674388 -6.256652 -5.108743 8.148468
2 -1.719022 36.928002 -4.051691 -5.685066 7.405789 1.663755 -6.127443 -0.449830 -1.392930 -3.193088 -4.254656 -10.215568 -4.566568 -4.341684
2 0.505545 32.599187 -3.048616 -7.544574 -0.763368 3.951579 2.463259 -4.258802 -5.203553 -4.752487 -6.384543 -3.118305 -6.307205 1.861884
2 -0.142194 56.050440 -6.735662 -3.154192 13.298575 0.674161 -13.359192 -0.032087 -7.173096 -6.458704 -11.888951 -4.571417 -5.047030 -11.460651
14 -2.203845 1.833678 -6.425477 1.959108 -3.660086 1.845971 -1.448353 1.676775 -3.799180 -6.540734 1.485354 3.799304 -0.603186 12.080671
5 3.119343 17.723253 -10.557360 0.807861 39.995464 -6.693433 -9.917679 -2.077537 -7.227018 -5.990770 -9.095794 -4.446209 3.483007 -9.123128
2 -8.386732 128.213963 -14.166583 -9.279952 -34.069904 2.225325 11.993428 -15.267047 -11.088227 -9.509052 -5.041806 -8.014082 -14.050859 -13.558475
2 1.123200 70.192365 -7.410470 -1.899903 -12.857632 0.556819 -5.992759 -4.916602 2.498340 -1.284015 -9.478987 -8.248505 -8.907535 -13.374317
5 2.384447 0.084575 -8.464423 -3.203951 28.206709 5.258229 -11.408406 1.258887 -1.229858 -5.904249 -5.368757 1.677416 2.933333 -6.223953
2 0.111445 22.754310 -1.037681 -2.689726 12.813155 -1.312379 -5.257369 -6.764991 -9.958143 -1.285791 8.363389 -7.795001 -5.478902 -2.462315
6 -14.137793 -41.929228 -23.668443 -13.019558 74.488487 151.263843 0.076123 -4.423238 -14.438923 -29.173535 -16.405188 -39.876705 -0.000247 -28.755599
5 -2.294625 -14.569699 -11.200675 -8.056652 34.682862 -2.732957 11.518004 5.391041 -7.529360 -16.499274 11.352963 6.732373 1.601544 -8.395544
6 2.747145 -6.257926 -3.795602 -5.159496 -3.289807 11.779052 10.819369 3.491131 -9.165533 -8.201770 0.832681 1.525427 -1.289940 5.965269
5 -13.067528 -13.153402 -6.746436 -15.397828 149.468541 -9.849596 -10.481778 -13.264802 -16.631434 -21.337765 13.198855 -14.844787 -18.473050 -9.418989
5 -6.082977 -0.567940 -2.208213 2.673961 56.534310 -1.460532 -6.943730 -12.758953 -10.419814 -2.949333 1.239196 -6.090863 -7.748763 -3.216347
10 -6.356703 -1.870191 -2.708011 -1.310785 9.450882 -3.360335 1.904796 -2.704557 -6.849769 16.272920 -3.570810 -6.165920 0.238509 7.029974
5 -1.521103 -5.848764 -10.100623 -5.024474 57.205947 -8.889811 2.673252 -4.523818 -9.233362 -6.717553 -0.532637 6.337836 -5.852479 -7.972408
4 0.517643 -4.985563 8.947877 10.936807 4.468200 -11.280927 -5.921259 3.711638 -2.381145 -5.022928 -5.242117 10.050576 -10.227494 6.428690
5 5.765849 -10.223943 1.893810 7.143082 28.438127 -4.880083 -3.748398 -5.280024 -6.754615 -1.511833 -19.073562 19.267259 -7.015979 -4.019690
5 -0.684235 -13.472905 -10.643281 -0.785642 20.895408 7.199220 -7.835678 -0.904599 -12.685212 0.733800 11.543450 2.736779 -5.936552 9.839446
14 0.597789 3.199663 -3.823798 7.779699 -0.697460 -3.332528 -2.538457 1.754153 7.057127 -5.941537 -9.947133 -10.594052 -2.186578 18.673111
6 5.669970 -2.151058 1.008035 -3.987363 6.441437 7.287549 -10.766377 -0.157830 4.759571 0.174827 -2.299826 1.890150 -0.580653 -7.288432
5 -19.581013 12.992284 -11.668798 -14.628730 67.215804 20.722974 -16.608222 -28.461839 -5.994933 -9.528903 18.564743 -13.786474 8.604755 -7.841648
5 -8.842762 -8.049549 -17.894017 -7.657514 167.455985 -30.391486 -12.971082 -4.387293 -12.243487 -31.606963 -5.756764 -6.637416 0.006407 -21.024059
5 -6.441261 -5.418169 -3.015223 4.767931 48.735151 -6.432792 1.549309 -5.393528 -5.348164 -5.385892 -8.055936 -8.710135 3.928195 -4.779486
5 -3.031636 8.688493 -19.324866 -5.202119 93.648195 -6.260044 1.826768 -6.705281 -1.924798 -20.091875 -12.706708 -13.312475 -3.657473 -11.946180
5 -4.795610 -10.013009 -8.644363 -1.419837 52.619794 -11.676861 -1.850020 -3.569505 2.519090 6.660902 -5.637902 -3.395110 -2.894197 -7.903371
5 -1.497069 -2.216872 -21.717311 -1.456632 93.818844 -11.248850 -0.165473 -5.262423 11.002495 -15.060965 -13.446916 -20.978143 -0.357714 -11.412970
5 -4.793970 0.811414 -1.185697 1.850638 29.616766 -3.972592 -7.248504 -4.729246 -7.905222 -2.001424 4.198039 -3.648183 -10.044923 9.052904
5 4.504849 -21.775683 -32.476469 -5.262550 167.588352 -23.598650 -10.526544 -33.477955 -6.675569 -33.839379 -9.839489 -16.849181 37.438901 -15.210633
6 -7.336272 -4.559781 -4.764356 1.102826 22.381857 23.111677 -3.724503 -2.916765 -5.587935 2.640966 -2.104411 -4.679995 -6.179701 -7.383607
11 -2.924663 -11.430596 -5.763269 0.441585 -8.293395 -4.672376 -8.863487 -4.147068 -1.051755 -4.373723 53.681050 -2.707702 5.885925 -5.780523
11 0.952364 -10.506517 -14.549447 -8.224800 1.301908 -3.887756 -8.544278 -7.435473 -13.321673 -15.105021 106.303496 -3.083001 -11.223440 -12.676358
5 6.459395 -19.943215 -5.159519 -5.705700 25.629383 -7.013190 10.903887 -1.917182 -10.914969 -12.266610 7.155269 0.169990 6.806466 5.795993
11 -6.344765 -8.502207 -8.896453 -9.573474 -9.279877 -0.494989 -6.614718 -9.736993 -6.270454 -16.955380 110.321303 -7.350479 -4.766383 -15.535127
11 -32.913495 4.382011 -24.020699 -17.251209 -49.810485 -13.592257 -15.538120 -21.298375 -26.433746 -47.350695 308.646370 -36.713925 2.689108 -30.794472
14 -3.902288 -1.181271 5.285944 -1.213647 3.761570 -15.072659 0.505357 -5.676123 5.198549 -1.472623 4.404447 5.799581 -2.480088 6.043249
11 -9.493652 6.793679 -6.952172 -3.171762 -0.055382 -5.189469 1.810282 1.773301 -7.496189 4.164558 20.290018 -7.031230 -2.976366 7.534384
12 4.976583 0.315996 0.774260 -1.542766 -3.436439 -3.951681 -2.245204 4.315154 -4.087559 2.658003 2.890592 6.306956 -1.582017 -5.391879
11 3.483969 0.305221 -12.978483 -10.525064 -3.259418 7.728426 1.085130 -3.319128 -13.105965 -10.658539 42.219604 3.066046 -3.186736 -0.855061
11 -16.763722 -19.394734 -3.369321 -10.097260 -16.605635 1.322297 -13.949439 -22.229883 -8.962831 -22.216698 181.815211 -14.856139 -16.664338 -18.027501
11 -38.672167 18.927236 -12.174668 -10.886016 9.880073 -15.577364 10.175900 -5.178186 -5.906391 -14.198896 65.828963 5.614865 -6.914557 -0.918792
11 -0.814352 -4.424514 -2.959082 -3.268356 -1.930915 0.279737 -4.599111 -5.358049 -1.634035 -3.711047 35.631003 -0.145435 -4.014591 -3.051254
11 -2.418784 -4.853379 -3.881150 -0.558633 -4.069293 -0.851674 -4.397710 -1.343946 0.427417 -2.846239 27.183840 2.546986 -1.246916 -3.690519
11 2.294601 -28.477894 -10.519234 1.524110 36.246991 -12.422102 -12.030366 -6.249212 -20.663364 14.137068 52.236665 7.169730 -13.176303 -10.070690
11 -8.147106 -26.095089 0.498966 -16.222125 21.747503 0.273861 -11.258819 -13.679573 -11.026690 -6.638153 105.429540 -16.166600 -11.391268 -7.324445
11 -5.803438 -22.694018 -17.660829 -10.810949 -22.411059 -10.272539 -25.590031 -19.467885 -4.752354 -22.229983 184.890390 -6.241800 -5.867903 -11.087592
11 -10.210241 -6.417142 -9.319586 -4.059516 -23.929118 -16.581001 -3.995092 -26.019960 -8.692770 -20.825718 144.594972 -3.868838 -9.258687 -1.417297
11 -26.585267 -39.279096 -33.179998 -30.087017 -7.441850 -10.525521 5.721424 -5.531622 -23.491414 -12.294473 237.990390 -29.628947 -9.087962 -16.578636
11 -10.216456 -13.377342 -2.387857 -4.700419 -5.624535 -13.954670 -0.388192 0.037418 -5.984710 -11.590115 78.404221 -15.742593 3.083678 2.441572
11 -4.152285 -9.464224 6.989429 -5.565724 4.809663 -8.249517 -5.561443 -6.085997 6.690254 -10.842073 35.403592 0.461762 2.801970 -7.235403
11 -9.330031 -17.113105 10.472087 -19.773535 -21.300145 -2.401586 -6.078992 2.033102 10.871320 -20.635805 103.159019 -9.664818 -15.683813 -4.553696
5 4.949195 0.424328 3.414542 21.549265 24.994333 -12.007493 -17.071943 -8.801151 13.538527 5.926309 -15.556862 -1.918783 -4.491408 -14.948858
4 -1.899438 0.637400 -0.431376 17.019616 -9.437371 -5.216493 14.117880 -11.627797 -6.173246 -10.275417 6.252247 4.883266 -6.957139 9.107870
7 -5.469453 -0.692108 -10.026021 -4.854551 -10.653434 -17.834982 144.523098 -7.609343 -7.929823 2.532637 -19.458600 -19.381005 -20.306195 -22.840224
12 -4.847720 0.231281 -14.905038 16.438891 -0.137891 -8.752374 -0.435280 -3.835532 7.022034 -9.542649 5.284636 20.360379 -8.786912 1.906176
4 0.349092 -4.126129 -10.236754 29.550490 -1.842215 -12.113980 6.797976 7.318771 -5.705842 -2.921067 -1.232641 4.052008 -0.787614 -9.102093
4 -34.742862 -18.805330 -18.652091 160.507684 -2.639694 -41.982527 143.967427 -19.514217 -29.106870 -27.645247 -27.274245 -27.721830 -25.701899 -30.688300
12 13.733252 -3.360176 -7.606901 2.986682 -11.133345 -3.106056 -11.463397 0.781805 14.350398 -15.315541 -10.165429 15.095756 3.818911 11.384042
4 -2.787336 0.813917 4.756525 15.208253 -8.737688 -4.684369 -0.612984 -0.475519 6.533866 -6.248841 -2.588170 -0.609336 -3.271765 2.703447
5 -3.697422 -6.327277 -8.143011 2.426148 53.891156 -4.295477 -3.466946 -8.516052 7.455536 -7.063832 -9.667256 2.717761 -4.992746 -10.320581
6 -7.189963 4.198005 -0.508809 3.777221 -12.159138 9.546466 -4.084788 8.835750 -1.931004 -3.516377 -2.029242 -0.199677 3.403003 1.858555
4 -6.883369 0.696763 -3.673172 25.726587 -3.576016 2.792042 -1.724665 -3.389194 -5.806231 1.806015 -1.888848 -2.980953 4.138378 -5.237339
8 2.198243 -16.064646 -6.111708 -1.683037 -5.618467 -4.793947 -9.731398 15.350237 13.738128 7.316728 -9.360170 -0.149490 6.075748 8.833779
4 -3.047406 -3.536448 -2.510596 27.673776 -5.458735 2.415171 -6.741709 -6.250306 -3.262669 -2.601836 6.282146 -2.610379 -3.188216 2.837205
4 -0.743433 -2.437546 -7.122702 18.774604 1.341697 -0.471550 -3.456834 -0.216269 -5.445321 0.726572 -2.272480 3.399200 1.795461 -3.871399
5 -3.344292 3.638989 3.008176 0.208322 7.665847 -2.474287 -2.640139 1.561751 -5.438379 -1.355474 0.638286 -0.755252 -5.174565 4.461016
13 -4.949208 -4.762533 -11.312478 10.684955 7.241342 -0.631624 7.996044 -4.536927 8.007011 -6.394342 -6.344683 -8.718423 14.403638 -0.682772
7 -13.016557 -21.115821 -6.505158 -14.366681 -13.061930 -21.850040 133.562407 -17.226941 24.372237 -5.507634 -13.213185 -0.492726 -16.042268 -15.535704
4 -4.293397 -2.751909 -3.919593 21.506670 11.442928 -1.220140 -6.550465 -5.061309 1.627800 -4.419024 -15.397482 -0.042595 11.426973 -2.348458
7 1.260646 2.208291 -0.901837 2.703545 -1.075755 -1.998508 5.641251 4.138898 -2.452294 2.054227 -2.465242 -2.763693 -0.806221 -5.543307
1 18.713165 2.765945 -0.429071 3.446050 -1.309955 -2.231284 1.846277 -8.538460 1.193498 -6.830721 -5.187021 7.852867 -16.674430 5.383140
10 4.605255 -4.813510 -6.383883 7.759247 -8.892198 -1.455074 1.941850 -0.994166 -4.523080 13.257830 -2.082498 -3.416740 7.235797 -2.238832
9 -0.360634 -2.088979 1.234391 4.374547 -0.310723 0.377186 0.965203 1.039995 5.093952 -1.867032 0.377426 -5.906055 -1.197518 -1.731758
12 0.360642 -3.267129 8.163225 -3.841269 -1.768545 2.641810 -6.544728 -1.098760 9.993776 -2.465626 -6.428993 11.420061 -1.540513 -5.623952
3 -14.462650 -8.988549 60.039388 -6.849126 -14.571483 -10.179932 2.809831 8.272040 -2.583253 -13.270805 1.531940 9.472135 -1.725408 -9.494128
3 -11.753399 -1.531517 26.617888 7.336798 -3.119827 -10.128203 -1.134779 -9.843451 -10.385181 7.758978 2.886865 9.195326 -9.632310 3.732810
12 -2.827747 2.647890 -11.463217 -6.384536 -1.047415 -1.415640 4.574841 5.768959 -1.531493 1.164518 5.217590 5.923064 -3.709996 3.083183
3 -9.604042 1.205743 39.604384 -5.335349 -3.077727 1.212400 -0.427102 -8.314950 -4.258581 -4.160694 4.011834 -7.544383 -5.065403 1.753870
3 -5.821981 -4.590089 38.414505 -2.869050 -4.136054 -2.506980 0.586433 -1.510983 -2.664083 -2.022724 -1.401749 -3.157676 -1.987887 -6.331677
9 -0.353747 0.000000 0.000000 -0.361953 0.000000 0.000000 0.000000 0.000000 1.797843 0.000000 0.000000 -0.753115 -0.180247 -0.148780
8 6.570605 -7.237057 9.596417 -7.332688 -8.099014 -8.509407 -4.914730 26.877217 0.711410 13.158801 4.604840 -2.500721 -24.581403 1.655729
3 0.052690 -9.924358 37.283510 -6.395148 -2.721540 3.567934 -7.969151 -3.307673 -16.089677 -15.059070 -5.174249 28.374791 -4.601846 1.963789
3 -10.241883 -18.871777 150.350829 -17.088142 -12.981891 -18.136171 -23.901203 -15.752795 1.096498 2.350420 0.634751 -6.983133 -23.800772 -6.674729
3 -1.215937 7.578337 27.485184 -6.082079 -3.254647 -1.310299 4.148502 0.414556 -0.137480 -1.925744 -6.101873 1.633128 -17.670434 -3.561213
3 -16.718811 -21.369249 156.038145 10.919249 -15.561012 -9.869470 -15.111404 -19.403954 -34.200610 -14.953328 5.029651 -7.380264 -24.310320 6.891383
14 -2.547889 0.920141 -6.013616 -2.113102 4.376350 7.028079 2.360178 0.938150 -6.173365 1.412950 -3.354097 -1.964280 -9.210492 14.340994
3 -0.945378 -6.346377 39.413373 -4.691217 -6.077785 -5.754046 -0.998606 -3.987770 1.935419 -5.976334 -4.199488 7.441486 -3.907784 -5.905491
3 -9.413689 2.450250 47.122102 -5.945308 -9.888099 -4.605258 -7.742123 2.258888 8.981013 -4.890365 3.378317 -6.274443 -8.955174 -6.476111
6 -0.352719 -13.170423 -2.596457 5.159821 -9.478081 42.933533 -1.979347 -12.033584 -7.694172 -8.902096 2.272853 13.229232 -3.359635 -4.028924
6 -18.179030 -21.196639 -27.866994 -16.688020 -25.501667 166.368812 -18.909712 -11.024468 -11.230606 -15.733594 -9.008127 -3.058686 16.163616 -4.134892
6 6.684400 -9.373892 -8.055032 -1.465898 6.622035 8.505685 2.071121 4.809877 -7.536768 1.314938 3.333707 -0.144187 -5.001630 -1.764356
6 -13.597149 -33.217663 -5.423387 -17.725623 -9.892661 182.167189 -18.736327 -26.467272 5.504438 -6.480901 -11.442290 -24.086436 -5.543993 -15.057930
6 -20.533575 -10.881059 -12.784270 -7.690671 -12.538328 135.118939 -3.310771 -7.776581 -11.155897 -18.620493 -5.139351 -7.544910 -3.450752 -13.692286
6 -15.521764 -17.881236 -9.208572 -14.314550 -21.464789 208.618892 -18.882797 -10.718940 -6.055728 -28.212311 -14.257924 -27.703467 -5.294935 -19.101883
6 -31.891094 -18.277055 -24.428564 -19.305940 -30.388631 274.513050 -25.572628 -20.116869 8.838706 -53.395297 -21.358285 -38.831228 35.375159 -35.161334
6 -9.339111 -17.960236 -6.666656 -13.895186 -1.532538 148.271577 -12.896458 -8.478219 -9.609847 -12.676950 -4.532634 -18.580011 -12.488103 -19.615629
6 -13.597149 -33.217663 -5.423387 -17.725623 -9.892661 182.167189 -18.736327 -26.467272 5.504438 -6.480901 -11.442290 -24.086436 -5.543993 -15.057930
6 -13.314360 -0.688371 -11.215196 -0.618210 -4.524432 58.676729 3.255745 -4.158143 -5.099176 -3.097498 -1.266696 -4.419340 -6.046131 -7.484922
6 -11.908073 -14.979666 1.993768 -9.088619 -12.108567 59.028255 -2.125903 3.743246 1.847853 -17.503261 1.087425 -5.177705 10.590694 -5.399449
6 -5.088076 -12.118301 -9.921979 -6.539574 -4.648237 60.383117 10.342835 2.508184 -8.574688 -6.199702 -8.102457 -4.098720 1.126249 -9.068653
6 16.455570 -25.657339 -20.979077 -11.986016 -9.010323 100.195574 -15.900120 -15.085342 5.023067 -17.021668 -7.982874 13.278228 -8.678582 -2.651099
6 -6.410844 -17.837029 -7.794401 -7.885582 -8.099035 155.609231 -23.456317 -14.538768 -2.002758 -16.835485 -4.213836 -18.212891 1.476353 -29.798640
6 -2.901066 4.485180 -5.344824 3.326836 -1.175090 11.058192 -8.499453 3.364976 -8.706537 -2.544334 3.390334 -1.113262 1.185386 3.473662
6 -13.123755 -34.516463 -24.511662 -31.096671 20.029885 158.349656 1.475070 -8.316173 -14.583773 -10.661312 -8.479583 -26.661639 1.612992 -9.516576
6 -3.271127 10.429851 -9.089590 -13.197569 -3.349266 34.994949 -8.091880 -3.917860 0.288158 -2.935627 0.109842 3.960861 3.478556 -9.409298
6 -12.864155 -2.488876 -13.174516 -9.939428 -10.184165 62.360293 -8.443544 -1.077293 -8.994343 2.420232 -5.299170 1.417728 -3.511309 9.778543
6 -13.597149 -33.217663 -5.423387 -17.725623 -9.892661 182.167189 -18.736327 -26.467272 5.504438 -6.480901 -11.442290 -24.086436 -5.543993 -15.057930
11 -5.082039 1.537449 -2.831304 0.760853 -3.147047 2.196239 0.627069 3.606252 -2.620227 -1.942270 4.510517 2.528865 -3.547943 3.403586
6 -14.561960 -7.162084 -13.126016 -9.579446 7.470602 47.378867 -9.788321 12.810808 -7.567975 -7.109219 0.604384 -6.840234 5.017758 2.452838
6 -13.597149 -33.217663 -5.423387 -17.725623 -9.892661 182.167189 -18.736327 -26.467272 5.504438 -6.480901 -11.442290 -24.086436 -5.543993 -15.057930
6 -6.115805 -5.358395 -4.958230 -7.395613 -0.509259 70.437649 -4.632970 -1.252443 -4.749188 -10.262949 -3.007215 -14.911887 -1.655577 -5.628119
6 -32.279842 -29.002949 -8.556113 -21.042136 -46.979810 275.197044 -23.764330 -21.832590 13.337419 -49.193772 -17.928502 -25.308874 16.960218 -29.605773
6 -7.357512 -5.545985 29.578271 -7.219946 -9.450737 47.645279 -5.991083 -9.789349 -0.467077 -0.753690 -2.145452 -7.508677 -11.680895 -9.313147
13 -0.833427 -6.458616 -11.683679 -3.405924 -7.179761 -12.481949 -9.875411 -8.358355 -4.876649 -4.731443 -8.918270 -5.351611 85.902481 -1.747383
9 -2.233799 -4.854927 -7.475131 -6.247315 2.950313 -10.015961 6.189243 11.736268 14.798510 -3.945848 -6.241671 -5.353464 14.711815 -4.018032
8 4.306941 -8.776851 -3.231619 -9.552702 3.518640 -3.242657 5.718121 8.994419 1.426472 2.686287 2.948897 6.799295 -6.446095 -5.149147
9 -4.556386 -0.148872 -15.057156 -2.098257 7.732684 4.021013 4.112825 -0.257887 7.931679 -5.057794 1.606514 -8.586528 7.344317 3.013848
13 -1.721953 -7.368322 -9.860601 5.658395 5.000961 -7.718868 -1.305355 -4.632022 13.820392 -4.489235 -16.043461 5.101585 26.773873 -3.215388
13 -17.522009 -26.925013 -2.094559 -3.272014 -14.786309 -4.634963 -10.386227 -20.486335 -8.538397 -22.528925 -17.450892 -16.460996 177.078393 -11.991754
13 -6.181390 -11.618135 -3.467464 7.864157 -2.862943 -0.394398 0.340778 -1.122225 14.022725 0.959318 -14.484059 3.276201 19.844670 -6.177236
13 -3.826586 -1.746526 -6.501923 1.407673 11.958989 -2.423469 0.893539 -3.830904 8.482207 -3.355947 -3.841803 -14.369162 18.493263 -1.339350
13 -0.098560 -2.245902 -3.134881 -0.254675 6.602686 -7.900554 -6.548064 -3.600754 0.039813 1.599083 -3.015539 -2.375934 22.107618 -1.174336
13 -4.022583 -4.020403 -6.857518 2.321955 4.479944 -8.486388 -6.459573 -1.876928 -7.002742 -2.711494 -11.892257 -3.633014 59.240826 -9.079823
13 4.190901 -4.391769 7.090552 3.411383 -14.520414 -2.466454 -1.888290 -9.186802 4.780584 -4.714808 -3.056031 -9.077640 39.435118 -9.606330
13 -12.619594 -8.890939 -9.308407 -3.751889 8.062046 -0.361167 3.626641 -7.264916 4.714930 -6.153837 -9.188353 4.225123 34.868874 2.041487
13 -6.215570 -25.189125 -2.890172 -2.162611 -19.643368 -13.042125 -19.526585 2.917786 15.164383 -5.690638 -23.735477 -1.066656 125.644543 -24.564383
13 2.546889 -2.003445 3.128419 -1.927766 -5.932584 3.081941 -1.114494 3.537063 1.207374 -3.568224 -5.743056 -5.107553 7.851748 4.043685
13 6.296415 -7.315096 -1.599964 -8.291029 -7.240941 -0.327234 7.764491 10.924020 -2.162512 -5.375662 -5.859789 1.540191 18.045000 -6.397891
13 -12.184219 -4.465230 -2.700698 48.827344 -7.192796 -11.575778 3.162631 -9.668065 -10.132461 -14.049296 -15.022941 -2.722625 55.817319 -18.093187
13 -0.411289 0.405002 3.697391 -0.678882 2.207035 -1.675641 -5.111023 1.256454 2.491557 -7.665304 2.828757 -11.522619 21.052328 -6.873767
8 -6.585625 2.443811 -9.730887 -2.412704 -6.836512 2.089364 1.335330 24.349226 -9.952653 6.137742 -1.593831 -7.738603 7.406337 1.089005
8 -1.582307 -0.624822 -2.037174 0.465686 -4.174217 1.242327 1.159086 12.380240 1.930372 1.234416 -8.201695 -6.150004 6.957688 -2.599596
13 -8.272595 -10.196648 -7.705610 -9.233466 0.656192 1.294737 -3.578533 -9.829727 25.150132 -9.586057 -0.732091 5.400611 33.985101 -7.352047
13 4.526012 -15.037378 5.444936 -4.175784 -6.753771 -10.235582 13.208535 3.360839 -7.069353 -9.277001 -16.973750 -0.351976 43.438235 -0.103964
14 1.369862 -0.332943 -1.549784 -1.110170 -1.641138 1.141803 0.364374 1.180125 -0.225678 -0.938318 -3.497801 0.153068 2.444074 2.642525
13 -0.494600 1.131490 -2.417891 0.457069 -7.021686 -3.371136 4.121300 5.146233 -4.001340 -4.882560 -3.711357 -3.819885 21.128353 -2.263990
13 6.572651 2.056932 10.019307 -7.325523 -6.858213 -8.625008 3.258982 3.462425 -0.678029 -2.384897 -1.336859 -5.253866 12.027740 -4.935642
13 -5.416441 0.087612 -0.734537 6.767230 -6.695260 -5.531710 -6.395351 -9.267163 -0.395028 -17.329515 -13.981817 1.241086 65.137822 -7.486927
13 -1.743758 -6.622018 -9.015294 -4.262145 2.418584 -4.994894 1.135338 -1.373916 -4.123827 -7.049179 -3.845292 4.127793 40.365875 -5.017267
7 6.099842 -11.827990 -23.089976 -20.832725 -13.534339 -18.529753 185.879132 -15.152546 -12.872128 -26.016168 -20.239882 -9.737881 -28.657051 8.511466
7 -14.443305 -12.387406 -14.386190 -23.035401 -14.063600 -19.173462 188.816617 -10.401404 -16.934283 -9.394051 -10.090037 -10.807112 -14.853577 -18.846789
7 -23.656166 -23.027278 -34.856225 -23.243540 -18.768346 -19.999956 184.318319 6.052120 15.370527 -7.830441 -27.585541 -14.353480 0.724592 -13.144585
5 -1.584277 0.642783 4.591644 -5.875971 13.262321 0.304803 1.689547 5.152389 -7.593083 1.643369 -13.145950 -0.391933 0.546382 0.757975
7 -3.486943 -10.089260 -30.095154 -23.423675 1.027679 -43.264452 132.768778 17.915699 -2.387575 -19.162077 -6.978478 -17.976561 4.380760 0.771258
7 -0.767953 1.864343 -1.804951 -1.182675 2.520715 6.222715 9.661255 -0.744223 -7.363119 1.748909 -4.125040 -6.083578 -1.343732 1.397334
7 -32.105429 -31.518136 -33.353231 -29.001035 -29.851453 -42.177339 357.541954 -0.783688 -13.654421 -22.443565 -34.296047 -47.863160 -19.474238 -21.020217
5 7.018700 -4.082628 -2.313578 4.326112 17.631812 8.616517 2.137322 -0.288149 -12.383811 -2.930755 -5.929044 -9.502004 -6.855313 4.554820
7 -13.335731 -45.102868 -23.061615 -39.719736 -17.101487 -35.659576 308.376436 -13.084378 12.724633 -14.823177 -44.366048 -38.122557 -18.545933 -18.177965
7 1.550441 5.556005 -5.341854 -7.606968 1.554106 -9.691579 17.354137 -9.657578 -1.117330 -4.594152 -4.661189 1.611667 5.384820 9.659476
7 -27.190270 -25.563367 -16.174494 -18.114276 -1.100193 -8.548089 165.806680 -13.331537 -11.890946 -15.779233 -14.660762 -4.749587 12.633139 -21.337066
7 -2.849521 -4.547316 -6.569449 -6.392588 3.470660 -8.998852 70.603832 -6.821528 -9.036444 -2.799328 -8.365208 -5.214941 -7.881993 -4.597325
7 -7.230138 -7.598128 -17.287015 -8.991409 -19.549524 -3.696106 125.287749 2.181049 1.045087 -10.230290 -18.766678 -8.882086 -2.661728 -23.620783
7 -23.670412 -28.919763 -15.109477 -20.191735 10.217548 -13.265064 234.197846 -26.888986 -8.876782 -15.566475 -23.404148 -37.097010 -12.856820 -18.568724
12 1.099791 -10.099363 0.587384 -5.253899 9.051692 -2.707242 -10.242919 -8.625064 7.360494 -8.691519 -4.246816 27.241051 -0.570191 5.096600
7 -7.595418 -7.247603 -5.463762 -5.354445 -0.984690 -2.426090 76.695775 -7.520785 -4.780676 -3.673168 -8.603476 -9.362735 -9.613094 -4.069834
7 -12.299813 -12.396218 -1.407152 -2.051256 -20.218111 -6.294948 122.024000 1.880069 -11.080736 -17.298739 -12.107929 -8.627293 -4.592044 -15.529835
7 -9.198216 -2.778680 -13.292096 -12.857399 -3.629154 -3.222154 73.121325 -3.520811 -12.927233 0.554501 -3.623532 -1.630135 -8.354631 1.358215
7 -23.879418 -18.154518 -21.504741 -30.435920 -6.070835 -25.285259 226.690233 -3.046135 -21.276494 -9.136453 -22.503699 -5.835211 -10.525520 -29.036035
11 15.184920 -7.376190 18.237984 -23.239441 -16.500397 -40.643295 23.228817 18.715645 -15.614104 -42.332980 96.953999 -19.384850 0.894803 -8.124913
7 -12.865568 -15.186421 -21.939990 -1.446380 -17.244538 -11.982202 209.061368 -20.327741 -31.355503 -23.916127 -2.830013 -13.291455 -30.030477 -6.644954
7 -7.864693 -12.335716 -17.361383 -2.829815 -14.990188 -17.199768 152.486528 -11.745483 -5.668649 -14.844599 -21.476927 -6.839789 -22.805821 3.476299
7 -3.769651 -15.754791 -9.006158 -22.806019 -5.893941 -7.360892 97.745156 1.566867 -8.178224 -10.586656 -4.841769 -8.318514 -0.701194 -2.094214
7 -13.396380 -20.180087 -22.283859 -28.213361 -21.158683 -25.412865 252.500907 22.840534 -25.196213 -15.987074 -21.274349 -31.147223 -20.742885 -30.348465
7 -19.915359 -38.783661 -20.541572 -18.839887 -33.677714 -52.568244 411.398180 -23.429534 -37.227135 -7.628844 -39.572877 -52.000254 -44.535246 -22.677860
12 -3.885859 -1.019037 -4.177810 -2.832868 -11.118866 -10.000071 -4.055276 4.174983 -3.843898 2.337107 1.395555 33.760431 5.491915 -6.226307
13 -4.406767 -8.748226 -6.848999 -1.075907 -14.150334 -10.276174 -1.754671 -13.934702 -5.705990 -5.092398 -4.820113 21.029466 68.274840 -12.490025
12 1.124651 -8.236389 33.320296 -14.035308 -19.617171 -2.109827 -6.651825 -11.536958 -5.721738 22.624133 -11.064183 38.465179 -6.203324 -10.357537
12 -7.254122 -18.036914 -6.118713 -2.799283 -3.944181 7.225960 7.194052 0.923333 -1.586783 -7.316814 3.195220 21.317848 3.515495 3.684900
12 5.537381 2.697218 1.489968 -2.458800 -4.712916 -5.167777 -2.321131 -3.294694 -2.546184 3.473805 -1.646016 9.143429 4.133017 -4.327300
14 -11.742008 5.045536 -2.353635 -2.873493 2.915254 -2.527970 1.277074 -2.084867 2.619031 2.030875 -0.391676 -1.150498 0.725718 8.510656
3 -8.764871 4.222059 49.940835 0.955328 -5.451795 -7.447318 -12.337949 -10.410718 -7.917057 2.123803 -4.607575 -0.476103 -5.400084 5.571447
13 -2.157981 -5.350332 -6.709769 1.354390 -6.352808 -3.791423 5.297209 15.808340 5.431591 -0.171626 -8.704518 3.079192 17.706233 -15.438500
12 -3.278699 -1.531570 6.230607 7.030221 1.535855 5.328007 -4.429378 -11.451086 -7.447822 -3.359897 1.263171 32.298563 -15.274605 -6.913368
12 -4.994735 -1.745795 1.702415 2.342494 5.229421 -4.263040 -0.003215 -8.152367 0.300985 -2.848978 -7.912844 16.660345 10.433851 -6.748538
1 4.341659 -0.287025 2.607055 -3.230553 0.608103 -7.864844 0.072205 3.064386 -1.279121 3.856448 -2.564823 3.406127 -2.200197 -0.529421
7 0.849860 -3.422938 4.337154 -7.182595 5.793861 -3.252918 11.665939 -4.085601 -3.391484 0.742817 -10.820775 7.766610 2.373604 -1.373533
12 -10.825071 -8.390776 0.605906 -12.432813 -3.438363 -9.017244 -0.052342 10.078818 -2.607543 -18.912112 -4.358715 66.293250 -1.952904 -4.990092
12 -1.456107 -0.357693 -3.184233 -0.361738 1.217555 1.680093 -1.881705 -2.854903 -0.324613 0.350743 -2.031532 12.469413 -2.301333 -0.963946
12 -3.879296 12.191237 -6.230336 -0.287531 -5.416514 2.681706 -3.167164 -1.249277 -1.350099 -7.177448 -3.231110 28.189565 -7.020987 -4.052745
12 -7.137741 -8.398717 -4.368965 -3.210417 -8.093276 -8.284661 0.915153 -20.413767 -15.587311 7.149103 -13.041907 85.325505 -5.435383 0.582382
5 0.109828 0.238467 -16.651002 -4.813826 42.835599 3.232873 -7.389586 -10.453156 3.273734 -5.382021 -4.391824 22.026774 -10.210791 -12.425069
3 -4.020546 -6.252721 17.953376 -8.245091 -7.304384 3.285213 -2.242782 2.649103 4.594819 -6.692026 9.942706 14.344229 -13.501636 -4.510261
10 1.098515 -17.737367 -5.760173 4.121484 -0.246322 -18.163194 4.965115 3.127821 -4.272488 19.209670 -11.994915 16.274311 15.252359 -5.874816
12 1.249299 5.191312 4.145945 -0.643740 -6.777858 -7.657141 -4.115315 -1.388188 4.199251 6.112687 -10.658512 12.395455 -3.359490 1.306294
14 3.744370 -5.737848 -0.263916 -5.138795 4.178526 -6.330762 -5.308344 3.952713 -4.762215 -2.605623 -3.059387 0.591161 -0.448789 21.188910
12 -8.446654 -0.586403 8.800138 -0.444294 -1.856226 -6.753999 0.439739 -1.624356 -8.470232 -3.775368 -0.070488 32.760636 -4.967067 -5.005424
12 1.834223 -0.409108 6.768791 -2.963226 -3.531791 1.028942 -4.524652 2.955354 -9.169108 0.576442 6.734160 6.850286 -4.817453 -1.332861
14 -6.101068 1.209463 -1.819898 -3.760122 0.431671 1.818221 4.146865 -4.933653 -3.258867 0.099173 -2.753434 -3.655237 -17.492249 36.069136
1 10.704268 9.372381 1.075178 -4.659627 -12.460674 -2.944226 -2.125893 -4.405417 7.794339 -6.593286 -5.719954 0.381286 0.044282 9.537343
14 -6.557264 -5.694500 -2.908632 -3.359015 -3.570451 -4.704563 -1.227396 -3.527719 -17.454997 9.496323 5.178547 -3.945774 -6.081689 44.357130
14 -11.638995 -15.986350 -15.524684 -15.796097 4.651268 -15.725211 -7.522389 -16.694945 -9.118699 -0.398914 -5.629595 -11.213791 5.423876 115.174527
13 -12.040994 13.289453 -2.748531 14.385845 -10.117007 -8.722571 -10.261401 0.687891 -1.003881 -10.543847 3.839997 3.260707 17.492977 2.481361
14 -11.041349 3.300423 -14.596496 0.577731 -10.129757 -10.979433 -2.536795 2.493958 -7.701540 -1.436009 -1.323404 -8.580188 3.934893 58.017967
6 0.261507 3.928944 -4.804593 -1.183616 4.434602 9.048703 2.201737 -5.756086 -5.648815 0.912081 4.063868 -8.732418 2.963273 -1.689188
14 1.380097 -6.535264 -3.685287 -3.273534 -0.318006 -4.571036 -1.806277 -4.664174 -3.688113 -1.985285 1.695210 10.595380 3.688360 13.167928
14 23.528617 0.191336 -5.184428 -26.472133 -22.758481 -24.877551 -13.892131 -16.520745 -2.950676 -9.227485 -13.114513 8.910169 17.672388 84.695632
14 -13.832003 -4.098127 -4.754005 -7.599559 -2.990442 -8.828997 3.037158 5.148707 -10.245252 -1.613228 -0.785268 -6.518265 -2.411499 55.490781
7 -4.387820 -2.530960 -1.667958 -4.456352 -0.455758 0.448019 13.506813 1.535920 2.902464 -4.495364 -5.167985 -0.287853 0.145247 4.911589
12 -5.262333 1.052485 -5.254251 3.548911 2.468424 -3.584641 2.257916 -3.148625 -4.432119 0.941390 -1.267263 5.462312 4.551050 2.666745
14 -2.007384 -7.953708 -1.254928 0.464675 -3.207473 2.004725 -4.010347 -1.404281 0.033570 8.084801 -5.685487 0.403462 -1.089030 15.621406
14 -13.352073 -14.224341 -5.862658 -4.301549 -11.003530 1.018668 -17.511106 -10.768632 9.740698 -11.789705 -7.151707 -6.587917 -1.980268 93.774120
5 -2.125296 -0.599270 7.309822 2.803756 17.802418 2.812261 -1.939213 -12.281573 6.275434 -2.740942 -11.116790 -0.607521 -6.046785 0.453699
14 -5.471244 -4.348310 4.308690 0.880481 0.609784 -6.205811 0.123392 -5.818580 -6.228845 -1.300242 6.463081 3.365633 -7.031292 20.653262
14 -6.259352 -12.208754 -8.354816 7.900918 -11.923552 -2.188876 0.819037 -7.791563 -5.427972 -16.805029 9.561506 -13.388990 -10.323837 76.391280
5 6.894804 -5.766184 -0.536257 -1.270221 6.905687 -3.581927 -2.589013 0.624044 -5.014277 -1.904558 -6.465811 4.619462 1.642474 6.441776
14 -1.560123 0.815935 1.505196 -2.319880 -5.973901 -6.140498 -7.542885 -10.885223 3.664193 -5.506550 -13.315413 -6.919592 3.137733 51.041008
14 -3.070121 -3.327062 -6.517051 -3.694056 0.894352 -0.055963 -6.720761 -12.434216 -12.583886 4.580700 -0.440436 2.267072 6.333341 34.768087
14 -1.898391 -12.241653 -12.432333 -13.186604 4.612206 -20.273094 -21.824422 -1.204175 -4.559525 1.145263 -2.561772 4.093759 -4.985982 85.316724
8 -0.194699 -6.292125 -8.050286 0.734648 4.043504 1.519602 -2.401023 8.360553 -0.989314 -2.148097 0.045698 -3.445924 1.367454 7.450009
9 -7.768754 12.249885 -5.402555 0.337029 18.159365 -11.455447 -5.929143 10.266432 24.447089 -6.136052 -6.328413 -3.922151 -10.735521 -7.781764
8 -4.461451 -2.720579 -7.569564 -6.257753 -4.218795 -2.761211 -8.083527 68.270963 -3.608131 -6.603244 -12.512275 -0.758075 -3.949278 -4.767075
5 2.878349 -0.623958 -2.360818 -5.515124 48.139792 -2.657259 -5.918130 -1.081177 -4.678899 -3.460342 -7.525904 -6.188105 -6.003211 -5.005215
8 -5.443183 -6.753894 -9.334113 -5.036756 -8.234238 -2.921584 -3.246059 45.290935 -2.275585 -3.557963 -3.051693 2.581656 7.827926 -5.845448
8 -4.051390 -11.136851 -13.434701 -3.239354 -6.938745 -21.392208 -10.314634 85.745060 1.595288 -2.817471 -4.699535 17.938950 -21.238946 -6.015460
2 -39.834458 39.098628 -7.355811 -15.128911 -9.634040 -7.747174 11.019537 -10.271043 29.944299 -22.783374 6.606874 1.194584 13.121361 11.769527
8 0.896025 -4.513187 4.205013 -7.915054 -6.515630 8.200143 5.881181 28.285511 -9.171643 -5.227168 -11.303978 -8.487456 14.080802 -8.414561
8 -7.677923 -13.313434 -6.921978 -8.126140 -2.814911 3.779105 3.282212 40.480527 -2.573452 -4.215183 -2.400519 5.718238 5.108902 -10.325444
8 -0.398813 3.735756 -4.541860 -7.662884 0.397101 -4.842232 -9.656933 45.730317 2.991236 0.003175 -7.676000 5.901358 -19.502019 -4.478201
2 7.095821 15.423844 -8.499521 -10.144984 0.327545 11.408310 -5.802839 15.221537 0.024545 -4.974492 -3.713229 -7.473501 -5.344365 -3.548671
8 -16.898626 1.448533 -4.774415 7.600480 -8.751077 -8.824969 -5.406104 20.954164 -9.722960 -5.622226 12.032192 15.027768 -7.900948 10.838186
8 -22.024921 -3.113548 -26.930172 -6.670229 2.333095 16.735744 -7.462435 130.705164 -27.522238 -18.819009 -13.053138 -7.392889 -9.865697 -6.919722
9 -10.084214 7.241288 -5.398523 2.242313 -3.873097 -1.033928 -6.799117 3.030492 17.037870 -6.497056 -2.732182 12.475234 0.921257 -6.530337
8 -4.086099 -3.010872 -4.105091 -13.615346 -3.778020 -2.546851 18.289724 42.652682 -5.989522 -10.527418 -3.171928 -4.577701 4.415257 -9.948814
8 -5.555706 43.797270 -9.650307 -11.520978 -14.704430 -2.635858 -16.022344 57.961324 0.671081 -10.426273 -10.036115 -10.193391 -3.463638 -8.220635
5 -3.516665 -0.359588 -4.601703 -0.961513 11.572501 1.271825 0.277047 0.994902 -4.129233 0.164014 -1.644542 0.615271 0.816889 -0.499205
8 -9.455396 2.234053 -23.132742 -23.158734 -22.453685 4.390756 23.676111 71.091820 -30.857650 -3.438350 1.905521 -6.594568 23.944744 -8.151878
8 -9.252388 0.435555 -11.508806 -2.490227 -3.406727 -5.700913 0.566986 48.326770 -0.906341 -3.817193 1.258212 -4.403002 -2.894410 -6.207515
8 -6.412429 -0.490983 -17.879289 -0.487066 10.000209 9.189061 -1.640930 12.695076 -12.825484 -1.438924 5.875360 -0.301555 -4.352351 8.069304
8 -15.693909 -4.124748 -0.498137 -17.639845 -5.043437 2.786869 -2.987272 116.278204 -19.935910 -19.331010 -9.800481 7.369145 -18.938339 -12.441127
8 2.759819 13.837478 -13.247937 -4.220298 -8.482946 4.554423 -1.672651 20.403559 -12.877997 5.293251 0.119704 -2.218232 -5.539681 1.291508
8 -6.678566 2.069872 2.589509 0.891385 -14.312472 9.343495 1.464362 24.167974 -4.448618 -5.755733 -4.704137 -4.650764 4.887765 -4.864072
8 -8.392017 17.714349 -11.060218 6.119950 9.712473 -6.189781 -14.701617 23.851887 -10.679728 4.370572 8.407267 -3.843876 -19.365301 4.056042
10 -5.227795 -13.674087 0.231607 6.069513 -0.209972 -1.930423 -4.532340 -14.070029 14.623515 31.774925 -11.221107 5.370690 1.790740 -8.995236
12 -3.172042 -0.628177 -2.209161 -1.951805 -0.763920 -0.385324 4.353973 -1.526244 10.441304 -5.385554 -4.543607 10.691128 -2.342373 -2.578197
9 -7.818442 -6.412308 5.368539 1.540150 3.300038 -6.094657 9.794815 -5.657981 26.389639 -9.193426 -12.190355 5.309378 7.859032 -12.194421
10 0.844934 -5.222136 -1.359491 4.212953 -2.503411 -4.820699 -5.529596 -4.726952 6.985447 14.001491 -9.449197 5.244005 6.195479 -3.872827
9 -5.347469 -8.348941 5.328354 10.439409 -1.612038 1.250365 0.970381 -7.164907 28.041334 -8.036541 -1.411019 -4.374845 -11.025221 1.291139
13 -7.045056 -14.222992 -19.955258 -11.172138 -13.577517 -22.728457 -6.598821 -9.987041 20.006551 -8.236556 -22.179073 -8.895356 154.663006 -30.071293
9 -8.430670 -5.036974 22.981796 -7.281319 -11.991147 -7.188480 -3.951709 -6.414875 26.053712 -10.493872 -11.403641 11.057160 12.303571 -0.203555
9 -5.347682 -2.447037 -3.625797 7.390290 -8.704279 10.116341 -3.632454 -2.754174 10.582866 -8.225609 -2.530170 9.801772 0.570380 -1.194446
13 -8.298613 -7.983636 -15.579124 -1.415993 7.537986 -1.546421 2.379093 -9.797268 11.536481 3.295582 0.178300 -0.148479 14.645638 5.196452
13 -5.569206 -13.771657 -0.518768 4.085185 -5.724331 0.404920 -1.649295 -4.611191 23.340462 -5.283915 -3.503042 -6.676966 25.983063 -6.505260
9 -5.040869 -3.803839 8.230733 6.651974 -3.554226 -6.629742 -6.260472 -4.364042 22.631808 -9.597198 -6.325619 0.283393 14.119947 -6.341850
9 -6.799941 -4.170235 -0.587479 1.169636 -9.735698 1.496144 -0.224110 4.136143 14.677157 13.827861 -7.630217 -2.131831 -5.786397 1.758968
12 5.622686 -21.424153 12.568183 -14.919277 8.709237 -12.679116 -1.962845 -1.323458 12.897273 7.467862 -6.439892 31.164449 -16.600772 -3.080177
12 2.562646 -5.366816 4.145623 -1.162016 0.733954 -6.864612 -0.105442 -2.985890 5.375658 3.870029 -1.078598 5.536200 4.629520 -9.290256
14 3.749685 -1.441198 3.630240 1.393695 -4.169644 2.067593 -1.767753 -4.013399 5.032076 3.195950 -3.997766 -4.608772 -5.140852 6.070144
10 -4.192046 -4.566935 -2.783062 -6.289861 -3.343086 -1.311239 9.859157 7.217881 1.285734 11.619850 -6.876567 3.677276 0.184128 -4.481230
11 1.601079 -0.431214 -3.977946 4.017241 -2.982442 -8.443397 6.053510 0.505767 -3.383975 -0.432206 6.634451 -5.644220 2.031576 4.451777
9 0.832569 -9.090672 -3.759231 8.935068 -5.968384 -9.162569 -2.223407 -5.460578 23.125363 11.529012 -12.304787 1.792122 6.338565 -4.583072
1 7.787243 -1.367982 3.592737 -2.932998 3.983666 1.128976 -3.526171 -2.614571 6.090234 -5.332014 -3.501139 -5.998499 -2.879098 5.569616
