11 -13.236915 -27.964905 -20.483914 50.847061 -23.943779 -26.441778 57.377725 -21.647051 -16.687584 -27.225366 122.444143 -15.376187 -13.991473 -23.669968
8 -6.997687 1.569107 -5.512131 -6.224948 4.926452 7.060429 1.721824 13.674516 7.683724 -4.444631 -4.879616 -9.968997 4.064482 -2.672526
9 -7.972537 -2.121959 -8.149484 -1.333783 -2.372522 8.803333 -2.482576 -4.906370 40.668204 -1.913871 -0.309169 -3.738971 -8.388824 -5.781473
1 94.425805 -4.321638 -10.229279 -5.218223 -5.582836 -10.638976 -3.025859 -9.514567 -1.182277 -11.257666 -7.895836 -3.248169 -16.627803 -5.682672
5 2.249693 2.249495 -1.576046 6.628493 11.196545 6.009781 -4.977783 -5.870940 -1.249056 -7.050546 -6.131690 3.663972 -9.878527 4.736609
1 11.160457 -1.601710 -0.215612 -1.881971 1.793140 -0.947274 -1.927086 -3.548859 -0.899028 -1.238227 -0.360483 2.209048 -0.509757 -2.032637
6 -0.964733 -2.595184 0.373671 0.591186 3.335867 10.535612 -1.983207 -0.963370 -3.679566 -1.189078 0.580029 -2.270558 0.327830 -2.098498
4 -0.193293 1.270071 -1.118997 7.085337 4.237179 4.490266 -2.440461 -3.169075 -2.486722 -2.158086 -0.478387 3.415050 -5.758683 -2.694200
5 -14.599223 -1.181323 12.944734 -3.704989 62.233351 10.126649 -6.050526 -20.261603 -14.109353 -4.940470 -3.077638 11.720326 -17.290473 -11.809464
5 -6.613143 -5.765912 3.469113 -0.552049 47.654921 -0.258130 -2.912238 -8.087520 -4.281890 -3.110541 1.142935 -5.716608 -11.734126 -3.234812
12 0.750694 -4.340917 -4.392040 -1.056583 0.859258 -1.610574 1.051873 2.229850 -3.604459 1.495186 0.030912 3.846617 1.550140 3.190041
3 -3.145765 -3.741500 28.828232 -2.574659 8.242866 -5.780122 -5.076948 -3.101604 -0.528768 -2.051735 -5.818734 -4.181533 4.643680 -5.713409
3 -2.173430 -12.100383 56.918488 -16.491728 5.756736 5.019471 1.513869 -9.226132 -9.574427 10.902731 -14.243078 -14.132287 1.158028 -3.327856
4 -3.884255 1.012024 -3.116444 9.842178 -2.463998 0.039361 6.689367 1.400161 -10.166702 2.489717 4.636197 -0.753234 -6.833959 1.109587
1 208.878923 -14.437984 -20.647772 -23.417085 -22.248950 -9.080884 -17.206186 -19.092926 -12.951066 -16.442891 -19.713430 -1.611945 -25.470947 -6.556849
11 -2.824452 -1.429745 8.115651 -0.165458 -8.917576 -0.564113 -6.392853 -4.473733 -9.986945 -5.684846 45.178451 -1.731778 -3.649655 -7.472947
4 -2.332607 0.348240 -4.863387 10.205211 -5.947651 1.416917 6.078661 -4.164334 -2.091109 -2.356605 -1.402073 4.427342 0.083945 0.597450
12 1.721721 -6.341704 -1.791907 2.253455 1.106657 -3.631515 -6.846610 -10.744931 10.733360 2.472383 -5.655668 20.564780 -4.813844 0.973823
14 -4.607151 0.386659 4.124102 -4.900804 -3.024101 -4.273996 -7.471559 -4.588468 -5.119728 -0.808254 -6.494182 -4.527803 -5.580768 46.886051
11 -20.433254 -20.430826 -15.018624 -18.128062 6.862907 -11.454016 -7.049248 -10.263049 -7.130027 -15.857351 151.700919 -16.127717 -6.611919 -10.059735
3 -6.818892 -14.732109 125.741049 -8.286591 -13.917048 -1.978435 -7.663792 3.543602 -3.965087 -17.935383 -7.535972 -11.008952 -18.642619 -16.799770
12 3.563817 5.653488 10.766476 2.803858 0.159850 -11.398739 -12.637772 -8.330433 -2.662021 6.041274 0.937188 11.174479 -2.675475 -3.395992
11 -4.105414 4.631240 -3.285585 -4.102958 1.203186 0.268485 0.895047 -4.044867 3.185611 1.200830 7.522621 -0.729877 -3.969785 1.331467
9 -4.473579 3.549166 -3.781246 -3.927181 -3.325849 4.321779 -1.417492 -5.758056 12.098837 -1.362049 -1.747240 9.611860 -1.372466 -2.416484
2 -6.101735 49.190245 -4.429506 -4.356110 -0.052705 -9.039141 0.122527 -5.988349 -1.628263 -1.647475 -9.251561 -7.989859 2.715023 -1.543089
11 -10.582107 -7.446275 -9.359224 -0.787786 2.300790 -4.852232 -4.379547 31.152234 -11.774653 -7.293817 34.777704 -4.284778 -10.279777 2.809468
14 -6.389352 4.667870 -4.539821 -0.171004 -10.252139 -2.783092 -2.559321 -4.031716 -7.841707 -4.131107 -5.228530 -8.170442 -4.712379 56.142739
2 6.556183 32.614011 -11.578199 0.701030 -3.889602 -0.841733 -8.457602 -1.910479 -6.664825 -2.617484 -0.632423 -4.883956 5.444206 -3.839127
1 76.025360 -9.674789 -8.543416 -7.983079 0.554102 -2.538947 -9.716092 -0.207362 0.025447 -8.360137 -3.448875 -11.673850 -7.630891 -6.827469
10 1.958114 -2.391319 -3.488818 -0.116283 1.259395 -2.529537 -0.293123 -2.310581 -3.352089 6.598148 0.651690 0.958958 5.994855 -2.939409
5 -11.184367 5.785217 -1.727965 -0.225800 32.550019 -6.575053 -1.841827 -0.079262 -4.545883 -3.642209 -1.388295 -2.465395 -3.285960 -1.373217
9 1.939355 -1.269654 0.461521 -2.240386 -0.247833 1.086506 -2.048299 -0.554552 3.589729 -0.933774 -1.337789 -2.882054 2.179407 2.257822
6 -3.424295 -7.758615 -2.451684 -7.467502 2.314376 20.719257 6.248538 0.494377 -3.819110 -0.567355 -6.297163 1.879250 -1.944186 2.074113
14 -17.692402 -3.686781 -13.182676 -11.140942 18.433664 -21.445370 6.237877 -12.497483 -15.881376 -15.474208 -10.303175 22.016357 3.158107 71.458405
7 -7.968770 -5.109974 -3.971874 -4.691252 -3.059720 -11.371474 68.296295 -2.185502 -8.918437 -1.667929 -1.309727 -2.201183 -11.643443 -4.197006
14 0.710904 -16.496027 -12.097408 -1.692787 -3.338336 -5.739357 -0.505040 -5.563122 -9.544626 3.512537 -4.984600 5.606994 -9.556608 59.687477
2 -5.084621 20.036840 -3.163072 -3.773100 1.055687 -2.606000 2.106821 -3.845771 -0.200717 2.382385 -5.198293 -7.954446 12.704366 -6.460079
2 -9.544330 38.253988 -9.112066 1.886048 -5.416026 -4.759657 3.097162 -4.276465 -9.873562 -3.054545 11.526161 -2.852641 -3.513262 -2.360805
2 -15.130653 82.160528 -8.572026 1.864430 -9.006823 -2.260736 -2.661220 -8.350622 -11.948152 -3.308426 -6.419799 -5.255767 -5.474488 -5.636243
14 7.206036 -6.353140 -2.204175 -4.740804 -6.031465 -3.669135 -5.537204 -5.067892 -12.600043 -4.056175 -4.587357 -1.822686 -5.485431 54.949469
6 -10.078800 -2.984420 -10.277704 -5.127390 -10.059575 49.783142 7.544818 -0.298837 -6.721013 2.255439 0.379144 -5.880565 -5.021447 -3.512790
3 -2.974069 -8.415508 23.642429 -1.828251 -1.719763 -6.284162 -2.347072 -3.173809 -17.481819 12.721412 5.375949 1.353277 -1.931116 3.062500
13 -1.080083 -5.061549 -3.100766 -8.721310 -8.673054 -15.768054 -12.227024 9.020320 -0.209022 -18.973819 -7.633476 1.196102 80.810254 -9.578518
3 -7.045094 -6.288668 95.146159 -6.270689 -8.269390 -9.644501 -6.836552 -6.855666 -7.742743 -7.358781 -8.570435 -8.004855 -6.705932 -5.552851
6 -3.811855 -8.782992 -4.351827 3.220340 -10.284372 42.191520 -3.903746 -5.189844 -4.772141 -8.617129 -1.336992 5.325392 5.706773 -5.393127
12 2.372876 2.906884 -8.321837 -0.463996 8.303274 -5.814463 -1.161603 -16.951260 6.117559 -4.514580 -9.854730 22.966132 -6.006864 10.422609
14 -1.577132 -6.532502 1.277446 2.225270 1.995589 -0.089412 -2.140948 -0.949110 -1.100509 3.182525 -0.242890 2.892514 -5.881969 6.941127
13 1.801073 -1.365382 1.556282 6.116717 1.419641 -0.494444 -3.171439 -2.895680 -8.335605 0.631627 -7.851798 -0.015930 10.332278 2.272661
2 -3.739788 38.807122 -3.274291 -2.020947 -7.534165 -5.875303 -8.072384 -5.124457 -4.715364 -5.792397 28.092983 -3.278328 -8.675718 -8.796962
13 13.152849 -7.577621 -4.132961 1.111349 -2.418819 -15.277812 -3.516071 -0.665777 6.706425 2.495547 -6.220895 -8.156692 28.765623 -4.265147
14 -1.291184 -3.662764 -1.506353 -2.451647 5.940393 -2.356792 -0.239602 -7.486512 -3.226675 0.370944 -1.413408 1.984331 -1.459752 16.799022
11 1.602627 0.083139 -0.524985 -1.109925 1.774700 -0.325603 -0.640736 -2.194060 -1.121384 -0.593807 3.052097 0.889429 -1.610076 0.718584
14 -19.603059 -16.507370 -15.702152 -4.420837 -10.672585 -5.639508 -26.935190 -20.216384 -22.012011 -13.361877 -19.149188 -15.124698 -10.998831 200.343685
11 -6.446212 -9.889560 -6.051632 -1.746875 -7.433110 -2.312569 -7.174735 -11.123382 -0.842944 -0.288420 70.871366 -1.629657 -5.468544 -10.463727
7 2.085140 3.030266 1.523192 3.427467 -7.128410 1.324255 18.187573 -6.916285 -2.428608 -6.821158 -2.995989 0.233879 -9.913423 6.392099
6 -16.982553 -10.033034 -13.226800 -15.887707 -9.977804 135.367920 -20.514714 -13.056899 -15.023842 -7.920399 6.938712 -6.778403 0.564782 -13.469257
4 -3.782334 -1.690970 -0.981762 61.864615 -8.467304 -5.032013 -7.278689 -2.960647 -8.917530 -3.685770 -2.948029 -7.541330 -4.522663 -4.055570
4 -4.981945 -5.656040 -3.267809 63.034061 -6.158664 -6.186066 -4.057330 -4.938035 -5.737331 -4.400808 -1.592230 -4.633596 -5.747041 -5.677162
14 -6.356084 -0.257415 -3.662581 1.081956 2.581236 -3.726752 3.387367 2.919305 -4.075505 2.451865 3.712688 1.390750 -5.743337 6.296507
7 -21.549911 2.722388 -17.481197 -19.493744 -17.349962 -11.200863 172.374564 -15.151627 -1.760998 -10.750556 -19.618835 -14.149664 -13.196432 -13.393153
7 -3.464695 -4.142241 -11.421084 -9.179722 -9.972893 -10.426415 81.346285 -4.872772 -9.629435 0.045050 -7.211342 -12.843861 2.162599 -0.389469
7 17.343169 -8.922897 1.096643 8.055020 -3.092141 -10.737107 40.371848 -5.386309 -9.003557 -7.157305 -4.764628 -2.435058 -12.472764 -2.894914
7 -21.070883 -10.986771 -11.574364 -10.993967 -3.919030 -13.161945 107.811135 -3.269444 -13.197953 -7.991834 0.518358 -8.374192 -4.648480 0.859376
7 -6.094168 -13.697637 -8.852330 -9.750976 -4.341441 -11.585982 73.903430 -2.985227 -5.313602 -7.607512 0.664755 -3.365100 -1.767427 0.793221
6 -61.041061 -3.233723 -21.619064 -27.939566 -19.715335 253.868083 -9.950373 -24.526350 -26.719401 -27.378879 -10.985672 0.114346 -6.480684 -14.392308
3 -1.218291 -2.077738 72.559383 -7.838624 -5.114599 -12.786451 11.112070 -11.897799 13.201883 -16.041787 -12.492054 -13.654800 -4.015809 -9.735385
2 -3.807651 9.323674 -1.357402 1.768959 1.306041 5.747300 1.102253 -5.323409 -5.394117 -3.749205 4.692333 3.434869 -6.343070 -1.400576
8 -14.605961 1.131201 -0.371767 -9.226254 2.081053 -6.824128 -5.495447 41.920904 4.595096 -10.748881 7.008262 3.243932 -5.246497 -7.461512
4 -3.872736 0.597170 -5.216522 9.429757 5.451065 -4.987490 -1.402405 7.394241 -0.833614 -2.311545 -2.226390 -1.507677 -0.147899 -0.365954
13 -0.577978 0.175292 -1.837529 0.903199 -5.506584 2.592069 -5.404333 -7.419831 4.771383 0.681812 -6.551145 -3.250871 11.122362 10.302154
4 -8.592956 -0.981095 -6.849509 67.966107 -5.806623 -6.652187 -4.323473 -2.188534 -5.346815 -2.616970 -8.959182 -7.485329 1.596207 -9.759639
4 -5.863594 -9.499607 -3.220154 64.215943 -8.899646 -4.481830 -5.894367 -6.426169 -7.404279 -2.188782 -1.352373 -4.992361 -0.136979 -3.855798
4 -7.363113 -7.645182 -4.363307 63.337899 -9.202283 -4.689479 -2.291095 -5.459659 0.601986 -1.610558 -2.172384 -5.030412 -9.364415 -4.747995
11 -12.475014 -28.141780 -9.250049 -15.414581 12.949888 -4.687984 -16.277209 -12.889563 -16.815443 -13.789917 157.760089 -15.344281 -13.406638 -12.217521
11 -5.919955 -15.418590 -17.830862 -2.263653 -15.851672 1.142209 -7.540260 -6.526686 -1.797259 -13.749414 101.644842 -2.373453 -1.007391 -12.507854
3 -2.551722 -4.283934 22.135195 -3.617478 1.836443 -3.174403 -4.254794 -2.975743 2.407200 0.697761 -1.818992 0.205207 0.793643 -5.398381
4 -3.434094 -3.975074 -2.521142 66.024442 -5.626008 -7.051513 -7.878289 -4.619022 -8.308342 -6.210106 -2.116281 -4.618134 -6.725305 -2.941128
5 -7.165051 1.989044 -3.918820 -0.916955 72.526852 -14.421702 -6.536902 -3.191778 -16.732419 -3.114152 -2.667513 -3.263592 -10.654928 -1.932086
14 -6.225568 5.873662 -2.006322 -2.844564 1.753115 3.163926 -0.219586 1.044459 0.928962 -5.283235 -3.081280 -5.329915 5.541175 6.685171
13 -1.483985 0.098495 -3.233920 0.195600 -0.689167 0.729613 -0.527583 -1.473530 0.127559 0.637623 0.724291 1.896135 4.539856 -1.540987
11 -10.477661 -12.735610 -11.557989 -10.873758 -8.668375 -4.887920 -7.009644 -10.427590 -8.653712 -20.478254 135.367396 -5.554127 -6.223561 -17.819201
11 -12.647583 -7.837595 -14.156393 -23.250226 -15.475657 -8.232601 -10.289010 -19.147311 -15.291842 -28.041735 214.808383 -19.857179 -19.056780 -21.524476
11 -6.959344 -8.399025 -12.423130 -1.049928 1.095850 -0.751601 -9.209733 -9.161558 -15.841462 -21.524751 107.529594 1.495255 -15.507322 -9.292849
6 2.817109 -0.438164 1.892144 -2.051559 2.198586 5.100709 -3.113599 -3.017242 0.480820 -1.696011 0.268078 -3.657504 0.134726 1.081909
1 56.548722 0.097080 -6.217624 -8.591950 -3.377832 -7.157147 -5.514867 -4.819188 -8.053433 -4.780726 -6.124886 -6.385409 3.758954 0.618306
13 -4.051626 -13.035748 5.062809 -6.778297 7.683218 0.771060 -0.109234 -14.291812 -11.853824 -5.966367 2.036923 -8.432957 51.439916 -2.474061
3 -3.419450 -4.863396 28.504971 5.095944 0.697380 -7.952829 -2.218768 -9.686563 7.862235 2.961674 -10.302291 -6.202730 -2.488284 2.012109
4 -5.276798 -5.132016 -5.353487 64.421204 -1.949769 -11.433833 -1.338788 -5.337669 -7.973121 -5.846116 -4.356606 -8.164567 -4.414382 2.155951
4 1.631202 -0.212358 -2.818871 61.537370 -6.741988 -3.147696 -0.245664 -7.417639 -6.182703 -4.472410 -3.256677 -2.848700 -15.309600 -10.514262
2 -6.980348 47.873370 -3.428607 2.919981 -5.911074 -3.726579 -6.784416 -3.434016 -15.092887 2.373003 -0.433551 -2.842759 -7.768636 3.236519
10 -5.866152 0.313909 4.077381 9.558501 -3.103399 -3.364367 -2.087747 -2.524350 -5.979924 12.079470 0.987740 2.573454 -5.658227 -1.006290
1 0.000000 0.000000 0.000000 0.000000 0.000000 0.000000 0.000000 0.000000 0.000000 0.000000 0.000000 0.000000 0.000000 0.000000
2 -5.611005 70.710583 -2.226582 -2.185873 -5.821245 -5.942577 -6.547389 -7.559342 -6.836447 -1.685704 -2.764721 -10.185716 -7.385404 -5.958579
5 -0.696314 -0.234638 1.407965 2.212623 10.789698 -3.166759 -0.140120 -1.167793 -11.852012 5.133401 -2.639921 -4.351920 7.028676 -2.322886
1 76.113695 -13.809966 -4.380596 6.734740 -12.046588 -0.875751 3.120923 0.712254 -12.741020 -14.737452 -10.331125 -0.046130 -8.686593 -9.026392
7 -10.903753 -9.819461 -7.230079 -8.937949 -1.619296 -13.068432 99.976871 -12.383484 -14.638882 -4.853689 -3.393727 -4.471507 -5.811053 -2.845555
6 -12.718404 -15.317779 -4.719392 -15.860118 -7.413981 162.140307 -14.556262 -8.250003 -11.334444 -12.692511 -16.894146 -19.744144 -4.081286 -18.557837
1 2.477842 -4.281632 -0.086984 1.618675 -0.637373 1.337570 -0.369060 -0.104171 -0.802416 1.236068 -0.434838 0.425065 -2.058606 1.679861
13 -13.626870 -4.158099 -7.765940 -3.253396 5.425927 8.752180 -6.303081 -4.269882 -3.728359 0.811295 1.822342 -4.938965 34.331042 -3.098192
1 87.475651 -11.872810 -5.120674 -8.949293 3.266105 -2.320885 -12.335963 -18.467176 -5.763284 -8.335935 -6.246957 0.516004 -6.716593 -5.128190
11 -5.506757 2.044542 1.075204 0.854587 3.462716 -3.923045 0.724696 -0.565134 -2.938317 2.123182 3.645216 1.416548 -4.517185 2.103747
10 -0.622991 -4.902753 -4.208283 -5.039122 -1.573135 -1.397098 -1.863833 -6.310896 -2.290313 19.693503 -2.375646 1.347013 -5.014568 14.558121
2 -1.708647 43.682360 -7.272501 -7.361304 5.294495 -4.694718 -4.107268 -0.163807 -15.302879 -3.860360 8.081025 -5.521576 -10.421626 3.356801
8 -4.492056 0.348861 -3.799567 -6.883085 2.351704 -8.067996 -1.276416 52.690251 -11.833087 -3.408375 3.526569 -9.803937 2.705803 -12.058668
7 -8.517826 -8.159836 -0.583908 -6.335756 -0.390948 -9.511457 71.851072 -4.716656 -10.474516 -5.117305 -8.940930 -6.483739 6.293095 -8.911284
2 0.000000 1.398322 -0.436888 -0.188859 0.000000 -0.313753 0.000000 1.398322 -0.028761 0.000000 -0.647681 -0.450877 -0.129496 -0.600329
11 -7.251853 -32.277740 -12.333602 -15.634073 32.076846 11.781579 -8.070664 -9.048015 -19.009340 -1.805349 82.063308 -17.699649 -12.375397 9.583950
10 0.332346 -2.952005 -2.155040 -3.399419 1.785084 -5.142246 2.850492 -4.255028 -6.087839 27.404497 -5.393456 1.371260 -5.302917 0.944273
14 -8.817560 11.573318 -9.754880 -17.816398 1.122219 -13.974429 1.028783 1.817646 -21.244775 -10.376010 -1.343468 0.134658 16.539712 51.111186
13 -1.120996 -3.607633 3.497868 -1.051113 0.105649 1.123503 -1.709537 -6.935911 -3.276799 -0.214437 -1.395877 -2.701390 18.119916 -0.833242
1 116.298423 107.867951 -16.100962 -25.352742 -31.589569 -0.567896 -13.332077 -21.251034 -20.315569 -20.230618 4.721791 -25.093753 -25.879428 -29.174513
6 -2.677662 -3.202660 5.026366 -3.125088 -9.780469 17.589666 -0.074596 1.280167 1.714458 -0.271430 1.485050 -5.506314 -2.741347 0.283860
2 -1.454542 29.479161 -0.383971 -4.984227 4.677188 -2.001753 -3.413187 -5.757491 -0.678753 0.597835 -4.508742 -1.132711 -5.343117 -5.095688
4 -1.625897 2.186794 0.964509 2.848381 1.079275 -1.465263 -0.480728 -1.644160 -2.646074 1.061050 1.350296 1.461922 -4.345598 1.255492
4 -10.985226 -5.836001 -6.044030 61.029571 -9.886386 38.164007 -10.572674 -6.865808 -11.377400 -12.646482 -6.871821 -9.064764 -1.735464 -7.307517
1 362.958856 -33.104915 -39.922987 -40.525382 -32.824841 -33.320635 -0.552347 -25.533489 -31.435347 -33.343659 -33.287210 -41.520973 24.201557 -41.788609
1 158.601234 -9.402661 -10.205960 -13.320031 -14.376428 -11.752725 -6.637135 -8.600290 -11.305091 -5.984892 -11.777739 -18.787063 -20.603993 -15.847218
1 133.576495 -18.141376 -11.974814 -10.654323 -26.943893 -11.377787 -7.079331 -10.308044 11.060464 -9.407688 -17.920996 -2.772611 13.108169 -31.164261
10 -4.927761 6.994971 -8.834298 -8.379358 1.374038 -3.735209 2.354613 3.236942 -3.953651 9.096925 7.473795 -3.351972 2.487134 0.163831
4 -8.108927 -5.704381 -1.282605 75.762655 -13.975031 -4.815553 -5.301055 -2.916663 -11.120423 -3.536084 -2.936804 -3.290071 -11.713895 -1.061157
13 -3.733255 -2.075780 -0.611186 0.634642 -2.403559 4.388383 4.820961 1.796219 -1.376142 -1.571234 -1.878905 -2.754441 7.340695 -2.576398
2 -17.580238 122.857900 -8.770716 -15.596282 -14.644684 -8.251431 -9.423837 -9.804958 -3.335120 8.608709 -14.032768 -12.680459 -5.499512 -11.846601
1 7.080489 -2.533319 -1.590171 1.919119 1.463759 0.653072 -0.437060 -0.956774 -2.849902 -0.323765 0.525367 2.319333 -3.009853 -2.260295
7 3.811555 -5.540960 -5.332304 -7.501966 1.888199 5.393200 14.096309 -1.729305 4.159289 -3.166653 -6.454161 2.227301 1.124368 -2.974873
13 7.441695 0.173314 -3.192354 5.076781 -7.460852 -3.468771 -4.217834 -3.757866 11.135639 -2.833033 -6.353026 -1.783879 17.127943 -7.887758
9 -6.277931 -8.976177 -1.341152 -5.624758 1.534215 14.878959 1.818776 -3.273383 35.943406 -3.514266 -6.229185 -5.229058 -3.658558 -10.050888
11 -2.312392 -4.509576 1.940124 -0.951071 -1.659407 0.924173 -1.462540 -3.250789 5.112485 -3.033911 6.425983 2.457981 3.906449 -3.587510
5 -7.400493 -3.385354 -4.211866 -13.638006 95.336647 -8.532627 -1.502756 -7.130713 -0.956438 -15.020326 -10.994508 -8.087771 -11.074661 -3.401125
4 0.361454 -7.032986 -3.640596 62.374742 -9.287631 -6.465315 -4.043086 -4.252207 -5.785853 -7.381955 -3.135556 -1.676046 -7.277747 -2.757215
4 -7.449027 5.678432 -9.019042 64.488012 21.279916 -10.885085 -9.006952 -1.708212 -8.808590 -8.549177 -8.481025 -5.365499 -12.962383 -9.211364
4 -5.637124 -0.575451 2.415549 64.163495 -5.305192 -7.204952 -7.964995 -7.235884 -9.479175 5.272195 -5.563315 -4.346083 -11.677024 -6.862039
4 -1.365092 1.519359 0.846481 4.979240 1.079275 -2.425906 0.566337 -2.138504 -5.460824 1.618096 3.047422 1.373182 -4.373033 0.733968
4 -3.791285 -3.669024 -5.418796 11.960960 -0.430171 2.913575 0.807969 6.000023 2.011625 -9.071216 -6.318415 0.788337 3.484845 0.731574
1 53.016513 -5.458525 -1.130938 -5.601627 -5.122931 -3.844333 -5.743197 0.874360 -7.037046 -4.744733 -5.359940 -0.409831 -4.069696 -5.368075
7 -14.161788 -2.190892 -21.740793 -12.918142 -8.849403 2.531839 48.854904 13.354336 -26.224449 3.226165 11.621147 -2.787962 -5.557550 14.842589
8 0.114056 -1.710208 -6.935151 -5.610409 3.381145 -4.575303 -3.934670 41.663908 -8.651353 -5.084814 -5.585212 -4.136634 0.301514 0.763133
1 69.900796 -7.716572 -2.709797 -3.330910 -5.186719 -9.166638 -8.881600 -7.418328 -4.264158 -6.933129 -2.511641 -10.009359 5.353437 -7.125381
1 93.544090 -14.852709 -5.227242 0.960293 -10.990515 -1.768777 -2.427694 -9.352735 -15.544002 -8.927987 -8.856052 -1.770012 -8.970876 -5.815781
3 0.742751 -12.353628 49.781641 13.932522 -8.015138 -15.815704 -3.223632 -14.194359 -3.287754 -6.728364 -3.557182 3.038550 -1.057594 0.737895
3 -3.881130 -7.294190 96.093635 -16.215548 -3.975276 -3.207002 -5.160232 -8.720871 -3.650604 -6.759792 -14.908761 -14.193659 1.623328 -9.749898
1 58.261741 -6.879476 -9.813362 -0.365784 -8.843592 -0.046350 2.039372 4.881229 -3.150920 -5.857061 -7.213255 -4.071670 -6.071285 -12.869584
3 -10.396125 -6.853295 110.635313 -10.649853 -8.350945 -9.910350 -3.806588 -7.259316 -8.810239 -9.733264 -5.042183 -10.366468 -12.899072 -6.557614
14 -6.748580 -10.564279 -23.168105 -11.060525 4.188711 -2.369911 7.524520 13.111519 -15.200731 -10.675437 -0.234380 11.218237 -2.727248 46.706208
14 -2.842733 -12.810091 -4.352186 5.033880 -3.817438 5.870530 1.424839 -1.913393 -14.782785 -6.501789 2.426342 -2.155694 -7.533850 41.954367
8 -10.654420 -2.241060 -8.256318 -6.633729 -13.022031 -4.168444 -1.864428 94.228354 -10.663173 1.347107 -9.927547 -9.232744 -7.850698 -11.060868
3 0.533908 -3.738118 40.366948 -1.553544 -8.217827 -5.431834 -1.611234 -3.211236 -5.369066 -8.891484 -2.584851 2.448096 -2.424957 -0.314802
6 -8.423364 -12.180402 -4.293386 -1.282503 -11.011842 75.582752 -5.354580 -6.575461 -7.639774 -3.145346 -6.957080 -8.835844 10.065211 -9.948382
13 -6.710450 -2.634255 -11.804988 -8.047693 -7.818173 -7.013608 -6.329440 -8.010226 -5.192692 2.979801 -9.364902 7.108867 67.749058 -4.911294
3 -9.345581 -7.029276 86.371513 -7.474776 -5.544935 -6.421615 -7.036303 -3.948398 -6.646623 0.659027 -7.228767 -8.849249 -12.919261 -4.585754
3 -0.495227 0.000000 1.592869 -0.211574 -0.382220 0.000000 -0.195976 -0.118645 -0.235676 -0.659885 0.293233 1.153028 -0.432185 -0.307741
11 -3.997915 -5.807369 -12.071704 -3.556919 -5.308019 0.411448 12.637626 -0.559173 -3.251448 -0.557703 28.092755 -6.873607 -1.304699 2.146724
11 0.705144 -18.669615 -3.419744 -0.887759 -12.760465 -1.673399 -8.714230 3.862227 0.376256 -6.194631 59.514651 -3.458766 -5.520538 -3.159131
11 -21.403540 7.371039 -7.665990 -3.828140 -6.836025 -12.296914 0.461540 -3.969076 -9.538527 -8.171481 80.197344 -10.814130 -1.926483 -1.579616
11 -1.802443 -38.118364 -2.314042 -16.132166 -21.242557 -24.427413 -23.223173 -11.777844 -21.365904 -35.629370 271.890592 -17.549561 -25.183393 -33.124356
1 88.618257 -7.359011 10.784751 -9.082951 4.477863 -11.359116 -7.078402 -6.111535 -15.299295 -11.292904 -17.312793 -0.891689 -8.226095 -9.867076
5 -3.620167 -6.721690 -6.027845 -6.369530 122.788395 -17.630173 -8.680481 -16.729762 -10.104362 -6.413086 -5.223428 -15.336660 -5.719175 -14.212034
4 -10.219560 -4.929896 -8.520541 80.718085 1.992201 -4.492938 5.556368 -5.209476 -8.894853 -5.825704 -11.022290 -8.468831 -8.799792 -11.882769
7 -28.840938 -2.635193 -31.540698 -15.487921 40.142651 -42.358140 187.189704 -2.668329 -14.011628 -13.460110 -27.106542 -31.136674 -9.488018 -8.598148
10 -11.583278 -0.816727 -7.539439 -13.020299 -9.778655 -5.628432 -2.440232 2.173584 -1.741455 46.982995 31.063878 -6.515468 -11.017232 -10.139239
5 -15.390960 -6.126826 -9.357412 -5.620758 134.714566 -6.692870 -12.322432 -15.848842 -6.037303 -16.758811 -9.156555 -8.313410 -11.918695 -11.169689
4 -1.576972 2.855751 -8.206201 66.891806 -5.821764 -4.672843 -4.760508 -5.429213 -6.015243 -0.764433 -7.467752 -3.279283 -10.724698 -11.028644
6 -5.186093 -14.298107 -17.022974 -22.409192 -19.524677 193.855234 -23.424719 -8.387845 3.639334 -19.212654 -16.035225 -23.532193 -10.254680 -18.206208
8 -3.730533 -3.553592 1.168582 -1.421736 -1.239188 2.282477 -5.319844 36.095567 -8.334206 -4.894253 -5.195225 8.098369 -5.045919 -8.910497
6 -4.848969 -14.979672 -16.647611 -18.713038 -17.264157 166.715964 -17.958790 -4.171997 -6.967892 -16.330929 -10.776538 -18.890646 -7.521701 -11.644023
6 1.264172 -4.842262 0.053536 -9.690006 1.745127 62.174714 -6.998014 -2.219866 1.157520 -10.379944 -2.878982 -10.610848 -12.856261 -5.918885
8 -2.107403 0.108826 -2.394770 0.952363 -1.753526 0.966013 1.294110 6.110709 4.792536 -1.557013 -3.806969 -0.498326 -0.260142 -1.846409
13 -7.876529 -3.385420 -1.811461 -3.489446 -22.639983 -10.182407 -10.405935 -8.229752 -2.203273 -13.823169 -10.341308 -3.575762 118.601479 -20.637032
13 -0.635207 -1.575067 -3.022099 -0.250751 -0.189121 -1.701346 -2.133602 -1.990754 -2.716480 -1.664454 -1.805335 -3.542059 22.301128 -1.074852
5 -5.907819 -8.339924 -4.623374 -6.740778 24.133551 9.511456 6.511733 1.112527 -7.163105 -13.631992 -3.095544 -1.505813 6.502862 3.236221
9 -3.209896 -0.753196 -1.356083 -0.392876 5.995470 -0.637179 -2.753983 -3.343908 11.458562 0.771411 -17.764404 5.996788 5.941881 0.047413
12 8.050425 -9.423559 -2.654747 2.685244 -5.304181 -8.701637 -5.373166 -10.749239 7.628910 -6.423251 6.056255 19.018363 -8.809732 14.000312
4 -4.462520 -5.906843 -5.235467 66.667118 -7.089583 -7.956951 -4.047864 -2.504261 -3.420431 -6.405912 -5.486189 -3.226219 -10.576004 -0.348870
14 -3.054795 -2.644815 -1.017925 -1.015691 1.294339 2.360100 1.508895 0.483261 -4.044362 -0.660424 -0.163794 -0.825876 -0.016086 7.797173
3 1.254264 -2.084423 7.425496 5.966610 -2.292163 -10.583872 -3.445076 -1.852213 -3.310732 0.768412 3.744979 1.123926 4.798593 -1.513801
4 -7.510028 -1.894383 -7.761869 64.588375 -9.869840 -9.896949 3.532165 5.584760 -10.011905 -8.241370 4.435165 -5.728726 -10.503107 -6.722283
3 -9.284811 -5.355717 83.805190 -5.811286 -6.795449 -4.340387 -3.046935 -2.304503 -1.059291 -2.868073 -10.101178 -5.517326 -15.305178 -12.015056
1 10.450991 0.325051 8.455807 5.252277 -5.388095 -0.868797 -5.448359 -4.276295 -6.993430 2.242288 1.481334 -6.662506 0.511672 0.918062
12 -4.212371 3.794493 -1.427589 -5.930160 -8.117814 -8.101877 -12.569382 8.099085 5.818923 -6.528019 -2.716292 19.814238 11.870994 0.205773
10 -8.866611 0.503927 1.074761 -5.042218 -3.360481 -0.177737 -8.179495 2.308295 -2.629271 15.639043 2.653093 9.361907 -8.696332 5.411119
14 -0.275751 0.886388 1.283723 -0.359932 0.931652 -0.305345 0.114764 0.569704 -1.330453 1.492064 -1.782518 -1.421230 -2.524265 2.721198
14 1.170433 6.872767 -2.532930 -8.348708 -0.575363 5.322649 6.691179 -0.656656 -10.365810 -7.403839 -3.814904 -3.187711 2.946719 13.882172
14 -7.530140 -3.990576 0.406228 -3.182775 3.268338 -1.987709 0.172491 0.482808 2.816536 0.197091 2.025429 5.540041 -5.680824 7.463063
4 5.035708 -0.947018 -1.931544 5.590618 -1.561624 -0.419839 -0.450937 -0.640669 -0.004028 -1.334418 -0.368432 -0.940953 -1.436844 -0.590020
10 -1.020570 -4.395541 0.003794 -2.986601 -1.232515 -3.277360 -5.232167 3.437478 0.960894 16.463780 -3.416710 -6.091877 3.584796 3.202598
4 -2.107513 -6.327698 -4.587418 60.949328 -7.623066 -7.160181 -1.605630 1.268014 -0.264870 -11.931276 -0.649040 -9.434461 -4.048864 -6.477320
4 -3.985285 -6.656776 -2.412421 64.201379 -7.718121 -5.829571 -4.978931 0.187158 -7.585658 -5.686467 -2.833264 -6.071025 -3.311062 -7.319953
1 11.574613 -0.879380 -1.579015 -0.755312 0.642677 -1.943410 -2.295311 3.486178 -1.547237 -2.460910 -3.339554 -0.366218 -1.074241 0.537120
12 8.690298 0.745259 -7.163371 -3.044867 -5.479443 -8.041279 -1.386401 0.439192 -2.957649 -6.478039 -1.489080 36.182088 -8.166038 -1.850672
1 49.328491 0.290006 0.218804 -8.399109 -11.777335 1.145628 -7.180596 7.077853 -4.788433 -2.043252 -7.939837 -8.631712 -2.652681 -4.647825
13 1.707862 10.749222 -2.327549 -4.786490 -8.330417 -8.643218 -3.468330 2.781354 -0.500622 -2.463455 -3.551618 -3.861190 11.467473 11.226975
12 2.983808 9.765888 9.306033 -6.174096 10.866877 -8.966366 8.620917 -21.271026 -2.481663 -8.791589 -5.981798 14.675104 -14.903478 12.351391
4 -4.104109 -8.894557 0.613794 11.608840 0.124786 -3.217469 5.930208 -4.658699 8.461954 2.714442 0.272198 1.554079 -9.635930 -0.769539
5 -5.008394 -3.637082 -5.479954 3.063992 41.602794 1.332324 -4.794557 -4.998333 -1.406454 -7.124485 -3.941732 -3.324822 -1.708830 -4.574469
4 -11.084963 -1.257734 -7.563575 65.217710 -7.172216 -8.645481 -6.144442 -2.495651 -11.702181 11.146459 -4.075692 -0.088024 -11.661448 -4.472758
14 -2.694523 -7.431958 -4.548851 -2.775639 -2.360887 -0.171820 -1.692865 -5.459995 -4.369185 -4.305028 -4.260165 -4.588893 2.012620 42.647187
5 -1.277548 -1.459970 -0.371744 0.740237 2.733490 1.244529 -0.922440 -1.298678 0.648636 0.292312 -1.611625 0.875569 -0.379242 0.786472
9 -1.408429 -1.240874 -0.071947 -2.102832 -0.213781 -0.005839 2.543947 0.001347 3.616524 0.780035 0.297824 -1.628940 0.095518 -0.662553
4 -4.135217 -6.164225 -7.702037 64.782377 -10.085286 0.581912 0.527301 -2.255772 -4.823818 -5.640429 -5.112483 -2.877066 -8.276550 -8.818705
10 3.505362 -18.327585 -4.663013 -6.146914 2.391310 1.585717 -0.798850 1.525358 -9.350925 19.705515 -3.297968 19.344179 -8.273335 2.801150
14 -6.211605 -14.595788 -10.185371 -13.247817 -10.626191 -3.677595 -12.849113 -15.257797 -2.110454 1.937449 -10.716390 -10.716801 -5.297287 113.554757
6 -2.498827 -13.468824 -8.813699 -9.753588 -10.027147 104.918163 -8.523472 -13.777477 -2.358925 -12.863351 -10.510056 -3.687865 2.719525 -11.354456
6 0.489872 1.953969 -2.989434 -4.384832 3.369840 7.895555 -2.486106 -5.803660 0.727941 0.861559 -4.850697 4.516736 4.492688 -3.793432
12 -0.185139 0.750285 0.580111 1.878485 -0.097076 0.388975 0.274621 -2.178653 -3.887740 0.299158 2.275145 3.156312 -5.192541 1.938056
4 -4.656093 -5.648644 -4.538297 71.671683 -8.840696 -7.575059 -5.768555 -6.084621 -3.937849 -4.958547 -2.208364 -2.935272 -9.223886 -5.295795
10 -1.136235 -10.876800 -7.665208 -5.737521 2.169104 -11.512212 -12.425450 -0.674385 4.000517 43.465693 -7.124563 5.462979 5.247997 -3.193913
8 -5.787799 8.948119 -11.056698 -12.427101 -10.678020 -9.876651 -20.596005 97.793356 -11.516552 8.443559 -5.618757 -17.852891 -4.228943 -5.545615
8 0.170493 2.890447 0.506312 -4.512319 -11.963854 1.439838 -2.461123 22.655111 3.135068 0.495922 -5.519292 -4.298935 0.199655 -2.737323
1 66.741272 0.782394 -9.922395 -2.254108 -4.333314 -5.199842 -2.533918 -8.739122 -6.972288 -7.866416 -3.593892 -8.694058 -6.447152 -0.967159
13 -3.836690 0.835986 1.075768 3.301147 -2.643207 -0.735544 -3.733137 -2.542058 -1.415489 4.158051 -0.373114 -0.957715 6.962774 -0.096771
5 -4.532680 -0.983555 -1.075911 -7.024307 32.375467 -11.902532 -5.890909 6.086539 5.226807 -4.218706 -3.952097 -4.323940 4.760448 -4.544623
11 -5.532878 -4.695923 -10.504035 -5.754251 -8.929340 -6.387992 -1.106660 -10.867618 -5.386763 -6.482732 96.616420 -6.364849 -10.811339 -13.792042
14 1.581999 0.037747 6.926892 -2.277048 7.830868 -9.245197 -2.295269 0.960056 -1.610758 -3.619240 2.792501 -4.563364 -5.477606 8.958421
9 6.436107 -11.306319 -5.195809 3.863869 -3.259510 -2.661712 -3.309154 6.353647 13.142479 3.381067 -12.618397 8.049549 -2.484431 -0.391385
8 -8.078227 -3.413020 -17.695006 -7.103498 6.756379 -0.038879 -21.720716 97.771592 -3.373224 -12.740215 -10.220932 -3.543819 -5.600847 -10.999584
5 4.705558 -2.501734 -0.217069 -0.754005 5.712728 -3.070643 0.848849 5.289627 -2.217859 -5.430822 -4.238532 1.211277 3.136408 -2.473783
5 1.226510 -13.813134 -2.790434 10.224279 13.982610 6.316301 -4.215314 2.460724 5.634434 -2.934495 -8.662150 0.154845 -2.664834 -4.919342
10 9.395203 5.684351 -2.461263 4.169304 3.017245 -9.213216 -1.266061 -2.993795 -1.380504 13.284478 -6.813907 -4.341106 -0.542796 -6.537932
4 -8.184554 -7.261116 -4.144081 70.013559 -8.559529 -5.372594 -3.067125 -3.839814 -4.941605 -6.383799 -3.011539 -3.838010 -6.958277 -4.451512
4 -2.013488 1.179027 -0.035610 5.712221 -0.943462 2.642599 1.994786 -2.116746 -2.639475 -0.018870 0.470545 2.789899 -6.808700 -0.212726
13 -1.723597 2.156412 1.895616 0.707141 0.190956 -1.707734 0.019972 2.241823 -0.123041 -0.100535 -1.812396 -7.468682 9.613610 -3.889546
1 49.400092 -8.254601 -8.997683 -6.412409 -5.214886 -5.739392 -2.603819 -3.640236 -3.125480 0.640627 -5.647872 9.053971 -7.398781 -2.059530
6 -5.819315 27.594416 -10.639272 -15.972442 -19.756594 119.091627 -14.344756 -1.886046 -7.408368 -13.701328 -12.225183 -11.233592 -19.644354 -14.054792
3 -2.697342 -1.814052 29.948012 -2.682380 -3.225244 -6.726659 -4.151857 -5.973410 -2.040687 4.718760 -0.041278 -3.354011 -0.496457 -1.463392
5 6.771931 14.428541 -10.323976 2.126511 29.934026 -3.910934 -9.231594 5.466414 -6.852340 -9.526067 -12.580941 -1.790829 0.844323 -5.355067
8 -6.708364 -5.296254 -4.040523 6.472259 -5.562067 1.367598 -10.859798 42.747258 -4.811298 -4.567000 -4.457154 -0.054370 -7.935076 3.704792
14 -1.197113 1.180495 0.467581 -2.613797 2.386946 -2.195619 2.661304 -0.971857 -2.336343 1.728306 0.505273 -0.213904 -2.095004 2.693731
2 4.147532 5.028597 -3.388764 0.857471 -1.904081 -1.071218 1.612475 0.704970 0.808667 1.581390 -1.340443 -3.143773 0.489904 -4.382725
6 -18.773879 -28.742209 8.401822 -15.813205 -19.830592 103.242662 -23.172284 -14.714264 -1.275781 -31.483611 64.996358 -7.630190 1.134941 -16.339769
12 -12.970332 0.527108 2.564432 8.071989 -2.171378 -10.429499 -6.005503 -5.227262 14.802841 -7.336472 -14.498920 35.266310 12.477415 -15.070726
3 -8.957523 -8.276603 79.735794 -11.046815 -1.580477 -4.523115 -1.280563 -13.012108 -14.016988 -2.544246 -9.302888 -2.155430 -1.778211 -1.260826
9 -0.258044 -0.163966 -0.511839 -0.409726 -0.624185 -0.959078 1.528542 -1.114347 3.315012 -0.486941 -0.307945 1.443210 -0.455084 -0.995609
13 -5.390832 -0.490545 -0.355551 -0.071798 -8.648470 -3.533608 -6.069337 1.774827 -1.308766 5.173611 -3.281134 1.603196 11.785865 8.812541
12 -2.402409 2.343662 -0.267028 -1.648293 -4.372453 0.313326 -2.662512 -3.184419 -1.691253 -0.316503 0.230797 15.592686 -1.237588 -0.698012
11 1.511049 0.760839 -5.198710 -1.954892 -15.427578 -3.365858 -7.249704 -10.137358 5.091757 -4.815600 48.594123 -2.766706 -4.857977 -0.183383
6 -1.580250 -0.180951 2.912630 -8.027334 0.244351 10.680195 1.039758 5.392335 -0.747635 2.498205 3.960089 -12.620453 2.800667 -6.371607
2 -12.312359 46.482915 -2.349831 -5.701339 0.896696 -10.578864 -0.928771 -3.672041 4.370339 -2.998791 -4.634841 -3.601250 -5.007853 0.035992
1 371.481943 -37.959870 -37.454615 -36.593835 -38.507055 -34.350999 -18.762942 -19.257800 -36.669963 -36.782694 -28.509659 -37.100716 29.968605 -39.500383
7 -9.088275 -6.638615 -3.930779 -4.971455 -6.873679 -5.384633 64.260396 -6.002517 -5.231678 -3.182673 -4.990687 5.988448 -6.253796 -7.700052
10 -2.946585 -4.785461 -1.237191 3.660516 -0.901895 -4.862821 -1.211353 4.645798 -8.592803 13.783308 1.305040 6.190853 -0.020532 -5.026874
3 -8.122440 -5.665038 51.338586 -13.551568 3.094237 -1.964590 8.471866 -8.735119 -3.522392 -9.036950 -6.705758 2.232188 -2.652868 -5.180152
1 63.335927 -10.003439 1.717297 -2.243623 -8.516433 -13.092779 -16.893072 -1.190860 4.458855 -6.549517 -11.377837 5.943710 7.017894 -12.606121
1 55.830479 -3.666442 -4.992736 -2.591842 -5.959463 -0.636741 -8.792206 -3.745428 -2.773798 2.200855 -2.992300 -5.141629 -11.839264 -4.899481
2 -2.721109 42.759188 -0.620320 -0.917508 -4.419011 -6.224526 -4.258417 -6.922511 -3.448569 6.744338 -5.796781 -0.468451 -7.633970 -6.072354
6 -3.764615 1.908897 -2.242888 -8.271018 -4.489481 60.515167 -1.822093 -8.947421 -4.450697 -8.429682 -6.822171 -11.451476 10.450231 -12.182751
5 -11.628516 -3.848940 -5.675564 -2.827394 54.174967 -14.205437 1.593216 1.731642 -11.689863 -1.562128 0.069017 -8.612855 -1.568869 4.050726
6 9.765260 -2.614774 -6.673232 -7.182193 -3.670756 52.021243 -19.554850 -15.012657 -15.619282 8.591797 -3.785881 -5.235823 -2.274090 11.245236
10 -3.252514 4.911424 4.637339 -3.901939 -4.801126 -5.914621 -5.065131 0.745335 -0.748123 7.933236 -1.271688 5.492852 1.359702 -0.124745
2 2.692745 16.630978 -2.661288 -3.958762 -2.042699 0.913999 -5.435585 2.113924 -0.609252 -1.110841 -5.625603 1.292689 -4.398362 2.198060
3 -9.517687 -6.836205 84.603067 -7.474776 -4.374971 -7.455863 -6.576725 -3.931622 -6.626615 1.214647 -6.644770 -8.033372 -13.759354 -4.585754
6 1.167709 -1.442335 -2.251711 -0.685662 -13.834903 10.790820 -1.288954 5.001847 -2.652368 1.486492 2.058333 0.489236 1.908662 -0.747166
6 0.028224 -1.431643 0.426596 1.981060 -2.024218 3.977219 -0.678558 -1.243231 0.416931 -1.177575 -0.921394 -0.148712 0.571248 0.224053
3 -3.022009 -0.868321 53.689939 -0.934041 -3.723540 -1.391993 -6.487390 0.024805 -6.321991 -6.927934 -1.409092 -10.612566 -8.795013 -3.220849
10 -10.028932 -1.718601 -16.471800 -7.317463 -3.144591 -5.746594 -0.191908 -3.667572 -3.248540 90.785563 -5.557701 -1.206309 -25.918288 -6.567265
10 -6.945367 -1.707203 -3.795841 0.192990 0.144293 -9.210386 0.589718 -11.380509 -6.039741 27.745010 0.686028 8.838032 -5.918155 6.801131
7 -50.157975 -58.544534 -51.217039 -60.499772 -53.594713 -76.180939 725.527268 -51.810327 -48.835035 -27.557821 -75.844658 -55.852133 -59.077892 -56.354383
3 -0.806470 -2.771560 6.324437 0.524335 -4.967270 0.189845 2.160581 5.711045 4.028978 -7.081886 2.857801 -0.259649 -5.059857 -0.850330
12 -3.758889 1.893686 1.866012 3.872198 -6.408854 -0.970257 4.997884 -3.463179 -12.354468 -6.648162 2.507401 33.761137 -10.903328 -4.391182
4 -1.583461 0.895206 0.964509 2.946356 1.079275 -1.423205 -0.325875 -0.812647 -4.044396 1.261519 2.128599 1.461922 -4.280027 1.732226
11 -8.606156 -12.963967 -14.357351 -14.839041 -3.484775 -1.248170 -5.095117 -11.657014 0.392240 -23.613077 114.632485 6.088304 -12.150647 -13.097719
11 -32.913509 -55.857189 -41.831131 -43.762007 -21.963944 -31.686226 -27.817654 -45.516002 -37.532632 -61.433377 519.543620 -48.104242 -28.308167 -42.817545
10 -2.596032 3.380279 -6.109918 -3.273762 -2.451767 -1.085611 0.237864 3.386591 -1.556411 5.696793 2.125178 1.408399 0.469963 0.368433
3 -9.499265 -6.633827 83.782193 -7.474776 -3.803098 -6.621453 -5.962288 -3.976657 -6.626615 1.214647 -7.338765 -8.384540 -13.702396 -4.973159
11 0.441258 1.257097 3.811003 -2.877283 -3.174102 -4.726351 3.180468 -3.488405 0.474735 2.128833 5.478991 -4.778183 1.194194 1.077744
14 -6.400025 -5.605706 1.656039 -6.379871 8.280959 -5.297960 10.717007 -10.342675 3.352075 -7.339644 -15.442354 5.142268 2.942426 24.717461
11 -3.861788 -2.341708 -5.228080 -0.506379 2.248278 -1.116636 -3.389225 -0.357768 -1.401734 0.415227 21.010375 -2.439714 -1.364815 -1.666032
7 -2.726692 -1.733106 -3.108078 -1.217901 -0.904263 -0.836396 6.277978 2.644797 -0.162039 -2.057048 5.685222 -2.411617 0.745601 -0.196460
4 -1.078460 3.764666 -2.789319 5.881038 2.621837 0.111240 1.275794 -0.571239 -6.185082 1.312160 2.233097 -0.365946 -5.346998 -0.862789
10 -22.175010 -0.703935 -1.512193 -16.419673 20.039351 -14.604824 -8.565324 12.533283 4.124030 35.253493 11.795923 5.088492 -5.027233 -19.826378
11 -8.369785 10.170244 -18.309005 -3.617674 -8.389339 -10.009371 8.843614 1.390645 -14.532503 -12.227352 82.328823 -14.956938 -6.876638 -5.444726
10 -2.240323 -4.919359 -2.673357 -4.861431 -4.394079 -5.108094 -3.690444 -8.630454 1.939028 43.456568 -3.616849 -2.397933 2.383467 -5.246742
11 -8.685961 -11.765342 -11.511803 -5.238069 5.434894 -7.278548 -4.175040 -5.953956 -11.739292 -10.698786 97.618023 -6.352401 -11.103194 -8.550528
11 -2.778165 -3.233351 -0.980323 -2.753197 -2.700254 -6.632472 -2.588241 -1.323820 -6.115502 -0.561058 43.039647 -2.791058 -8.103174 -2.479032
6 -4.023165 -2.556268 -11.430577 16.499050 -1.159979 46.292131 -3.613051 -8.918877 -0.966962 -8.753566 -9.000147 -3.760278 0.849051 -9.457361
13 -1.784433 -1.875858 -7.506771 -2.075400 -0.251765 -8.973587 -2.453450 -4.922451 -2.491876 -1.001741 -4.223164 0.542057 41.775407 -4.756967
5 2.312157 17.675773 -5.026046 3.095439 30.010866 -2.802927 -8.521084 2.988210 -7.022856 -7.985927 -5.344958 -11.320915 -2.700177 -5.357555
14 -4.072063 4.766804 -8.169278 -6.707154 -1.649745 4.457659 4.972259 -0.331363 0.052418 -5.088586 4.897199 -5.364222 -5.442071 17.678143
2 -31.366438 26.394629 -1.067340 -4.808424 9.337744 -16.699827 7.129576 3.632321 -5.516945 -0.463600 5.781096 3.562338 -9.630684 13.715563
14 -0.713452 -3.157467 -1.981427 1.555845 -2.941207 -8.359272 0.040294 0.044902 -9.503287 -1.654051 9.143865 -0.485472 -5.222926 23.233657
3 -6.165002 3.538987 7.106890 -2.406989 -0.985078 -2.693510 5.292525 4.324816 -3.711449 -5.608268 3.904552 -3.113920 -1.369543 1.885987
2 -21.810444 69.775965 -8.358964 -3.024187 -9.004299 -9.534177 -7.106761 13.565805 -10.860124 6.112914 -3.291515 -6.851490 -5.620509 -3.992210
5 -3.033162 1.675488 5.612176 -7.279616 47.225184 -8.133411 -6.145530 -2.193662 3.301185 -0.451855 -6.014878 -8.110158 -10.157196 -6.294560
9 -3.526379 -0.697616 -3.799256 -3.548180 -3.022909 1.365024 -1.820374 1.178124 33.855181 -10.034691 -1.277933 1.168054 -2.608649 -7.230399
13 -7.024777 5.125868 -3.458323 2.452825 -2.659383 -0.650883 -3.047655 -5.005178 -4.748626 6.543392 -2.142334 5.473375 7.556382 1.585318
5 -10.209122 -4.817216 -11.748400 -3.661629 61.790363 -17.394021 0.557745 -4.069216 -15.909668 -9.910889 10.961021 -6.138315 6.474251 4.075097
2 -33.773076 85.785449 -4.499513 -4.407140 -1.706964 -12.024064 -2.391073 -4.773067 -8.886778 -5.544846 -2.697770 -1.161623 -2.129709 -1.789817
13 -0.812553 -3.447150 -0.995466 -0.711464 -5.642463 -3.243030 -2.732018 -1.821495 -4.108147 4.732467 0.038712 1.277897 20.840612 -3.375902
14 -11.713809 -16.992165 -5.466450 0.959702 -13.672472 0.822677 -0.770148 -12.649527 -5.409328 -13.323343 -10.645676 -14.823038 -2.929189 106.612764
9 -0.445014 -4.084299 -2.361285 2.538350 -4.086489 1.433971 -3.543935 4.575437 6.066237 -3.703954 0.570547 2.993842 0.769009 -0.722417
3 -12.243264 -3.497751 104.611081 -3.230795 -16.192404 -10.473963 -4.494421 -11.323621 -9.633189 7.144377 -6.267895 -1.070043 -19.378548 -13.949568
4 -3.822987 0.830998 2.520317 8.763330 1.499814 1.596874 -2.242481 -1.760859 -0.998388 -8.982265 -5.496240 5.599846 5.099236 -2.607196
6 -2.505738 -7.395382 1.326744 -1.968866 -15.383941 52.390014 2.767930 -5.053969 -11.523029 -12.874117 -0.395293 10.515867 -5.973350 -3.926869
13 -3.931417 -1.625331 -4.738221 -1.188119 4.552770 -1.437119 -4.117370 -1.438713 -4.094443 8.424612 -10.029592 4.118840 10.706885 4.797218
3 -3.611411 -8.329283 42.390316 -3.966004 -4.588801 1.065974 -10.728043 2.059469 -4.118243 -7.276339 -3.894474 7.097394 -3.687633 -2.412926
1 38.899684 -2.843637 0.083434 -5.917628 -7.730107 -6.197027 -1.751871 1.147030 2.498858 -7.017798 -6.105117 4.061817 -5.543970 -3.583665
2 -1.508543 12.478809 -1.617174 0.258487 0.116022 -0.512744 -0.780261 -0.846421 -0.955907 -1.875533 -2.713834 -0.452001 -1.764414 0.173514
1 7.700313 2.084784 -6.299861 -4.434064 -1.459850 4.754723 4.101984 -3.055530 -2.746498 -1.932441 -4.676538 3.689732 -0.483661 2.756909
5 -1.787033 -7.549618 -8.215498 -9.838632 54.033757 5.888880 -3.056089 -1.908882 -13.110539 -2.002616 -3.866936 -5.900381 -0.682392 -2.004020
6 -3.079228 -10.254904 -7.357534 -3.805604 -3.273943 70.483950 -4.904282 -5.505994 -2.759580 -7.852125 -4.761488 -1.804569 -9.086242 -6.038457
3 0.960045 -7.048121 65.982973 -8.676764 -7.151322 -6.724984 -6.691582 -9.932663 -9.611405 -16.932050 -13.051430 47.724253 -31.027598 2.180653
12 -1.768739 -8.725504 -2.184591 3.178029 -11.711546 20.951020 -14.661666 -8.375028 -16.022271 13.189021 -13.212939 43.495487 -4.460267 0.308995
1 50.578671 4.036312 -8.515189 -1.115785 2.055789 -0.309431 3.664762 -13.991300 1.411650 -7.223175 -11.292782 -0.209925 -17.411318 -1.678275
14 -1.386962 0.092770 -1.226303 3.358144 6.279375 -2.431322 -1.445148 -6.727228 -7.059900 -2.982798 -3.449914 1.053459 -0.482271 16.408096
4 -0.704971 0.289702 0.032620 3.400383 -2.487770 -3.403334 -1.145887 0.198132 -4.350477 -2.575890 3.331029 2.336048 2.381256 2.699158
10 -3.582704 -0.490922 -1.206359 3.994110 -1.051136 -0.475121 -1.674261 -2.452530 -2.860284 7.485056 5.193328 0.251988 -6.341907 3.210742
12 1.682900 -5.202794 -4.732695 -1.221248 -6.915678 1.766940 1.005729 -5.563982 -4.492867 -2.718163 -7.204597 41.294330 -2.670656 -5.027220
1 51.860983 -8.372917 -7.367475 -1.274593 -5.636187 -9.212273 2.621019 -1.493024 -2.873043 -4.320116 -1.932336 -5.660889 -12.471395 6.132248
13 -3.782400 -6.670492 -2.944970 0.278498 0.033508 2.836814 -3.547750 -4.934078 -3.365172 -0.736154 -2.742227 3.365299 22.775130 -0.566005
13 -5.323210 -2.138883 -8.558755 -4.660265 -9.256797 -1.168017 6.558565 -8.321847 2.215956 -1.164396 0.023135 -0.695788 32.564608 -0.074305
14 -2.188648 0.982459 -4.269954 -0.605978 5.637969 -3.353735 -1.520845 -3.646998 -12.169409 8.526758 7.648241 3.798650 -7.989144 9.150634
12 0.629980 -1.797454 -0.991789 1.036660 -4.406003 -4.494230 1.103887 0.783609 5.047962 2.359780 -2.267680 5.217331 -1.876340 -0.345713
3 -6.045074 -4.822466 82.118701 -9.096125 -6.942695 -9.769241 -4.817899 -5.347958 -5.966817 -5.836034 -4.862292 -9.000208 -5.291426 -4.320462
7 3.207440 -17.157898 -12.491082 -22.308284 -11.523562 -25.029309 144.454278 -30.301673 -20.207508 -1.685304 -13.368165 -16.224869 14.712686 7.923261
11 -6.993646 -7.843736 -2.528373 0.596604 1.442832 -4.368802 3.250112 -3.850283 -14.764356 -6.250521 49.720683 0.588576 -8.290848 -0.708243
8 0.887281 -2.610495 6.696620 -11.822176 -10.677652 -2.618825 -6.791029 35.394241 -0.720017 5.839142 -9.316620 -7.379010 5.879789 -2.761249
9 2.336765 -5.949628 -5.057354 1.314891 -10.447592 -4.781114 1.099221 -3.348676 15.795204 -2.177605 -4.001592 3.404675 11.270113 0.542691
12 -3.852276 4.633163 2.101079 2.066602 -6.967991 4.165815 2.270314 -11.070081 3.623669 2.095448 0.590667 5.521155 -5.866061 0.688499
6 -3.103025 -2.533599 -2.588115 -1.799307 -11.297617 58.129148 -7.511690 -5.131891 -4.416236 -3.288325 -6.803836 -7.220052 3.962843 -6.398298
1 79.579574 -0.244800 -0.679984 -8.293067 -8.795782 -4.149253 0.294079 -6.113038 -10.494358 -14.100982 -9.552470 20.415394 -20.163116 -17.702193
1 17.042481 1.266136 0.801961 -2.266401 2.747959 -3.839962 -2.976600 -2.832775 1.379843 -2.871415 -1.404636 -4.687280 -0.436360 -1.922953
9 2.122572 3.222114 0.350019 -8.556631 -3.487496 8.003620 -5.832898 -6.282018 23.897799 -0.442847 -0.670062 -1.585660 -7.832207 -2.906306
5 -8.774256 2.290687 -9.916247 0.881129 44.899405 0.113373 -2.716186 -8.130216 -7.499910 -2.757294 -0.807038 -2.009813 -3.032198 -2.541435
5 2.052109 1.938376 -7.686246 -3.949415 9.336517 4.890820 -0.990884 -2.614880 -3.944353 -3.986107 -3.275169 -1.853212 8.500261 1.582185
11 -2.739425 -1.886902 -1.574726 4.484203 0.510631 -4.462183 0.005659 2.748416 -5.309244 0.603316 6.212894 5.851651 -5.861739 1.417448
1 80.095513 0.395883 5.284798 -16.153846 12.119144 -16.677923 -5.958595 -9.379687 0.102313 -1.566097 -20.742909 -8.870789 1.168788 -19.816588
1 25.543200 5.568264 -5.502510 -9.484884 -8.042989 3.984081 5.101638 -9.204075 8.425302 -0.603594 -13.776866 -6.115199 0.071313 4.036319
12 1.074313 -2.703531 -0.716661 1.084354 -4.271288 5.749248 -3.069945 -5.292737 -6.969651 -4.911639 -2.322997 22.212393 0.478523 -0.340381
1 28.836510 1.400935 -10.628968 2.880630 -3.245499 8.876884 1.881026 -8.124460 -3.757953 -8.145410 -9.621670 -1.536047 -1.057738 2.241760
1 103.657904 -9.462306 -6.267339 -5.606537 -10.116772 -7.286787 -5.711513 -7.185399 -4.999952 -3.838323 -5.962052 -11.097016 -14.830188 -11.293716
1 238.987653 -14.146734 -13.243474 -10.053390 -27.861938 -27.347946 -28.667242 -28.143641 -2.340503 -16.621478 -26.002495 -21.049361 -6.898666 -16.610776
1 75.604392 -5.698817 -4.637204 -4.192695 -2.992752 -4.318964 -3.754422 -6.311141 -5.892081 -6.370501 -7.536125 -5.753182 -8.994770 -9.151734
1 212.360181 -13.488262 -24.900169 -32.951986 -24.457025 -13.999896 -27.867062 -17.016568 -19.068477 -26.116391 -25.236713 -14.640199 47.791338 -20.408764
1 99.875043 -9.221638 -2.180073 -4.289417 -5.985774 -6.006743 -11.848424 -17.283132 -5.590392 -8.949504 -6.388620 -7.523986 -3.544783 -11.062557
1 57.123030 -16.405409 -5.939061 -3.671640 -14.668504 -11.565878 -7.846646 -5.110534 6.859467 12.514633 -8.346748 0.029538 7.879001 -10.851251
1 62.641036 -5.170200 -5.553309 -2.976774 -8.137066 -6.185615 -0.523775 -4.044826 1.503431 -8.200465 -9.119386 -5.912879 -5.346894 -2.973276
1 66.808321 3.100103 -15.573173 -7.214025 0.743128 -10.005093 -6.058836 -7.323390 0.760203 -0.794561 -0.452648 -17.166867 0.510277 -7.333435
1 70.232151 -10.372341 -4.428547 -11.091632 -6.464879 -9.594563 -8.098914 -8.676320 -1.504224 -2.387395 -4.141195 -6.265338 2.546039 0.247158
1 79.843313 -3.463113 -4.800909 -8.459130 -11.881703 -9.177187 -3.029438 -4.876566 -4.273255 -6.599098 -3.896593 -6.135631 -0.449362 -12.801328
1 51.678070 -6.965378 -6.389673 -4.884733 -6.908579 -0.789267 -4.104404 -0.336395 -1.004584 -3.542091 -5.947932 3.060683 -6.222106 -7.643610
2 0.859789 5.699810 0.690464 0.994929 2.016984 -1.665227 -0.958616 -2.705336 -6.140755 -0.000437 3.871657 0.396556 -4.392835 1.333017
1 46.751734 -11.904614 -13.289788 0.458576 5.994560 -3.611482 -0.110629 -3.865725 1.250581 -4.448189 -6.429260 -8.713098 3.127468 -5.210133
1 7.883815 2.431991 3.243853 -1.229477 4.324109 -1.484497 -1.571803 -0.429062 -7.704498 -4.203769 -1.267670 -0.794493 -2.442951 3.244452
1 62.278926 -10.589477 -7.507080 -7.583319 -1.350102 -8.100169 -4.710556 -4.551004 2.028083 11.802372 -5.348316 -7.266364 -10.786188 -8.316804
1 56.099993 -7.780472 -6.118018 -7.548305 -5.062080 -1.775867 -3.932682 -3.220583 0.093838 -4.396978 -6.241827 6.322511 -7.417405 -9.022125
1 41.038350 -0.862717 -1.221173 2.238331 4.940460 -13.313194 -3.138962 -3.438734 -1.994238 -4.062238 -2.227267 -2.168684 -10.799076 -4.990857
1 83.415716 2.848342 -14.000094 -8.819239 -8.407437 -2.788077 -11.005464 -10.423418 -7.520008 -3.920846 -5.363458 -0.629730 -9.114557 -4.271729
1 10.644369 2.508927 -3.868072 -4.197621 -1.756587 4.718481 -7.740546 -1.558748 -7.997296 4.563032 2.818831 1.864673 -0.740286 0.740843
5 -2.932939 -5.288655 -1.800821 -4.689907 25.953555 7.170408 7.957625 -9.206819 -2.712434 6.505990 -11.947659 -1.028998 -2.048222 -5.931124
10 -11.301373 5.381073 -3.314372 -1.420710 -5.502340 2.414369 6.132575 -3.982043 -9.285885 40.441874 3.050709 -1.824021 -19.656832 -1.133024
12 0.899722 -0.128551 1.320203 -3.015190 -3.337203 -7.259020 -2.041488 -1.880099 -1.088113 4.074227 1.649684 7.012206 4.677919 -0.884296
5 -8.900192 -8.405820 -4.190433 -18.728136 31.844617 0.490367 9.737054 10.787049 -4.267835 21.327514 -13.565574 -1.454433 -10.977781 -3.696396
10 -5.944386 -9.451328 -1.313695 -12.066029 -3.907268 -1.530243 -5.129807 2.566601 -13.447128 51.935712 -8.046279 -2.536109 6.204204 2.665754
10 -8.304877 -1.304383 -9.554623 -8.236462 -6.533187 -8.634918 -5.670443 -5.209343 -11.212394 93.751952 -8.169378 -6.980546 -2.503815 -11.437588
10 -2.306268 -2.134824 -2.301196 0.645699 -1.394398 -3.238885 0.875229 -3.129652 2.143002 20.292657 -2.739988 -2.745402 1.281541 -5.247513
10 -8.513478 -2.884776 -7.105815 -12.433826 -5.723627 -12.009916 -10.309781 -4.747628 -4.291660 94.004801 -8.292559 -8.800735 -8.219545 -0.671455
14 17.083529 2.834335 -6.264235 -6.019325 -10.842440 -5.013812 1.141792 -6.232836 -1.308261 5.461346 10.515587 -16.307694 -3.022013 17.974030
10 -8.724064 -11.074830 1.379521 0.923003 5.705153 -3.352429 5.565635 -6.921930 -0.238496 14.352404 -4.391870 -2.022548 4.717459 4.082994
10 -8.147065 -9.157532 -9.922371 -1.300834 -7.092382 -10.095012 -2.919705 -4.007006 -11.574153 91.921883 -7.298146 0.507606 -13.946782 -6.968500
8 2.263662 -19.521799 -7.120382 -5.008712 7.633330 -2.333261 0.976058 22.807387 -10.620890 -2.668123 5.862842 3.188761 11.073476 -6.532349
10 -9.210200 -2.023472 5.735618 -5.274101 10.294159 -10.869650 -0.295507 -5.808291 -9.569238 21.268274 0.854436 -4.408691 15.094262 -5.787600
10 -4.487558 0.266839 4.523044 -0.661060 -3.296425 -9.656534 -9.369500 -3.639532 -6.753189 44.244752 -3.898746 -4.077928 1.613431 -4.807594
9 -2.048504 -0.062084 -7.520960 -4.535956 0.216323 4.622395 7.615722 1.608372 9.038869 -5.161930 -1.818757 -6.018770 3.919230 0.146048
10 -5.514720 -9.202423 -1.180512 -6.024426 0.628483 -1.000816 -7.361896 3.817846 -6.990558 50.982719 -2.810755 -6.053208 -3.295903 -5.993830
10 2.129075 -3.569881 -0.996199 6.464956 3.935369 -5.735839 -6.992746 -4.973721 -3.974762 14.943380 0.440941 5.197095 -7.199201 0.331534
10 -9.118387 -2.074667 2.829482 9.906130 11.688866 -7.695347 -2.342174 -6.070300 -14.685352 30.877009 2.594911 -0.184529 -17.765684 2.040039
9 -5.727161 1.315289 -1.517726 4.344214 0.820074 -3.815642 -0.692949 2.196760 7.558686 3.613121 -6.147273 1.620381 5.108516 -8.676289
2 -4.232627 19.720548 -2.929892 -2.268965 2.300624 0.809017 3.669773 -7.426492 -7.132766 1.181534 6.786454 1.825977 -11.070393 -1.232792
2 -14.737572 51.721377 -4.130949 -3.645803 -3.461171 -5.260313 -3.128027 -4.512654 -2.918004 -2.835456 -3.443322 4.322311 -3.856577 -4.113837
2 -4.617165 48.324260 -4.716680 -2.212560 14.060933 -3.299285 -9.015697 0.404069 -4.879575 -6.725190 -8.489208 -6.791591 -5.287074 -6.755236
2 -5.664077 54.590143 0.757958 -6.397276 -17.707785 -7.488221 -0.206086 -7.658981 0.946999 -2.908442 0.159198 5.485956 -9.658392 -4.250994
2 1.339250 49.335154 -3.007429 -2.971099 -5.754870 -5.748110 0.375706 -5.424934 -0.680221 -4.778100 -7.873165 -4.712919 -8.153618 -1.945643
2 -9.841092 49.256249 11.742105 -2.455874 -4.547377 -1.818924 -0.621766 -5.986810 -5.827864 -5.386316 -5.242029 -4.377715 -9.966301 -4.926286
2 -19.615021 130.573135 -4.848364 -8.034462 90.114147 -23.394919 -35.469412 -7.539607 -28.078026 -22.512039 -13.140730 -15.900763 -15.165724 -26.988215
2 -5.483225 9.425884 -17.350493 0.393763 2.401178 5.861430 3.877333 6.996006 -9.318201 0.200056 3.003990 -7.750939 3.197495 4.545724
2 -33.901134 63.262856 5.041223 -1.275743 -2.845793 -13.106772 1.414583 -2.372616 -9.228549 2.467414 -3.061621 -6.038215 -6.095721 5.740096
2 -1.061813 31.875372 -3.185565 -5.093638 5.259575 1.382335 -6.452617 -0.079907 -1.571086 -2.633311 -3.603199 -8.520095 -2.726073 -3.589980
2 0.839210 29.204813 -3.446324 -6.578627 -0.462583 2.762675 2.830347 -3.979825 -4.692870 -3.496969 -5.470254 -2.922398 -5.462221 0.875022
2 -0.639825 49.494604 -6.399790 -3.230684 13.707859 0.118957 -12.082196 0.171716 -6.007437 -6.172734 -10.974699 -3.996598 -4.494281 -9.494891
14 -2.098607 1.221253 -5.029100 1.780895 -2.976170 1.299159 -1.201024 1.656522 -2.949481 -5.134578 1.429607 3.575624 -0.508105 8.934005
5 2.075808 13.246704 -9.678831 0.034739 41.067817 -6.258601 -8.605024 -2.412276 -6.010066 -5.843679 -7.562182 -4.946574 2.646639 -7.754473
2 -6.241157 113.036379 -12.110803 -8.839371 -29.700580 0.351024 9.131625 -12.902927 -9.747714 -8.883772 -5.177414 -5.751366 -12.928819 -10.235107
2 0.481412 65.054778 -6.364026 -2.263657 -11.675991 -1.175472 -6.131822 -4.691556 1.629598 -0.516114 -8.299229 -7.780624 -7.616538 -10.650760
5 1.905623 -0.005697 -7.605856 -2.588924 25.573605 4.106917 -8.791318 1.064193 -1.261830 -5.329915 -4.796520 0.786828 1.763478 -4.820585
2 0.165086 18.378617 -1.178352 -1.432493 9.640152 -0.796014 -4.719793 -4.663412 -7.972821 -1.837947 7.690344 -6.465164 -4.487288 -2.320915
6 -13.430779 -35.276493 -21.774967 -10.876381 65.100787 140.936906 -1.078229 -7.703621 -14.358933 -24.907641 -13.911815 -34.712417 -2.859089 -25.147323
5 -0.353947 -12.561790 -9.522974 -7.168064 27.892161 -1.985842 9.517511 4.478001 -6.487051 -13.712197 9.072977 6.583478 2.536198 -8.288460
6 1.790347 -4.746161 -3.718332 -3.958961 -3.224435 9.999719 9.765180 2.739786 -6.895164 -6.561282 0.536500 1.213123 -1.362580 4.422259
5 -12.611094 -11.846751 -6.134986 -13.064387 129.398997 -9.556111 -9.009100 -13.093313 -12.937808 -17.315163 11.673973 -12.689662 -14.480725 -8.333867
5 -5.942507 -0.401795 -1.756445 2.059744 48.991459 -0.944446 -7.082965 -10.941590 -8.488165 -2.295529 1.776521 -5.011090 -6.840436 -3.122756
10 -5.546460 -1.462931 -2.416482 -0.775970 7.975223 -3.098367 1.036641 -2.605792 -5.306639 14.694121 -3.119367 -4.572906 -0.188943 5.387870
5 -0.866218 -5.332727 -9.507872 -3.924169 49.901220 -7.252176 1.717269 -4.724210 -7.872827 -5.149742 -1.119679 5.047959 -4.973165 -5.943662
4 1.645470 -3.933903 6.372486 9.082198 2.815271 -9.486308 -5.807117 3.852396 -2.141433 -3.952945 -4.751673 9.030309 -8.689452 5.964700
5 6.250496 -8.963644 1.533287 5.829367 23.668856 -3.751058 -3.863274 -4.644259 -4.789782 -1.336018 -17.014170 16.037923 -5.290777 -3.666946
5 -1.444931 -11.278419 -8.995627 -0.408064 17.861127 6.260493 -7.034098 -1.765817 -9.774790 0.988863 11.768440 1.885959 -5.133528 7.070392
14 0.549501 3.441185 -3.316965 6.460926 -0.480427 -3.124112 -3.190432 1.556401 5.253963 -4.617471 -7.260709 -8.430838 -1.683004 14.841982
5 4.670861 -1.439477 -0.132820 -3.312762 5.889536 5.809735 -9.558071 0.422565 3.444002 -0.214319 -2.002240 2.233238 -0.719766 -5.090482
5 -16.418277 11.120587 -9.117557 -11.533375 52.213671 19.219848 -15.838865 -21.138699 -5.727180 -9.006169 19.107119 -12.799293 6.855054 -6.936861
5 -7.982505 -7.683274 -16.856466 -8.427636 159.573974 -27.454982 -13.011347 -5.592963 -12.223084 -26.541485 -7.036108 -6.366864 -1.010593 -19.386667
5 -6.251804 -4.837768 -2.696328 3.238022 43.454576 -5.943378 1.353726 -5.161446 -4.570327 -4.292917 -6.833042 -7.030842 3.751844 -4.180314
5 -4.086686 6.511696 -17.339686 -6.086902 90.764411 -7.185157 0.701546 -6.281768 -2.507960 -16.545356 -11.376773 -12.034164 -3.901959 -10.631243
5 -4.852289 -8.442545 -7.309519 -0.911348 46.974372 -10.278507 -1.443779 -3.565698 1.806211 4.834827 -5.013563 -2.340822 -2.522358 -6.934982
5 -2.423147 -2.437925 -19.384774 -2.363975 90.533675 -10.682921 -0.740758 -4.923281 7.323277 -12.682519 -11.761203 -18.371321 -1.695149 -10.389980
5 -3.610960 0.434546 -1.449037 1.405365 29.299803 -3.582708 -6.909523 -4.270084 -6.481694 -2.399893 4.623257 -3.440617 -9.456803 5.838347
5 1.096785 -19.434325 -27.460685 -5.691684 146.080821 -20.023430 -10.741491 -30.555260 -7.572301 -27.277300 -7.484639 -15.002559 36.731943 -12.665869
6 -6.515700 -4.771925 -4.507305 1.485948 18.591725 22.644616 -4.324817 -2.538205 -4.350205 1.680145 -1.309748 -3.421921 -6.070230 -6.592379
11 -2.047548 -10.546371 -5.273657 -0.812582 -7.211261 -4.526251 -8.045033 -3.387123 -1.601480 -3.391923 50.397813 -3.136111 5.378015 -5.796485
11 0.225348 -10.024105 -13.443903 -7.372339 1.017989 -3.892543 -9.061615 -6.671992 -12.105154 -13.217806 99.579597 -2.835417 -10.153135 -12.044928
5 5.638756 -16.392450 -4.284575 -4.945591 21.593126 -5.821201 9.397433 -2.228768 -9.129250 -9.843797 5.437713 0.373851 5.600535 4.604220
11 -5.933596 -8.019671 -8.500415 -8.332325 -8.314526 -1.346424 -7.339455 -8.544490 -5.861088 -14.256662 102.005520 -6.435387 -5.196399 -13.925084
11 -29.400580 -2.939958 -24.546098 -16.080486 -43.176486 -14.830378 -15.132022 -17.983810 -23.856725 -39.109142 285.820618 -29.528961 -1.782343 -27.453634
14 -1.838644 -0.162788 4.087275 0.099502 1.208379 -13.165714 -0.541106 -3.467298 3.543529 -1.519540 4.030673 4.378694 -2.694909 6.041950
11 -7.719897 6.985080 -5.527590 -2.525225 -0.897469 -3.785208 0.816958 1.599197 -6.014036 3.314773 16.032357 -5.539295 -2.884032 6.144388
12 4.288092 -0.153796 0.645709 -1.384608 -2.769192 -3.140266 -1.783130 3.459876 -3.249382 2.266270 2.481407 4.993157 -1.360117 -4.294022
11 1.563633 0.046701 -10.334826 -8.636804 -2.937558 6.214124 0.292563 -2.916876 -10.774672 -8.424161 38.752276 2.209183 -3.270254 -1.783331
11 -14.456809 -17.947697 -4.849041 -7.798347 -15.973870 0.132122 -14.202949 -18.868936 -8.925571 -18.203676 168.208698 -13.345464 -15.375302 -18.393160
11 -32.422033 17.544248 -11.524327 -9.298333 7.462966 -11.909972 6.255984 -3.094184 -6.141244 -12.726792 61.487743 4.226675 -8.385540 -1.475183
11 -0.185018 -4.718647 -2.865972 -3.699869 -2.718574 0.144487 -4.472971 -4.179316 -2.038793 -3.195240 35.753660 -0.489586 -3.275624 -4.058536
11 -1.824064 -4.527539 -3.580688 -0.934858 -3.648821 -0.853254 -3.970168 -1.038418 -0.054178 -2.415318 25.705020 1.546473 -0.931270 -3.472917
11 1.149161 -24.382355 -9.153766 2.322520 26.711860 -10.412444 -11.603993 -4.996750 -15.884073 11.015827 49.801847 6.208014 -11.370448 -9.405399
11 -6.992826 -22.457164 -0.750997 -11.854562 12.631861 -0.631883 -11.572408 -10.707155 -9.184991 -6.121774 97.375263 -13.716654 -9.751214 -6.265494
11 -3.847373 -21.625788 -16.867880 -11.765215 -20.885582 -9.034023 -22.752300 -14.656881 -6.274293 -17.982791 169.882124 -7.965526 -5.187554 -11.036911
11 -7.656105 -9.380765 -9.253457 -7.329186 -21.405723 -14.704357 -3.305130 -20.556408 -8.628075 -16.964465 136.574709 -4.927068 -8.009594 -4.454371
11 -22.826813 -33.967338 -30.088095 -25.350638 -7.303299 -10.523802 2.964566 -7.691461 -20.793087 -9.285318 218.242093 -26.347333 -10.278432 -16.751049
11 -8.869701 -10.688341 -2.367690 -3.639509 -8.626488 -12.060323 -2.368474 1.334859 -5.682961 -9.811915 69.513834 -11.932301 1.382822 3.816190
11 -3.698128 -7.715764 5.040039 -4.403728 3.781722 -7.743420 -5.011909 -4.885113 4.385018 -8.946108 32.160542 0.459814 2.593374 -6.016337
11 -8.859923 -14.834866 7.014372 -15.949181 -19.255336 -2.299647 -6.182108 1.463124 8.062755 -16.785428 93.956747 -8.558130 -12.786589 -4.985787
5 4.094988 0.115617 2.099817 19.321395 22.546025 -10.433930 -16.091558 -7.061031 10.117060 6.931308 -12.500683 -2.007310 -4.104269 -13.027431
7 -3.150289 1.765897 0.048652 12.173078 -8.802994 -3.338201 12.436174 -9.675343 -5.184039 -6.647113 5.949106 3.607111 -5.878543 6.696504
7 -3.940977 -0.739394 -10.192024 -3.719266 -10.718337 -18.180481 138.107414 -8.829011 -7.665462 1.613325 -17.816678 -16.441495 -18.583255 -22.894349
12 -4.428516 0.931535 -12.408199 15.970319 -0.314584 -7.325890 -1.680980 -2.491778 5.742940 -7.742290 4.690283 16.277860 -7.754764 0.534064
4 -0.092011 -4.468153 -8.858005 26.330142 -1.602413 -10.739605 5.589832 5.143644 -3.836049 -2.287892 -1.075207 3.044301 -0.146179 -7.002406
7 -31.149753 -12.615514 -17.541742 132.075724 -3.247355 -37.754825 136.356284 -17.057547 -25.321568 -23.728698 -25.082781 -24.354370 -23.089851 -27.487985
12 10.466630 -3.197182 -6.334557 1.377743 -9.127934 -3.775422 -9.526480 0.641989 10.867788 -11.856097 -8.805120 12.776433 4.804321 11.687888
4 -2.406461 0.893907 4.096364 13.894225 -7.488572 -4.241344 -0.678970 -0.718638 5.100823 -5.057498 -2.531666 -0.424258 -2.744171 2.306260
5 -2.901536 -5.673032 -7.370581 1.992353 48.369240 -4.516116 -3.111125 -7.787674 5.604415 -4.709702 -8.799632 2.070948 -4.115511 -9.052045
6 -5.934942 3.908154 -0.243826 4.094106 -11.144725 8.007836 -4.199943 7.370921 -1.444642 -2.870919 -1.471822 0.111693 2.644885 1.173227
4 -5.887309 0.837267 -3.093885 22.887571 -2.595086 2.217292 -2.451853 -2.943852 -5.018501 1.105261 -1.681017 -2.311864 3.018525 -4.082551
8 2.900604 -14.013114 -5.292571 -0.735608 -4.034253 -3.430863 -8.076787 12.609584 10.343605 4.636141 -7.197640 0.443190 5.487140 6.360573
4 -2.881790 -2.943015 -1.967276 24.140724 -4.637547 1.625864 -5.687006 -4.830949 -2.664784 -1.854153 5.072546 -2.367194 -2.910762 1.905342
4 -1.052975 -1.806241 -5.915280 17.485854 0.840565 -0.873427 -3.200942 -0.775229 -4.353216 0.435178 -1.313290 2.640740 0.920281 -3.032018
5 -2.863866 3.741574 1.865043 0.610773 6.363642 -1.488683 -2.707387 1.391178 -4.467214 -1.528155 0.769991 -0.316861 -4.720086 3.350051
13 -4.710300 -4.645129 -9.478703 8.391665 6.987915 -1.442987 7.128725 -3.900663 6.226737 -4.666930 -4.716328 -7.299820 12.925836 -0.800020
7 -11.080820 -18.779860 -5.428641 -12.788893 -13.238058 -20.146562 128.232199 -16.823769 17.988554 -4.844326 -13.120712 -1.689498 -13.519877 -14.759726
4 -3.846062 -2.627959 -3.184088 17.297876 9.780508 -1.436247 -5.611931 -4.045731 1.622721 -3.441998 -12.683021 0.204244 9.975458 -2.003772
7 1.814073 2.373410 -1.031143 2.102600 -1.067202 -2.012761 5.000058 3.391911 -1.846969 1.144537 -1.924393 -2.317946 -0.792522 -4.833653
1 14.722450 2.139139 0.017094 3.974630 -1.275318 -2.334255 1.107621 -6.757393 0.861771 -5.586296 -4.147716 6.290304 -13.523678 4.511647
10 3.803283 -4.061812 -4.522800 5.886912 -7.531800 -1.510919 1.094478 -0.968563 -3.284753 10.056453 -1.578369 -2.496421 6.677682 -1.563372
9 -0.326384 -1.730168 0.968028 3.341447 -0.269313 0.290668 1.027487 0.666562 3.979493 -1.473378 0.285310 -4.640211 -0.669664 -1.449878
12 -0.088707 -2.174198 7.567181 -3.252539 -1.789073 2.101272 -5.273311 -0.880893 7.855594 -2.171809 -5.740432 9.340498 -0.877658 -4.615922
3 -12.421371 -7.321741 50.980321 -5.903832 -12.933970 -8.496234 2.873450 5.824915 -2.763532 -10.648203 2.294659 7.839613 -1.031171 -8.292903
3 -10.411830 -1.207029 22.337008 6.600532 -3.060080 -8.566029 -0.863426 -7.297239 -7.990900 6.076156 2.561736 7.970104 -8.407916 2.258912
12 -2.415568 3.501540 -9.718531 -5.051680 -0.862503 -0.609277 3.221669 4.578215 -1.335938 1.252597 4.359249 5.582488 -3.786261 1.284003
3 -7.988655 1.077999 34.848246 -4.592900 -3.351860 0.412475 0.537926 -6.767049 -3.785440 -3.516846 3.216708 -5.711615 -5.024942 0.645954
3 -4.775261 -4.359848 36.401646 -2.720632 -3.662326 -2.499277 0.357878 -1.433523 -2.565161 -2.158472 -1.696331 -2.806158 -2.185003 -5.897532
9 -0.395946 0.000000 -0.034644 -0.369039 0.000000 0.000000 0.000000 0.000000 1.398322 0.000000 0.000000 -0.491423 -0.015920 -0.091350
8 4.708159 -6.012374 7.950224 -6.187954 -7.625091 -7.609219 -4.473733 23.285146 0.322374 11.858850 2.895422 -1.314323 -20.062685 2.265206
3 -0.367892 -8.359716 35.362657 -5.388528 -3.331678 3.165319 -7.062994 -2.525872 -13.417600 -13.037642 -4.489552 23.394923 -4.412035 0.470610
3 -9.071030 -17.315534 141.601096 -14.374526 -11.283040 -18.407729 -21.965644 -14.836275 -0.410472 4.423334 -1.615895 -7.841538 -21.096279 -7.806464
3 -1.010213 6.566224 23.336262 -4.706479 -2.384364 -1.379547 2.987332 0.266551 -0.372619 -1.453315 -5.087786 1.345968 -14.824537 -3.283478
3 -14.448297 -18.660270 143.555988 8.269635 -13.687417 -8.353563 -13.338490 -16.419588 -29.294130 -13.080578 2.072040 -5.884204 -22.307387 1.576257
14 -2.821219 1.028589 -4.749733 -1.827875 2.621130 5.765821 1.647812 1.157458 -4.764660 1.434413 -2.496083 -1.438471 -7.747967 12.190785
3 -0.052537 -5.585865 37.859689 -4.253194 -5.319562 -5.480875 -1.040367 -3.818680 0.909084 -5.385536 -3.902388 5.571782 -3.951608 -5.549946
3 -8.490943 2.269497 40.300617 -5.556984 -7.840486 -2.930565 -6.614720 1.635832 7.180549 -4.071272 2.208326 -4.551908 -7.131778 -6.406166
6 -1.079249 -11.271217 -2.418714 4.898948 -8.789805 41.169357 -2.464123 -10.396326 -6.121388 -6.814302 0.467549 10.034577 -4.118534 -3.096774
6 -16.321043 -17.819427 -23.864034 -13.191426 -24.621269 156.514463 -16.727416 -9.688665 -10.835641 -13.557712 -8.971212 -4.136715 9.933366 -6.713267
6 5.285873 -7.653146 -6.326673 -0.938009 5.411170 6.736028 1.948509 3.781059 -6.220892 1.513867 2.649793 -0.260000 -4.062441 -1.865139
6 -14.619159 -27.578786 -5.347830 -14.247000 -10.139075 167.181575 -17.384420 -22.756142 3.647675 -4.835477 -12.960613 -22.068952 -4.387989 -14.503803
6 -18.979424 -8.658966 -11.582846 -4.371616 -12.751335 123.340251 -4.202259 -7.901677 -9.986641 -16.127890 -5.377792 -6.767046 -4.237963 -12.394796
6 -14.689916 -15.389735 -10.142004 -11.769706 -20.625832 194.103082 -18.964476 -9.466720 -6.341719 -22.785788 -13.341764 -24.319624 -7.426789 -18.839006
6 -27.396717 -17.272233 -22.976994 -18.379957 -27.561105 254.499495 -24.863840 -16.688363 4.101216 -43.392526 -15.322861 -33.869051 24.744332 -35.621393
6 -10.309547 -15.523148 -7.177073 -11.927976 -2.394089 138.886040 -13.158403 -7.836010 -8.670242 -10.283855 -5.292132 -16.473922 -12.559127 -17.280513
6 -14.619159 -27.578786 -5.347830 -14.247000 -10.139075 167.181575 -17.384420 -22.756142 3.647675 -4.835477 -12.960613 -22.068952 -4.387989 -14.503803
6 -11.370809 0.905801 -9.979398 -1.313393 -5.637212 55.278890 2.293502 -3.945993 -5.073832 -2.634639 -2.804625 -4.504299 -5.216992 -5.996999
6 -11.066389 -11.719704 0.672276 -7.784348 -11.765386 55.137780 -2.259808 2.811440 0.618265 -13.879934 0.590980 -4.541889 8.607639 -5.420919
6 -4.989037 -11.091509 -8.566978 -5.743096 -3.892037 55.700269 7.983828 2.470359 -7.616926 -4.938606 -7.808995 -4.104981 0.994393 -8.396684
6 14.662921 -20.884309 -19.174288 -9.607271 -9.642274 97.112307 -15.234410 -14.045888 1.961626 -14.076627 -7.998164 9.743392 -8.807523 -4.009496
6 -5.379049 -14.758204 -8.758473 -7.189835 -8.233342 144.132373 -23.204055 -13.982589 -2.154228 -13.353068 -5.893215 -16.266758 -0.774258 -24.185300
6 -0.570749 4.529870 -4.948461 2.730335 -0.859828 8.383260 -7.644688 2.619209 -7.188843 -2.342915 2.621663 -1.120972 1.162329 2.629791
6 -12.558704 -28.480894 -21.232914 -25.883797 16.110527 149.467836 0.034316 -7.760526 -14.816199 -10.448810 -9.509409 -23.340965 -1.616053 -9.964405
6 -1.638326 9.957258 -8.471956 -10.769797 -4.188643 32.160954 -9.169706 -2.338662 -0.429676 -2.199233 -0.981923 3.141543 2.701528 -7.773362
6 -10.959026 -1.874506 -11.025288 -7.880667 -10.596487 57.964561 -7.022243 -0.675210 -7.332183 2.235277 -4.781137 0.094344 -4.325179 6.177746
6 -14.619159 -27.578786 -5.347830 -14.247000 -10.139075 167.181575 -17.384420 -22.756142 3.647675 -4.835477 -12.960613 -22.068952 -4.387989 -14.503803
11 -4.102580 1.375615 -2.307815 0.562749 -3.115549 2.142965 0.446650 2.664263 -2.229115 -1.604996 3.921784 1.841448 -2.066223 2.470805
6 -11.380795 -5.006453 -11.984641 -7.810793 4.441399 45.245839 -10.518964 10.707757 -6.599234 -5.539687 -1.591985 -4.845587 3.071020 1.812126
6 -14.619159 -27.578786 -5.347830 -14.247000 -10.139075 167.181575 -17.384420 -22.756142 3.647675 -4.835477 -12.960613 -22.068952 -4.387989 -14.503803
6 -5.189342 -4.297999 -5.585201 -5.878022 -0.627079 65.650358 -5.036832 -1.615216 -4.573972 -8.871975 -3.650968 -12.183674 -2.675846 -5.464231
6 -27.315049 -25.005252 -9.382189 -17.623756 -43.099171 255.295349 -23.648440 -18.568756 7.745301 -39.928951 -16.466289 -22.806733 9.563743 -28.759803
6 -6.368078 -5.203496 26.255528 -6.469410 -9.094039 45.255448 -5.343756 -8.237409 -1.434135 -0.027755 -2.508706 -7.368809 -10.660712 -8.794671
13 -1.226894 -5.792134 -9.838371 -3.933178 -5.550340 -10.660748 -8.168949 -6.974405 -5.058575 -4.006141 -7.746171 -4.546353 74.947232 -1.444970
9 -0.528168 -4.785337 -6.010102 -5.854614 3.756895 -9.046372 6.623581 10.250996 11.738794 -3.314961 -5.441302 -4.609695 11.003640 -3.783354
8 2.512408 -7.934420 -2.882359 -7.799153 4.706368 -2.826850 4.154966 7.285888 1.054515 3.019035 1.546298 5.881605 -4.742413 -3.975889
5 -4.523458 -0.418562 -12.410765 -1.717791 7.618754 2.169100 3.453318 0.073764 6.331801 -3.614975 1.834624 -7.424580 5.862032 2.766736
13 -0.632597 -5.125901 -7.799776 2.934632 5.187162 -6.364131 -1.995645 -3.625400 11.098938 -3.266312 -13.541157 3.458322 23.712811 -4.040947
13 -13.598644 -22.663901 -3.334638 -4.972277 -15.078798 -6.541113 -9.448062 -17.948334 -10.144474 -19.128290 -13.667066 -15.209999 160.980687 -9.245089
13 -4.806715 -9.087012 -3.378086 5.764920 -1.695093 -0.630094 -0.352763 -0.120999 11.509375 0.952594 -12.539664 3.175281 16.199187 -4.990931
13 -3.396271 -2.840424 -5.589552 1.707950 10.716055 -3.207546 0.881328 -3.018946 6.906548 -2.766134 -2.139910 -12.375049 15.901867 -0.779917
13 -0.645201 -1.867327 -2.675702 -0.155831 5.350790 -6.446483 -5.997077 -2.774658 0.219661 1.013497 -3.016385 -2.191716 19.858859 -0.672426
13 -2.979476 -3.305276 -5.400904 2.678338 3.102565 -6.429833 -5.706203 -1.641213 -6.068308 -2.813680 -10.241837 -3.165110 48.900508 -6.929570
13 3.785969 -1.626170 5.489940 4.566017 -12.721623 -2.084469 -1.868002 -7.575359 3.927529 -4.252737 -2.917176 -7.790647 31.033479 -7.966752
13 -9.997439 -7.036268 -7.354635 -2.713753 6.969984 -0.560918 3.672002 -6.363799 3.931418 -5.174624 -8.271692 3.945922 27.567028 1.386775
13 -2.877046 -21.066191 -5.037681 -2.371805 -17.312450 -13.660449 -18.549656 1.421049 9.651293 -5.542236 -19.478254 -1.360867 117.042195 -20.857898
13 2.242965 -1.565126 1.998373 -2.061387 -4.565829 2.418746 -1.321767 3.345063 0.730756 -2.931262 -4.612774 -4.054656 6.927015 3.449883
13 5.558026 -6.266269 -1.525033 -7.299161 -5.723544 0.281371 6.771962 9.144714 -2.160051 -4.305197 -5.180460 2.053069 13.750803 -5.100233
13 -11.667405 -3.276464 -1.055712 44.946208 -7.615969 -10.856524 1.910113 -8.835467 -10.091925 -11.834467 -13.122480 -4.760578 51.580627 -15.319958
13 0.407753 0.291612 2.613339 -1.578672 0.823208 -1.330199 -4.557290 0.811286 1.899328 -6.050183 2.009392 -9.629048 19.422872 -5.133400
8 -5.539108 2.199408 -7.577499 -1.488840 -7.235150 2.906956 1.098279 19.835850 -7.243744 4.808345 -1.349463 -5.992814 5.406613 0.171168
8 -1.323949 -0.318289 -2.882115 3.006148 -4.041855 0.385822 2.165223 12.550614 1.108758 0.112653 -6.870793 -5.989008 5.183092 -3.086303
13 -7.644271 -8.100526 -6.684308 -7.447548 0.006210 -0.003936 -2.823609 -8.358615 18.323203 -8.417499 0.961932 3.685078 33.557122 -7.053231
13 3.561623 -11.587418 3.151914 -5.253004 -5.374564 -7.959471 11.426732 3.355116 -5.998371 -7.293592 -14.797733 -0.096988 35.558074 1.307682
13 0.609593 -0.321847 -1.242927 -1.075472 -1.517426 1.099600 0.308567 0.958728 -0.252398 -0.212210 -2.660288 -0.003062 2.259610 2.049531
13 -0.451240 1.125571 -1.670183 0.867160 -5.976725 -3.271594 2.610130 3.901334 -3.210689 -4.156769 -3.217736 -3.318509 18.664338 -1.895086
13 4.356440 1.965285 7.774243 -6.645917 -5.715733 -7.125362 1.868385 3.246487 -0.571130 -1.546837 -1.121318 -3.943428 11.080227 -3.621339
13 -4.266620 -0.536646 -0.969494 5.485052 -5.455810 -5.030309 -4.641701 -7.512877 -0.385198 -14.463242 -11.357894 0.023811 55.532638 -6.421710
13 -2.169891 -6.143867 -7.468922 -3.898627 1.933418 -4.343014 0.782901 -1.408299 -4.133254 -5.796716 -3.890991 3.420398 37.471879 -4.355013
7 5.742374 -11.291609 -20.907444 -18.085311 -15.058793 -17.845924 176.558793 -15.956236 -12.348527 -22.382539 -20.394048 -8.492609 -25.601089 6.062974
7 -13.537168 -11.909287 -13.162489 -18.977484 -13.685618 -18.764866 180.342726 -10.908673 -15.569254 -9.764576 -10.913881 -10.919030 -14.550970 -17.679418
7 -18.134148 -19.918599 -30.789567 -19.775944 -16.482781 -18.924626 174.042480 0.220339 10.405861 -8.510003 -24.861676 -14.246617 0.151353 -13.176065
5 -1.251075 1.001775 3.704626 -4.868927 11.709169 0.873239 1.352444 3.427426 -5.936026 0.774351 -11.986090 -0.464489 1.229725 0.433851
7 -4.188676 -8.656751 -25.010778 -18.508962 -0.715704 -36.765647 119.593603 12.282064 -3.034970 -16.093481 -5.678386 -15.553618 3.798841 -1.467531
7 -1.744958 1.481714 -1.534215 -1.017142 1.952472 6.208256 8.782577 -0.551009 -5.603280 2.010563 -4.899101 -4.699633 -0.945286 0.559043
7 -29.394210 -29.056407 -29.603241 -25.869724 -28.856693 -42.093320 346.795241 -6.790338 -15.056298 -20.780741 -34.725262 -41.795479 -18.993634 -23.779871
5 6.300138 -3.266342 -1.647894 3.323043 14.655736 8.060553 1.918138 -0.489508 -10.213945 -2.242864 -6.234259 -8.206516 -5.068325 3.112044
7 -14.552676 -39.757824 -21.213433 -32.090291 -17.327873 -34.775225 294.897203 -15.090754 6.769906 -13.881009 -41.395614 -33.552832 -18.232052 -19.797507
7 1.506137 4.484547 -4.185823 -6.134960 0.289375 -7.937368 16.439496 -8.240381 -0.726542 -3.352942 -4.042816 0.987072 3.754856 7.159348
7 -25.546576 -21.443129 -14.788914 -16.096200 -1.515652 -10.368230 158.962974 -14.173373 -11.780956 -15.638162 -14.266937 -4.522587 9.950085 -18.772333
7 -3.811461 -3.553829 -6.201323 -6.264745 2.484825 -9.247320 68.233091 -6.215912 -7.950173 -1.857133 -8.025262 -5.108407 -7.716280 -4.766066
7 -6.761932 -6.554665 -14.584700 -8.407329 -17.996655 -3.954265 115.865870 0.854467 -0.218455 -8.838107 -17.790925 -7.675365 -4.047338 -19.890596
7 -21.500248 -26.079428 -15.366804 -17.367022 7.329180 -16.201903 225.601910 -25.836779 -11.026414 -14.708006 -21.708794 -31.804320 -12.552574 -18.778785
12 0.986982 -7.838729 0.392885 -3.992311 8.969688 -3.175476 -9.324542 -7.132738 4.931474 -7.054044 -4.976969 23.083853 -0.054437 5.184363
7 -6.711739 -6.184759 -5.021322 -5.215615 -1.744849 -3.469106 73.049153 -7.018822 -4.719735 -3.151181 -8.263543 -8.629305 -8.577425 -4.341747
7 -11.145391 -11.474003 -2.340598 -0.612943 -18.686057 -5.864401 113.137440 0.140138 -9.763699 -14.450768 -11.735656 -7.121131 -5.835924 -14.247001
7 -8.875796 -3.156573 -11.021925 -10.953594 -4.359456 -3.162221 71.358230 -4.149327 -10.866154 0.090843 -4.192285 -2.072773 -8.007992 -0.630972
7 -21.082538 -17.106464 -19.717773 -25.141920 -8.208341 -24.689516 215.677510 -5.310404 -19.025390 -8.585379 -21.249303 -6.928339 -11.563297 -27.068833
11 13.966843 -6.416366 13.681458 -21.056310 -15.297144 -35.512179 19.110407 14.188023 -14.979392 -35.047586 92.190462 -18.982484 2.025888 -7.871616
7 -11.444315 -15.866490 -19.226827 -1.356464 -17.283290 -11.422355 195.194679 -19.357741 -26.579288 -21.052597 -3.179285 -13.309464 -26.753005 -8.363547
7 -7.444201 -11.188861 -15.237907 -3.299644 -14.124086 -16.824086 146.098612 -12.516214 -6.201891 -12.584679 -20.500318 -7.804210 -20.809821 2.437315
7 -3.569047 -13.026332 -8.352735 -19.452412 -6.898761 -7.354848 95.334712 -0.747693 -8.221167 -9.542923 -6.061393 -6.937395 -2.550394 -2.619607
7 -11.468246 -17.415263 -19.881595 -22.977416 -21.299930 -25.629986 240.594748 13.711424 -22.331150 -14.957175 -20.445235 -26.977927 -21.084576 -29.837660
7 -17.798465 -35.994982 -19.911225 -15.023810 -32.669904 -51.430508 390.106724 -23.976433 -32.830651 -11.045520 -37.874955 -44.604336 -42.645231 -24.300684
12 -2.868607 -1.162414 -3.205029 -2.773315 -9.069033 -8.340007 -3.678284 2.949147 -2.507184 1.930972 1.075769 27.727162 5.112815 -5.191993
13 -4.749706 -7.907129 -4.455144 -2.158551 -11.724271 -9.066829 -3.129805 -12.503607 -5.742140 -3.595801 -5.049950 16.630798 64.775508 -11.323372
12 1.206967 -7.804266 28.377863 -11.218051 -16.501775 -2.846227 -3.894295 -10.426278 -3.882643 18.112240 -9.266154 30.659976 -3.767546 -8.749812
12 -5.527060 -14.224701 -5.248669 -1.973324 -4.497722 7.919646 7.010514 -0.353050 -1.106750 -5.883009 2.189579 16.148660 3.347452 2.198433
12 4.131865 2.069496 1.586585 -2.065046 -3.994541 -4.543018 -1.114248 -2.798779 -2.263685 2.726838 -1.129783 7.126023 3.974600 -3.706306
14 -9.893555 5.090189 -2.165190 -2.032765 2.108248 -1.609330 0.754019 -1.363046 1.833596 1.351194 -0.566556 -0.765091 -0.033056 7.291346
3 -7.675607 2.860975 45.540691 0.907891 -5.062949 -6.484705 -11.229693 -8.721817 -6.111835 1.211922 -4.506459 -0.625560 -4.926038 4.823183
13 -1.976414 -3.939918 -4.856668 1.607678 -5.217129 -3.259262 4.430693 12.146055 4.142273 -0.081388 -7.652294 2.566436 14.445897 -12.355958
12 -3.412160 -0.935532 5.551139 5.191385 1.781356 5.556342 -3.599218 -9.210305 -6.507406 -2.648576 0.316609 25.691171 -12.460878 -5.313928
12 -5.167113 -1.587703 2.334940 2.655801 3.955034 -3.428422 -0.748907 -6.255236 0.775792 -2.253322 -6.454638 13.445140 8.787741 -6.059105
3 2.842626 0.092652 2.913972 -2.667488 0.755551 -6.656733 0.041797 2.649164 -0.714083 2.635612 -1.748642 2.656087 -2.256788 -0.543727
7 1.231942 -3.031664 3.209761 -6.025374 5.266900 -2.030679 9.410957 -3.928293 -2.592088 0.557575 -9.243627 6.372043 1.928390 -1.125842
12 -9.386137 -6.954216 0.608228 -10.576568 -3.694686 -7.057500 0.209090 7.708112 -3.030934 -15.276071 -4.545670 60.465122 -3.124245 -5.344526
12 -1.151748 -0.234309 -2.799686 -0.336882 0.748222 1.052970 -1.649866 -2.214118 -0.435834 0.428972 -2.142083 11.299974 -1.873975 -0.691638
12 -3.518064 9.956796 -6.007688 -0.345786 -6.047582 2.125367 -2.939222 0.000594 -1.038431 -5.976503 -3.093390 26.401828 -6.010059 -3.507861
12 -5.899475 -6.933661 -4.768637 -2.840097 -6.435825 -6.919937 1.537328 -16.780972 -13.419775 4.295848 -11.595854 75.565465 -4.312698 -1.491707
5 -0.786193 0.206892 -14.757615 -4.609894 38.498812 1.701973 -6.077487 -9.098977 2.655284 -3.954939 -3.964779 18.585530 -8.279467 -10.119138
3 -4.278175 -5.150732 14.140009 -5.272000 -5.823384 2.921145 -2.726103 2.444765 3.819214 -4.795311 8.297877 12.568564 -11.823694 -4.322174
10 2.151697 -15.288617 -5.160774 3.094673 0.131452 -13.881280 3.704026 1.599589 -2.858332 14.590723 -10.190262 13.558744 14.059193 -5.510834
12 -0.110414 4.432335 3.216276 -0.643964 -5.340218 -6.790306 -3.437663 -0.737379 3.374771 5.148749 -9.176042 10.999452 -2.126934 1.191338
14 2.958900 -4.381996 0.053385 -4.263924 3.572052 -5.622767 -5.409999 3.440562 -3.747463 -1.984069 -1.707816 0.378549 -0.505767 17.220355
12 -7.422350 -0.725163 6.775118 0.389026 -1.435028 -5.829493 -0.319122 -1.593683 -6.566082 -3.612480 0.583699 27.514109 -3.930289 -3.828261
3 1.515591 0.101941 5.998423 -2.617734 -2.258610 1.361191 -5.298658 1.936218 -6.965294 0.001259 5.207317 5.660676 -3.833437 -0.808886
14 -6.325307 2.141428 -1.747326 -3.419761 0.155123 1.469199 4.173475 -4.482485 -2.198604 0.419769 -2.429708 -3.052985 -14.474031 29.771212
1 8.898241 7.838716 0.834208 -4.142132 -11.404879 -2.688236 -1.200164 -2.473887 6.042118 -5.588700 -6.245630 1.480018 1.003275 7.647053
14 -6.435175 -3.741185 -2.648405 -2.485620 -3.210891 -4.090989 -1.998359 -2.330894 -14.122780 9.688726 4.227208 -2.660025 -6.015563 35.823952
14 -10.940022 -13.988649 -12.864284 -12.794602 3.893357 -13.201070 -8.024921 -14.538832 -7.031671 -0.617067 -4.913866 -9.355684 4.131221 100.246088
13 -10.022275 11.714520 -2.363640 11.195036 -9.474506 -6.530371 -9.103807 1.220081 -1.135029 -8.456019 2.864319 2.536297 14.552480 3.002914
14 -9.449780 3.121799 -12.820556 -0.115571 -9.154315 -8.969848 -4.226699 1.257450 -6.618220 -0.152010 -0.959852 -7.307533 2.184297 53.210838
6 -0.647734 3.037778 -4.222113 -1.114772 3.116103 8.033101 2.862503 -4.737922 -4.291770 1.251328 2.517783 -7.145805 2.458650 -1.117131
12 1.404597 -5.549538 -3.082043 -3.223977 -0.520815 -4.086843 -1.866659 -4.049865 -2.915757 -1.629448 1.418997 9.963341 4.408799 9.729210
14 19.408071 0.204932 -6.664750 -22.174153 -21.397632 -22.203755 -12.279452 -13.364060 -1.494101 -7.259240 -12.616543 9.330234 14.299787 76.210660
14 -12.405529 -3.293236 -4.175319 -6.010626 -3.409290 -6.975393 1.646380 2.468567 -8.345647 -2.328308 -0.102611 -5.005784 -3.271648 51.208444
7 -3.624903 -2.303793 -1.339303 -3.470408 -0.643153 0.118320 11.483832 1.329815 2.830241 -3.418894 -4.148147 -0.449044 0.103209 3.532230
12 -4.422451 1.425977 -4.940765 3.378997 1.749133 -3.168902 1.352863 -2.635758 -3.613345 0.306765 -1.289981 4.858032 4.644505 2.354932
14 -1.428233 -6.752370 -1.458114 0.513107 -2.570832 1.155903 -2.883295 -1.318823 0.286844 8.024775 -5.370767 0.705489 -1.282352 12.378667
14 -11.213644 -13.241940 -4.991408 -2.659427 -10.255765 -0.035105 -15.795474 -9.727643 7.269013 -9.831850 -7.346240 -6.245996 -4.110777 88.186254
5 -1.909044 -0.465627 6.105804 2.557265 14.870573 1.760591 -0.810030 -9.358906 5.238442 -2.743636 -9.567876 -0.413229 -5.343878 0.079552
14 -4.500087 -3.264727 3.058068 1.250989 0.307689 -4.897138 0.397344 -5.816246 -4.726742 -0.772604 5.149981 3.514608 -6.094037 16.392902
14 -4.085583 -10.809455 -7.882881 5.048838 -10.927272 -3.393364 1.080397 -4.293860 -4.749741 -14.221250 6.636703 -10.877740 -10.376475 68.851684
1 6.833103 -5.253112 -0.284578 -0.960184 6.108259 -3.149450 -2.493048 0.848443 -3.795668 -1.874242 -5.321290 3.238730 1.148321 4.954715
14 -1.562156 0.092193 1.517075 -2.394073 -5.537050 -5.426950 -6.991731 -9.558198 2.717111 -4.463124 -11.889170 -6.005993 1.776490 47.725575
14 -2.999142 -1.993296 -5.141204 -2.776603 0.576535 0.705520 -5.933178 -10.792709 -9.712092 3.420860 0.681975 1.275793 4.610617 28.076925
14 -2.003723 -9.903500 -10.894407 -9.343783 3.379254 -15.835631 -20.926009 -0.263763 -5.187040 -0.107087 -2.587132 3.053683 -4.252340 74.871479
8 0.037134 -5.646525 -6.233391 0.756665 3.316380 1.141109 -2.037271 6.570244 -0.670344 -1.548399 0.383142 -3.357220 1.557691 5.730784
9 -6.160874 9.448151 -4.173313 -0.130949 16.350161 -9.061293 -5.076899 9.561696 18.275085 -5.051422 -4.711843 -2.999341 -10.522368 -5.746791
8 -3.393805 -2.179434 -7.177746 -4.662357 -3.714825 -2.569765 -6.460618 58.892583 -3.012564 -5.845570 -10.384194 -0.568186 -4.497769 -4.425747
5 2.046590 -0.585318 -2.939087 -5.354649 46.379630 -2.574212 -5.323066 -0.956477 -4.244848 -4.141338 -6.559447 -5.360090 -5.446557 -4.941130
8 -4.672860 -5.659979 -7.696009 -4.246771 -6.502195 -2.554083 -2.551060 35.764886 -1.583443 -3.395353 -1.768391 2.059674 7.316252 -4.510666
8 -3.385188 -9.177069 -11.703342 -2.475173 -6.126590 -17.086065 -7.783806 71.348291 0.695525 -1.601203 -2.659164 14.632031 -18.767874 -5.910367
2 -32.847201 35.385988 -6.631599 -11.461544 -10.162808 -2.100683 6.186716 -7.174775 22.764336 -18.611721 4.695977 0.967470 9.590412 9.399443
8 0.693443 -3.511227 3.234876 -6.778372 -5.038709 8.658446 4.868701 22.353132 -7.515051 -4.494471 -10.775192 -7.163908 11.926565 -6.458233
8 -6.436240 -10.801414 -5.668628 -7.504227 -3.299610 4.045738 2.161586 34.621318 -2.449100 -2.888758 -3.366201 3.786051 5.283670 -7.484183
8 -0.342634 2.804473 -3.705553 -5.083222 0.805099 -3.389165 -7.850319 36.027369 2.276096 -0.340162 -6.177101 5.066659 -16.538913 -3.552624
2 5.845647 12.478093 -8.549780 -7.823747 1.594146 11.268180 -4.401761 11.831300 -0.335099 -4.961424 -3.573051 -6.074551 -4.749153 -2.548799
8 -13.938719 1.403711 -4.375271 6.617966 -7.476380 -6.551195 -5.420065 18.818791 -7.575952 -4.730270 9.362969 12.324565 -7.147874 8.687723
8 -18.767272 -2.029721 -20.426620 -4.688580 1.615847 14.618281 -7.047657 109.327545 -22.132203 -14.946764 -11.878764 -6.722588 -8.908468 -8.013030
9 -8.454660 5.829128 -4.485355 1.509004 -3.772069 0.522656 -6.197657 3.139636 13.515352 -5.354267 -2.169333 9.657879 0.826687 -4.567002
8 -3.731401 -1.772945 -3.872568 -11.670824 -4.093855 -1.934143 14.346113 38.774931 -5.464022 -9.334302 -2.094944 -3.665827 3.031008 -8.517217
8 -3.698724 40.843961 -8.286442 -9.931576 -12.922070 -3.035457 -12.191234 45.792638 0.142009 -8.534570 -8.753360 -9.508498 -3.209834 -6.706841
5 -3.502273 -0.341604 -3.534338 -0.934183 10.422548 1.008782 0.573739 0.702627 -3.211158 0.202099 -1.527990 0.349688 0.353983 -0.561920
8 -7.954364 1.188241 -19.016669 -19.722320 -20.120686 4.664285 18.811784 62.036547 -24.833556 -4.037635 1.019669 -5.800714 20.841684 -7.076265
8 -7.990827 0.150112 -9.304401 -2.629876 -2.922296 -4.955314 0.622588 43.367221 -0.909906 -3.361406 0.737297 -4.326830 -2.864118 -5.612244
8 -6.055201 -0.337803 -14.352825 0.317423 8.482132 9.589081 -2.154195 10.115339 -9.973902 -1.173548 4.569376 -0.007456 -4.220156 5.201733
8 -13.128212 -3.898373 1.162291 -15.126261 -4.706589 3.200992 -2.265454 101.536734 -15.982708 -16.768488 -9.657862 5.288662 -16.993581 -12.661146
8 1.704935 10.969445 -10.393443 -3.301792 -8.080337 4.255941 -1.026723 17.328915 -10.205178 4.205022 -0.082613 -1.122933 -4.674312 0.423075
8 -5.099664 2.168054 2.810801 0.785320 -12.925195 7.274701 0.407920 19.942073 -3.024300 -4.847312 -4.380705 -3.393129 4.320425 -4.038988
8 -7.364787 17.435859 -8.202913 5.051687 5.762192 -6.293505 -12.672948 22.509600 -9.543131 3.493772 8.581561 -4.374276 -16.954796 2.571687
10 -3.552924 -11.357843 0.234368 4.893773 1.667505 -2.472500 -3.705639 -12.879102 11.498019 26.020294 -9.905174 4.043859 2.436463 -6.921098
12 -2.618684 -0.771231 -2.504736 -1.801517 -1.543456 -0.185752 4.113886 -1.291334 8.508215 -4.503676 -3.575796 9.647212 -1.918843 -1.554289
9 -6.072149 -4.986070 3.813434 1.389468 3.675015 -6.028960 7.831747 -4.585681 21.278886 -7.697727 -11.661232 5.049158 8.026610 -10.032499
10 1.027849 -4.283606 -1.370445 4.298583 -1.928368 -4.279331 -4.787083 -3.832441 5.791553 11.140962 -8.480569 4.511773 5.688610 -3.497489
9 -4.139886 -5.804818 4.075731 8.534929 -1.471981 0.724273 0.227951 -6.268484 21.858042 -6.110997 -0.828724 -3.265857 -8.911912 1.381732
13 -5.932579 -12.699002 -16.400819 -10.185657 -11.938392 -20.856184 -7.979735 -9.638499 14.051771 -7.495900 -18.612446 -8.334776 141.045691 -25.023470
9 -6.789466 -1.552255 18.110658 -5.912692 -10.439281 -6.696665 -3.456145 -4.656970 20.959223 -7.866249 -9.793078 9.037510 9.272872 -0.217460
6 -4.034482 -1.841613 -2.944043 5.597297 -6.628707 8.734586 -3.263636 -2.277826 8.701116 -6.736946 -2.712551 7.632861 1.058648 -1.284707
13 -7.856382 -6.870089 -13.036677 -0.868635 6.850586 -2.105134 2.099943 -7.679733 9.478835 3.112819 1.112887 -0.384000 12.141171 4.004406
13 -5.190378 -10.999543 -0.272222 3.175253 -4.990268 0.953835 -1.869459 -3.599188 18.459484 -4.972598 -2.835750 -5.322885 22.449605 -4.985887
9 -4.358459 -2.652908 6.340641 5.370192 -2.429361 -5.760106 -5.128952 -3.855315 18.159300 -7.753454 -5.247827 0.995593 11.548754 -5.228098
10 -6.139260 -3.662302 -0.851280 0.615619 -7.211807 0.730231 -0.489896 3.277504 11.651042 12.294337 -5.567546 -2.385883 -4.524410 2.263650
12 5.332169 -17.404999 10.177950 -12.189711 5.633430 -9.799585 -1.855198 -1.852631 9.276390 6.421705 -3.951302 27.587668 -13.624620 -3.751265
12 2.448652 -4.542429 3.206017 -0.884834 1.591764 -6.900440 -0.953220 -2.797157 3.679279 2.774212 -1.048259 6.246969 4.528647 -7.349201
14 2.903784 -1.229220 3.630058 1.087331 -3.447294 1.597215 -1.761386 -3.310001 4.344361 2.348156 -3.422565 -3.752386 -4.005370 5.017318
10 -2.561181 -2.639103 -2.666075 -5.230487 -3.015109 -1.024391 8.476253 6.109236 0.786700 9.147390 -5.151599 2.285911 -0.555446 -3.962099
7 1.464419 -0.520827 -3.073989 3.042991 -3.039566 -7.104307 5.804897 1.424743 -2.979520 -0.478638 5.547540 -4.920892 1.153628 3.679520
9 1.265564 -7.281302 -3.658352 7.296334 -4.988753 -7.895953 -2.334762 -4.956813 18.661458 11.418515 -10.554997 1.683981 5.576715 -4.231636
1 7.031890 -0.978395 2.664385 -2.200291 3.313351 1.413169 -3.266026 -2.134406 4.637310 -4.711630 -3.393604 -4.521585 -2.110744 4.256577
