7 -5.426741 -7.762175 -5.347336 -5.294548 -5.820886 -5.637620 43.717756 -6.770829 -4.914693 -6.200976 28.300343 -5.630827 -5.923734 -7.287729
8 -0.185624 -1.110998 -0.023546 -1.259567 0.556808 -0.513934 -0.964144 2.522263 1.551996 0.126165 -1.425635 -0.077260 -1.111795 1.915271
9 -0.487510 -1.815241 0.188109 0.058814 0.320809 -1.505188 -1.981893 -1.054987 4.874950 0.828824 0.247379 -0.680601 1.278565 -0.272030
1 22.144700 -1.575959 -3.011641 -1.024289 -2.679735 -1.102013 -2.744705 -1.652839 -0.342007 -2.116272 -2.480971 -0.608980 -1.089856 -1.715433
4 0.496070 0.994108 -0.219138 1.511187 0.060081 1.222175 -1.962759 -1.117819 -1.403025 -0.757669 0.539599 1.438218 -1.749471 0.948445
1 6.254381 -0.548822 -0.609635 -0.750688 -0.071670 -0.309015 -0.946150 -0.244768 -0.155431 -0.539257 -0.421363 -0.232027 -0.388836 -1.036719
6 -0.708890 -0.184759 -0.985581 -0.255547 0.802200 2.868096 -0.563924 0.016898 -0.388734 -0.945550 -1.301891 2.158252 0.296469 -0.807039
4 -0.849708 0.437291 0.511433 1.300614 -0.041758 0.070020 0.568406 -0.823904 -0.017587 -0.301262 0.558272 -0.563015 -0.396664 -0.452137
5 -2.516378 -0.428343 -2.626245 -1.097858 17.139457 2.861804 -3.076139 -1.589235 -2.229500 -2.804688 -2.053390 3.169426 -2.671979 -2.076932
5 1.006856 0.628036 0.877794 -0.223980 3.072543 -0.299187 -1.822893 -1.162891 -0.790689 -0.115899 -1.205882 0.117881 -1.562702 1.481013
6 0.726937 0.621298 -0.600092 -1.218989 0.493858 1.488668 -0.180780 -1.043992 -1.938844 1.075677 -0.197423 0.546866 -0.795394 1.022210
3 0.503357 -1.767998 4.840046 -0.081984 0.225223 -0.910120 -0.523524 -0.754938 0.156472 0.093256 -1.157326 -0.643570 0.411147 -0.390040
3 0.057678 -0.086464 7.236430 -1.386602 -0.898235 1.217318 -0.956649 -0.147861 -0.955582 -0.969707 -1.310115 -3.240185 1.377201 0.062773
7 -1.700938 0.440037 -0.375360 0.860055 0.233240 -0.044581 1.447150 0.059681 -1.217580 -0.383376 0.815732 0.298971 -0.992341 0.559312
1 76.753847 -5.476327 -5.964588 -5.855318 -6.449967 -6.012344 -6.412976 -6.314225 -5.407331 -6.092221 -5.690900 -5.871407 -7.087275 -4.118967
11 -3.085930 -1.755796 1.731049 -0.461079 -2.101985 -1.926257 -2.716080 -2.798747 -0.245057 -4.107990 21.838557 -1.983570 -1.101664 -1.285449
4 -0.174532 -0.866758 -0.125473 4.744517 -1.652107 0.170498 0.835738 -1.128441 0.092492 -0.556796 -1.095524 -0.122468 0.257111 -0.378258
12 0.162698 -1.211994 -0.287613 0.465867 -0.981562 -1.167269 -0.805551 -1.646306 1.388250 0.339694 -1.622727 5.395944 -1.569418 1.539987
3 -0.360185 0.312285 2.446761 -0.372114 -1.081475 0.756547 -1.570423 -1.265494 -1.133167 0.368205 1.224288 0.003992 -0.835742 1.506522
11 -0.764029 -2.582667 -1.630695 -2.120953 -1.222970 -1.602529 0.430959 -0.848330 -0.916993 -2.501518 17.479892 -0.624313 -1.782738 -1.313115
3 -0.528476 -1.823219 9.807740 -0.724844 -0.686106 -0.298522 -1.130098 -0.211350 -0.035076 -0.858657 -1.084720 -1.094332 -0.415108 -0.917232
12 0.686621 0.323028 1.155844 -0.930121 -0.025532 -0.732874 -0.836477 -0.714709 -0.252899 0.909381 -0.491671 1.292762 -0.074032 -0.309320
14 -0.139536 -0.610089 -0.535913 -0.099719 -0.116021 1.717490 1.282312 -2.485721 -0.085806 -0.076807 0.444561 -0.590389 -0.725660 2.021300
9 -0.844745 -0.967094 -0.628713 -0.924268 -0.350093 2.060328 -0.520322 -0.226020 2.137863 0.696637 -0.003386 -0.048534 -0.388569 0.006918
2 -1.102918 1.205484 -0.439060 -0.301049 0.920997 -0.291330 0.106669 0.296617 -1.469069 -0.304533 -0.816560 0.335841 1.122980 0.735930
8 -2.783658 -0.102869 -1.302681 1.048287 0.363136 -1.192958 1.030939 4.229604 -0.218627 -1.075027 0.019224 -0.136913 -0.544866 0.666408
13 0.033798 0.309798 -1.451547 -0.068979 -0.303953 0.187443 -0.600933 -0.598913 -0.115160 -0.620553 0.102104 0.285371 1.637104 1.204420
2 -0.624028 8.282225 -1.389962 0.188701 -0.168192 0.175748 -1.597261 -3.085961 -0.362098 0.612646 -1.396379 -0.591360 1.180020 -1.224099
1 34.918032 -3.234020 -3.571395 -3.628141 -1.777493 -0.418025 -3.979447 -1.470569 -4.415365 -2.682421 -0.704627 -3.291991 -3.921059 -1.823478
10 0.875751 1.807650 -0.969102 -0.210706 -0.342867 -0.171508 -1.308448 0.333184 -1.420884 1.871409 -0.683270 -0.121185 -1.123056 1.463032
5 -1.415520 -0.236708 -0.702692 -0.585278 10.573661 -0.858366 -0.703759 -1.008365 -0.817360 -0.869243 -0.705880 -1.011759 -0.681250 -0.977480
6 0.729894 -0.894340 -0.043622 -0.927004 -0.308336 1.258818 -0.621437 0.177804 0.602051 -0.218981 0.244116 -1.007406 0.195154 0.813289
6 -1.335595 -1.578807 -0.032357 -1.969292 -0.296757 7.790647 0.364061 -0.401074 -0.422720 -0.677079 -1.341686 -0.740279 -0.884206 1.525144
14 0.169491 1.088181 -1.326808 0.753184 0.542872 -1.351829 -1.158473 0.115454 -0.501928 -1.655386 -0.129154 1.138067 -0.218531 2.534860
7 -3.993709 -3.584069 -3.319237 -3.868659 -4.139346 -4.465752 49.448351 -3.080648 -4.782740 -3.257459 -3.946219 -3.419031 -3.797730 -3.793750
14 -1.126057 -3.681244 -1.984246 1.341220 -1.027069 -1.537357 0.628860 0.286719 -2.483538 -0.100777 -1.121762 0.522923 -1.620132 11.902460
13 0.010002 1.428553 -0.618040 0.182075 -0.343046 -1.949923 -0.045101 -0.680183 -0.612421 0.516077 -0.768307 -0.210982 3.724370 -0.633075
2 -3.398146 10.322715 -2.020261 -0.116385 -1.197928 -1.302767 0.495058 -1.723628 -1.796559 -1.433977 5.291947 -1.392073 -2.472833 0.744838
2 -1.669775 9.673934 -0.184848 0.385823 -0.346726 -0.356345 -0.043189 -2.201906 -1.374165 -0.713083 -1.159529 -0.043951 -0.916002 -1.050238
1 8.701622 -0.881110 -1.566990 -0.361843 -1.676046 -1.976022 -1.364399 -1.166523 -1.183568 -0.916571 -1.536324 0.643274 0.311618 2.972884
7 -0.900023 -1.506658 -0.985874 -0.232820 0.023460 1.454331 4.754200 0.027714 -1.453385 -1.123139 0.620675 -0.498410 -0.788947 0.608875
3 1.290380 0.369602 3.742904 1.776858 -1.381672 -2.998720 -0.050795 -0.206929 -2.382237 -0.170290 2.038157 0.829338 -2.028438 -0.828159
13 -0.254477 -0.872466 -1.079175 -0.303898 1.308977 -0.360423 -0.655869 0.211362 -0.738314 -0.209420 0.208652 -0.096957 3.007615 -0.165608
3 -1.802378 -1.941435 24.196713 -1.338172 -1.852443 -1.602495 -1.682804 -1.682970 -1.861129 -1.756063 -2.817563 -1.820139 -2.229882 -1.809240
6 -3.903800 -2.813468 -0.732622 0.419604 -2.374625 16.818471 -2.071486 -1.482767 -0.468698 -2.230265 -1.679416 -0.792834 2.289887 -0.977981
12 -0.748477 -1.338114 0.643305 -1.268022 1.394985 0.325939 -1.470976 -0.464354 -0.002581 1.857972 0.842912 2.026888 -0.233167 -1.566310
10 0.173617 -1.434584 0.935740 -0.513377 0.485841 1.314194 -2.440005 -0.217066 -0.310425 1.881278 -0.702173 0.968851 -1.931462 1.789573
13 -0.466129 -1.293973 -0.219405 0.903390 -1.277854 0.742035 -0.278764 -2.668496 -1.551708 -0.353159 -1.433416 -0.412744 9.031745 -0.721521
11 -2.114094 1.863897 -1.089754 -0.336386 -1.426958 -0.302321 -1.412081 -0.880622 -1.140298 -1.102261 10.873965 -0.983809 -1.129387 -0.819891
13 2.439933 0.363791 -0.070846 -2.108375 0.365751 -1.647698 -1.101381 1.714647 0.047054 -1.060020 -1.722632 0.472037 2.945674 -0.637935
14 -1.141336 -1.030038 -0.242718 -1.310782 0.889201 -1.667534 0.650367 -0.958364 -0.805918 0.382695 -0.969026 0.013699 -0.901960 7.091715
12 1.404570 0.152279 0.270304 -0.337152 -0.908939 -0.173301 -1.058857 -1.766480 0.061058 -0.389075 0.342934 1.560166 0.772942 0.069549
14 -0.441578 -2.471793 -0.156921 -0.850156 -0.591800 -0.046335 -3.058380 -1.441553 -1.096256 -0.439636 -1.757706 -0.634582 -2.090911 15.077608
11 -3.765681 -2.721100 -3.320151 -3.173480 -2.426254 -3.370360 -5.153148 -3.930949 -2.122124 -2.449766 36.772823 -0.560337 -2.363387 -1.416084
7 0.277799 0.132325 -0.942391 -0.332620 -1.094467 0.434393 3.499198 -1.015471 -0.274842 -0.796507 -0.320534 -0.130696 -0.243662 0.807474
6 -1.569993 0.002461 -0.973874 -0.581471 -0.277319 8.673152 -1.197571 0.234615 -1.214212 -0.726528 -0.270756 0.079333 -1.601652 -0.576185
4 -4.454027 -6.631131 -4.117745 63.499782 -5.853093 -5.547196 -4.492426 -4.330646 -5.185565 -3.549084 -3.792014 -5.516791 -5.283058 -4.747007
4 -4.992859 -5.649805 -4.554382 64.686285 -6.187030 -5.630705 -4.408824 -4.571534 -5.068299 -4.248439 -4.815479 -4.706275 -5.227195 -4.625460
4 -4.127625 -2.078256 -4.433693 45.573938 -3.725505 -5.435072 -2.131746 -1.988804 -4.876364 -2.717138 -2.393759 -4.824151 -5.083178 -1.758648
7 -3.390237 -1.848417 -3.938208 -3.696329 -4.925834 -3.161752 51.517548 -5.911718 -4.714765 -4.032483 -5.216765 -3.472893 -4.336507 -2.871636
7 -4.795657 -3.224913 -5.682475 -5.512516 -4.515278 -4.669568 55.843751 -4.515082 -4.971510 -4.241956 -2.739942 -4.542294 -2.692364 -3.740194
7 2.599667 -1.235373 0.687846 0.093601 -1.259825 -1.286499 2.759634 -1.241292 -0.535253 -0.452847 -0.810474 0.856085 0.014231 -0.189501
7 -4.304208 -5.767066 -5.524809 -5.414292 -5.952936 -6.263687 67.316414 -4.217204 -5.220469 -5.030964 -4.183042 -4.905685 -4.897841 -5.634207
7 -3.170822 -4.004365 -4.436187 -4.341210 -4.135540 -4.517575 49.954284 -3.012834 -3.895612 -3.714467 -4.031456 -4.261479 -3.749077 -2.683657
6 -1.500719 -1.084121 -1.438799 -1.078570 -2.000857 14.427528 -0.421042 -0.474845 -2.065553 -1.035850 -1.161655 -1.173927 -1.277405 0.285815
9 -1.212885 0.052134 -0.176709 0.876229 -0.625115 -0.249497 -0.091271 -0.155754 1.923912 -0.054674 0.663192 -0.324348 -0.934649 0.309435
10 -0.363350 1.432664 1.005819 -1.500674 2.261901 0.354490 0.050977 -1.882830 -1.122004 3.324645 -0.745455 0.163489 -2.629361 -0.350311
8 -1.547600 -0.711147 0.179326 -1.703058 0.067273 1.901899 1.540273 5.279786 0.175200 -2.458629 -0.496673 -1.338519 0.101915 -0.990044
8 -1.706448 2.563861 -1.507167 2.284720 0.000025 -0.899781 -1.134365 2.947216 0.231801 -0.389767 0.796258 -2.002032 -0.800689 -0.383631
14 -0.164765 -1.637779 -0.167293 0.668969 -0.632324 2.189442 -1.984602 -0.606552 1.579818 0.443040 -1.553930 -0.674272 -0.107349 2.647598
4 -6.640057 -4.107364 -6.338135 63.492264 -5.663200 -6.280532 -1.568638 -4.208244 -3.719148 -4.467403 -6.142347 -6.717212 -2.286513 -5.353473
4 -5.856938 -6.640855 -4.041528 63.800766 -5.139326 -6.344970 -5.554566 -4.724228 -4.669771 -2.996220 -4.718565 -5.068034 -2.662405 -5.383362
4 -5.986332 -5.815936 -4.179361 64.535108 -6.192986 -5.655813 -4.481081 -5.706162 -2.500597 -4.797725 -5.294540 -4.222346 -5.330669 -4.371561
11 -0.654446 -1.392000 -1.075308 -2.002498 -0.913141 -1.463824 -3.629513 -1.690043 -1.358087 -2.321056 19.650644 -1.011938 -0.565193 -1.573597
7 -0.286809 0.495995 -0.874272 -0.888152 0.582793 -1.368777 2.373688 0.287022 -1.278072 -0.552049 0.768600 -0.540318 0.906227 0.374123
9 -0.030493 -0.461271 -1.781084 0.136720 -0.210914 0.321631 -0.869308 -0.095503 1.365044 -0.287904 0.585537 0.055429 1.138152 0.133964
4 -5.453894 -4.310806 -5.604222 64.094268 -6.265151 -4.513525 -5.197048 -3.715622 -5.301348 -4.128275 -2.795874 -6.371194 -5.451970 -4.985341
5 -3.051886 -0.902114 -1.217530 -0.987032 21.280474 -1.837985 -1.788491 -1.404660 -2.612382 -1.891569 -0.996365 -1.067704 -2.518191 -1.004565
13 -0.519761 0.148373 -0.357925 0.611253 -0.393797 1.347319 0.337840 -1.957258 -0.374411 -0.800870 -0.486631 -0.737621 2.976020 0.207471
13 -0.262660 -0.463842 0.326610 0.075389 -0.045015 0.011156 0.063649 -0.790385 0.526122 -0.126933 -0.502716 0.249794 1.116248 -0.177415
11 -4.622201 -4.151203 -4.120066 -6.345827 -4.106274 -4.495394 -4.293110 -4.647340 -4.429800 -7.449308 61.709626 -2.542315 -5.157195 -5.349591
11 -5.644844 -3.625123 -4.759593 -3.621018 -4.046383 -4.278025 -4.492609 -2.727237 -4.081196 -4.862396 54.342267 -3.710183 -4.095693 -4.397965
11 0.090576 -0.396593 -1.357180 0.881304 -2.037471 -0.701325 -2.986289 1.621811 -2.868056 -1.806127 11.667078 -0.249978 -1.694307 -0.163444
1 2.179274 -1.198038 2.061856 -1.982296 1.515859 2.052139 -1.531737 -1.401337 0.258312 1.142131 -2.091983 -0.971867 -0.113911 0.081598
1 28.233280 -0.320634 -2.389360 -3.274811 -2.044321 -2.616203 -2.146864 -2.367024 -3.344960 -2.887583 -2.474768 -2.462395 -1.184699 -0.719658
13 -1.735684 -2.750761 1.185508 -1.189373 -0.711553 -1.295582 0.087001 -0.697556 -1.890048 -0.902061 0.499938 -1.307653 11.610257 -0.902432
3 1.259066 -1.125793 3.259804 0.678769 -1.407000 -1.408974 -1.757147 -0.939899 1.595201 -0.702498 -2.005431 0.060426 0.661649 1.831827
4 -4.983184 -4.961603 -5.616100 65.824044 -5.730058 -6.962640 -5.365819 -4.686547 -5.294212 -5.375822 -4.166379 -4.490349 -4.366537 -3.824797
4 -3.474908 -2.110085 -4.458323 63.798638 -4.618257 -5.502274 -5.377130 -4.162242 -6.638043 -5.817440 -3.882729 -5.442820 -6.219072 -6.095317
2 -2.047828 11.330073 0.043919 -0.013690 -0.645545 -0.422076 -2.075958 -0.716609 -1.881081 -0.794555 -1.364876 -0.653493 -1.377544 0.619265
3 -2.274340 -0.482115 4.273342 1.140085 -0.512390 -1.282992 -0.912325 -1.197658 0.063673 0.633259 -0.412247 1.331378 -0.717869 0.350199
1 0.000000 0.000000 0.000000 0.000000 0.000000 0.000000 0.000000 0.000000 0.000000 0.000000 0.000000 0.000000 0.000000 0.000000
2 -3.316331 14.409196 -0.676989 -0.736379 -0.708641 -0.767570 -0.683046 -0.944856 -1.405561 -1.274638 -0.603050 -1.096353 -1.403556 -0.792226
10 -0.725288 -0.995996 1.829372 -0.149828 0.298555 -1.124708 -0.786665 -0.559966 -0.360532 2.692016 -1.036405 -0.382851 1.112953 0.189344
1 29.468599 -4.686897 -3.213715 -2.236176 -3.086028 -2.367262 1.574148 -0.408846 -1.910788 -4.896407 -1.727184 -2.496775 -2.457940 -1.554729
7 -5.352801 -4.446151 -4.808093 -4.868961 -5.338274 -5.330277 65.492294 -5.419251 -5.529125 -4.496644 -3.375798 -4.978336 -5.672144 -5.876437
6 -8.095110 -5.631254 -3.627022 -5.279424 -4.717500 63.445448 -5.970604 -3.710337 -4.057904 -4.736902 -4.181946 -5.099885 -3.096913 -5.240644
4 0.976145 -2.275133 -0.799452 1.422150 -0.143062 0.401180 -0.345575 0.343533 -0.634529 -0.340770 0.437766 0.164822 -0.177189 0.970115
13 -0.676572 -0.194383 -0.159319 -1.117966 0.916608 2.397938 -4.691190 -1.418881 -0.401456 2.554248 -0.650140 -1.703124 4.435665 0.708574
1 3.218145 -0.617703 -0.805087 -1.335292 -0.238978 0.893233 -0.397726 -1.430178 -1.159935 -0.275948 -0.539820 0.846844 0.095539 1.746906
7 -1.730656 0.457177 1.446358 -0.379944 0.676077 -0.347354 1.626258 -0.513238 -0.712534 -0.177666 0.609318 -0.565120 -0.897570 0.508894
10 1.226910 -0.266551 0.013170 -1.458914 -1.031310 -0.507942 -0.225109 -0.593090 -1.211695 2.628492 -0.209136 0.127583 -0.719571 2.227163
1 3.321837 1.206539 -1.022290 0.269294 0.232022 0.106199 -0.915098 -0.786272 -0.648898 -0.750127 -0.689525 -0.489282 0.764163 -0.598562
8 0.078961 -0.616910 -0.399589 -1.441411 2.801602 0.203197 0.161627 2.960258 -1.198705 0.670760 -0.355621 -1.106121 -0.501874 -1.256172
7 -2.148851 -3.308968 -3.266134 -4.343962 -4.310645 -4.331717 48.516832 -3.074567 -4.279611 -4.624890 -3.211991 -4.014110 -3.080864 -4.520520
2 0.000000 0.399521 0.000000 -0.096890 -0.029832 -0.194759 -0.063451 0.390486 -0.043026 -0.008642 -0.106305 0.000000 -0.168739 -0.078362
11 -0.578254 0.789218 -0.675148 -1.024894 -0.217746 0.028228 -1.124823 -1.300362 -0.694190 -1.057225 7.997162 -1.132773 -0.928394 -0.080799
10 1.029821 -1.260053 0.359200 -0.259452 -0.071567 -0.651834 -2.971256 -0.589007 -0.455595 6.653746 -0.138365 -0.067375 -1.648119 0.069856
14 -0.295658 0.505933 -0.718706 -0.891133 0.461094 -0.760765 0.276377 -0.933549 0.597416 -0.656694 -0.605415 1.591992 -0.473475 1.902583
13 -0.462617 -0.925506 1.395761 -0.052728 -0.052797 -0.011724 -0.843027 -0.514185 -1.106416 0.109626 -0.276304 -0.842440 4.429653 -0.847298
1 17.075309 14.975147 -5.042273 -3.520362 -1.530026 -0.624120 -3.917014 -3.137967 -3.054423 -2.804189 -0.178737 -3.002454 -2.162978 -3.075913
12 -0.075018 0.000000 -0.046251 -0.107744 -0.036023 -0.012105 0.003277 0.228100 -0.145504 -0.172974 0.000000 0.349423 0.099833 -0.085013
2 -1.521025 14.333924 -2.541060 -2.557776 0.818966 -0.186304 0.155728 -0.602402 -0.137029 -0.896352 -2.379146 -2.833805 -0.691798 -0.961921
4 -0.890394 0.310427 0.027194 0.952164 0.013660 -0.272993 0.175726 -0.263353 -0.457067 0.196095 0.536217 0.045076 -0.752305 0.379553
4 -5.606169 -5.193411 -6.622043 63.003973 -7.122915 9.495445 -7.509482 -5.271033 -6.165622 -5.899145 -7.097693 -5.560162 -4.513215 -5.938528
1 79.456628 -6.044887 -6.176398 -6.506408 -6.068860 -6.099476 -6.326013 -6.012539 -5.166244 -6.046867 -5.800867 -6.324974 -6.181812 -6.701282
1 80.186536 -4.739315 -6.227643 -6.268607 -6.274550 -6.382628 -7.913331 -5.679062 -5.825217 -5.176029 -5.186651 -7.090129 -7.504843 -5.918532
1 41.691280 -2.223799 -3.899876 -5.041895 -4.724342 -5.553093 -3.084957 -0.222497 -1.058964 -2.677756 -3.394560 -2.714759 -4.453566 -2.641216
8 -0.043750 1.951515 -1.269342 -1.187992 -0.650674 -1.642011 -0.013312 2.590227 1.801808 -0.158097 0.571179 -1.735330 0.886178 -1.100399
4 -4.893568 -5.306933 -4.907396 67.515639 -6.042724 -4.427947 -5.985983 -4.333329 -6.057110 -5.048172 -4.441974 -5.543653 -6.504578 -4.022273
7 -1.188951 -1.810903 -0.396653 -1.266411 0.130420 -0.492138 3.018596 0.629504 0.296258 -0.862589 0.356538 -0.610923 1.805479 0.391773
2 -2.369379 13.595879 -1.664968 -1.148103 -0.985024 -0.001943 1.097278 -1.649387 -1.109972 -0.994358 -1.446069 -0.590595 -1.072108 -1.661250
1 4.667652 -1.148555 -0.332299 0.298467 0.461421 -1.046856 -0.185584 -0.798697 -0.748282 -0.013442 -0.951609 -0.383769 0.520439 -0.338886
7 1.652713 -1.040367 -0.367815 -2.003346 -0.883330 2.392621 3.337508 0.952961 -0.903840 1.789478 -1.456234 -1.082655 -0.663053 -1.724641
13 1.134448 0.679651 -0.429716 -0.509480 -1.030633 -1.361305 -1.451200 -1.772459 0.928546 -1.583255 0.285622 1.401229 3.370581 0.337973
9 -0.277092 0.156788 0.014968 -0.744288 0.598940 0.567729 -0.839129 -0.335042 2.586499 -0.951165 -0.133320 0.155050 0.407186 -1.207125
9 -0.792703 -0.212747 0.224389 -1.111372 0.174616 -0.361440 -0.690453 0.632981 3.300926 -0.174068 -0.828219 -0.471611 0.579446 -0.269744
5 1.830351 -1.174692 1.909946 -0.825820 5.611885 2.280261 0.573883 -0.201356 -1.896146 -1.997949 -1.751027 -0.826214 -2.118905 -1.414216
4 -4.687545 -5.206686 -4.538499 65.142822 -6.122839 -6.346778 -5.487885 -4.239880 -4.937826 -5.301282 -4.566922 -5.070453 -3.857699 -4.778528
4 -5.428685 -3.813230 -3.774229 64.350086 -4.378186 -6.347542 -4.636278 -4.940465 -4.156222 -4.935569 -6.459527 -4.673697 -5.785273 -5.021184
4 -5.256201 -5.771784 -3.124480 68.460031 -6.432467 -7.214868 -5.765443 -4.722113 -5.892720 -3.431898 -5.286913 -4.678958 -6.294385 -4.587803
4 -4.159572 -3.400788 -3.379890 46.994567 -4.169583 -4.217199 -3.703076 -3.185934 -3.841100 -3.215203 -3.023990 -3.358188 -4.079804 -3.260242
4 0.650594 -2.049600 -0.463567 4.350857 -0.641993 0.314109 -3.584555 1.691721 1.580050 -0.659102 -2.000166 0.807202 0.548026 -0.543576
1 27.121828 -2.240783 -2.725362 -2.050351 -1.687089 -1.968718 -3.522277 -2.001741 -1.594009 -1.271392 -2.326384 -0.055589 -3.034239 -2.643894
7 0.099548 -2.061176 -0.446720 -1.012421 -1.370084 -0.179588 4.054964 -0.136623 -0.476258 0.265361 -0.145266 0.488290 0.797366 0.122610
8 0.834875 -0.653490 -1.225741 0.037738 0.037433 -0.290897 0.202164 2.103200 -1.303633 -0.053024 0.122991 -0.430100 0.334921 0.283564
1 31.426375 -2.610696 -2.440331 -2.712899 -1.866932 -3.395806 -2.875169 -2.693131 -1.444644 -2.711527 -2.437380 -2.276421 -1.010696 -2.950742
1 37.835224 -2.786705 -3.041260 -0.424670 -4.547602 -2.999390 -1.752391 -3.937470 -2.245485 -3.908169 -4.057251 -2.507041 -2.116732 -3.511057
3 -0.582323 -1.700772 4.245329 -0.427565 -0.860828 -0.469588 -0.116972 -1.006880 -0.511856 -1.130346 0.857496 0.804293 0.310160 0.589852
3 -2.368627 -1.287367 11.353683 -2.150976 -1.420585 0.883162 0.442194 0.725554 -0.339318 -1.669513 -1.455396 -1.566657 0.453164 -1.599320
1 27.499872 -3.196944 -3.027410 -0.973484 -3.305281 -1.479752 -1.869786 0.291794 -1.894906 -3.469075 -3.208559 -1.361131 -1.547325 -2.458011
3 -1.230724 -0.812170 20.715702 -2.396654 -0.936637 -1.784127 -1.397448 -0.894333 -1.381933 -1.688264 -1.128106 -1.658604 -2.809563 -2.597139
14 0.586428 -1.817103 -0.900752 -0.741101 0.928124 0.800179 -1.324352 -0.033681 0.163162 -0.018502 0.183968 0.035016 0.033341 2.105274
14 -1.533622 -2.734705 -0.125309 -0.361973 -0.454449 -0.473468 -0.942475 -0.327472 -1.444947 -0.626470 1.044166 -1.620917 -1.311278 10.912919
8 -1.244785 -0.574687 -0.948355 0.066002 -3.168400 -1.364213 3.366513 10.967202 -1.267660 0.324224 -1.809677 -1.162573 -1.529580 -1.654013
3 -0.286709 -0.926954 6.848054 1.142058 -1.012168 -0.980413 0.158804 -1.282965 0.103691 -0.830133 -1.550550 -0.084851 -1.439675 0.141810
6 -2.613104 -1.383973 -1.656261 -1.463114 -2.124175 21.677294 2.549619 -2.878979 -1.690700 -2.575499 -1.897653 -2.583512 -1.464000 -1.895944
3 -1.449359 -1.223056 2.370709 -0.615592 -0.123209 1.155522 -1.437787 -1.456978 0.969109 0.522175 0.709407 0.653559 0.260038 -0.334539
3 -1.558550 -1.350130 24.272959 -3.037949 -1.957714 -1.970736 -3.362173 -2.541715 -1.164446 -1.308482 -1.186663 -1.152063 -2.608301 -1.074036
14 0.254298 -0.096749 0.286230 -0.124160 -0.109816 -0.222503 -0.463991 -0.271244 0.330482 -0.638135 0.131888 0.310739 0.221982 0.390980
11 -1.483459 -0.657404 -2.155155 -0.529680 -0.619922 -2.208395 1.708576 0.411000 -0.150191 -1.854188 7.999783 -0.443218 -0.151861 0.134114
11 -2.540324 -1.857673 -1.211351 1.281847 -0.693781 -0.985484 -0.069961 -0.312071 -2.412866 -0.393433 8.997089 0.451122 -0.715800 0.462687
11 -2.897797 -3.437289 -3.285434 -1.989924 -2.891952 -3.610548 -2.568522 -2.169144 -2.136888 -3.183126 35.511564 -2.560785 -2.970074 -1.810081
11 -1.085803 0.415187 -0.807162 0.588560 0.561678 -0.439804 -1.274044 0.001098 -2.435349 -1.203465 4.844043 0.766062 0.198034 -0.129035
1 33.484087 -2.302020 -1.319933 -2.950752 -1.578042 -2.663828 -3.544614 -2.783819 -3.586605 -3.150720 -3.087056 -0.820608 -3.056235 -2.639855
5 -2.439573 0.653925 -1.421373 0.627442 6.480492 0.723246 0.858441 -1.577012 -1.092446 -0.373060 -0.762933 0.103633 -0.664773 -1.116011
4 -5.720630 -4.462031 -5.835695 70.900645 -5.313412 -5.707872 -5.358668 -5.195605 -4.884276 -4.866223 -6.471653 -4.175499 -6.552040 -6.357043
7 -4.264721 -2.541517 -5.303528 -3.864544 -3.645428 -4.591143 60.204671 -5.516171 -5.067356 -4.469524 -8.348193 -4.762239 -3.507510 -4.322794
3 -0.505161 -1.119011 1.643851 -0.188817 0.411960 0.740035 0.751702 -0.175847 1.119551 1.077874 -1.217920 0.195601 -3.207955 0.474137
5 -3.173164 -0.837495 -1.103782 -0.859436 15.176412 -0.626230 -1.238734 -1.029678 -1.318185 -1.261288 -1.190784 -0.821106 -1.149061 -0.567469
4 -5.165494 -5.007497 -4.557367 65.669986 -3.572923 -6.279571 -5.019668 -4.369579 -4.557100 -4.622319 -6.058906 -5.126809 -5.493946 -5.838809
6 -3.224099 -3.140519 -5.188049 -4.011428 -3.741218 51.436947 -5.959735 -3.198764 -3.510075 -3.715865 -5.655192 -3.222933 -3.627651 -3.241419
8 -1.638551 -0.921434 -0.763786 -0.404163 -0.274112 2.024995 -0.459736 4.164913 -0.555142 -1.234945 -1.379724 1.742148 1.005966 -1.306430
6 -3.470790 -3.121988 -2.673685 -2.662167 -2.784043 37.650840 -3.080806 -2.451209 -2.827699 -2.685719 -2.823584 -2.887832 -2.994399 -3.186918
6 -0.011922 -1.460063 -0.259931 -0.831207 -0.083020 7.152037 0.354012 -0.196031 0.167237 -1.880180 -1.502910 -0.579258 -1.360450 0.491686
3 0.674985 0.381945 1.338176 0.465795 -0.741293 0.080421 0.128821 0.930354 1.078096 -1.274802 1.089555 -1.466705 -1.628560 -1.056789
13 -0.975506 -0.823886 0.017628 0.309694 -0.150501 -1.324326 -0.983331 -1.298453 2.237956 -0.840895 -1.158428 -0.166904 5.104768 0.052186
13 1.274360 0.378339 0.084645 -0.756192 -0.569612 -0.159535 -0.420320 -1.284789 -0.767166 -0.104214 -0.370534 -0.423699 3.583171 -0.464453
14 -0.795435 -0.697528 -0.752608 -0.902932 0.415454 1.443450 -0.975497 -0.333785 0.292947 -1.411967 0.332878 -1.015343 2.083892 2.316476
9 -1.374273 -0.925372 -0.654013 -1.348293 0.981253 -0.133927 0.781967 -0.497775 1.771722 0.327024 -1.045590 -0.232138 1.383517 0.965896
12 0.030148 -1.738831 0.768428 -0.571154 -0.588408 -0.255840 -0.392583 -0.217946 0.002724 0.860547 -1.282199 3.096844 -0.377971 0.666240
4 -4.927944 -6.066603 -4.792892 65.355388 -5.959289 -6.517774 -4.003558 -3.621861 -4.650191 -5.011157 -5.258599 -5.091421 -5.526828 -3.927272
14 0.922709 -1.147927 0.122247 -0.578803 -0.079649 -0.514777 -0.704270 -0.136941 -0.502096 -0.366254 -0.245466 0.277397 0.673747 2.280083
4 -3.757119 -4.151329 -3.908897 50.801460 -4.812330 -6.210130 -5.050185 -4.298878 -4.041310 -3.782824 -2.962497 -3.044708 -1.422003 -3.359251
4 -5.460635 -4.721628 -5.424764 71.059356 -6.200113 -6.076794 -3.444799 -5.244252 -5.346549 -6.382816 -5.019850 -5.954894 -6.641261 -5.141000
3 -2.609828 0.365700 28.176152 -2.494652 -3.080127 0.039568 -2.329188 -1.894149 -1.203931 -3.510511 -1.698643 -2.775913 -2.864194 -4.120283
3 0.801758 -0.190504 3.563643 1.929909 -1.353164 -0.800851 0.042864 -0.568473 -1.216443 0.644916 -0.031000 -1.265156 -0.820151 -0.737347
13 1.131737 0.965400 -0.377802 -0.872776 -0.686583 -0.291012 0.120264 0.953002 0.709490 -0.389531 -1.422138 0.702843 1.192096 -1.734992
14 -0.489341 0.531142 -0.015573 0.474809 0.129472 0.492128 -2.076763 0.248809 -0.941270 0.553906 0.589495 -0.179012 -0.276792 0.958990
13 -1.457980 -0.957698 0.277761 1.255212 -0.428255 -0.692092 0.656373 0.147281 -0.509133 -0.368457 -0.252089 0.069133 2.125980 0.133964
14 -0.794115 0.052321 -0.464325 -0.871622 0.076127 0.218080 -0.697339 -0.242259 0.060794 0.705757 1.071516 -1.704846 -0.387512 2.977425
7 -2.783768 0.131483 -1.234284 -0.903482 1.795522 0.326740 3.095912 -0.235844 -1.027042 -0.486761 1.034529 -0.120144 -1.486844 1.893983
4 0.516956 -2.000991 -0.205123 1.198651 -0.039746 0.229800 -0.318841 -0.291852 0.198117 -0.399162 -0.615699 0.245717 1.004972 0.477204
14 1.650256 -0.698097 0.142312 -1.254304 -0.202546 0.270035 0.544006 -1.000683 1.495818 0.479256 -1.169774 -1.610764 -0.448584 1.803069
4 -4.512231 -5.734729 -5.648742 63.604566 -5.304456 -5.327645 -4.004743 -3.385790 -2.931590 -6.445226 -4.291857 -6.001551 -4.925046 -5.090960
4 -4.757319 -5.637388 -4.959069 64.232351 -6.126917 -5.827723 -4.771676 -3.623228 -4.955356 -4.225731 -4.664194 -4.759027 -4.881198 -5.043526
1 3.540850 -0.549334 -0.885811 -0.348023 0.449057 -0.005329 -0.098776 0.660241 -0.956559 -0.764289 -1.000933 0.365081 -0.483338 0.077162
12 1.880606 1.980483 -1.596705 -1.593970 0.306840 2.464761 -2.048891 0.843844 -1.666609 -1.973456 -1.308252 3.019244 0.399214 -0.707110
1 22.711497 -1.714141 -1.941365 -1.064258 -2.141850 -2.378840 -1.160726 -2.221383 -1.843315 -2.198034 -1.576864 -0.857403 -1.071051 -2.542268
14 1.392917 -0.154348 0.113225 0.202692 -0.518547 -1.539926 -0.811991 -0.604288 0.801632 -1.259263 -2.056410 1.445353 -0.115697 3.104653
1 2.255525 1.773577 1.033014 -1.040211 -0.007886 -0.379477 -0.343768 -1.267325 -1.555619 0.893403 1.240759 0.282895 -3.036411 0.151524
4 -4.314906 -5.093605 -4.241995 46.781091 -5.306290 -3.605219 -0.350202 -3.392802 -1.548231 -2.098338 -4.740643 -2.792255 -5.331448 -3.965160
5 -1.769786 -0.408698 -2.290949 0.037900 13.429077 -2.149393 -1.450727 -1.964002 -0.246461 -1.780168 -0.551414 1.050721 0.378940 -2.285041
4 -4.600184 -5.660344 -4.816532 66.125733 -5.046043 -4.922123 -6.998568 -4.578474 -5.238473 -3.797583 -5.267079 -3.672675 -6.800402 -4.727253
14 0.054588 -1.823893 -0.739723 -1.357083 -0.468663 -0.640384 -0.670525 -0.980683 -0.028272 -0.987166 -0.400080 -1.630791 -0.654749 10.327424
2 -0.554078 0.679622 -0.035312 -0.186201 0.653495 0.449901 -0.301687 -0.293396 0.278760 -0.208424 -0.420788 0.060788 -0.019192 -0.103489
6 -0.097858 -0.016279 -0.347611 -0.623581 0.299397 0.394764 0.328329 0.362712 0.014439 0.033494 -0.143181 -0.166249 0.040059 -0.078434
4 -5.465376 -5.823577 -5.386101 64.821887 -6.961869 -5.109203 -2.250761 -3.150445 -4.888797 -4.995598 -5.539607 -3.752754 -6.003652 -5.494148
10 0.855421 -2.907453 1.712326 -1.390617 -1.973566 -2.139476 -1.294619 -2.530119 -0.534885 6.786944 -0.220260 3.851991 -1.678288 1.462601
14 0.030739 -0.828563 -0.814500 -1.973005 0.361307 0.465580 -0.985683 -0.930108 -0.076641 1.529518 -0.598143 -1.091248 1.039641 3.871105
6 -3.696284 -3.476395 -2.309169 -2.469456 -2.907052 29.927228 -2.446067 -2.494204 -1.599070 -2.329299 -1.343681 -0.672912 -1.350322 -2.833320
5 -0.225346 0.521423 -0.776910 -0.182111 1.251913 0.982291 -1.204841 -0.714657 0.715171 -0.107842 0.036776 0.838739 -0.110169 -1.024436
7 -0.617800 -0.684757 -0.277037 0.902319 0.088342 0.272130 0.958239 -1.162306 0.073180 0.313418 0.894869 -0.759036 0.013256 -0.014816
4 -7.026286 -5.257349 -6.129741 65.813422 -6.122220 0.588909 -4.840814 -4.419640 -6.193677 -6.014026 -5.086053 -4.672371 -5.073238 -5.566916
10 1.704527 -2.270464 -2.018986 -1.728129 -0.772908 -2.306578 -3.993860 -0.882642 0.131479 17.293471 -0.947339 -1.361626 0.366297 -3.213240
8 -0.426467 1.225973 -0.406395 -1.286459 -2.320905 -1.113335 -1.699639 9.255162 -0.395175 0.958749 -0.947937 -1.088879 -0.543545 -1.211146
8 -0.515220 -0.732373 0.578656 -0.691862 -1.564487 0.419595 -1.089269 4.868288 -0.084801 0.221468 -1.267241 -0.393493 0.945512 -0.694773
1 28.627589 -2.965608 -2.131300 -0.267659 -1.063357 -4.050978 -2.682115 -3.267587 -1.565126 -3.072806 -2.123318 -2.712748 -1.004118 -1.720868
4 -3.486345 -2.422779 -3.778776 46.718311 -4.618629 -5.355935 -3.986408 -3.033901 -3.871519 -3.152639 -3.080519 -3.552570 -2.787338 -3.590956
5 -0.729209 -0.476776 -0.796073 -2.144595 10.557437 -2.555642 -0.950562 1.315257 -0.130425 -1.056922 -2.392899 -1.989950 2.054824 -0.704466
11 -2.635871 -1.291713 -3.235924 -1.598195 -1.379692 -3.756816 -2.390171 -2.747796 -3.146751 -1.685817 34.750118 -3.228089 -3.690015 -3.963267
14 -0.835116 0.168489 1.042564 0.884624 0.018740 -0.240304 0.590037 -0.527428 -0.752321 -0.569296 0.072437 -0.210977 -0.791450 1.150003
8 0.697830 -1.773985 0.322936 -0.470671 0.177313 0.189317 -0.317311 1.400909 0.827379 1.033180 -2.115393 0.252661 -0.161349 -0.062815
8 -0.154148 -1.140606 -0.625485 -0.418477 0.972369 1.710406 -1.236318 2.967765 1.260490 -0.836942 -0.994681 -0.110419 -1.164050 -0.229903
12 1.250675 0.300203 -0.165994 0.610069 0.896531 -0.269561 -0.674765 1.373030 -1.093295 -2.158612 -2.649922 3.482998 0.477129 -1.378486
4 -1.115747 -2.187992 -0.211525 3.027793 2.974338 1.220678 -1.787175 0.734799 0.394529 -1.407939 -1.104189 -0.569353 0.612135 -0.580352
1 2.749453 0.731444 0.292467 -0.544397 0.580018 -1.463792 -0.390495 0.195088 -0.632181 1.058808 -1.129859 -0.820668 0.674371 -1.300254
4 -5.715633 -6.353903 -3.867392 65.507653 -6.376282 -5.654101 -5.196111 -3.562513 -4.439087 -4.733679 -4.468440 -4.600635 -5.578399 -4.961480
7 -2.207948 0.286245 -2.397070 0.891092 0.175416 -0.398389 2.311509 1.090895 -1.487861 -0.185752 0.824467 1.019334 -0.582437 0.660501
13 -0.199827 0.945089 0.731921 0.681302 -0.530394 -0.382680 -2.524689 -1.162290 -0.404653 1.764850 -1.102185 -0.474771 3.149357 -0.491031
1 21.540776 -3.761148 -1.334357 -0.752006 -1.878429 -3.744584 -1.228028 -3.710440 -1.646915 0.128766 -2.421041 2.174839 -2.943182 -0.424249
6 -1.959537 -2.330920 -2.729172 -1.796657 -1.027882 25.800461 -3.096319 -1.673139 -1.514334 -2.296114 -1.615625 -2.850002 -1.857554 -1.053206
3 -0.695087 -1.810733 5.431685 -3.290762 0.956646 -0.201154 0.267106 -0.836107 -0.951680 -0.338503 -0.443550 1.816937 0.072848 0.022354
2 0.044458 3.235148 -2.310470 0.369017 3.180505 -0.725301 0.146522 1.778000 -0.162544 -1.199109 -3.015634 -0.878303 0.110109 -0.572397
8 -3.558534 0.024735 -2.426791 -0.132302 -0.310577 1.111541 -1.857903 14.128656 -2.954387 -2.338780 -0.665480 1.115278 -1.860844 -0.274612
10 -0.405802 -0.365134 0.184065 -0.712821 0.885668 -0.325831 -0.174811 0.252462 -0.107754 0.979017 -0.626043 -0.243798 0.055722 0.605060
1 2.764032 1.612496 -0.250476 -0.318135 -0.224022 -0.750283 -0.213568 0.275868 -0.962775 0.192272 0.111475 -0.658711 -0.427443 -1.150729
6 1.766427 -1.896692 -2.336170 -1.099670 -0.293040 16.158796 -2.577219 -1.749222 -0.743869 -2.060373 -2.197050 -1.235096 -0.431373 -1.305447
14 -1.119214 -0.970892 -0.650868 1.571158 -1.017967 0.035130 -0.788930 1.684876 -0.447010 -2.035649 0.028320 1.128211 0.310874 2.271962
3 0.221423 -0.457046 7.171012 -0.292877 -0.751701 -0.833110 -0.936620 -0.953173 -1.071140 -0.303460 -0.303534 -0.884038 0.013995 -0.619732
12 -0.184157 -0.045498 -0.510076 0.354890 -0.233737 -0.862046 0.505928 -0.282639 0.840911 -0.483805 0.092808 0.887543 -0.075171 -0.004952
1 3.565593 0.359373 -1.761101 0.411672 -2.439460 0.890063 -1.861431 -0.729724 -0.064847 1.065832 -1.600683 0.287656 -0.073417 1.950474
14 0.247893 -0.011408 -0.049561 -1.057872 -0.513236 0.938222 -0.774365 -0.325496 -0.058180 0.221287 0.667854 -0.263096 -0.109361 1.087320
11 -0.236500 -1.114403 -1.699701 -0.963213 -0.439490 -2.030316 -2.370121 -0.504023 -0.754947 -1.097946 13.438507 -0.500422 -1.933280 0.205855
13 -0.415862 1.408172 0.041878 -0.312615 -0.967701 -0.357079 -0.554900 -1.267193 0.489595 0.693294 -0.374029 -0.606586 2.310175 -0.087150
12 -0.048991 0.622244 -0.211065 -0.696337 -0.552565 0.087097 -1.387518 -0.276196 0.692363 1.157350 -0.973681 1.489927 -1.136862 1.234235
1 81.602315 -6.579600 -6.083078 -6.496465 -6.037170 -6.161246 -7.709885 -6.168096 -6.096800 -6.039486 -6.200179 -5.639661 -5.982032 -6.408617
7 -3.230146 -3.543447 -3.878393 -3.871001 -3.271883 -3.787456 47.064310 -5.021918 -3.202604 -3.864898 -4.636365 -1.558783 -3.710268 -3.487145
12 -2.224262 -0.952446 1.080697 0.322589 0.222060 -1.577495 0.080007 0.328072 0.644626 0.340659 0.192659 1.506685 0.086656 -0.050507
13 -0.653623 -1.265733 0.232431 -1.151213 0.321851 0.373003 1.158573 0.024351 -0.220679 -1.141921 0.129509 -0.050600 1.665265 0.578787
1 27.785305 -2.778174 -0.180875 -2.599673 -3.917096 -3.945800 -0.085240 -2.226908 -0.684805 -2.254181 -2.315860 -3.803543 -0.525448 -2.467701
1 25.161797 -2.758408 -2.054054 -2.013803 -1.953521 -0.403134 -4.410914 -0.582213 -1.156090 -1.243867 -1.345511 -2.837589 -2.899076 -1.503618
2 -1.133956 2.172517 -0.550081 -0.554295 -0.057489 -1.071774 0.896882 -1.348317 -0.883618 -0.399317 0.098198 0.844553 0.895179 1.091520
6 -1.532989 -0.558028 -0.671545 -2.093449 -0.360996 15.360101 -3.459428 -1.507598 -1.627065 -1.751638 -0.704449 -2.393957 2.417634 -1.116594
5 -3.291590 -0.491011 -1.233887 -1.797581 12.305198 -1.666787 1.047932 -0.074751 -1.792828 0.699063 -2.274725 -1.076457 -2.400478 2.047902
6 -0.111943 -0.032176 -2.382200 -1.050291 -2.039970 14.523859 -3.171595 -0.079184 -1.168146 -1.611607 -2.478537 -1.210303 -1.717268 2.529361
3 0.063706 -2.141151 3.187653 -0.425179 -1.319834 -0.916301 -1.812097 0.218986 -0.092761 -0.326137 1.854826 2.326556 -0.234099 -0.384169
2 1.519732 3.903657 -0.778685 -1.739201 -0.773517 0.925384 -0.490825 -0.442727 -2.794389 0.026593 -2.159284 1.953171 -0.204024 1.054117
3 -1.655188 -1.103532 24.068275 -2.983211 -1.691071 -1.975396 -3.465388 -2.409587 -1.324022 -1.310482 -1.171946 -1.146500 -2.794453 -1.037499
10 1.191416 -0.557649 1.750136 -0.861426 0.277211 0.639671 -1.529382 -0.456623 -1.280509 2.461747 -0.561330 -1.201446 -1.948121 2.076305
6 0.360181 -0.237575 0.273900 0.142216 -0.199342 0.673009 0.000000 -0.175827 -0.299005 -0.176858 -0.075323 -0.080835 -0.096772 -0.107770
3 -2.012769 0.695637 4.249896 -0.509592 0.082068 1.750538 -0.614633 0.009802 -1.604016 0.283928 0.209481 -1.690030 -0.341781 -0.508529
10 -2.538910 1.030724 -0.620730 0.259478 -0.238631 -0.655031 -1.382467 -1.033934 -0.453858 10.847718 -1.007221 -0.119001 -3.398999 -0.689141
10 -0.229784 -2.682419 1.179357 -0.784084 1.571040 -2.565114 -1.672253 -0.452132 -1.911251 3.130691 0.745191 0.970111 2.551792 0.148855
7 -4.494231 -2.966482 -4.168981 -4.159670 -4.497238 -4.188341 54.633291 -3.021112 -3.845992 -4.011173 -6.224574 -4.261306 -4.019032 -4.775158
11 -1.070832 -0.272738 -0.358634 0.983147 -1.136839 0.244207 0.888886 0.822841 -1.576728 -0.891826 1.781427 0.755716 0.431849 -0.600476
12 -1.968518 -1.204277 -0.275569 0.007597 -0.658108 -0.243721 1.093878 -2.043579 -0.928680 -1.384733 -0.151304 9.652564 -1.468990 -0.426561
4 -0.831547 0.340346 0.027194 0.650184 0.070283 -0.155554 0.251301 -0.251010 -0.771344 0.196095 0.591454 0.174821 -0.671776 0.379553
11 -3.924810 -3.122951 -2.094297 -1.818194 -0.852044 -2.642906 -3.556308 -2.750948 0.035820 -3.688460 29.800455 -1.464039 -2.077100 -1.844217
11 -7.558754 -5.799432 -5.632837 -5.579409 -5.298674 -5.645570 -7.185594 -4.867991 -5.295624 -5.039142 74.344487 -5.262441 -5.355929 -5.823087
2 0.586918 1.417713 0.760382 -0.970458 0.731505 0.211174 0.227640 0.881013 -1.221408 -0.960834 -0.176077 -0.023549 -0.828589 -0.635429
3 -1.576842 -1.061723 23.302048 -2.983211 -1.515288 -1.967309 -2.981332 -2.345016 -1.370181 -1.269373 -1.157065 -1.034489 -2.820866 -1.219352
2 -0.756042 1.721517 -1.027916 -0.623734 -0.567354 -0.791849 0.671640 0.412603 -1.472787 0.559101 1.624165 0.067616 -0.215592 0.398630
14 -1.862720 -0.326042 0.089904 0.391901 0.585621 -1.070442 1.279800 -1.310232 -0.622805 -0.969000 0.151778 0.961763 0.591813 2.108662
11 -1.730640 0.849219 -0.758594 -0.491911 0.776452 -0.687767 -0.579600 -0.656241 -0.655635 0.729792 4.617049 -0.368362 -0.013257 -1.030505
7 0.192439 0.407475 -2.096394 -0.360242 0.007895 -0.940610 2.409393 0.465638 -0.182428 -0.590140 1.359194 -0.755489 -0.046106 0.129376
4 -0.417341 1.162083 -0.057547 1.795091 -0.722371 -0.851817 0.278191 -0.440414 -0.531079 -0.061433 0.360514 -0.057955 -0.509295 0.053374
10 -0.314043 -0.529161 1.043751 -1.245180 -0.112800 -1.947806 0.067767 -0.885580 0.538754 3.457355 2.192795 0.167652 -0.881337 -1.552166
11 -5.481793 7.613159 -5.539748 -2.812165 -1.500206 -3.617770 1.259495 -1.285451 -4.826332 -3.905936 27.767492 -3.664367 -3.666923 -0.339452
10 0.035553 -0.609818 -0.943471 -0.861918 -0.102345 -1.410179 -0.439390 -1.148580 -0.331415 7.821190 -0.699211 -0.151828 0.064123 -1.222710
11 -1.719135 -1.956813 -3.573352 -1.757914 -2.008109 -2.705635 -5.102449 -2.684769 -3.631441 -1.689032 34.154131 -1.557445 -4.341443 -1.426593
11 -1.652470 -1.211059 -1.846518 -1.131009 -1.807025 -2.460321 -1.975228 -0.639838 -3.123489 0.174174 19.829832 -1.557715 -2.052880 -0.546454
6 1.150250 -1.660771 -1.674130 1.232086 -0.877553 10.397307 -0.756988 -0.961480 -1.491846 -2.178068 -2.371521 -0.348143 0.438533 -0.897677
13 -0.882940 -1.726710 -0.716440 -1.494618 0.115785 -2.492994 -0.932059 -0.142938 0.910663 -0.771422 -0.419915 0.267371 8.127913 0.158305
2 0.176325 4.957864 -0.799561 -0.018923 3.369095 -0.386393 -1.305186 0.057215 -0.601352 -1.095362 -1.520783 -0.860321 -0.776252 -1.196366
2 -0.791699 6.264339 -1.617086 -0.505098 -0.424513 0.125591 -0.650945 -0.088171 -2.252704 0.118591 0.400093 -0.058540 -0.900228 0.380371
11 0.131673 -0.428456 -0.344471 0.135336 0.340106 -0.676344 -0.253144 0.094335 -0.892402 0.025014 1.861560 -0.611297 -0.854890 1.472983
14 -1.053843 -0.484695 -1.423810 -0.369690 1.587980 -1.315273 -0.900096 -0.749725 -2.382948 -2.079961 4.756578 -1.245530 0.810185 4.850829
11 -1.672771 -0.125108 -0.442847 -0.497539 0.383315 1.014190 0.429428 0.345944 -1.464527 -1.471290 1.936290 1.283553 -0.366141 0.647504
8 -2.365539 0.573811 -0.942965 1.467783 -0.387046 0.696925 -0.165654 4.636799 -2.009205 1.135624 -0.374921 -0.849284 -2.003995 0.587667
5 -0.303398 -0.427431 -0.841948 -1.214771 9.483566 -0.908211 -2.340099 0.028480 -0.856997 0.407072 0.885094 -1.245380 -1.738131 -0.927846
1 3.297918 1.114654 -1.284380 -1.001810 0.566737 -1.406337 -1.122142 0.530694 0.081000 -1.333187 0.109216 0.552293 0.669734 -0.774391
12 -0.625689 -0.359068 -0.542803 1.226890 0.485573 -1.565788 -1.535592 -1.226013 -0.072574 1.111351 -0.538117 2.868155 -0.021490 0.795165
5 -0.362482 -2.477951 -0.430821 -1.165035 2.951834 -1.865319 1.970125 -0.763305 -1.725793 0.798135 1.345294 -1.211932 2.721715 0.215534
2 -1.444659 8.311966 -0.637784 -0.307152 -0.413266 -0.989076 -0.205521 -1.051248 -1.019447 -0.852796 -0.178160 -0.597965 -0.284729 -0.330163
13 -0.404190 -0.731373 -0.308529 1.081617 -0.681295 -0.114724 -1.066522 -0.528932 -0.070765 -0.688606 -0.122362 -0.643801 3.580301 0.699179
14 0.082193 -0.113312 0.018169 -1.249479 0.488445 -1.244701 -0.869337 -1.977323 -0.668644 -0.744441 -2.958704 -0.507446 1.147169 8.597412
8 -0.744016 -1.436475 -0.913706 0.629580 -0.686786 -0.766875 1.069192 1.694924 1.198015 -1.521991 0.248389 0.510552 0.840403 -0.121206
3 -1.997553 0.146277 10.280002 -0.413483 -1.490910 -0.961848 -0.453873 -0.796071 -0.843765 -0.347967 -0.092336 -1.259509 -1.170391 -0.598572
12 -1.907671 -0.820652 -0.214362 1.095348 -0.374617 -0.074861 0.241774 -0.322522 0.228896 -0.994302 0.199038 4.426447 -0.298958 -1.183557
6 0.628543 1.738289 -0.582788 -0.678886 -2.247516 14.839357 -0.655431 -1.632336 -3.457137 -3.475067 -1.430190 -1.511735 -1.687416 0.152313
6 0.319536 -0.011408 -1.007133 0.089327 -1.203872 2.442620 -1.287668 1.357431 0.384736 -1.055175 -0.336176 -0.679275 1.239402 -0.252345
3 0.205563 -0.978755 4.660792 -1.122147 0.222166 -0.040489 -1.342148 0.330461 -1.002066 -1.228489 0.558899 1.263575 -0.716253 -0.811108
1 18.516695 -0.628033 -0.446519 -3.457456 -2.112612 -1.949703 -1.336661 -1.231301 0.490136 -2.181178 -2.616167 0.456630 -2.485335 -1.018494
2 -1.197201 2.205911 0.204412 -0.346894 0.270887 -0.155132 -0.607709 0.437777 -0.512440 -0.160964 -0.563488 0.226639 -0.174050 0.372252
7 1.038414 1.142894 -0.193052 0.512496 -0.189621 0.376154 1.552400 -0.749121 -0.435813 -0.585216 -2.720338 -0.940105 1.143562 0.047346
5 -0.972654 0.106049 -1.310002 0.111054 2.522522 2.249916 0.962542 0.335268 -3.093389 -0.892656 1.579985 -0.724278 0.044909 -0.919267
6 -0.239655 0.154263 -0.784442 0.706379 0.188315 7.317672 -2.016699 0.699671 -1.719866 -1.577953 -1.058169 -0.622085 -0.360051 -0.687380
3 -1.464941 -0.042274 4.677899 0.606829 -0.759886 -0.457799 -0.578311 -1.003189 -0.296986 -0.512430 0.085064 1.265461 -2.011366 0.491931
6 0.380484 -0.309464 -1.890946 -0.024680 -0.365480 7.817800 -3.127371 -0.039110 -2.787542 -0.215643 0.432611 0.374098 0.040740 -0.285497
1 28.850862 -2.061160 -1.887722 -1.073257 -1.478034 -2.255087 -1.793937 -4.266556 -0.439975 -1.595418 -3.085432 -1.745485 -4.576353 -2.592445
14 -0.665531 0.107517 -0.346975 -0.307690 -0.057371 -1.527384 -0.717967 0.151677 -0.005605 -0.155635 -0.179317 -0.914291 0.765140 3.853432
5 -1.705046 -0.567815 0.430344 0.340897 1.146851 -0.204588 0.020492 -0.858277 -0.286373 0.732112 1.137436 -0.556916 0.330615 0.040269
11 -0.994653 0.226702 -0.290351 0.963374 -0.000633 -0.120722 0.073771 -0.301415 -0.696402 -0.108206 1.083783 0.448819 -0.823135 0.539068
12 5.655307 -1.374258 -1.514854 -0.667170 -2.653870 1.122873 0.161824 -2.119846 -0.906338 -2.418442 -2.164267 10.245217 -2.031097 -1.335079
1 20.391846 -3.167196 -1.626416 -2.945337 -0.989982 -2.049519 0.107765 -2.683756 -1.016094 -0.708733 -0.777677 -2.737605 -4.410506 2.613211
13 -1.251475 -1.909307 -0.239280 -0.701944 -0.178037 -0.153809 -0.525500 -0.613442 1.051580 0.255214 -0.940688 0.014380 5.396615 -0.204307
7 0.700049 -1.547906 -1.184999 -1.417529 -1.603266 -0.360446 5.503741 -1.164397 0.951402 -0.800766 -0.670300 -0.927437 3.389007 -0.867153
14 -1.504224 -0.629413 -0.795784 -0.607252 1.163303 0.275425 0.128392 -0.016809 -1.824004 0.099315 1.301495 1.218003 -0.779331 1.970885
9 -0.163138 0.598317 -0.392069 0.478389 -1.190537 -1.018544 -0.279975 0.289029 1.354822 -0.640813 -0.388160 0.718922 0.551499 0.082258
3 -1.491375 -0.811027 20.150781 -2.477474 -0.982437 -2.028847 -1.253041 -0.819273 -1.583078 -1.663362 -0.969696 -1.629354 -2.226957 -2.214861
7 -5.325313 -4.438792 -2.876612 -5.150620 -4.543513 -4.661383 46.531497 -3.704468 -1.620517 -4.603037 -5.009932 -3.454347 0.739136 -1.882097
11 -4.152082 -1.571567 -0.972240 -0.415840 -0.594302 -1.565010 0.306108 0.046090 -3.089322 -0.386598 12.634410 -0.905708 -0.954800 1.620864
8 -0.188947 0.806529 1.172742 -1.700174 -1.996611 -0.518009 -1.503732 5.532913 -0.975994 2.166401 -1.097246 -0.700449 -1.122016 0.124593
9 0.097897 -0.857109 -0.726523 -0.408495 -1.447107 -1.989873 1.014353 -1.297453 3.556698 -1.322295 -0.090429 -0.008959 2.156977 1.322319
7 -0.718744 -0.138433 2.114415 -0.003974 -0.184496 -1.064072 3.291551 -0.421418 -0.074270 -0.132370 -1.350327 1.854642 -1.473241 -1.699262
6 -2.852628 -2.646413 -2.026597 -1.706284 -2.221861 27.344233 -2.355209 -2.487993 -2.189264 -1.901134 -2.161379 -2.613778 -0.279389 -1.902304
1 19.333755 -1.464001 0.998831 -1.625296 -1.372662 -2.849671 -2.742218 -2.679408 -1.792513 -2.619868 -2.470294 6.445315 -4.847513 -2.314457
1 7.982261 -1.320455 -1.509185 -0.022864 -0.810327 -2.185111 -0.376108 -0.282860 0.305450 -1.256085 0.004711 0.048202 -0.876797 0.299168
9 -1.762594 0.572583 -0.573449 0.844745 0.183669 -1.072501 -0.667503 -0.738864 2.601771 0.033226 -0.714707 0.531608 0.713370 0.048646
5 0.602032 -0.898565 1.362293 0.446737 7.567541 0.862197 -0.902593 -2.240791 -1.911300 -0.799856 -2.112932 -1.323577 1.247314 -1.898499
5 -0.007552 -1.395332 -0.337728 -0.750322 3.764094 0.273527 -1.181035 0.473969 -0.564328 -0.664276 -0.835852 -0.025023 1.878760 -0.628901
11 -1.322355 -0.172122 0.992599 0.809357 -0.167967 0.761362 -0.314043 -1.059949 -0.487714 -0.280319 1.263394 0.218817 -1.027709 0.786649
1 23.056957 -2.116205 -1.452755 -2.737938 0.065158 -3.887852 -1.986690 -1.646069 -1.994660 -0.857903 -2.214305 -1.734017 -0.865819 -1.627901
1 4.461181 1.394537 -0.621669 -1.549102 -0.469350 1.301850 -1.969907 -1.923809 0.192452 -1.927162 -0.995074 0.024729 1.076813 1.004512
12 -0.580604 -1.317063 -0.865704 -0.565537 -0.734858 1.752063 -0.500569 -0.765856 -0.133193 -1.444705 -0.075066 4.224826 1.082807 -0.076541
1 3.534979 1.163514 0.239904 -0.552886 -2.251429 2.253681 -0.558908 -2.190367 -0.117787 -1.179578 -0.618760 -1.278782 0.116999 1.439423
1 46.721657 -4.502349 -4.454718 -3.628400 -3.496243 -4.094517 -2.536170 -3.619356 -2.579740 -2.897430 -2.962826 -3.977394 -3.793337 -4.179176
1 19.807489 -1.448888 -1.655670 -1.296803 -1.679250 -2.789715 -1.916524 -1.317118 -1.726380 -1.311759 -1.800897 -0.983543 -1.597795 -0.283147
1 27.589804 -3.346303 -2.220920 -2.355880 -0.327154 -2.441375 -2.764246 -2.992879 -3.101769 -0.900957 -1.987773 -1.820689 -1.438576 -1.891283
1 47.461845 -3.727016 -3.973232 -4.498812 -3.557234 -2.979871 -4.710784 -3.359311 -3.079144 -4.319242 -3.854613 -3.916947 -1.296732 -4.188906
1 44.030694 -3.100746 -4.084389 -2.560024 -3.444125 -3.426073 -3.546376 -2.767583 -3.662943 -3.132595 -4.097541 -3.105120 -3.416369 -3.686807
1 27.423290 -3.339396 -2.491881 -3.179807 -2.506678 -2.814775 -1.020315 -1.869878 -2.153491 -1.580080 -1.865490 -1.106038 -0.848310 -2.647150
1 33.505553 -1.602609 -2.987554 -1.847512 -2.623655 -2.223820 -4.167632 -1.030803 -2.413343 -3.687789 -2.906109 -2.697671 -3.363350 -1.953706
1 28.996853 -3.461852 -1.894647 -1.434178 -2.164054 -2.858499 -1.272389 -2.654206 -0.522740 -1.183856 -2.410502 -2.884163 -3.437550 -2.818216
1 31.047967 -3.178447 -2.462320 -3.020255 -2.435763 -2.627993 -1.954212 -2.201613 -1.250060 -2.718485 -2.395454 -2.725834 -2.302743 -1.774789
1 33.481131 -2.433285 -2.289409 -3.828256 -2.209850 -3.368402 -2.893538 -2.341860 -0.806232 -2.850692 -3.926143 -1.663572 -1.146163 -3.723729
1 24.486332 -2.462401 -2.134152 -1.761390 -2.378435 -1.962714 -0.788356 -1.665702 -1.559126 -2.347155 -2.542786 -1.596920 -2.516701 -0.770494
2 0.198123 2.080835 0.058814 0.497689 0.846142 -0.284704 0.038716 0.530239 -1.347618 -0.791330 -0.715250 -0.448002 -1.161553 0.497898
1 23.684122 -2.873172 -0.371186 -2.572229 -0.797525 -1.757169 -2.446209 -1.661013 -0.921683 -1.495977 -3.629661 -1.490580 -2.200381 -1.467336
13 0.638370 0.242941 -1.387461 -0.267565 -1.131793 -1.253591 -0.109775 0.785309 -0.045887 -0.274180 -0.147689 0.504045 1.508771 0.938505
1 32.016094 -2.457390 -3.257626 -2.579901 -2.629750 -2.599906 -3.086166 -2.436811 -0.993963 -2.774225 -2.648866 -1.348345 -3.573366 -1.629777
1 29.110476 -2.567082 -2.842168 -2.844673 -2.211054 -2.038493 -1.813108 -1.017130 -1.155215 -2.751434 -2.523667 -1.754287 -2.306266 -3.285899
1 20.511510 -2.481737 -0.710536 -0.479118 -1.536752 -3.431364 -1.048690 -1.589708 -2.665758 -0.953996 -0.818787 -0.707771 -2.673086 -1.414207
1 27.761063 -2.510593 -1.923137 -2.393037 -3.486989 -0.189111 0.127666 -3.961067 -3.020465 -2.955780 -2.349522 -1.852262 -0.953393 -2.293373
1 7.969308 -1.710509 0.644590 -0.389206 -1.232470 0.250072 -2.240073 -0.156514 0.237764 -2.222136 -0.799794 0.592780 -1.160691 0.216882
5 0.672157 0.893586 -0.259789 -0.588139 1.519548 0.400827 -0.098943 -0.738462 -0.810479 -1.296780 0.030504 -0.167315 0.858213 -0.414928
10 -2.760479 0.743684 0.695641 -0.489668 -1.029324 0.604470 3.276382 -0.562512 -2.033872 4.721345 1.350005 -1.621168 -2.874220 -0.020284
13 -0.271921 -0.040948 1.557899 -1.352045 -0.512330 -0.416072 -3.573449 2.158967 -3.208009 0.489904 0.835617 1.210970 2.937067 0.184348
7 -0.407309 0.137973 -0.279288 0.145114 -0.494222 -0.888331 1.281893 0.324734 0.759588 -0.205305 -0.252194 0.361217 -0.565016 0.081148
10 -1.625765 -1.587649 1.253543 -1.410268 -0.468054 -0.542538 -0.377947 0.180099 -0.561360 1.820691 0.163076 1.253499 0.730593 1.172081
10 -0.329824 -1.677303 1.081585 -0.859210 0.003618 -0.551041 0.297138 0.195022 0.511498 3.436758 -1.605239 -0.502314 0.133486 -0.134175
9 -0.738829 -0.751893 -0.021688 -0.689051 0.155292 0.262997 0.142156 -0.415633 2.141266 0.340273 0.292156 0.003275 0.378677 -1.098999
10 -1.807510 -1.877658 -2.398107 -1.881277 -1.682839 -1.165241 -2.540399 -1.919063 -1.865780 26.019244 -3.073663 -2.084322 -2.162590 -1.560793
1 6.053584 0.378893 -0.194892 -2.654385 -1.612108 1.492610 -0.117778 -1.396024 -2.502447 -2.128313 4.507567 -2.055947 -0.342801 0.572041
6 -1.893620 -1.264201 -0.094255 -0.670014 0.322592 3.852500 0.048862 -0.957094 -0.640430 0.711271 -0.343592 -0.492928 1.423520 -0.002610
10 -1.793592 -1.641628 -1.206256 -1.203944 -0.584612 -1.453976 -0.547992 -1.381328 -0.098710 13.755898 -2.531871 0.122976 -0.171558 -1.263407
8 -0.430189 -2.458261 -0.553095 -0.073859 1.063563 -1.022551 -1.027183 3.559493 -0.861945 0.902429 0.861455 0.875208 1.223639 -2.058704
13 -0.298657 -1.155130 0.453160 -1.306498 0.867150 -1.547896 0.049053 0.432581 0.786542 0.286777 -0.374037 0.632937 0.912241 0.261777
10 -1.171492 0.025935 0.508915 -0.752775 -0.494573 -2.587134 -1.052586 -0.148492 -1.186456 8.786255 -0.288644 -0.368398 -0.248780 -1.021774
11 -0.791365 1.040366 -1.464190 -0.643241 0.481128 -0.555549 1.398379 0.986714 0.882327 -0.995554 1.662743 -1.762087 -0.210651 -0.029020
10 -2.890251 -3.305171 -2.125513 -2.310406 -0.081946 -1.374902 -0.920552 1.075315 -1.703658 19.108689 -1.243338 -1.360235 -1.007527 -1.860504
10 -0.058836 -0.675678 -1.118854 0.597937 0.643395 0.302251 -0.484957 -1.284742 -0.170415 4.427573 -0.689639 -0.116467 -2.095176 0.723609
4 -2.564269 0.397906 0.574952 5.312284 -0.121892 -1.042633 0.188926 -1.487503 -2.330990 2.474591 1.269554 -0.727296 -2.706921 0.763291
13 0.325599 0.546654 -1.339562 1.166019 -1.093076 -1.207733 0.640978 1.349655 1.063813 -1.055874 -1.180046 -0.444735 1.612930 -0.384622
2 -0.723218 7.972075 -0.308354 -0.932451 0.500489 -0.407469 -0.719352 -1.467122 -0.418655 -0.428825 -0.282157 -0.439816 -1.889436 -0.455705
7 -0.186823 1.014182 -0.874297 0.248043 0.351528 0.727514 1.794121 -0.038529 -0.047644 0.362565 -1.292886 -0.936567 -0.549584 -0.571622
2 -2.397849 13.136853 -0.846897 -2.923976 5.388470 -3.519939 -1.528507 1.258470 -1.341751 -0.947680 -1.806250 -1.417812 -1.826619 -1.226512
2 0.859386 2.404181 -1.100174 -0.404499 -0.395717 0.172001 -0.098572 -0.342024 -0.523306 0.021102 -0.993839 0.864254 -0.623926 0.161132
2 0.000000 0.399521 0.000000 -0.096890 -0.029832 0.000000 0.000000 -0.009035 0.000000 -0.008642 -0.106305 0.000000 -0.148816 0.000000
2 -1.116195 12.101469 -0.835403 -0.926082 -0.184182 -0.252939 -1.230483 -0.509397 -0.599291 -0.957546 -1.324677 -1.362109 -1.620016 -1.183149
2 -1.207640 16.677443 -1.264825 0.043243 -1.025822 -3.634538 -1.015092 0.290445 -2.355530 -1.980800 -1.368150 -0.658612 -1.825205 -0.674918
2 -2.045298 3.655509 -0.949737 0.172887 -0.619422 0.985964 0.253421 1.100748 -0.585807 -0.826454 0.462128 -1.587455 -0.486525 0.470041
10 -3.210596 -0.471208 0.948972 -0.364604 -0.074662 -0.648996 1.507855 -0.342731 -0.743571 2.525092 0.721718 1.243207 -2.405947 1.315471
2 -0.358956 9.168432 -0.803714 -1.140098 0.542895 0.062140 -0.539545 -0.970330 -0.623195 -0.830072 -1.095372 -1.497042 -1.109719 -0.805424
2 -1.081102 11.785152 -1.425582 -2.960007 -0.692303 1.508788 -0.571075 1.290199 -1.130027 -0.443149 -2.525101 0.776753 -3.678691 -0.853854
2 -1.048918 14.987574 -1.581217 -2.273194 5.720197 -1.848142 -0.934891 1.487705 -2.093814 -3.317147 -3.442602 -1.568964 -2.332330 -1.754257
14 -1.971230 -3.053515 0.940214 -0.351461 -0.208492 0.965317 0.671670 -1.172308 1.450184 -0.102486 -1.693676 1.734965 0.383594 2.407225
2 2.363387 4.751615 -2.217774 -0.136790 2.625955 -1.992637 -2.098951 -0.426460 0.756963 -1.382292 -1.838688 -0.006169 0.117231 -0.515390
2 2.622214 4.248695 -1.134319 0.096729 0.897088 -1.046131 -0.428726 -0.400328 -1.803232 -1.099613 0.294312 -0.530281 -0.485480 -1.230929
2 -0.327588 8.701061 -1.074672 -0.966448 -0.519831 -0.676154 -1.084429 -0.574823 -0.003215 -0.466730 -0.661395 -1.049669 -0.873544 -0.422564
5 1.090201 1.587355 -1.109647 -0.238055 2.716994 -0.136592 -1.922605 0.045119 -0.434454 -0.871985 -0.246848 0.634120 -0.346792 -0.766812
2 -0.906462 5.832002 -0.915043 -0.102913 3.519175 -0.324182 -1.517336 -0.473384 -1.947551 -1.479292 0.013655 0.153359 -1.022734 -0.829295
7 -1.441059 -0.656748 -1.438994 -1.487123 0.335963 2.293779 2.851006 0.857842 -1.358234 0.147730 -0.202512 -0.206684 -0.026249 0.331284
13 -0.567134 -0.110769 -0.205347 -0.439049 0.365083 1.381403 -1.727723 0.804426 0.250277 -0.669281 -0.864259 -0.310652 2.292920 -0.199895
7 -0.041272 -2.089086 -0.602781 -0.114502 -0.164156 1.787724 2.626284 0.631492 -1.147187 -1.096879 -1.786241 0.037485 0.728695 1.230423
5 -0.727247 -1.447781 0.553218 0.194982 1.712139 0.496741 1.255345 -1.302564 -0.455341 -1.485227 -0.539649 -0.210671 0.390349 1.565705
4 -0.755387 -1.237049 -0.347143 1.864981 0.649236 1.017804 -0.364582 -0.338327 -1.225606 -1.035006 0.840664 0.563243 -0.477801 0.844972
5 -0.301935 -0.189682 0.691872 -0.390387 1.946530 -0.699900 -0.407231 -0.329266 -0.866991 0.125226 -0.473828 -0.390710 -0.639385 1.925689
5 0.519954 -1.891504 -1.343585 -1.605427 9.622675 -1.405151 -1.904492 -0.138984 -0.239140 2.719011 -0.503842 -0.809504 -3.827219 0.807209
4 0.183826 -1.333222 -0.202352 2.377731 0.504057 1.090986 -2.173044 0.704139 -1.499224 -1.236726 0.157906 1.985880 -1.960412 1.400454
5 0.079747 0.303105 -0.137549 0.495332 1.881016 -0.617625 -0.050523 -0.542776 -1.093128 -0.271557 -0.527796 0.680471 -1.014160 0.815444
5 0.466394 -2.713970 -1.021819 0.544514 4.241417 0.875448 -1.230313 0.812584 -1.361424 -0.123680 -1.524667 0.660717 -0.576773 0.951572
14 0.622631 -1.188242 -0.197156 0.259498 -1.060244 -0.929604 -0.850441 -0.117602 1.345982 -0.069177 -1.607495 0.322527 0.704867 2.764457
3 0.244838 -0.254133 2.178986 0.222830 -0.255165 0.169305 -1.172659 0.160289 0.016597 0.908187 -1.914378 0.072373 -0.333157 -0.043913
5 -1.060495 0.574344 -0.227334 -0.155169 4.792429 0.666045 -0.836251 -0.716530 0.241447 -1.084684 -1.030071 -1.633826 2.031834 -1.561739
5 -4.011720 -2.420573 -2.918233 0.786542 29.770889 -3.443546 -3.166857 -2.379113 -3.024965 -2.486639 -0.296268 -1.646782 -1.923698 -2.839037
5 -1.304494 -2.090092 -0.418776 1.537589 8.995452 -1.142791 0.417703 -1.080145 -1.046346 -0.807286 -1.876573 -0.500301 -1.057519 0.373580
5 -0.526282 -0.096179 -2.178187 -0.304590 20.633139 -3.179785 -1.507280 -2.164021 -1.237527 -2.815699 -1.358404 -0.788170 -1.929483 -2.547533
5 -0.913647 -1.960214 -0.867948 -1.248059 10.181497 -1.404416 -1.028808 -0.800955 -0.205857 -0.228610 -0.580421 -0.338199 0.546462 -1.150823
5 -2.396582 -1.479884 -2.381041 -0.189279 21.340639 -2.814809 -1.849894 -2.314596 1.559615 -2.246168 -1.625751 -2.651111 -0.946288 -2.004852
14 -1.734915 1.388324 -0.617521 0.868176 2.275184 0.601242 -0.890019 -1.632528 -1.261096 0.257035 0.666760 -0.050312 -2.403425 2.533095
5 -0.397951 -0.724135 -0.614855 -1.295342 9.001976 -1.630381 -0.022934 -1.242158 -0.812752 -0.696627 -0.997968 -0.796470 1.431478 -1.201879
5 -0.141714 0.107814 -0.290462 0.493408 1.482009 1.350570 -0.130059 0.004549 -1.092906 0.228715 0.072067 -0.371796 -0.827170 -0.885025
11 -0.677372 -0.825979 -0.584329 -0.358257 -0.566495 -0.558313 -1.701702 -0.781776 -0.422004 -0.515746 8.789453 -0.625802 -0.571598 -0.600081
11 -2.328329 -5.543898 -3.367680 -4.710153 -1.986954 -2.866759 -7.319202 -3.597602 -3.946773 -3.666173 50.189798 -3.535856 -4.027892 -3.292524
7 0.105847 -1.203469 -0.420320 -1.037528 0.573502 -0.399391 3.102874 -0.156457 0.413316 -0.202457 -0.105192 -0.613309 -0.276520 0.219104
11 -2.469230 -2.020891 -2.741920 -2.090912 -2.297275 -1.968333 -4.011813 -1.126387 -1.875454 -2.217829 29.044172 -2.112148 -1.442284 -2.669695
11 -1.090965 -1.597220 -1.580739 -1.454755 -0.877655 -1.803681 0.569302 0.096178 -0.635188 -0.349977 10.268704 -1.113341 -0.020155 -0.410507
11 -1.051867 -0.526700 -1.347005 1.243540 1.883869 0.218104 0.324787 -0.882393 -1.991534 -0.702524 4.106528 -0.095451 -0.961589 -0.217766
11 0.329482 1.668358 -0.585921 0.549999 -1.758638 0.127927 0.372888 -0.800427 -0.853407 0.134026 3.071859 -1.413532 -1.001527 0.158914
1 2.286111 -0.489164 -0.108257 -1.335660 -0.174118 -1.004675 0.513237 -0.150379 -0.519619 0.317920 0.866608 0.120306 0.267199 -0.589509
11 0.185992 -2.269693 -1.684597 -2.567710 -1.842044 -1.511225 -1.668183 -0.658224 -1.329935 -2.544406 17.578364 -0.116270 -0.436383 -1.135684
11 -3.138640 -2.676014 -0.877199 -1.661421 -2.904207 -2.054150 -4.246024 -2.865867 -3.841981 -2.797888 34.558762 -0.509328 -4.041440 -2.944602
11 -1.354685 -1.759226 -1.799319 -0.965558 -1.029147 -1.891332 -2.669088 -0.570447 -1.183365 -2.026130 18.824186 -0.740337 -1.626880 -1.208670
11 -2.657921 -1.451670 -1.628554 -2.182600 -0.323334 0.362223 -2.507824 -0.108404 -1.046107 -1.499688 16.116908 -0.964941 -0.310173 -1.797915
11 -0.747629 -1.265124 -0.576411 -0.411950 -0.491597 -0.565596 -1.804417 -0.542324 0.308971 -0.334521 8.472184 -0.585822 -0.610971 -0.844793
11 -1.341564 -1.509163 -1.258332 0.426335 0.311336 -1.945352 -1.747569 -0.580838 -0.500376 -0.021304 8.935247 0.998891 -0.564296 -1.203016
11 -1.538014 -0.670553 -0.911279 -1.280500 -0.846174 -0.595389 -1.318885 -0.839496 -1.103830 -0.815045 12.519148 -0.943635 -0.660497 -0.995854
11 -2.210868 -1.876443 -1.711602 -2.745067 -1.639644 -2.971911 -5.642522 -2.589135 -2.248502 -2.524300 33.420277 -1.455855 -2.396643 -3.407786
11 -2.401295 -1.946209 -1.564770 -0.280729 -1.454595 -1.865498 0.696282 -1.987497 -1.054635 -1.853457 18.805075 -2.060494 -0.454949 -2.577229
11 -1.988040 -1.622166 -1.196347 -1.176396 -0.955205 -1.409951 -2.457382 -0.956949 -1.425249 -2.432348 19.015077 -1.313982 -0.212745 -1.868317
11 -1.881760 -0.775811 -1.177839 -0.357512 -0.738500 -1.415247 0.179418 0.583241 -1.070059 -0.681175 8.704417 -0.681187 0.103118 -0.791102
7 -0.068813 -0.366512 0.003931 0.212722 -0.205116 0.353258 1.147318 -0.273436 0.764444 -0.244200 -0.645227 -0.211455 -0.218493 -0.248420
11 -1.508319 -0.816085 -0.658926 -2.262372 -0.791320 -0.894625 -1.603385 0.104111 -1.502687 -2.226282 14.125370 0.397371 -1.429396 -0.933454
5 0.852745 -0.288753 -0.353209 -0.462838 1.694402 0.557203 -0.415353 -0.213817 0.562341 -0.793998 -0.560653 0.518840 -0.477402 -0.619508
4 0.215667 -1.133092 -1.034424 2.757837 -0.551321 0.002700 0.683545 -0.772484 -0.224270 -1.222706 0.394606 0.228327 -1.303425 1.959041
7 -2.584786 0.093717 -4.097797 -1.703355 -4.313093 -4.894700 45.999136 -4.599563 -2.823093 -4.350803 -4.856520 -3.952312 -3.496043 -4.420785
1 1.550778 0.737784 -2.133623 0.429951 0.289348 -0.960485 -0.855126 -0.912716 0.775956 -0.830968 1.071234 0.538129 -1.104892 1.404630
7 -0.976051 -0.511386 -0.236808 0.039200 -0.275700 -1.487531 1.720674 0.705643 -1.083258 0.964215 0.585735 -0.334135 -0.058219 0.947622
7 -5.836183 -5.539987 -4.936695 15.889288 -0.823006 -5.316620 47.065976 -6.054432 -5.921524 -5.264117 -6.315166 -5.338264 -5.637126 -5.972141
1 3.638831 -0.344528 -0.745112 -0.507146 -0.928442 -0.602306 -0.635322 0.426162 -0.987175 -0.313558 -0.710768 0.387373 0.524743 0.797249
4 -0.197163 -0.683414 1.348950 4.666953 -1.845632 -0.467881 -0.225484 -1.343056 -0.710025 -1.429442 -0.047799 -0.349690 1.313046 -0.029363
5 -1.015757 -1.803567 -0.460186 0.885279 9.921659 -0.821369 -0.935984 -1.937269 0.169245 -0.526202 -0.896001 -0.729652 -0.343706 -1.506491
4 -1.630981 0.425748 0.617350 1.526138 -0.450405 0.114218 -0.688786 -1.171198 0.731429 -0.332927 1.382073 -0.629111 -0.203502 0.309954
4 -0.674502 -0.828954 0.260499 5.424082 -0.224425 0.999129 -0.080345 0.012274 -1.374553 -1.138351 -0.431018 -1.260307 -0.452679 -0.230850
8 0.563406 -3.530317 -2.387127 -2.236191 -1.219382 1.817625 -0.277336 11.687199 0.518488 -0.755963 -3.728250 -1.442161 -0.057992 1.048001
4 -0.071115 -1.042576 -1.903845 7.074146 -0.040624 0.350777 0.784392 -0.940085 -1.366772 -1.471417 -0.190671 -0.804588 -1.109745 0.732123
4 -0.951102 0.243124 -1.836629 4.825285 0.520721 0.151076 -0.374431 -0.378168 -1.346155 1.454483 0.231851 -0.609504 -0.644398 -1.286155
11 -0.057940 1.050961 -0.272251 -0.155654 0.558344 0.574844 -1.999442 0.525121 -2.164401 0.681451 2.744881 0.288339 -1.920793 0.146540
4 -0.437428 -0.618215 -0.470930 1.931054 0.848685 -0.649336 0.148138 -0.722514 0.090047 0.103126 -0.321503 0.745528 -0.156403 -0.490247
7 -3.865805 -4.867284 -2.693396 -3.388592 -2.566269 -3.988434 46.161926 -5.261650 2.407851 -4.599564 -4.552110 -3.957648 -5.573941 -3.255082
4 -0.337414 -0.336333 -1.517364 5.616518 1.919920 0.734825 -3.362126 -1.190057 0.155692 -0.924738 -0.883794 0.258138 0.810219 -0.943486
4 0.101594 -0.755030 -0.380112 2.232137 -1.066529 0.667620 -0.662615 1.146757 0.177648 -0.789303 -0.288428 -0.976259 0.942301 -0.349780
1 1.920123 0.068012 -0.827668 0.241874 -0.238519 -0.012521 -0.192378 1.042667 -1.409187 1.430559 -0.401171 -1.134018 -1.145738 0.657966
1 1.047401 -2.093249 -1.181423 0.060939 0.709117 -0.075573 0.732051 -0.121801 -0.385949 0.810853 0.464120 -0.676689 0.970670 -0.260468
13 -0.311992 -0.407296 -0.133213 0.119752 -0.277507 -0.143165 -0.117431 0.191479 0.752545 -0.435601 0.306251 -0.192580 0.885926 -0.237168
12 -1.539938 -0.416241 0.639372 -0.219555 0.443058 0.708741 0.064598 -0.544935 0.822193 -0.480825 -0.692363 1.472290 -0.920199 0.663805
3 -1.119417 -0.936378 9.052806 -0.719119 -0.686536 -0.740492 -0.850284 -0.044168 0.044401 -1.203292 -0.772660 0.750537 -1.212216 -1.563182
3 -1.929441 -0.564640 6.366975 1.719481 -1.237477 -1.695133 -0.461865 -1.485227 -1.371266 1.077560 0.953110 -0.230860 -0.769032 -0.372182
12 -0.503822 -0.658189 0.778538 -1.242448 -1.209677 1.256761 0.980532 1.259094 -0.722715 -0.713890 -0.020723 2.486909 -1.311781 -0.378587
3 -2.140707 -0.012351 5.317589 -1.184325 -0.845986 0.353923 2.201624 -0.417825 -1.147010 1.614786 0.131021 -2.613682 -1.587211 0.330153
3 0.186866 0.035052 4.522201 -0.267462 -0.342474 -0.638531 -0.579395 -0.288982 -0.037039 -0.822548 -0.500168 -0.094065 -0.755824 -0.417630
1 1.200264 0.999407 0.268833 -0.143559 -0.575709 0.736821 -0.205457 -0.763384 -1.044174 0.070024 0.655511 -0.205809 -0.822596 -0.170173
8 -0.183256 -0.661062 1.454582 -0.106870 -1.167570 -1.845295 -0.246320 3.889577 0.165335 2.206050 -0.044817 -1.153458 -2.150413 -0.156483
3 -0.449834 -2.094944 2.295296 -0.250801 0.881824 1.289319 -1.797980 -0.593391 0.584639 -0.051330 -0.949297 1.951667 -1.304353 0.489186
3 -0.249418 -0.424564 6.536820 -0.703844 -0.408543 -0.246290 -2.248124 -0.587079 -1.265671 0.766364 0.312508 -0.141524 -1.423724 0.083091
3 -0.200872 0.405614 3.736081 -0.314233 -0.470540 -0.039167 -0.335814 -0.113930 -1.415871 -0.086606 -0.178368 0.703730 -1.030671 -0.659354
3 -1.157215 -2.380415 8.358243 2.723737 0.084090 -2.146306 -0.257160 -2.592305 -1.965887 -0.982124 1.261424 0.913340 -3.369295 1.509875
14 -1.124218 0.535033 -1.487973 -0.933598 0.395358 0.372416 0.451174 0.928838 -1.011103 -0.887190 -0.405166 1.246901 0.474508 1.445018
3 0.546325 -0.717204 4.452917 -0.474642 -0.354792 -0.795460 -0.430759 -0.268475 -0.332235 -1.269356 -0.639346 0.483167 0.494163 -0.694302
3 -2.033875 0.425779 3.920572 -0.961168 -0.106824 -1.152331 -0.486132 0.115822 2.378431 -0.684706 -0.592612 -0.011639 -0.239845 -0.571471
6 0.681564 -1.403112 -2.992188 -0.398683 -1.103995 17.731219 -1.263899 -2.373621 -2.516433 -2.940294 0.058412 -1.261597 -0.113807 -2.103568
6 0.411182 0.166978 -1.156141 0.653101 -1.065862 3.132268 -0.658897 0.383512 -0.339029 0.235401 -0.932361 -1.351910 0.635314 -0.113557
1 4.151728 -1.938982 -1.025082 -0.966628 1.196692 2.080326 -0.950912 -1.079724 -0.499285 -0.344930 -0.295023 -0.564022 -0.151533 0.387376
6 -6.427567 -2.828317 -7.082785 -6.063952 -2.949706 71.285474 -5.532165 -6.878076 -6.606063 -6.287365 -6.608052 -3.040718 -5.554285 -5.426422
6 -1.604077 -1.451174 -1.321971 -0.699353 0.306033 10.956641 0.097171 -1.456690 -1.261819 -0.786261 -1.561788 -0.234441 -0.660221 -0.322050
6 -3.747697 -3.969550 -2.504757 -2.820472 -2.857384 41.475361 -2.867117 -3.057091 -2.810326 -2.705822 -2.648452 -2.799071 -5.211363 -3.476258
6 -0.069515 -2.257656 -2.102304 -0.992393 0.473893 8.033234 -1.562202 0.319690 -1.388346 -1.258993 -0.038171 -1.176836 3.185534 -1.165935
6 -4.767155 -2.446983 -2.782494 -3.066496 -2.080158 40.294612 -4.976031 -2.326749 -3.181893 -2.867687 -1.855500 -2.465522 -4.586223 -2.891720
6 -6.427567 -2.828317 -7.082785 -6.063952 -2.949706 71.285474 -5.532165 -6.878076 -6.606063 -6.287365 -6.608052 -3.040718 -5.554285 -5.426422
7 0.994983 -0.795049 -0.280370 -0.864094 0.050150 1.831045 1.864150 0.929343 -1.461208 0.706296 -0.725762 -0.928921 -0.835651 -0.484910
6 -0.913711 -1.797834 0.289335 -0.776738 -1.062339 6.420512 -0.826419 -0.529618 0.390585 -0.696957 0.037088 -0.472575 0.221909 -0.283236
6 -0.992612 -1.813955 -1.637263 -2.343522 0.707204 8.180713 -1.035613 -0.191411 -0.656551 1.148104 -1.250225 -1.076292 0.713181 0.248242
6 0.079352 -4.186725 -5.717535 -4.121847 -4.188133 48.779711 -3.197614 -3.173401 -4.364103 -4.751852 -4.809130 -3.148927 -4.246037 -2.953758
6 -4.764602 -3.962601 -2.926523 -1.931542 -3.893314 47.915023 -4.029204 -3.702039 -2.994332 -3.917441 -4.485151 -3.905349 -4.423889 -2.979036
3 -0.910981 -0.529336 0.867557 0.367214 0.705652 0.684621 0.498121 -1.432460 -0.446688 0.666178 0.063480 0.085912 -0.569401 -0.049869
6 -1.959877 -2.655236 -1.078907 -3.287687 1.901679 18.802732 -2.174224 -1.865668 -2.239283 -0.686239 0.584161 -3.540488 -2.009564 0.208602
2 -0.307767 1.031694 0.161313 -0.118734 -0.080543 -0.086233 0.573915 -0.235845 0.330726 -0.002797 0.113546 -0.397684 -0.702657 -0.278934
6 0.171486 -0.443254 -1.599154 -0.132120 1.160632 2.771478 -2.125071 0.108095 -0.671751 0.632985 -0.195590 0.219688 -1.750109 1.852685
6 -6.427567 -2.828317 -7.082785 -6.063952 -2.949706 71.285474 -5.532165 -6.878076 -6.606063 -6.287365 -6.608052 -3.040718 -5.554285 -5.426422
7 -2.261417 0.894148 -0.275810 0.535761 0.179100 1.658714 2.057231 1.050134 -0.971458 -0.843243 -0.623907 -0.713118 -0.605006 -0.081129
6 -0.542482 -2.533121 -1.703588 -0.589501 2.360632 7.175568 -1.771768 1.964989 -2.084210 -2.472089 -1.719557 -0.667721 -0.021543 2.604392
6 -6.427567 -2.828317 -7.082785 -6.063952 -2.949706 71.285474 -5.532165 -6.878076 -6.606063 -6.287365 -6.608052 -3.040718 -5.554285 -5.426422
6 -1.534782 -1.468010 1.369633 -0.437939 -1.099410 6.194080 -1.268638 -0.869356 -1.173921 -0.288738 0.052329 1.840430 -1.752379 0.436701
6 -0.417634 -1.644865 -0.760277 -0.960060 -1.276728 9.049518 -0.831833 -1.090570 0.531579 -0.048925 -0.554938 -0.661919 -0.621202 -0.712147
3 0.259816 -0.702042 2.805193 -0.729443 0.111444 2.102522 -1.008984 -0.533423 0.216838 0.512147 0.117856 -1.030229 -1.434690 -0.687004
13 -0.264644 -1.736068 -1.337968 -0.888710 -0.099022 -1.626352 -3.695190 -1.537938 -1.035668 -2.413304 -2.275030 -1.139951 17.930573 0.119273
13 1.107523 -0.236573 -0.393953 -0.250949 0.151215 -0.422049 0.247223 -0.179548 -0.041057 -0.838905 -0.163514 -0.157234 1.362397 -0.184576
10 -0.767299 -0.400146 1.251807 -0.868416 0.277056 -0.613934 -1.042610 -0.584143 0.584239 2.129392 -0.681458 -0.572365 -0.108000 1.395877
8 -0.779588 -0.319384 0.320356 -0.376214 -0.599640 0.386660 -0.512210 1.017467 0.403957 0.607691 0.400903 0.015925 -0.641180 0.075256
4 0.616833 -1.522923 -0.006697 2.389033 1.252555 -0.552941 -1.971100 -2.114539 1.213403 -0.628463 0.029231 0.881658 0.668126 -0.254173
13 -2.804010 -2.109698 -0.797872 -0.719250 -0.159993 -0.272815 -1.259379 -1.187605 0.050549 -0.574813 -0.526338 -2.060034 12.979198 -0.557939
13 1.129426 -1.970616 0.517964 0.097630 0.502605 -0.230693 -0.024013 0.483717 0.903263 -0.372124 -2.249719 0.774749 1.464899 -1.027088
1 2.120142 0.886568 0.039324 0.021156 -0.226677 0.559051 -2.486125 -0.494324 -0.110344 1.418057 -0.578396 -0.766355 0.393490 -0.775568
13 -1.094499 -0.761621 -0.278224 -0.449510 0.936435 -1.053107 -0.491194 -0.837599 0.275509 0.625337 -1.110359 -0.264375 5.560542 -1.057333
13 -2.055915 -0.409894 -0.867865 0.503578 0.394420 -0.724056 -0.804871 0.802147 -1.415616 -0.132668 0.182610 -0.692504 6.356748 -1.136113
13 -1.756136 -1.051014 -0.546631 2.094815 -1.541784 -1.642905 -0.647830 -0.832473 2.751082 0.040134 -0.341238 -1.380145 5.641789 -0.787664
13 -0.078895 -0.446327 -1.519379 -0.951246 0.309764 -0.291483 0.563365 -0.716720 0.884982 -1.895160 0.212581 -0.047265 4.949656 -0.973873
13 0.263895 -1.191918 -0.365875 0.624806 0.051535 0.002555 -0.737334 -0.579573 0.978992 -0.011150 -1.953175 -0.406177 3.841723 -0.518303
13 -0.067339 -1.289468 1.339253 -1.436362 -0.219498 -0.151351 -0.832980 1.601082 0.658189 -0.872260 -1.672698 0.603787 2.494905 -0.155260
13 2.127722 -1.141965 -0.501896 -0.715389 -0.821606 -1.080753 -1.005466 -0.697051 -1.657887 -1.787677 -1.124861 2.800711 6.772755 -1.166636
13 -2.300657 -0.770636 0.378628 3.723994 -0.210581 -0.759612 -1.417190 -0.459687 -0.410847 -1.497581 -0.838692 -0.581420 6.492942 -1.348661
13 0.716414 -0.589496 -0.051737 0.592556 -0.320422 -0.357862 -2.118006 -1.410684 2.179434 -1.225171 -1.000230 -1.102811 5.719192 -1.031179
8 -1.282902 2.608362 0.174399 -0.222251 -1.649797 -0.702241 -1.721700 4.566718 -1.259821 0.595195 0.109658 0.154489 -1.515144 0.145036
13 0.295935 0.559516 -0.355182 -0.639407 -0.291497 -0.090264 0.287010 1.320257 -0.433274 0.430395 -1.898840 -0.825901 1.892526 -0.251273
12 0.516505 -0.731327 -0.422175 -0.232214 -0.086279 -0.006596 0.179676 -0.426689 0.717009 0.328451 -0.698237 1.123241 -0.060000 -0.201365
13 -1.253247 -0.711521 0.121672 0.044215 -2.105719 -1.356203 1.554292 -0.808149 -1.190969 -2.389613 -1.762078 -0.157217 10.254112 -0.239576
13 0.917702 1.093996 -1.050712 -1.312859 -0.991655 -0.574935 -0.524869 -0.468121 0.026363 0.743306 -0.057235 0.426791 2.132978 -0.360752
13 -0.406678 -1.207405 0.550126 -0.008161 -0.182637 -1.699014 0.186102 0.335391 0.412105 -0.264432 -1.327438 -1.158069 5.464234 -0.694124
13 1.467650 -0.864943 0.332976 0.141789 0.324082 -0.723439 -1.990279 0.091292 0.391669 -0.860685 -0.862731 0.390778 2.206497 -0.044656
13 -1.207388 1.236804 0.319520 0.144473 -0.621953 -1.231792 -0.905572 -0.644047 1.301642 -1.575260 -0.975066 0.810660 4.407364 -1.059385
13 -0.079109 -0.636973 -1.424911 -0.642871 -0.454932 -0.521469 -0.103263 0.733178 -0.049781 -0.999767 0.812126 -0.091305 3.832056 -0.372979
7 -3.244259 -5.654474 -4.530437 -4.873202 -4.590752 -4.421958 50.264600 -3.389912 -3.408608 -4.691545 -2.982570 -3.526380 -2.956837 -1.993663
7 -0.092343 -0.005736 -0.263163 -0.429925 -0.266319 -0.610716 3.717993 -0.191944 -0.261650 -0.548057 0.600211 -0.114343 -0.379384 -1.154624
7 -3.858735 -5.326363 -4.290560 -5.369011 -4.306054 -4.070264 50.467384 -3.864432 -2.209793 -4.718848 -2.323949 -4.848155 -1.975544 -3.305673
6 -0.460028 1.176288 -1.186278 -0.194868 1.422503 1.534851 0.187207 1.376989 -0.450082 -1.467994 0.400371 -0.950300 -1.850344 0.461687
7 -0.284421 -2.161407 -2.674520 -4.679549 -0.410647 -3.149381 25.726549 -1.113703 -2.054460 -2.288873 -1.963358 -2.033271 -1.937398 -0.975561
7 -0.670492 -1.099792 -0.720401 1.089920 -0.443477 1.987258 2.407197 -1.678785 0.189731 -0.264846 -1.360516 -0.855880 0.511598 0.908488
7 -4.181920 -2.915078 -4.171362 -3.815338 -3.890258 -3.402376 53.517445 -4.338282 -3.976351 -3.730918 -5.296978 -5.271221 -3.980726 -4.546636
7 -2.202484 -0.986128 -0.113949 0.196122 1.020052 -0.415468 3.532281 -0.124754 -0.834338 0.272334 -0.934335 0.447188 0.078150 0.065329
7 -3.225639 -5.478318 -4.928596 -4.485098 -3.657563 -4.194984 56.885248 -3.035061 -3.976488 -4.652934 -7.059273 -4.072778 -3.985200 -4.133312
13 0.007522 0.531382 -0.638809 -0.214203 -0.571936 0.758615 1.071009 -0.963013 -0.618922 -1.073192 -0.235586 -0.734913 1.951662 0.730384
7 -4.525368 -3.742016 -4.173784 -3.859910 -3.034698 -4.236532 49.786113 -4.417376 -3.503907 -3.950860 -5.175339 -2.737739 -1.229773 -5.198808
7 -4.012078 -3.521169 -4.002170 -3.861613 -3.111035 -3.636839 47.511306 -4.402132 -3.903864 -2.945159 -3.394835 -4.304741 -4.019972 -2.395697
7 -6.157160 -6.891860 -6.300578 -7.563345 -6.799233 -5.567156 82.126117 -5.290740 -5.514818 -6.753521 -6.861691 -5.103802 -5.592752 -7.729459
7 -3.676285 -4.166021 -3.756131 -3.785443 -1.564914 -4.186636 49.846048 -4.535915 -3.847310 -4.690011 -4.425537 -3.792381 -3.637665 -3.781796
12 -0.002666 -1.151079 1.456926 -1.398249 0.459008 -0.171793 -1.695209 -0.703947 0.469854 1.146764 -0.864423 2.677850 -0.279154 0.056120
7 -4.028204 -4.101692 -3.538641 -3.685505 -3.582555 -3.524222 51.233188 -4.619116 -2.800576 -4.050600 -5.822923 -3.743419 -3.964964 -3.770767
7 -7.320293 -6.018826 -6.417377 -6.443068 -6.809221 -6.984589 86.014273 -5.900430 -5.770587 -7.249401 -8.087432 -5.211510 -6.414248 -7.387285
7 -0.258573 -1.099599 0.435963 -0.207992 0.644281 -1.024904 3.346849 -0.688961 0.070317 0.901532 -1.147635 0.390662 -0.192933 -1.169007
7 -9.237044 -6.654662 -6.856424 -7.165942 -6.597118 -7.154379 97.761308 -7.770921 -7.986439 -7.127281 -8.493309 -7.235995 -7.663715 -7.818074
11 -1.360485 -2.059070 -0.025759 -0.979547 -0.002767 -0.893921 -2.032741 -0.718828 -0.313114 -0.776050 10.354281 -0.094183 -0.470220 -0.627595
7 -4.422503 -3.852769 -3.945049 -4.080697 -3.713037 -4.144805 53.427696 -4.275210 -5.111272 -4.072426 -3.865020 -3.802031 -4.812469 -3.330406
7 -6.545077 -7.896581 -7.038507 -8.165829 -7.558273 -7.881519 98.167186 -7.923566 -6.671315 -6.353480 -9.752206 -7.635483 -7.914060 -6.831283
7 -3.589109 -4.913030 -4.950748 -5.323299 -5.205304 -5.138565 62.087094 -5.268772 -4.495371 -4.829968 -4.824138 -5.355462 -3.714198 -4.479127
7 -0.580561 -2.689430 -4.723692 -4.330807 -3.948508 -5.060892 49.457926 -3.000156 -4.344529 -5.040235 -4.022380 -3.970099 -2.456455 -5.290179
7 -4.590655 -4.020802 -2.762443 -4.105589 -2.957763 -4.304427 50.824616 -4.171044 -4.721686 -3.586890 -3.873974 -4.447571 -4.568711 -2.713057
12 -1.302694 0.286678 0.397768 -0.285689 -0.546509 -0.280021 -0.317071 -0.258704 -0.749178 0.429861 1.198771 2.635709 -0.907561 -0.301360
13 0.506305 -1.532170 0.952950 -0.900752 -1.492870 -0.463965 -1.859211 -2.294157 -0.393842 -1.471198 -0.822174 0.904105 8.983739 -0.116759
6 -1.106109 -1.013001 0.044428 1.044489 -0.787823 1.733505 -0.062206 0.897009 0.357977 -0.778524 -0.170862 1.126319 1.137388 -2.422590
6 -0.078249 -1.285973 -0.150698 -0.442365 -0.738861 1.238086 0.117702 0.167375 0.909166 -0.346366 -1.296528 0.897260 0.702761 0.306691
9 0.019327 0.834036 -0.461706 -0.738249 -0.573667 -1.486272 -0.818181 -0.573771 1.759289 -0.339726 -0.018796 1.723923 0.333549 0.340245
9 -0.295837 -1.043024 0.152325 -0.042665 0.510259 0.467025 -0.862660 -1.070508 2.230425 -0.295766 -0.023548 0.279307 -0.729003 0.723669
12 -2.641813 1.287206 2.020578 -1.390370 0.850505 -1.396553 -0.809914 -1.505224 -0.423028 -0.335201 0.318205 3.241802 -0.222974 1.006783
1 1.003518 0.525408 -0.887503 -0.195442 -0.036803 -0.227328 -0.768374 0.638763 -0.683454 -0.539586 -0.529232 0.946055 0.813611 -0.059634
12 -1.603749 -0.195008 -0.037624 -0.582725 0.698979 0.001449 1.724876 -0.715751 -0.489543 -1.514051 -0.884195 5.806393 -0.685199 -1.523851
7 0.832205 0.770522 -0.745398 0.610772 -0.742594 0.142894 1.869227 -0.542968 -1.077179 -0.641454 0.105028 -0.607963 -0.592886 0.619795
10 -0.082670 0.472605 0.123054 -0.340453 -0.148455 -0.572469 -0.183910 -0.180446 0.013073 1.545768 -0.290451 0.191107 -0.233949 -0.312803
7 -0.296884 -1.117972 0.216639 -0.901057 0.322635 0.075291 4.401444 -0.532769 -0.133855 -0.133752 -0.953554 -0.622770 0.072860 -0.396255
12 -2.203170 -0.621695 2.022274 -1.089054 -0.718592 -1.026423 -1.812520 0.392572 -0.053214 -1.514252 -0.698901 8.854854 -0.625075 -0.906803
12 -0.614282 -0.485674 0.072925 -0.226845 -0.577697 -0.121539 0.128757 -0.906350 0.451094 0.863774 -0.474630 1.241207 0.462248 0.187013
12 0.624813 0.719145 0.208163 -0.813286 -0.109390 -1.181642 -0.194061 -0.631643 1.479682 -0.993688 -1.554499 2.975093 -0.850694 0.322008
7 0.727449 -0.191145 -0.300484 0.315410 0.191094 -0.916546 2.229462 -1.594769 -1.275064 -0.168040 -0.068382 1.598584 -0.976159 0.428591
5 -2.895959 3.102707 -4.887977 -1.160564 10.105707 -1.226558 1.290119 1.597897 -2.145682 -0.655621 -3.483354 2.271786 -0.479389 -1.433110
3 0.471887 -0.189284 1.941004 -0.317457 -0.113267 1.067459 -1.002081 -0.779033 -0.464765 -0.001133 0.927386 -0.010608 -2.151913 0.621803
12 -0.935488 -2.178426 -0.739395 -1.125440 -0.360711 -0.031586 0.463786 0.949069 -0.554213 2.022677 -1.639417 5.447950 -0.895501 -0.423304
12 0.832485 1.033362 0.173344 0.409969 -1.293314 -0.559911 -1.475056 -0.983828 0.358650 0.094503 -0.438119 2.019512 0.796703 -0.968299
14 0.347160 -1.499253 -0.185613 -1.143085 -0.972413 -0.260424 -0.123461 -1.226745 0.441680 0.118575 -1.569714 2.349381 -0.348020 4.071932
12 -3.294988 0.583836 0.354901 -1.573033 -1.111802 0.208841 1.871853 -0.528834 -2.187848 -1.578521 -0.591687 9.347298 -1.317984 -0.182032
6 -0.107812 -0.141875 0.125897 0.250174 -0.064530 1.379579 0.167657 -0.417028 0.915983 -0.785077 0.634026 -0.063350 -1.689592 -0.204052
14 -1.854185 -1.665539 -0.994297 -1.889669 -1.435156 -1.196510 -0.199302 -0.770885 -0.159112 1.340520 -0.798032 -0.108444 -1.500448 11.231060
1 1.705096 0.740107 0.429001 -0.485011 -1.871603 -0.321160 -0.743457 -0.901485 0.742554 -0.840531 -0.578407 0.004831 0.508996 1.611069
14 -2.317166 -1.607435 -0.504719 -2.060787 -1.589393 -1.688520 0.383917 -0.665768 -2.088721 2.315336 0.809098 -0.666543 -0.558673 10.239377
14 -1.425563 -1.379494 -1.718502 -1.355222 0.223245 -0.681715 -0.495782 -0.785451 -0.630703 -1.062918 -0.218189 -2.759322 -0.495338 12.784955
2 -0.614452 3.228205 -0.838018 1.087736 -0.598093 -1.595020 -1.051969 0.036023 -0.143831 -1.090348 -0.930247 -0.275571 2.323211 0.462373
14 -1.517001 -0.140497 -0.705771 0.314582 -0.717806 -0.282782 -0.986340 -0.309617 -1.170919 0.975780 0.601568 0.460402 0.625188 2.853213
2 -0.090753 1.263727 0.030279 -0.545649 -0.015790 -0.172910 -1.828471 0.116844 0.368590 -0.519974 -0.175289 0.285343 0.701190 0.582865
14 -1.787155 -0.154464 -0.576396 -0.206047 -0.691287 -0.707005 1.167991 0.889434 0.564668 -1.852450 -0.885612 1.679060 -0.260309 2.819572
14 0.373025 -1.011941 0.406539 -1.831822 -2.030904 -1.534295 -1.107834 -1.254660 0.203257 -0.330606 -0.012489 -0.218022 0.466697 7.883054
14 -0.343836 -2.207617 -0.165254 -0.173006 -0.532807 -2.009212 -0.725194 -1.680619 -0.502774 -1.043336 -1.879473 -2.013508 -0.177337 13.453972
7 -0.326838 -0.408566 -0.312855 -1.016607 -0.354489 0.236724 1.474948 0.002870 1.144951 -1.520705 -0.549152 -0.130422 0.458096 1.302045
14 -0.074137 -0.938423 1.076860 0.090056 -0.360508 -0.199418 0.518846 -1.240442 -0.148087 0.296760 -1.082242 -0.509363 0.310992 2.259103
14 -0.346614 -1.227984 -0.110849 0.529556 0.911423 -0.048284 -1.367961 -0.958831 0.578832 0.525636 0.815672 -0.180935 -0.389424 1.269764
9 -1.023246 -1.616407 -0.559634 -1.042607 -0.255454 0.453629 0.360686 1.520820 1.794934 0.076308 -1.059649 0.823918 -0.614954 1.141657
5 -0.607968 0.826090 -0.231501 0.851310 2.157460 -0.007472 -0.096976 -1.199636 -0.866692 -0.368136 0.510273 0.903074 -1.651121 -0.218706
14 -1.107265 -0.601636 0.120806 0.062232 -0.470392 -0.663268 0.482809 -0.762551 -0.288709 0.693641 0.829838 -0.047324 -1.638135 3.389954
14 -0.891969 -0.731257 0.279673 -0.408358 -0.457495 -0.844777 0.015249 -0.192517 0.140504 -0.891600 -0.164138 -0.353688 -0.590403 5.090777
14 1.793183 -1.380073 -0.001456 -0.221892 -0.334985 -0.752120 -0.304935 -0.227335 0.067491 -0.273064 -0.975934 0.220457 0.377633 2.013029
14 -0.635793 -0.910287 -0.666160 -1.580632 -1.203866 -1.432934 -1.624226 -1.222111 0.354864 -0.941621 -1.908244 -0.543365 0.450491 11.863883
14 -0.018383 -0.998983 -0.157327 -1.807679 -0.283869 2.301521 -2.295249 -1.849330 -0.718332 -0.905855 0.212491 1.034382 0.085644 5.400969
11 -0.877267 1.188051 0.212127 0.652125 1.122066 -1.415584 0.119228 0.277909 -1.437297 0.411411 2.009601 -1.385312 -1.547608 0.670551
14 0.183873 -1.693227 0.488357 0.855354 -0.683263 0.401848 0.044422 -0.953617 0.701024 -0.865962 -0.689912 -1.031892 0.237716 3.005280
8 -1.301353 0.752720 -0.613197 -0.170083 -0.428744 0.905294 0.630138 2.895174 -0.474659 -0.886228 0.440667 -0.857579 -1.029213 0.137061
8 0.215682 -1.063903 -1.931988 -0.262426 -0.485769 0.310164 0.183709 9.517509 -0.601071 -2.423283 -2.053423 0.377697 0.290905 -2.073802
5 0.266661 -0.713978 -2.039985 -1.749533 15.388925 -0.356342 -1.878385 -0.765695 -0.560857 -1.791706 -1.701053 -1.110649 -1.143602 -1.843801
8 -0.996019 -2.061325 -0.801335 -1.333967 -1.475064 -0.636035 -0.339426 13.250683 -0.978098 -0.824489 -2.301153 0.001104 0.826155 -2.331034
8 1.203308 -2.604408 0.973771 -0.873031 -0.358541 -0.854684 -1.165867 3.520912 2.420380 1.659596 -2.739834 0.827329 -0.519101 -1.489831
4 1.727593 -0.650025 1.252131 2.073265 -0.969413 -0.551853 -2.916574 -0.496478 -2.233777 1.815569 1.025450 0.406000 -1.268786 0.786897
8 -0.507514 -0.532111 0.063694 -2.429303 -0.419818 2.124939 1.473999 5.983504 -1.110874 -1.228303 -2.465817 -2.062789 2.487742 -1.377350
8 -1.868998 0.033822 -2.899351 -0.582547 -1.903541 -0.932397 0.813680 11.350224 -2.745679 -1.164870 -1.506175 3.544791 -1.198852 -0.940105
8 -0.297165 -0.868350 -1.470878 -0.907809 0.734161 -1.350097 -2.560588 10.095559 -0.512731 -1.848797 -0.007078 0.854192 -1.267586 -0.592833
1 1.506958 -0.051238 -0.444795 -0.277346 0.165829 -0.010797 0.005295 0.745980 -0.009021 -0.688522 -0.377143 0.641139 -0.964599 -0.241741
8 -1.179938 0.881970 -0.466759 0.388814 -0.151457 -0.258789 -0.578048 2.237056 -1.660678 0.396140 0.065427 -0.074541 -1.253564 1.654367
8 -2.693745 0.670222 0.884491 0.125584 1.188423 0.656390 -1.396817 8.593275 -1.010762 -1.233088 -2.252845 -1.015950 -2.240235 -0.274944
13 -0.183956 0.800818 -1.463469 -0.338995 -0.387908 0.005466 -1.829445 0.052467 -0.282060 -0.786769 -0.530419 1.241102 2.132312 1.570857
7 -0.008671 0.137074 -0.313283 -0.222514 -0.136401 -0.214991 1.623650 -0.011710 -0.024962 -0.219049 0.283722 -0.347051 -0.174670 -0.371144
8 -1.498950 1.578532 -0.481426 -0.884661 -0.305821 0.905011 -1.118484 2.725480 1.115207 -0.254319 -0.489746 -0.837391 -1.047210 0.593777
7 -0.748541 0.861833 0.117741 0.836644 1.276695 0.104605 1.623791 0.325144 -0.615594 -0.855051 -2.214087 -0.047343 0.076390 -0.742228
7 0.314569 -0.846562 -0.555811 -0.772593 -1.551239 -1.097711 2.810450 1.037403 1.816548 -1.450696 -0.877176 -0.038790 1.214041 -0.002433
8 -0.422749 0.194451 -1.618549 -0.703854 -0.554219 -1.832577 1.320688 3.845123 0.486399 -1.288270 -0.135431 -0.188031 0.036409 0.860611
6 -1.617685 0.805698 -2.375877 -0.602373 0.471707 2.875799 -0.158633 0.174353 -0.903368 0.873309 0.090484 -0.483337 -0.528798 1.378722
8 -0.883210 -1.004741 0.400453 -2.517299 -0.877932 2.116697 1.505254 5.977773 -1.799445 0.905525 -1.390088 -0.801410 -1.108117 -0.523460
8 -0.124287 1.838119 0.014603 -1.206714 -1.079768 -0.703494 -0.558377 2.574866 -0.970887 0.802334 -1.015752 0.129134 0.512285 -0.212062
8 -1.788398 -0.449134 1.125875 0.356506 -1.340289 0.719141 -1.565094 4.950651 -0.181200 0.137861 -0.859094 0.056824 -0.778819 -0.384831
2 -0.888005 2.519186 -1.279598 0.121595 -0.720877 0.457795 1.021327 -1.715092 0.032339 0.435911 1.337478 -0.466769 -0.266334 -0.588956
5 0.161925 -1.895998 1.097108 -0.279004 1.817747 -0.822484 1.322007 -0.657397 0.632204 0.303553 -1.040724 0.394442 -0.994156 -0.039222
9 -0.707581 -1.216153 -1.026796 -0.091793 -0.150769 -0.500946 0.875555 -0.038296 2.505905 -0.581894 -0.944434 1.516698 -0.167135 0.527639
5 0.195686 -0.176044 -0.450565 -0.254240 0.894235 0.317667 0.716226 -0.299590 0.782112 -1.251341 -0.142562 0.060474 0.218883 -0.610943
13 1.150863 0.021998 0.672361 -1.159054 0.127710 -1.494307 -0.468875 -1.087781 1.244984 1.155133 -1.589951 1.086827 1.456763 -1.116672
9 0.998167 -2.255196 0.074212 -1.148760 0.346520 -0.148060 -0.369691 -0.832169 3.772121 0.254275 -0.389713 0.500394 -0.197323 -0.604778
13 -0.683973 -0.784156 1.215135 -1.184065 -0.577090 -0.793416 -0.287403 -0.603296 1.735203 0.030387 -0.536609 -0.480086 3.794003 -0.844633
13 0.516285 -0.017437 1.061944 -0.974089 0.410181 -1.130948 -0.654648 -1.005757 0.280470 0.148519 -0.480802 0.510133 2.195670 -0.859521
9 0.182972 -0.477012 0.141548 -0.232787 -0.084910 -0.055183 -0.154289 -0.246327 0.788401 0.319809 -0.350983 0.174657 0.011207 -0.017104
12 -1.080697 -0.704383 0.292040 -0.299652 -0.241530 -0.042647 -0.055949 -1.538893 0.785810 1.272002 -1.176389 2.222762 0.870699 -0.303174
9 -0.786302 -0.861642 0.225673 -0.065167 -0.262891 -0.272325 -0.156660 0.283446 2.720529 0.687209 0.527907 -1.023830 -0.574050 -0.441897
9 0.303345 -0.747886 0.285648 0.225623 -0.019923 -0.205580 -0.240857 -0.511060 1.656854 -0.054937 -0.412742 -0.024928 0.000013 -0.253570
9 -0.694809 -1.630003 0.489257 -0.741175 -0.292920 -0.582395 0.115366 -0.384441 3.148721 0.856161 -0.884694 0.497061 -0.551611 0.655480
8 -0.070042 -0.133193 0.915116 -0.754590 0.739273 -0.346509 -0.427744 0.987599 0.602945 0.113163 -0.637097 -0.165188 -0.771648 -0.052086
5 0.936558 -2.514162 -0.213475 0.587306 1.573736 -0.168721 -1.344770 -0.689747 1.364651 0.741261 -0.987939 0.680999 0.841670 -0.807368
14 -0.453934 -0.258943 1.039943 0.659496 -0.657512 0.148127 -0.097632 -0.139677 0.699090 0.309667 -0.590393 -1.297189 -0.577895 1.216850
7 0.355855 0.080823 -0.977258 -2.152351 0.860873 -0.053139 1.455467 0.733465 0.426624 0.747998 -0.485627 -1.297702 0.298344 0.006627
4 0.134390 -1.136481 -0.306649 1.389236 -0.085112 -0.993575 0.004448 -0.443996 0.023124 1.242185 -0.229483 -0.705359 0.111895 0.995377
4 0.608854 -2.313851 -1.112763 2.860385 -0.478875 -0.608801 -0.449339 -0.251138 1.736417 -0.975851 -1.085427 0.988561 1.519248 -0.437420
9 0.582004 -1.566549 0.897187 -0.963938 -0.142867 0.636098 -1.221536 0.216285 1.668979 0.710296 -2.303965 -0.029242 1.187612 0.329635
